#
# A fatal error has been detected by the Java Runtime Environment:
#
#  SIGSEGV (0xb) at pc=0x000000012072412f, pid=12080, tid=4099
#
# JRE version: Java(TM) SE Runtime Environment (8.0_51-b16) (build 1.8.0_51-b16)
# Java VM: Java HotSpot(TM) 64-Bit Server VM (25.51-b03 mixed mode bsd-amd64 compressed oops)
# Problematic frame:
# C  [librxtxSerial.jnilib+0x312f]  Java_gnu_io_RXTXPort_interruptEventLoop+0x6b
#
# Failed to write core dump. Core dumps have been disabled. To enable core dumping, try "ulimit -c unlimited" before starting Java again
#
# If you would like to submit a bug report, please visit:
#   http://bugreport.java.com/bugreport/crash.jsp
# The crash happened outside the Java Virtual Machine in native code.
# See problematic frame for where to report the bug.
#

---------------  T H R E A D  ---------------

Current thread (0x00007f8ceb001800):  JavaThread "main" [_thread_in_native, id=4099, stack(0x0000700000084000,0x0000700000184000)]

siginfo: si_signo: 11 (SIGSEGV), si_code: 1 (SEGV_MAPERR), si_addr: 0x00007000017e4868

Registers:
RAX=0x0000000000000000, RBX=0x00007000017e4700, RCX=0x0000700000184050, RDX=0xffffffffffffffff
RSP=0x0000700000183670, RBP=0x0000700000183680, RSI=0x0000000000000000, RDI=0x000000000000003c
R8 =0x0000000000000000, R9 =0x0000000002faf080, R10=0x0000000000000001, R11=0x0000000000000247
R12=0x000000000000000d, R13=0x00000001183040f0, R14=0x0000700000183700, R15=0x00007f8ceb001800
RIP=0x000000012072412f, EFLAGS=0x0000000000010206, ERR=0x0000000000000004
  TRAPNO=0x000000000000000e

Top of Stack: (sp=0x0000700000183670)
0x0000700000183670:   00000001183040f0 0000000000000000
0x0000700000183680:   00007000001836e0 00000001034e0954
0x0000700000183690:   00000001034ec563 00000001034e06a2
0x00007000001836a0:   00007000001836a0 00000001183040f0
0x00007000001836b0:   0000700000183700 000000011830f828
0x00007000001836c0:   0000000000000000 00000001183040f0
0x00007000001836d0:   0000000000000000 0000700000183700
0x00007000001836e0:   0000700000183748 00000001034d2c4d
0x00007000001836f0:   0000000000000000 00000001034da578
0x0000700000183700:   0000000795cb6d70 0000700000183708
0x0000700000183710:   0000000118304597 0000700000183760
0x0000700000183720:   000000011830f828 0000000000000000
0x0000700000183730:   0000000118304600 0000700000183700
0x0000700000183740:   0000700000183760 00007000001837b8
0x0000700000183750:   00000001034d2c4d 0000000000000000
0x0000700000183760:   0000000795cb6d70 0000000000000001
0x0000700000183770:   0000000000000000 0000700000183768
0x0000700000183780:   0000000118304ff3 00007000001837e0
0x0000700000183790:   000000011830f828 0000000000000000
0x00007000001837a0:   0000000118305058 0000700000183760
0x00007000001837b0:   00007000001837e0 0000700000183828
0x00007000001837c0:   00000001034d2c4d 0000000000000000
0x00007000001837d0:   0000000000000000 0000000795cb6d70
0x00007000001837e0:   0000000795cb6d70 00007000001837e8
0x00007000001837f0:   00000001180b5b1a 0000700000183838
0x0000700000183800:   00000001180b5b90 0000000000000000
0x0000700000183810:   00000001180b5b38 00007000001837e0
0x0000700000183820:   0000700000183838 0000700000183880
0x0000700000183830:   00000001034d2c4d 00000007959e63d0
0x0000700000183840:   0000700000183840 00000001180b4dcc
0x0000700000183850:   0000700000183890 00000001180b4e40
0x0000700000183860:   0000000000000000 00000001180b4de8 

Instructions: (pc=0x000000012072412f)
0x000000012072410f:   00 01 00 00 00 48 8b bb 78 01 00 00 be 06 00 00
0x000000012072411f:   00 e8 4d 27 00 00 bf 50 c3 00 00 e8 c7 27 00 00
0x000000012072412f:   83 bb 68 01 00 00 01 74 16 48 8b bb 78 01 00 00
0x000000012072413f:   e8 16 27 00 00 c7 83 68 01 00 00 01 00 00 00 5b 

Register to memory mapping:

RAX=0x0000000000000000 is an unknown value
RBX=0x00007000017e4700 is an unknown value
RCX=0x0000700000184050 is an unknown value
RDX=0xffffffffffffffff is an unknown value
RSP=0x0000700000183670 is pointing into the stack for thread: 0x00007f8ceb001800
RBP=0x0000700000183680 is pointing into the stack for thread: 0x00007f8ceb001800
RSI=0x0000000000000000 is an unknown value
RDI=0x000000000000003c is an unknown value
R8 =0x0000000000000000 is an unknown value
R9 =0x0000000002faf080 is an unknown value
R10=0x0000000000000001 is an unknown value
R11=0x0000000000000247 is an unknown value
R12=0x000000000000000d is an unknown value
R13={method} {0x00000001183040f0} 'interruptEventLoop' '()V' in 'gnu/io/RXTXPort'
R14=0x0000700000183700 is pointing into the stack for thread: 0x00007f8ceb001800
R15=0x00007f8ceb001800 is a thread


Stack: [0x0000700000084000,0x0000700000184000],  sp=0x0000700000183670,  free space=1021k
Native frames: (J=compiled Java code, j=interpreted, Vv=VM code, C=native code)
C  [librxtxSerial.jnilib+0x312f]  Java_gnu_io_RXTXPort_interruptEventLoop+0x6b
j  gnu.io.RXTXPort.interruptEventLoop()V+0
j  gnu.io.RXTXPort.removeEventListener()V+55
j  gnu.io.RXTXPort.close()V+91
j  Serial.close()V+18
j  Broccoli.close()V+12
j  Editer.close()V+11
j  Main.main([Ljava/lang/String;)V+36
v  ~StubRoutines::call_stub
V  [libjvm.dylib+0x2e01e2]  JavaCalls::call_helper(JavaValue*, methodHandle*, JavaCallArguments*, Thread*)+0x6ae
V  [libjvm.dylib+0x3168ee]  jni_invoke_static(JNIEnv_*, JavaValue*, _jobject*, JNICallType, _jmethodID*, JNI_ArgumentPusher*, Thread*)+0x1bf
V  [libjvm.dylib+0x30f668]  jni_CallStaticVoidMethod+0x15d
C  [java+0x393e]  JavaMain+0x9b1
C  [libsystem_pthread.dylib+0x399d]  _pthread_body+0x83
C  [libsystem_pthread.dylib+0x391a]  _pthread_body+0x0
C  [libsystem_pthread.dylib+0x1351]  thread_start+0xd
C  0x0000000000000000

Java frames: (J=compiled Java code, j=interpreted, Vv=VM code)
j  gnu.io.RXTXPort.interruptEventLoop()V+0
j  gnu.io.RXTXPort.removeEventListener()V+55
j  gnu.io.RXTXPort.close()V+91
j  Serial.close()V+18
j  Broccoli.close()V+12
j  Editer.close()V+11
j  Main.main([Ljava/lang/String;)V+36
v  ~StubRoutines::call_stub

---------------  P R O C E S S  ---------------

Java Threads: ( => current thread )
  0x00007f8ceb183800 JavaThread "AWT-EventQueue-0" [_thread_blocked, id=61443, stack(0x00007000015e2000,0x00007000016e2000)]
  0x00007f8cea27b000 JavaThread "Java2D Disposer" daemon [_thread_blocked, id=53255, stack(0x000070000145c000,0x000070000155c000)]
  0x00007f8ceb0f2800 JavaThread "Java2D Queue Flusher" daemon [_thread_blocked, id=50183, stack(0x0000700001359000,0x0000700001459000)]
  0x00007f8cea831800 JavaThread "AWT-Shutdown" [_thread_blocked, id=29715, stack(0x00007000011d3000,0x00007000012d3000)]
  0x00007f8ceb0b3800 JavaThread "AppKit Thread" daemon [_thread_in_native, id=2571, stack(0x00007fff5d192000,0x00007fff5d992000)]
  0x00007f8ceb039800 JavaThread "Service Thread" daemon [_thread_blocked, id=18435, stack(0x0000700000dc1000,0x0000700000ec1000)]
  0x00007f8ceb038800 JavaThread "C1 CompilerThread2" daemon [_thread_blocked, id=17923, stack(0x0000700000cbe000,0x0000700000dbe000)]
  0x00007f8ce9838000 JavaThread "C2 CompilerThread1" daemon [_thread_blocked, id=17411, stack(0x0000700000bbb000,0x0000700000cbb000)]
  0x00007f8ce980c800 JavaThread "C2 CompilerThread0" daemon [_thread_blocked, id=16899, stack(0x0000700000ab8000,0x0000700000bb8000)]
  0x00007f8ceb038000 JavaThread "Signal Dispatcher" daemon [_thread_blocked, id=13839, stack(0x00007000009b5000,0x0000700000ab5000)]
  0x00007f8ceb01e000 JavaThread "Finalizer" daemon [_thread_blocked, id=11779, stack(0x000070000082f000,0x000070000092f000)]
  0x00007f8cea800800 JavaThread "Reference Handler" daemon [_thread_blocked, id=11267, stack(0x000070000072c000,0x000070000082c000)]
=>0x00007f8ceb001800 JavaThread "main" [_thread_in_native, id=4099, stack(0x0000700000084000,0x0000700000184000)]

Other Threads:
  0x00007f8ceb01d000 VMThread [stack: 0x0000700000629000,0x0000700000729000] [id=10755]
  0x00007f8ceb03a000 WatcherThread [stack: 0x0000700000ec4000,0x0000700000fc4000] [id=18947]

VM state:not at safepoint (normal execution)

VM Mutex/Monitor currently owned by a thread: None

Heap:
 PSYoungGen      total 38400K, used 11871K [0x0000000795580000, 0x0000000798000000, 0x00000007c0000000)
  eden space 33280K, 35% used [0x0000000795580000,0x0000000796117f18,0x0000000797600000)
  from space 5120K, 0% used [0x0000000797b00000,0x0000000797b00000,0x0000000798000000)
  to   space 5120K, 0% used [0x0000000797600000,0x0000000797600000,0x0000000797b00000)
 ParOldGen       total 87552K, used 0K [0x0000000740000000, 0x0000000745580000, 0x0000000795580000)
  object space 87552K, 0% used [0x0000000740000000,0x0000000740000000,0x0000000745580000)
 Metaspace       used 7665K, capacity 7886K, committed 8192K, reserved 1056768K
  class space    used 863K, capacity 962K, committed 1024K, reserved 1048576K

Card table byte_map: [0x0000000113200000,0x0000000113601000] byte_map_base: 0x000000010f800000

Marking Bits: (ParMarkBitMap*) 0x0000000102dce7a0
 Begin Bits: [0x00000001138ac000, 0x00000001158ac000)
 End Bits:   [0x00000001158ac000, 0x00000001178ac000)

Polling page: 0x00000001034b8000

CodeCache: size=245760Kb used=2674Kb max_used=2686Kb free=243085Kb
 bounds [0x00000001034cb000, 0x000000010377b000, 0x00000001124cb000]
 total_blobs=1136 nmethods=706 adapters=344
 compilation: enabled

Compilation events (10 events):
Event: 13.581 Thread 0x00007f8ceb038800  701       3       java.awt.KeyboardFocusManager::getCurrentKeyboardFocusManager (7 bytes)
Event: 13.581 Thread 0x00007f8ceb038800 nmethod 701 0x00000001037663d0 code [0x0000000103766580, 0x0000000103766c18]
Event: 13.591 Thread 0x00007f8ceb038800  702       3       java.awt.Component::checkTreeLock (21 bytes)
Event: 13.591 Thread 0x00007f8ceb038800 nmethod 702 0x0000000103767250 code [0x00000001037673e0, 0x0000000103767738]
Event: 13.598 Thread 0x00007f8ceb038800  704       1       java.awt.Component::isEnabledImpl (5 bytes)
Event: 13.598 Thread 0x00007f8ceb038800 nmethod 704 0x0000000103767850 code [0x00000001037679a0, 0x0000000103767ab0]
Event: 14.254 Thread 0x00007f8ce9838000  705       4       java.util.ArrayList::get (11 bytes)
Event: 14.255 Thread 0x00007f8ce9838000 nmethod 705 0x000000010376a7d0 code [0x000000010376a920, 0x000000010376a9f8]
Event: 14.445 Thread 0x00007f8ce980c800  706   !   4       java.io.BufferedWriter::flushBuffer (53 bytes)
Event: 14.449 Thread 0x00007f8ce980c800 nmethod 706 0x0000000103768bd0 code [0x0000000103768d40, 0x0000000103769128]

GC Heap History (0 events):
No events

Deoptimization events (1 events):
Event: 12.394 Thread 0x00007f8ceb183800 Uncommon trap: reason=unstable_if action=reinterpret pc=0x0000000103750968 method=sun.awt.AWTAutoShutdown.isReadyToShutdown()Z @ 4

Internal exceptions (10 events):
Event: 0.131 Thread 0x00007f8ceb001800 Exception <a 'java/security/PrivilegedActionException'> (0x0000000795785088) thrown at [/Users/java_re/workspace/8-2-build-macosx-x86_64/jdk8u51/3951/hotspot/src/share/vm/prims/jvm.cpp, line 1382]
Event: 0.132 Thread 0x00007f8ceb001800 Exception <a 'java/security/PrivilegedActionException'> (0x0000000795785240) thrown at [/Users/java_re/workspace/8-2-build-macosx-x86_64/jdk8u51/3951/hotspot/src/share/vm/prims/jvm.cpp, line 1382]
Event: 0.132 Thread 0x00007f8ceb001800 Exception <a 'java/security/PrivilegedActionException'> (0x0000000795788578) thrown at [/Users/java_re/workspace/8-2-build-macosx-x86_64/jdk8u51/3951/hotspot/src/share/vm/prims/jvm.cpp, line 1382]
Event: 0.132 Thread 0x00007f8ceb001800 Exception <a 'java/security/PrivilegedActionException'> (0x0000000795788730) thrown at [/Users/java_re/workspace/8-2-build-macosx-x86_64/jdk8u51/3951/hotspot/src/share/vm/prims/jvm.cpp, line 1382]
Event: 0.263 Thread 0x00007f8ceb001800 Exception <a 'java/io/FileNotFoundException'> (0x000000079578d1d0) thrown at [/Users/java_re/workspace/8-2-build-macosx-x86_64/jdk8u51/3951/hotspot/src/share/vm/prims/jni.cpp, line 709]
Event: 0.263 Thread 0x00007f8ceb001800 Exception <a 'java/io/FileNotFoundException'> (0x000000079578dcf0) thrown at [/Users/java_re/workspace/8-2-build-macosx-x86_64/jdk8u51/3951/hotspot/src/share/vm/prims/jni.cpp, line 709]
Event: 0.358 Thread 0x00007f8ceb001800 Exception <a 'java/lang/NoSuchFieldError': method resolution failed> (0x000000079592c178) thrown at [/Users/java_re/workspace/8-2-build-macosx-x86_64/jdk8u51/3951/hotspot/src/share/vm/prims/methodHandles.cpp, line 1125]
Event: 0.361 Thread 0x00007f8ceb001800 Exception <a 'java/lang/NoSuchFieldError': method resolution failed> (0x000000079593abb8) thrown at [/Users/java_re/workspace/8-2-build-macosx-x86_64/jdk8u51/3951/hotspot/src/share/vm/prims/methodHandles.cpp, line 1125]
Event: 0.690 Thread 0x00007f8ceb001800 Exception <a 'java/io/FileNotFoundException'> (0x0000000795c998f8) thrown at [/Users/java_re/workspace/8-2-build-macosx-x86_64/jdk8u51/3951/hotspot/src/share/vm/prims/jni.cpp, line 709]
Event: 0.690 Thread 0x00007f8ceb001800 Exception <a 'java/io/FileNotFoundException'> (0x0000000795c9bc70) thrown at [/Users/java_re/workspace/8-2-build-macosx-x86_64/jdk8u51/3951/hotspot/src/share/vm/prims/jni.cpp, line 709]

Events (10 events):
Event: 12.394 loading class java/awt/event/ContainerEvent done
Event: 12.394 loading class java/awt/AWTEvent$2
Event: 12.395 loading class java/awt/AWTEvent$2 done
Event: 12.395 loading class sun/reflect/UnsafeBooleanFieldAccessorImpl
Event: 12.395 loading class sun/reflect/UnsafeBooleanFieldAccessorImpl done
Event: 12.397 loading class sun/lwawt/macosx/CCustomCursor
Event: 12.397 loading class sun/lwawt/macosx/CCustomCursor done
Event: 12.944 Thread 0x00007f8ceb001800 DEOPT PACKING pc=0x00000001036bbde7 sp=0x00007000001837c0
Event: 12.944 Thread 0x00007f8ceb001800 DEOPT UNPACKING pc=0x0000000103512633 sp=0x0000700000183550 mode 0
Event: 14.471 Thread 0x00007f8cea2ab000 Thread exited: 0x00007f8cea2ab000


Dynamic libraries:
0x000000000629e000 	/System/Library/Frameworks/Cocoa.framework/Versions/A/Cocoa
0x000000000629e000 	/System/Library/Frameworks/Security.framework/Versions/A/Security
0x000000000629e000 	/System/Library/Frameworks/ApplicationServices.framework/Versions/A/ApplicationServices
0x000000000629e000 	/usr/lib/libz.1.dylib
0x000000000629e000 	/usr/lib/libSystem.B.dylib
0x000000000629e000 	/usr/lib/libobjc.A.dylib
0x000000000629e000 	/System/Library/Frameworks/CoreFoundation.framework/Versions/A/CoreFoundation
0x000000000629e000 	/System/Library/Frameworks/Foundation.framework/Versions/C/Foundation
0x000000000629e000 	/System/Library/Frameworks/AppKit.framework/Versions/C/AppKit
0x000000000629e000 	/System/Library/Frameworks/CoreData.framework/Versions/A/CoreData
0x000000000629e000 	/System/Library/PrivateFrameworks/RemoteViewServices.framework/Versions/A/RemoteViewServices
0x000000000629e000 	/System/Library/PrivateFrameworks/UIFoundation.framework/Versions/A/UIFoundation
0x000000000629e000 	/usr/lib/libScreenReader.dylib
0x000000000629e000 	/System/Library/Frameworks/Accelerate.framework/Versions/A/Accelerate
0x000000000629e000 	/System/Library/Frameworks/IOSurface.framework/Versions/A/IOSurface
0x000000000629e000 	/System/Library/Frameworks/AudioToolbox.framework/Versions/A/AudioToolbox
0x000000000629e000 	/System/Library/Frameworks/AudioUnit.framework/Versions/A/AudioUnit
0x000000000629e000 	/System/Library/PrivateFrameworks/DataDetectorsCore.framework/Versions/A/DataDetectorsCore
0x000000000629e000 	/System/Library/PrivateFrameworks/DesktopServicesPriv.framework/Versions/A/DesktopServicesPriv
0x000000000629e000 	/System/Library/Frameworks/Carbon.framework/Versions/A/Frameworks/HIToolbox.framework/Versions/A/HIToolbox
0x000000000629e000 	/System/Library/Frameworks/QuartzCore.framework/Versions/A/QuartzCore
0x000000000629e000 	/System/Library/Frameworks/Carbon.framework/Versions/A/Frameworks/SpeechRecognition.framework/Versions/A/SpeechRecognition
0x000000000629e000 	/usr/lib/libauto.dylib
0x000000000629e000 	/usr/lib/libicucore.A.dylib
0x000000000629e000 	/usr/lib/libxml2.2.dylib
0x000000000629e000 	/System/Library/PrivateFrameworks/CoreUI.framework/Versions/A/CoreUI
0x000000000629e000 	/System/Library/Frameworks/CoreAudio.framework/Versions/A/CoreAudio
0x000000000629e000 	/System/Library/Frameworks/DiskArbitration.framework/Versions/A/DiskArbitration
0x000000000629e000 	/usr/lib/liblangid.dylib
0x000000000629e000 	/System/Library/PrivateFrameworks/MultitouchSupport.framework/Versions/A/MultitouchSupport
0x000000000629e000 	/System/Library/Frameworks/IOKit.framework/Versions/A/IOKit
0x000000000629e000 	/usr/lib/libDiagnosticMessagesClient.dylib
0x000000000629e000 	/System/Library/Frameworks/CoreServices.framework/Versions/A/CoreServices
0x000000000629e000 	/System/Library/PrivateFrameworks/PerformanceAnalysis.framework/Versions/A/PerformanceAnalysis
0x000000000629e000 	/System/Library/PrivateFrameworks/GenerationalStorage.framework/Versions/A/GenerationalStorage
0x000000000629e000 	/System/Library/Frameworks/OpenGL.framework/Versions/A/OpenGL
0x000000000629e000 	/System/Library/PrivateFrameworks/Sharing.framework/Versions/A/Sharing
0x000000000629e000 	/System/Library/Frameworks/CoreGraphics.framework/Versions/A/CoreGraphics
0x000000000629e000 	/System/Library/Frameworks/CoreImage.framework/Versions/A/CoreImage
0x000000000629e000 	/System/Library/Frameworks/CoreText.framework/Versions/A/CoreText
0x000000000629e000 	/System/Library/Frameworks/ImageIO.framework/Versions/A/ImageIO
0x000000000629e000 	/System/Library/PrivateFrameworks/Backup.framework/Versions/A/Backup
0x000000000629e000 	/usr/lib/libextension.dylib
0x000000000629e000 	/usr/lib/libarchive.2.dylib
0x000000000629e000 	/System/Library/Frameworks/CFNetwork.framework/Versions/A/CFNetwork
0x000000000629e000 	/System/Library/Frameworks/SystemConfiguration.framework/Versions/A/SystemConfiguration
0x000000000629e000 	/usr/lib/libCRFSuite.dylib
0x000000000629e000 	/usr/lib/libc++.1.dylib
0x000000000629e000 	/usr/lib/libc++abi.dylib
0x000000000629e000 	/usr/lib/system/libcache.dylib
0x000000000629e000 	/usr/lib/system/libcommonCrypto.dylib
0x000000000629e000 	/usr/lib/system/libcompiler_rt.dylib
0x000000000629e000 	/usr/lib/system/libcopyfile.dylib
0x000000000629e000 	/usr/lib/system/libcorecrypto.dylib
0x000000000629e000 	/usr/lib/system/libdispatch.dylib
0x000000000629e000 	/usr/lib/system/libdyld.dylib
0x000000000629e000 	/usr/lib/system/libkeymgr.dylib
0x000000000629e000 	/usr/lib/system/liblaunch.dylib
0x000000000629e000 	/usr/lib/system/libmacho.dylib
0x000000000629e000 	/usr/lib/system/libquarantine.dylib
0x000000000629e000 	/usr/lib/system/libremovefile.dylib
0x000000000629e000 	/usr/lib/system/libsystem_asl.dylib
0x000000000629e000 	/usr/lib/system/libsystem_blocks.dylib
0x000000000629e000 	/usr/lib/system/libsystem_c.dylib
0x000000000629e000 	/usr/lib/system/libsystem_configuration.dylib
0x000000000629e000 	/usr/lib/system/libsystem_coreservices.dylib
0x000000000629e000 	/usr/lib/system/libsystem_coretls.dylib
0x000000000629e000 	/usr/lib/system/libsystem_dnssd.dylib
0x000000000629e000 	/usr/lib/system/libsystem_info.dylib
0x000000000629e000 	/usr/lib/system/libsystem_kernel.dylib
0x000000000629e000 	/usr/lib/system/libsystem_m.dylib
0x000000000629e000 	/usr/lib/system/libsystem_malloc.dylib
0x000000000629e000 	/usr/lib/system/libsystem_network.dylib
0x000000000629e000 	/usr/lib/system/libsystem_networkextension.dylib
0x000000000629e000 	/usr/lib/system/libsystem_notify.dylib
0x000000000629e000 	/usr/lib/system/libsystem_platform.dylib
0x000000000629e000 	/usr/lib/system/libsystem_pthread.dylib
0x000000000629e000 	/usr/lib/system/libsystem_sandbox.dylib
0x000000000629e000 	/usr/lib/system/libsystem_secinit.dylib
0x000000000629e000 	/usr/lib/system/libsystem_trace.dylib
0x000000000629e000 	/usr/lib/system/libunc.dylib
0x000000000629e000 	/usr/lib/system/libunwind.dylib
0x000000000629e000 	/usr/lib/system/libxpc.dylib
0x000000000629e000 	/usr/lib/libenergytrace.dylib
0x000000000629e000 	/usr/lib/libbsm.0.dylib
0x000000000629e000 	/usr/lib/system/libkxld.dylib
0x000000000629e000 	/usr/lib/libxar.1.dylib
0x000000000629e000 	/usr/lib/libsqlite3.dylib
0x000000000629e000 	/usr/lib/libpam.2.dylib
0x000000000629e000 	/usr/lib/libOpenScriptingUtil.dylib
0x000000000629e000 	/usr/lib/libbz2.1.0.dylib
0x000000000629e000 	/usr/lib/liblzma.5.dylib
0x000000000629e000 	/System/Library/Frameworks/CoreServices.framework/Versions/A/Frameworks/FSEvents.framework/Versions/A/FSEvents
0x000000000629e000 	/System/Library/Frameworks/CoreServices.framework/Versions/A/Frameworks/CarbonCore.framework/Versions/A/CarbonCore
0x000000000629e000 	/System/Library/Frameworks/CoreServices.framework/Versions/A/Frameworks/Metadata.framework/Versions/A/Metadata
0x000000000629e000 	/System/Library/Frameworks/CoreServices.framework/Versions/A/Frameworks/OSServices.framework/Versions/A/OSServices
0x000000000629e000 	/System/Library/Frameworks/CoreServices.framework/Versions/A/Frameworks/SearchKit.framework/Versions/A/SearchKit
0x000000000629e000 	/System/Library/Frameworks/CoreServices.framework/Versions/A/Frameworks/AE.framework/Versions/A/AE
0x000000000629e000 	/System/Library/Frameworks/CoreServices.framework/Versions/A/Frameworks/LaunchServices.framework/Versions/A/LaunchServices
0x000000000629e000 	/System/Library/Frameworks/CoreServices.framework/Versions/A/Frameworks/DictionaryServices.framework/Versions/A/DictionaryServices
0x000000000629e000 	/System/Library/Frameworks/CoreServices.framework/Versions/A/Frameworks/SharedFileList.framework/Versions/A/SharedFileList
0x000000000629e000 	/System/Library/Frameworks/NetFS.framework/Versions/A/NetFS
0x000000000629e000 	/System/Library/PrivateFrameworks/NetAuth.framework/Versions/A/NetAuth
0x000000000629e000 	/System/Library/PrivateFrameworks/login.framework/Versions/A/Frameworks/loginsupport.framework/Versions/A/loginsupport
0x000000000629e000 	/System/Library/PrivateFrameworks/TCC.framework/Versions/A/TCC
0x000000000629e000 	/usr/lib/libmecabra.dylib
0x000000000629e000 	/System/Library/Frameworks/ApplicationServices.framework/Versions/A/Frameworks/ATS.framework/Versions/A/ATS
0x000000000629e000 	/System/Library/Frameworks/ApplicationServices.framework/Versions/A/Frameworks/ColorSync.framework/Versions/A/ColorSync
0x000000000629e000 	/System/Library/Frameworks/ApplicationServices.framework/Versions/A/Frameworks/HIServices.framework/Versions/A/HIServices
0x000000000629e000 	/System/Library/Frameworks/ApplicationServices.framework/Versions/A/Frameworks/LangAnalysis.framework/Versions/A/LangAnalysis
0x000000000629e000 	/System/Library/Frameworks/ApplicationServices.framework/Versions/A/Frameworks/PrintCore.framework/Versions/A/PrintCore
0x000000000629e000 	/System/Library/Frameworks/ApplicationServices.framework/Versions/A/Frameworks/QD.framework/Versions/A/QD
0x000000000629e000 	/System/Library/Frameworks/ApplicationServices.framework/Versions/A/Frameworks/SpeechSynthesis.framework/Versions/A/SpeechSynthesis
0x000000000629e000 	/System/Library/Frameworks/Metal.framework/Versions/A/Metal
0x000000000629e000 	/System/Library/Frameworks/Accelerate.framework/Versions/A/Frameworks/vImage.framework/Versions/A/vImage
0x000000000629e000 	/System/Library/Frameworks/Accelerate.framework/Versions/A/Frameworks/vecLib.framework/Versions/A/vecLib
0x000000000629e000 	/System/Library/Frameworks/Accelerate.framework/Versions/A/Frameworks/vecLib.framework/Versions/A/libvDSP.dylib
0x000000000629e000 	/System/Library/Frameworks/Accelerate.framework/Versions/A/Frameworks/vecLib.framework/Versions/A/libvMisc.dylib
0x000000000629e000 	/System/Library/Frameworks/Accelerate.framework/Versions/A/Frameworks/vecLib.framework/Versions/A/libLAPACK.dylib
0x000000000629e000 	/System/Library/Frameworks/Accelerate.framework/Versions/A/Frameworks/vecLib.framework/Versions/A/libBLAS.dylib
0x000000000629e000 	/System/Library/Frameworks/Accelerate.framework/Versions/A/Frameworks/vecLib.framework/Versions/A/libLinearAlgebra.dylib
0x000000000629e000 	/System/Library/Frameworks/Accelerate.framework/Versions/A/Frameworks/vecLib.framework/Versions/A/libSparseBLAS.dylib
0x000000000629e000 	/System/Library/PrivateFrameworks/GPUCompiler.framework/libmetal_timestamp.dylib
0x000000000629e000 	/System/Library/Frameworks/OpenGL.framework/Versions/A/Libraries/libCoreFSCache.dylib
0x000000000629e000 	/System/Library/PrivateFrameworks/IOAccelerator.framework/Versions/A/IOAccelerator
0x000000000629e000 	/System/Library/Frameworks/ApplicationServices.framework/Versions/A/Frameworks/ATS.framework/Versions/A/Resources/libFontParser.dylib
0x000000000629e000 	/System/Library/Frameworks/ApplicationServices.framework/Versions/A/Frameworks/ATS.framework/Versions/A/Resources/libFontRegistry.dylib
0x000000000629e000 	/System/Library/PrivateFrameworks/AppleVPA.framework/Versions/A/AppleVPA
0x000000000629e000 	/System/Library/PrivateFrameworks/AppleJPEG.framework/Versions/A/AppleJPEG
0x000000000629e000 	/System/Library/Frameworks/ImageIO.framework/Versions/A/Resources/libJPEG.dylib
0x000000000629e000 	/System/Library/Frameworks/ImageIO.framework/Versions/A/Resources/libTIFF.dylib
0x000000000629e000 	/System/Library/Frameworks/ImageIO.framework/Versions/A/Resources/libPng.dylib
0x000000000629e000 	/System/Library/Frameworks/ImageIO.framework/Versions/A/Resources/libGIF.dylib
0x000000000629e000 	/System/Library/Frameworks/ImageIO.framework/Versions/A/Resources/libJP2.dylib
0x000000000629e000 	/System/Library/Frameworks/ImageIO.framework/Versions/A/Resources/libRadiance.dylib
0x000000000629e000 	/System/Library/Frameworks/CoreVideo.framework/Versions/A/CoreVideo
0x000000000629e000 	/System/Library/Frameworks/OpenGL.framework/Versions/A/Libraries/libGLU.dylib
0x000000000629e000 	/System/Library/Frameworks/OpenGL.framework/Versions/A/Libraries/libGFXShared.dylib
0x000000000629e000 	/System/Library/Frameworks/OpenGL.framework/Versions/A/Libraries/libGL.dylib
0x000000000629e000 	/System/Library/Frameworks/OpenGL.framework/Versions/A/Libraries/libGLImage.dylib
0x000000000629e000 	/System/Library/Frameworks/OpenGL.framework/Versions/A/Libraries/libCVMSPluginSupport.dylib
0x000000000629e000 	/System/Library/Frameworks/OpenGL.framework/Versions/A/Libraries/libCoreVMClient.dylib
0x000000000629e000 	/usr/lib/libcompression.dylib
0x000000000629e000 	/usr/lib/libcups.2.dylib
0x000000000629e000 	/System/Library/Frameworks/Kerberos.framework/Versions/A/Kerberos
0x000000000629e000 	/System/Library/Frameworks/GSS.framework/Versions/A/GSS
0x000000000629e000 	/usr/lib/libresolv.9.dylib
0x000000000629e000 	/usr/lib/libiconv.2.dylib
0x000000000629e000 	/System/Library/PrivateFrameworks/Heimdal.framework/Versions/A/Heimdal
0x000000000629e000 	/usr/lib/libheimdal-asn1.dylib
0x000000000629e000 	/System/Library/Frameworks/OpenDirectory.framework/Versions/A/OpenDirectory
0x000000000629e000 	/System/Library/PrivateFrameworks/CommonAuth.framework/Versions/A/CommonAuth
0x000000000629e000 	/System/Library/Frameworks/OpenDirectory.framework/Versions/A/Frameworks/CFOpenDirectory.framework/Versions/A/CFOpenDirectory
0x000000000629e000 	/System/Library/Frameworks/SecurityFoundation.framework/Versions/A/SecurityFoundation
0x000000000629e000 	/System/Library/PrivateFrameworks/LanguageModeling.framework/Versions/A/LanguageModeling
0x000000000629e000 	/usr/lib/libmarisa.dylib
0x000000000629e000 	/usr/lib/libChineseTokenizer.dylib
0x000000000629e000 	/usr/lib/libcmph.dylib
0x000000000629e000 	/System/Library/Frameworks/ServiceManagement.framework/Versions/A/ServiceManagement
0x000000000629e000 	/usr/lib/libxslt.1.dylib
0x000000000629e000 	/System/Library/Frameworks/Carbon.framework/Versions/A/Frameworks/Ink.framework/Versions/A/Ink
0x000000000629e000 	/usr/lib/libFosl_dynamic.dylib
0x000000000629e000 	/System/Library/PrivateFrameworks/FaceCore.framework/Versions/A/FaceCore
0x000000000629e000 	/System/Library/Frameworks/OpenCL.framework/Versions/A/OpenCL
0x000000000629e000 	/System/Library/PrivateFrameworks/CrashReporterSupport.framework/Versions/A/CrashReporterSupport
0x000000000629e000 	/System/Library/PrivateFrameworks/IconServices.framework/Versions/A/IconServices
0x000000000629e000 	/System/Library/PrivateFrameworks/Apple80211.framework/Versions/A/Apple80211
0x000000000629e000 	/System/Library/Frameworks/CoreWLAN.framework/Versions/A/CoreWLAN
0x000000000629e000 	/System/Library/Frameworks/IOBluetooth.framework/Versions/A/IOBluetooth
0x000000000629e000 	/System/Library/PrivateFrameworks/CoreWiFi.framework/Versions/A/CoreWiFi
0x000000000629e000 	/System/Library/Frameworks/CoreBluetooth.framework/Versions/A/CoreBluetooth
0x000000000629e000 	/System/Library/PrivateFrameworks/ChunkingLibrary.framework/Versions/A/ChunkingLibrary
0x000000000629e000 	/System/Library/PrivateFrameworks/DebugSymbols.framework/Versions/A/DebugSymbols
0x000000000629e000 	/System/Library/PrivateFrameworks/CoreSymbolication.framework/Versions/A/CoreSymbolication
0x000000000629e000 	/System/Library/PrivateFrameworks/Symbolication.framework/Versions/A/Symbolication
0x000000000629e000 	/System/Library/PrivateFrameworks/SpeechRecognitionCore.framework/Versions/A/SpeechRecognitionCore
0x0000000047bba000 	/System/Library/CoreServices/Encodings/libJapaneseConverter.dylib
0x000000010250c000 	/Library/Java/JavaVirtualMachines/jdk1.8.0_51.jdk/Contents/Home/jre/lib/server/libjvm.dylib
0x000000000629e000 	/usr/lib/libstdc++.6.dylib
0x0000000103475000 	/Library/Java/JavaVirtualMachines/jdk1.8.0_51.jdk/Contents/Home/jre/lib/libverify.dylib
0x0000000103483000 	/Library/Java/JavaVirtualMachines/jdk1.8.0_51.jdk/Contents/Home/jre/lib/libjava.dylib
0x00000001034c2000 	/Library/Java/JavaVirtualMachines/jdk1.8.0_51.jdk/Contents/Home/jre/lib/libzip.dylib
0x0000000119642000 	/System/Library/Frameworks/JavaVM.framework/Frameworks/JavaRuntimeSupport.framework/JavaRuntimeSupport
0x000000011965d000 	/System/Library/Frameworks/JavaVM.framework/Versions/A/Frameworks/JavaNativeFoundation.framework/Versions/A/JavaNativeFoundation
0x00000001129f1000 	/System/Library/Frameworks/JavaVM.framework/Versions/A/JavaVM
0x000000000629e000 	/System/Library/Frameworks/Carbon.framework/Versions/A/Carbon
0x0000000119672000 	/System/Library/PrivateFrameworks/JavaLaunching.framework/Versions/A/JavaLaunching
0x000000000629e000 	/System/Library/Frameworks/Carbon.framework/Versions/A/Frameworks/CommonPanels.framework/Versions/A/CommonPanels
0x000000000629e000 	/System/Library/Frameworks/Carbon.framework/Versions/A/Frameworks/Help.framework/Versions/A/Help
0x000000000629e000 	/System/Library/Frameworks/Carbon.framework/Versions/A/Frameworks/ImageCapture.framework/Versions/A/ImageCapture
0x000000000629e000 	/System/Library/Frameworks/Carbon.framework/Versions/A/Frameworks/OpenScripting.framework/Versions/A/OpenScripting
0x000000000629e000 	/System/Library/Frameworks/Carbon.framework/Versions/A/Frameworks/Print.framework/Versions/A/Print
0x000000000629e000 	/System/Library/Frameworks/Carbon.framework/Versions/A/Frameworks/SecurityHI.framework/Versions/A/SecurityHI
0x000000011af97000 	/Library/Java/JavaVirtualMachines/jdk1.8.0_51.jdk/Contents/Home/jre/lib/libawt.dylib
0x000000011b03f000 	/Library/Java/JavaVirtualMachines/jdk1.8.0_51.jdk/Contents/Home/jre/lib/./libmlib_image.dylib
0x000000011b10b000 	/Library/Java/JavaVirtualMachines/jdk1.8.0_51.jdk/Contents/Home/jre/lib/libawt_lwawt.dylib
0x000000011b1bf000 	/Library/Java/JavaVirtualMachines/jdk1.8.0_51.jdk/Contents/Home/jre/lib/./libosxapp.dylib
0x000000000629e000 	/System/Library/Frameworks/ExceptionHandling.framework/Versions/A/ExceptionHandling
0x000000000629e000 	/System/Library/PrivateFrameworks/CoreServicesInternal.framework/Versions/A/CoreServicesInternal
0x000000000629e000 	/System/Library/Frameworks/CoreGraphics.framework/Versions/A/Resources/libRIP.A.dylib
0x000000000629e000 	/System/Library/Frameworks/Accelerate.framework/Versions/A/Frameworks/vImage.framework/Versions/A/Libraries/libCGInterfaces.dylib
0x000000000629e000 	/System/Library/Frameworks/CoreGraphics.framework/Versions/A/Resources/libCGXType.A.dylib
0x000000000629e000 	/System/Library/Frameworks/OpenCL.framework/Versions/A/Libraries/libcldcpuengine.dylib
0x000000000629e000 	/System/Library/PrivateFrameworks/DiskImages.framework/Versions/A/DiskImages
0x000000000629e000 	/System/Library/Frameworks/DiscRecording.framework/Versions/A/DiscRecording
0x000000000629e000 	/usr/lib/libcsfde.dylib
0x000000000629e000 	/usr/lib/libcurl.4.dylib
0x000000000629e000 	/System/Library/PrivateFrameworks/MediaKit.framework/Versions/A/MediaKit
0x000000000629e000 	/System/Library/PrivateFrameworks/ProtectedCloudStorage.framework/Versions/A/ProtectedCloudStorage
0x000000000629e000 	/usr/lib/libCoreStorage.dylib
0x000000000629e000 	/System/Library/PrivateFrameworks/EFILogin.framework/Versions/A/EFILogin
0x000000000629e000 	/usr/lib/libutil.dylib
0x000000000629e000 	/System/Library/PrivateFrameworks/FindMyDevice.framework/Versions/A/FindMyDevice
0x000000000629e000 	/System/Library/Frameworks/LDAP.framework/Versions/A/LDAP
0x000000000629e000 	/usr/lib/libsasl2.2.dylib
0x000000000629e000 	/System/Library/PrivateFrameworks/CoreDaemon.framework/Versions/B/CoreDaemon
0x000000000629e000 	/usr/lib/libcrypto.0.9.8.dylib
0x000000000629e000 	/System/Library/PrivateFrameworks/AppleSRP.framework/Versions/A/AppleSRP
0x000000000629e000 	/System/Library/PrivateFrameworks/TrustEvaluationAgent.framework/Versions/A/TrustEvaluationAgent
0x000000011c9a2000 	cl_kernels
0x000000000629e000 	/System/Library/Frameworks/OpenCL.framework/Versions/A/Libraries/ImageFormats/unorm8_bgra.dylib
0x000000000629e000 	/System/Library/Frameworks/OpenCL.framework/Versions/A/Libraries/ImageFormats/unorm8_rgba.dylib
0x000000000629e000 	/System/Library/PrivateFrameworks/FamilyControls.framework/Versions/A/FamilyControls
0x000000000629e000 	/System/Library/PrivateFrameworks/CommerceKit.framework/Versions/A/Frameworks/CommerceCore.framework/Versions/A/CommerceCore
0x000000000629e000 	/System/Library/PrivateFrameworks/SystemAdministration.framework/Versions/A/SystemAdministration
0x000000000629e000 	/System/Library/PrivateFrameworks/AppContainer.framework/Versions/A/AppContainer
0x000000000629e000 	/System/Library/PrivateFrameworks/SecCodeWrapper.framework/Versions/A/SecCodeWrapper
0x000000000629e000 	/System/Library/Frameworks/DirectoryService.framework/Versions/A/DirectoryService
0x000000000629e000 	/System/Library/PrivateFrameworks/LoginUIKit.framework/Versions/A/Frameworks/LoginUICore.framework/Versions/A/LoginUICore
0x000000000629e000 	/usr/lib/libodfde.dylib
0x000000000629e000 	/System/Library/Frameworks/OpenGL.framework/Versions/A/Resources/GLEngine.bundle/GLEngine
0x000000000629e000 	/System/Library/Frameworks/OpenGL.framework/Versions/A/Libraries/libGLProgrammability.dylib
0x000000011d9be000 	/System/Library/Extensions/AppleIntelHD5000GraphicsGLDriver.bundle/Contents/MacOS/AppleIntelHD5000GraphicsGLDriver
0x000000000629e000 	/System/Library/PrivateFrameworks/GPUSupport.framework/Versions/A/Libraries/libGPUSupportMercury.dylib
0x000000000629e000 	/System/Library/Frameworks/OpenGL.framework/Versions/A/Resources/GLRendererFloat.bundle/GLRendererFloat
0x000000011e997000 	/Library/Java/JavaVirtualMachines/jdk1.8.0_51.jdk/Contents/Home/jre/lib/libfontmanager.dylib
0x00000001203c6000 	/System/Library/Extensions/AppleIntelHD5000GraphicsMTLDriver.bundle/Contents/MacOS/AppleIntelHD5000GraphicsMTLDriver
0x0000000120721000 	/Library/Java/Extensions/librxtxSerial.jnilib

VM Arguments:
jvm_args: -Dfile.encoding=UTF-8 
java_command: Main /dev/tty.usbmodem1421
java_class_path (initial): /Users/ogura/Broccoli/Java/Broccoli/bin:/Users/ogura/Broccoli/Java/Broccoli/RXTXcomm.jar
Launcher Type: SUN_STANDARD

Environment Variables:
PATH=/usr/bin:/bin:/usr/sbin:/sbin
SHELL=/bin/bash

Signal Handlers:
SIGSEGV: [libjvm.dylib+0x58ef35], sa_mask[0]=11111111011111110111111111111111, sa_flags=SA_ONSTACK|SA_RESTART|SA_SIGINFO
SIGBUS: [libjvm.dylib+0x58ef35], sa_mask[0]=11111111011111110111111111111111, sa_flags=SA_RESTART|SA_SIGINFO
SIGFPE: [libjvm.dylib+0x46c028], sa_mask[0]=11111111011111110111111111111111, sa_flags=SA_RESTART|SA_SIGINFO
SIGPIPE: [libjvm.dylib+0x46c028], sa_mask[0]=11111111011111110111111111111111, sa_flags=SA_RESTART|SA_SIGINFO
SIGXFSZ: [libjvm.dylib+0x46c028], sa_mask[0]=11111111011111110111111111111111, sa_flags=SA_RESTART|SA_SIGINFO
SIGILL: [libjvm.dylib+0x46c028], sa_mask[0]=11111111011111110111111111111111, sa_flags=SA_RESTART|SA_SIGINFO
SIGUSR1: SIG_DFL, sa_mask[0]=00000000000000000000000000000000, sa_flags=none
SIGUSR2: [libjvm.dylib+0x46bb46], sa_mask[0]=00100000000000000000000000000000, sa_flags=SA_RESTART|SA_SIGINFO
SIGHUP: [libjvm.dylib+0x46a119], sa_mask[0]=11111111011111110111111111111111, sa_flags=SA_RESTART|SA_SIGINFO
SIGINT: [libjvm.dylib+0x46a119], sa_mask[0]=11111111011111110111111111111111, sa_flags=SA_RESTART|SA_SIGINFO
SIGTERM: [libjvm.dylib+0x46a119], sa_mask[0]=11111111011111110111111111111111, sa_flags=SA_RESTART|SA_SIGINFO
SIGQUIT: [libjvm.dylib+0x46a119], sa_mask[0]=11111111011111110111111111111111, sa_flags=SA_RESTART|SA_SIGINFO


---------------  S Y S T E M  ---------------

OS:Bsduname:Darwin 15.6.0 Darwin Kernel Version 15.6.0: Thu Jun 23 18:25:34 PDT 2016; root:xnu-3248.60.10~1/RELEASE_X86_64 x86_64
rlimit: STACK 8192k, CORE 0k, NPROC 709, NOFILE 10240, AS infinity
load average:1.94 1.76 1.85

CPU:total 4 (2 cores per cpu, 2 threads per core) family 6 model 69 stepping 1, cmov, cx8, fxsr, mmx, sse, sse2, sse3, ssse3, sse4.1, sse4.2, popcnt, avx, avx2, aes, clmul, erms, rtm, lzcnt, ht, tsc, tscinvbit, bmi1, bmi2

Memory: 4k page, physical 8388608k(2920432k free)

/proc/meminfo:


vm_info: Java HotSpot(TM) 64-Bit Server VM (25.51-b03) for bsd-amd64 JRE (1.8.0_51-b16), built on Jun  8 2015 18:01:11 by "java_re" with gcc 4.2.1 (Based on Apple Inc. build 5658) (LLVM build 2336.11.00)

time: Thu Oct 20 12:03:22 2016
elapsed time: 14 seconds (0d 0h 0m 14s)

