#
# A fatal error has been detected by the Java Runtime Environment:
#
#  SIGSEGV (0xb) at pc=0x0000000126f8812f, pid=6087, tid=5891
#
# JRE version: Java(TM) SE Runtime Environment (8.0_51-b16) (build 1.8.0_51-b16)
# Java VM: Java HotSpot(TM) 64-Bit Server VM (25.51-b03 mixed mode bsd-amd64 compressed oops)
# Problematic frame:
# C  [librxtxSerial.jnilib+0x312f]  Java_gnu_io_RXTXPort_interruptEventLoop+0x6b
#
# Failed to write core dump. Core dumps have been disabled. To enable core dumping, try "ulimit -c unlimited" before starting Java again
#
# If you would like to submit a bug report, please visit:
#   http://bugreport.java.com/bugreport/crash.jsp
# The crash happened outside the Java Virtual Machine in native code.
# See problematic frame for where to report the bug.
#

---------------  T H R E A D  ---------------

Current thread (0x00007f9fbb801000):  JavaThread "main" [_thread_in_native, id=5891, stack(0x000070000011a000,0x000070000021a000)]

siginfo: si_signo: 11 (SIGSEGV), si_code: 1 (SEGV_MAPERR), si_addr: 0x00007000017e4868

Registers:
RAX=0x0000000000000000, RBX=0x00007000017e4700, RCX=0x000070000021a050, RDX=0xffffffffffffffff
RSP=0x0000700000219670, RBP=0x0000700000219680, RSI=0x0000000000000000, RDI=0x000000000000003c
R8 =0x0000000000000000, R9 =0x0000000002faf080, R10=0x0000000000000001, R11=0x0000000000000247
R12=0x000000000000000d, R13=0x000000011ea550f0, R14=0x0000700000219700, R15=0x00007f9fbb801000
RIP=0x0000000126f8812f, EFLAGS=0x0000000000010206, ERR=0x0000000000000004
  TRAPNO=0x000000000000000e

Top of Stack: (sp=0x0000700000219670)
0x0000700000219670:   000000011ea550f0 0000000000000000
0x0000700000219680:   00007000002196e0 000000010a57e954
0x0000700000219690:   000000010a58a563 000000010a57e6a2
0x00007000002196a0:   00007000002196a0 000000011ea550f0
0x00007000002196b0:   0000700000219700 000000011ea60828
0x00007000002196c0:   0000000000000000 000000011ea550f0
0x00007000002196d0:   0000000000000000 0000700000219700
0x00007000002196e0:   0000700000219748 000000010a570c4d
0x00007000002196f0:   0000000000000000 000000010a578578
0x0000700000219700:   0000000795cb7690 0000700000219708
0x0000700000219710:   000000011ea55597 0000700000219760
0x0000700000219720:   000000011ea60828 0000000000000000
0x0000700000219730:   000000011ea55600 0000700000219700
0x0000700000219740:   0000700000219760 00007000002197b8
0x0000700000219750:   000000010a570c4d 0000000000000000
0x0000700000219760:   0000000795cb7690 0000000000000001
0x0000700000219770:   0000000000000000 0000700000219768
0x0000700000219780:   000000011ea55ff3 00007000002197e0
0x0000700000219790:   000000011ea60828 0000000000000000
0x00007000002197a0:   000000011ea56058 0000700000219760
0x00007000002197b0:   00007000002197e0 0000700000219828
0x00007000002197c0:   000000010a570c4d 0000000000000000
0x00007000002197d0:   0000000000000000 0000000795cb7690
0x00007000002197e0:   0000000795cb7690 00007000002197e8
0x00007000002197f0:   000000011e806b3a 0000700000219838
0x0000700000219800:   000000011e806bb0 0000000000000000
0x0000700000219810:   000000011e806b58 00007000002197e0
0x0000700000219820:   0000700000219838 0000700000219880
0x0000700000219830:   000000010a570c4d 00000007959e64b8
0x0000700000219840:   0000700000219840 000000011e805dec
0x0000700000219850:   0000700000219890 000000011e805e60
0x0000700000219860:   0000000000000000 000000011e805e08 

Instructions: (pc=0x0000000126f8812f)
0x0000000126f8810f:   00 01 00 00 00 48 8b bb 78 01 00 00 be 06 00 00
0x0000000126f8811f:   00 e8 4d 27 00 00 bf 50 c3 00 00 e8 c7 27 00 00
0x0000000126f8812f:   83 bb 68 01 00 00 01 74 16 48 8b bb 78 01 00 00
0x0000000126f8813f:   e8 16 27 00 00 c7 83 68 01 00 00 01 00 00 00 5b 

Register to memory mapping:

RAX=0x0000000000000000 is an unknown value
RBX=0x00007000017e4700 is an unknown value
RCX=0x000070000021a050 is an unknown value
RDX=0xffffffffffffffff is an unknown value
RSP=0x0000700000219670 is pointing into the stack for thread: 0x00007f9fbb801000
RBP=0x0000700000219680 is pointing into the stack for thread: 0x00007f9fbb801000
RSI=0x0000000000000000 is an unknown value
RDI=0x000000000000003c is an unknown value
R8 =0x0000000000000000 is an unknown value
R9 =0x0000000002faf080 is an unknown value
R10=0x0000000000000001 is an unknown value
R11=0x0000000000000247 is an unknown value
R12=0x000000000000000d is an unknown value
R13={method} {0x000000011ea550f0} 'interruptEventLoop' '()V' in 'gnu/io/RXTXPort'
R14=0x0000700000219700 is pointing into the stack for thread: 0x00007f9fbb801000
R15=0x00007f9fbb801000 is a thread


Stack: [0x000070000011a000,0x000070000021a000],  sp=0x0000700000219670,  free space=1021k
Native frames: (J=compiled Java code, j=interpreted, Vv=VM code, C=native code)
C  [librxtxSerial.jnilib+0x312f]  Java_gnu_io_RXTXPort_interruptEventLoop+0x6b
j  gnu.io.RXTXPort.interruptEventLoop()V+0
j  gnu.io.RXTXPort.removeEventListener()V+55
j  gnu.io.RXTXPort.close()V+91
j  Serial.close()V+18
j  Broccoli.close()V+12
j  Editer.close()V+11
j  Main.main([Ljava/lang/String;)V+36
v  ~StubRoutines::call_stub
V  [libjvm.dylib+0x2e01e2]  JavaCalls::call_helper(JavaValue*, methodHandle*, JavaCallArguments*, Thread*)+0x6ae
V  [libjvm.dylib+0x3168ee]  jni_invoke_static(JNIEnv_*, JavaValue*, _jobject*, JNICallType, _jmethodID*, JNI_ArgumentPusher*, Thread*)+0x1bf
V  [libjvm.dylib+0x30f668]  jni_CallStaticVoidMethod+0x15d
C  [java+0x393e]  JavaMain+0x9b1
C  [libsystem_pthread.dylib+0x399d]  _pthread_body+0x83
C  [libsystem_pthread.dylib+0x391a]  _pthread_body+0x0
C  [libsystem_pthread.dylib+0x1351]  thread_start+0xd
C  0x0000000000000000

Java frames: (J=compiled Java code, j=interpreted, Vv=VM code)
j  gnu.io.RXTXPort.interruptEventLoop()V+0
j  gnu.io.RXTXPort.removeEventListener()V+55
j  gnu.io.RXTXPort.close()V+91
j  Serial.close()V+18
j  Broccoli.close()V+12
j  Editer.close()V+11
j  Main.main([Ljava/lang/String;)V+36
v  ~StubRoutines::call_stub

---------------  P R O C E S S  ---------------

Java Threads: ( => current thread )
  0x00007f9fbb8b4800 JavaThread "AWT-EventQueue-0" [_thread_blocked, id=56323, stack(0x00007000015e2000,0x00007000016e2000)]
  0x00007f9fbb894800 JavaThread "Java2D Disposer" daemon [_thread_blocked, id=53507, stack(0x000070000145c000,0x000070000155c000)]
  0x00007f9fba895000 JavaThread "Java2D Queue Flusher" daemon [_thread_blocked, id=50439, stack(0x0000700001359000,0x0000700001459000)]
  0x00007f9fbb074000 JavaThread "AWT-Shutdown" [_thread_blocked, id=29715, stack(0x00007000011d3000,0x00007000012d3000)]
  0x00007f9fbb06d000 JavaThread "AppKit Thread" daemon [_thread_in_native, id=2571, stack(0x00007fff5691e000,0x00007fff5711e000)]
  0x00007f9fbb830000 JavaThread "Service Thread" daemon [_thread_blocked, id=18435, stack(0x0000700000dc1000,0x0000700000ec1000)]
  0x00007f9fbb822800 JavaThread "C1 CompilerThread2" daemon [_thread_blocked, id=17923, stack(0x0000700000cbe000,0x0000700000dbe000)]
  0x00007f9fba828000 JavaThread "C2 CompilerThread1" daemon [_thread_blocked, id=17411, stack(0x0000700000bbb000,0x0000700000cbb000)]
  0x00007f9fbb821800 JavaThread "C2 CompilerThread0" daemon [_thread_blocked, id=16899, stack(0x0000700000ab8000,0x0000700000bb8000)]
  0x00007f9fbb825800 JavaThread "Signal Dispatcher" daemon [_thread_blocked, id=13839, stack(0x00007000009b5000,0x0000700000ab5000)]
  0x00007f9fbb81d000 JavaThread "Finalizer" daemon [_thread_blocked, id=12291, stack(0x000070000082f000,0x000070000092f000)]
  0x00007f9fba04f000 JavaThread "Reference Handler" daemon [_thread_blocked, id=11779, stack(0x000070000072c000,0x000070000082c000)]
=>0x00007f9fbb801000 JavaThread "main" [_thread_in_native, id=5891, stack(0x000070000011a000,0x000070000021a000)]

Other Threads:
  0x00007f9fbb81c800 VMThread [stack: 0x0000700000629000,0x0000700000729000] [id=11267]
  0x00007f9fbb831000 WatcherThread [stack: 0x0000700000ec4000,0x0000700000fc4000] [id=18947]

VM state:not at safepoint (normal execution)

VM Mutex/Monitor currently owned by a thread: None

Heap:
 PSYoungGen      total 38400K, used 12539K [0x0000000795580000, 0x0000000798000000, 0x00000007c0000000)
  eden space 33280K, 37% used [0x0000000795580000,0x00000007961bee60,0x0000000797600000)
  from space 5120K, 0% used [0x0000000797b00000,0x0000000797b00000,0x0000000798000000)
  to   space 5120K, 0% used [0x0000000797600000,0x0000000797600000,0x0000000797b00000)
 ParOldGen       total 87552K, used 0K [0x0000000740000000, 0x0000000745580000, 0x0000000795580000)
  object space 87552K, 0% used [0x0000000740000000,0x0000000740000000,0x0000000745580000)
 Metaspace       used 7661K, capacity 7886K, committed 8192K, reserved 1056768K
  class space    used 862K, capacity 962K, committed 1024K, reserved 1048576K

Card table byte_map: [0x0000000119929000,0x0000000119d2a000] byte_map_base: 0x0000000115f29000

Marking Bits: (ParMarkBitMap*) 0x0000000109ec27a0
 Begin Bits: [0x0000000119fd5000, 0x000000011bfd5000)
 End Bits:   [0x000000011bfd5000, 0x000000011dfd5000)

Polling page: 0x0000000108dc7000

CodeCache: size=245760Kb used=2707Kb max_used=2707Kb free=243052Kb
 bounds [0x000000010a569000, 0x000000010a819000, 0x0000000119569000]
 total_blobs=1141 nmethods=711 adapters=344
 compilation: enabled

Compilation events (10 events):
Event: 18.038 Thread 0x00007f9fbb822800  706       1       java.awt.Component::isVisible_NoClientCode (5 bytes)
Event: 18.038 Thread 0x00007f9fbb822800 nmethod 706 0x000000010a808990 code [0x000000010a808ae0, 0x000000010a808bf0]
Event: 18.071 Thread 0x00007f9fbb822800  708       1       java.awt.Component::isEnabledImpl (5 bytes)
Event: 18.072 Thread 0x00007f9fbb822800 nmethod 708 0x000000010a80b110 code [0x000000010a80b260, 0x000000010a80b370]
Event: 18.091 Thread 0x00007f9fbb822800  709  s    3       java.awt.KeyboardFocusManager::getCurrentKeyboardFocusManager (32 bytes)
Event: 18.092 Thread 0x00007f9fbb822800 nmethod 709 0x000000010a80a7d0 code [0x000000010a80a980, 0x000000010a80af68]
Event: 18.106 Thread 0x00007f9fbb822800  710       3       java.awt.KeyboardFocusManager::getCurrentKeyboardFocusManager (7 bytes)
Event: 18.106 Thread 0x00007f9fbb822800 nmethod 710 0x000000010a80d410 code [0x000000010a80d5c0, 0x000000010a80dc58]
Event: 18.610 Thread 0x00007f9fbb822800  711       1       java.awt.Image$1::getSurfaceManager (5 bytes)
Event: 18.610 Thread 0x00007f9fbb822800 nmethod 711 0x000000010a80a4d0 code [0x000000010a80a620, 0x000000010a80a730]

GC Heap History (0 events):
No events

Deoptimization events (1 events):
Event: 17.098 Thread 0x00007f9fbb8b4800 Uncommon trap: reason=unstable_if action=reinterpret pc=0x000000010a7ee468 method=sun.awt.AWTAutoShutdown.isReadyToShutdown()Z @ 4

Internal exceptions (10 events):
Event: 0.116 Thread 0x00007f9fbb801000 Exception <a 'java/security/PrivilegedActionException'> (0x0000000795785088) thrown at [/Users/java_re/workspace/8-2-build-macosx-x86_64/jdk8u51/3951/hotspot/src/share/vm/prims/jvm.cpp, line 1382]
Event: 0.116 Thread 0x00007f9fbb801000 Exception <a 'java/security/PrivilegedActionException'> (0x0000000795785240) thrown at [/Users/java_re/workspace/8-2-build-macosx-x86_64/jdk8u51/3951/hotspot/src/share/vm/prims/jvm.cpp, line 1382]
Event: 0.116 Thread 0x00007f9fbb801000 Exception <a 'java/security/PrivilegedActionException'> (0x0000000795788578) thrown at [/Users/java_re/workspace/8-2-build-macosx-x86_64/jdk8u51/3951/hotspot/src/share/vm/prims/jvm.cpp, line 1382]
Event: 0.117 Thread 0x00007f9fbb801000 Exception <a 'java/security/PrivilegedActionException'> (0x0000000795788730) thrown at [/Users/java_re/workspace/8-2-build-macosx-x86_64/jdk8u51/3951/hotspot/src/share/vm/prims/jvm.cpp, line 1382]
Event: 0.264 Thread 0x00007f9fbb801000 Exception <a 'java/io/FileNotFoundException'> (0x000000079578d1d0) thrown at [/Users/java_re/workspace/8-2-build-macosx-x86_64/jdk8u51/3951/hotspot/src/share/vm/prims/jni.cpp, line 709]
Event: 0.264 Thread 0x00007f9fbb801000 Exception <a 'java/io/FileNotFoundException'> (0x000000079578dcf0) thrown at [/Users/java_re/workspace/8-2-build-macosx-x86_64/jdk8u51/3951/hotspot/src/share/vm/prims/jni.cpp, line 709]
Event: 0.350 Thread 0x00007f9fbb801000 Exception <a 'java/lang/NoSuchFieldError': method resolution failed> (0x000000079592c160) thrown at [/Users/java_re/workspace/8-2-build-macosx-x86_64/jdk8u51/3951/hotspot/src/share/vm/prims/methodHandles.cpp, line 1125]
Event: 0.353 Thread 0x00007f9fbb801000 Exception <a 'java/lang/NoSuchFieldError': method resolution failed> (0x000000079593aba0) thrown at [/Users/java_re/workspace/8-2-build-macosx-x86_64/jdk8u51/3951/hotspot/src/share/vm/prims/methodHandles.cpp, line 1125]
Event: 0.599 Thread 0x00007f9fbb801000 Exception <a 'java/io/FileNotFoundException'> (0x0000000795c9a1c8) thrown at [/Users/java_re/workspace/8-2-build-macosx-x86_64/jdk8u51/3951/hotspot/src/share/vm/prims/jni.cpp, line 709]
Event: 0.600 Thread 0x00007f9fbb801000 Exception <a 'java/io/FileNotFoundException'> (0x0000000795c9c540) thrown at [/Users/java_re/workspace/8-2-build-macosx-x86_64/jdk8u51/3951/hotspot/src/share/vm/prims/jni.cpp, line 709]

Events (10 events):
Event: 1.213 loading class java/awt/PointerInfo
Event: 1.213 loading class java/awt/PointerInfo done
Event: 4.113 Executing VM operation: EnableBiasedLocking
Event: 4.113 Executing VM operation: EnableBiasedLocking done
Event: 12.177 Thread 0x00007f9fbb801000 DEOPT PACKING pc=0x000000010a75b9a7 sp=0x00007000002197c0
Event: 12.177 Thread 0x00007f9fbb801000 DEOPT UNPACKING pc=0x000000010a5b0633 sp=0x0000700000219550 mode 0
Event: 17.098 Thread 0x00007f9fbb8b4800 Uncommon trap: trap_request=0xffffff65 fr.pc=0x000000010a7ee468
Event: 17.098 Thread 0x00007f9fbb8b4800 DEOPT PACKING pc=0x000000010a7ee468 sp=0x00007000016e1320
Event: 17.098 Thread 0x00007f9fbb8b4800 DEOPT UNPACKING pc=0x000000010a56e229 sp=0x00007000016e12e8 mode 2
Event: 18.994 Thread 0x00007f9fba297000 Thread exited: 0x00007f9fba297000


Dynamic libraries:
0x000000000629e000 	/System/Library/Frameworks/Cocoa.framework/Versions/A/Cocoa
0x000000000629e000 	/System/Library/Frameworks/Security.framework/Versions/A/Security
0x000000000629e000 	/System/Library/Frameworks/ApplicationServices.framework/Versions/A/ApplicationServices
0x000000000629e000 	/usr/lib/libz.1.dylib
0x000000000629e000 	/usr/lib/libSystem.B.dylib
0x000000000629e000 	/usr/lib/libobjc.A.dylib
0x000000000629e000 	/System/Library/Frameworks/CoreFoundation.framework/Versions/A/CoreFoundation
0x000000000629e000 	/System/Library/Frameworks/Foundation.framework/Versions/C/Foundation
0x000000000629e000 	/System/Library/Frameworks/AppKit.framework/Versions/C/AppKit
0x000000000629e000 	/System/Library/Frameworks/CoreData.framework/Versions/A/CoreData
0x000000000629e000 	/System/Library/PrivateFrameworks/RemoteViewServices.framework/Versions/A/RemoteViewServices
0x000000000629e000 	/System/Library/PrivateFrameworks/UIFoundation.framework/Versions/A/UIFoundation
0x000000000629e000 	/usr/lib/libScreenReader.dylib
0x000000000629e000 	/System/Library/Frameworks/Accelerate.framework/Versions/A/Accelerate
0x000000000629e000 	/System/Library/Frameworks/IOSurface.framework/Versions/A/IOSurface
0x000000000629e000 	/System/Library/Frameworks/AudioToolbox.framework/Versions/A/AudioToolbox
0x000000000629e000 	/System/Library/Frameworks/AudioUnit.framework/Versions/A/AudioUnit
0x000000000629e000 	/System/Library/PrivateFrameworks/DataDetectorsCore.framework/Versions/A/DataDetectorsCore
0x000000000629e000 	/System/Library/PrivateFrameworks/DesktopServicesPriv.framework/Versions/A/DesktopServicesPriv
0x000000000629e000 	/System/Library/Frameworks/Carbon.framework/Versions/A/Frameworks/HIToolbox.framework/Versions/A/HIToolbox
0x000000000629e000 	/System/Library/Frameworks/QuartzCore.framework/Versions/A/QuartzCore
0x000000000629e000 	/System/Library/Frameworks/Carbon.framework/Versions/A/Frameworks/SpeechRecognition.framework/Versions/A/SpeechRecognition
0x000000000629e000 	/usr/lib/libauto.dylib
0x000000000629e000 	/usr/lib/libicucore.A.dylib
0x000000000629e000 	/usr/lib/libxml2.2.dylib
0x000000000629e000 	/System/Library/PrivateFrameworks/CoreUI.framework/Versions/A/CoreUI
0x000000000629e000 	/System/Library/Frameworks/CoreAudio.framework/Versions/A/CoreAudio
0x000000000629e000 	/System/Library/Frameworks/DiskArbitration.framework/Versions/A/DiskArbitration
0x000000000629e000 	/usr/lib/liblangid.dylib
0x000000000629e000 	/System/Library/PrivateFrameworks/MultitouchSupport.framework/Versions/A/MultitouchSupport
0x000000000629e000 	/System/Library/Frameworks/IOKit.framework/Versions/A/IOKit
0x000000000629e000 	/usr/lib/libDiagnosticMessagesClient.dylib
0x000000000629e000 	/System/Library/Frameworks/CoreServices.framework/Versions/A/CoreServices
0x000000000629e000 	/System/Library/PrivateFrameworks/PerformanceAnalysis.framework/Versions/A/PerformanceAnalysis
0x000000000629e000 	/System/Library/PrivateFrameworks/GenerationalStorage.framework/Versions/A/GenerationalStorage
0x000000000629e000 	/System/Library/Frameworks/OpenGL.framework/Versions/A/OpenGL
0x000000000629e000 	/System/Library/PrivateFrameworks/Sharing.framework/Versions/A/Sharing
0x000000000629e000 	/System/Library/Frameworks/CoreGraphics.framework/Versions/A/CoreGraphics
0x000000000629e000 	/System/Library/Frameworks/CoreImage.framework/Versions/A/CoreImage
0x000000000629e000 	/System/Library/Frameworks/CoreText.framework/Versions/A/CoreText
0x000000000629e000 	/System/Library/Frameworks/ImageIO.framework/Versions/A/ImageIO
0x000000000629e000 	/System/Library/PrivateFrameworks/Backup.framework/Versions/A/Backup
0x000000000629e000 	/usr/lib/libextension.dylib
0x000000000629e000 	/usr/lib/libarchive.2.dylib
0x000000000629e000 	/System/Library/Frameworks/CFNetwork.framework/Versions/A/CFNetwork
0x000000000629e000 	/System/Library/Frameworks/SystemConfiguration.framework/Versions/A/SystemConfiguration
0x000000000629e000 	/usr/lib/libCRFSuite.dylib
0x000000000629e000 	/usr/lib/libc++.1.dylib
0x000000000629e000 	/usr/lib/libc++abi.dylib
0x000000000629e000 	/usr/lib/system/libcache.dylib
0x000000000629e000 	/usr/lib/system/libcommonCrypto.dylib
0x000000000629e000 	/usr/lib/system/libcompiler_rt.dylib
0x000000000629e000 	/usr/lib/system/libcopyfile.dylib
0x000000000629e000 	/usr/lib/system/libcorecrypto.dylib
0x000000000629e000 	/usr/lib/system/libdispatch.dylib
0x000000000629e000 	/usr/lib/system/libdyld.dylib
0x000000000629e000 	/usr/lib/system/libkeymgr.dylib
0x000000000629e000 	/usr/lib/system/liblaunch.dylib
0x000000000629e000 	/usr/lib/system/libmacho.dylib
0x000000000629e000 	/usr/lib/system/libquarantine.dylib
0x000000000629e000 	/usr/lib/system/libremovefile.dylib
0x000000000629e000 	/usr/lib/system/libsystem_asl.dylib
0x000000000629e000 	/usr/lib/system/libsystem_blocks.dylib
0x000000000629e000 	/usr/lib/system/libsystem_c.dylib
0x000000000629e000 	/usr/lib/system/libsystem_configuration.dylib
0x000000000629e000 	/usr/lib/system/libsystem_coreservices.dylib
0x000000000629e000 	/usr/lib/system/libsystem_coretls.dylib
0x000000000629e000 	/usr/lib/system/libsystem_dnssd.dylib
0x000000000629e000 	/usr/lib/system/libsystem_info.dylib
0x000000000629e000 	/usr/lib/system/libsystem_kernel.dylib
0x000000000629e000 	/usr/lib/system/libsystem_m.dylib
0x000000000629e000 	/usr/lib/system/libsystem_malloc.dylib
0x000000000629e000 	/usr/lib/system/libsystem_network.dylib
0x000000000629e000 	/usr/lib/system/libsystem_networkextension.dylib
0x000000000629e000 	/usr/lib/system/libsystem_notify.dylib
0x000000000629e000 	/usr/lib/system/libsystem_platform.dylib
0x000000000629e000 	/usr/lib/system/libsystem_pthread.dylib
0x000000000629e000 	/usr/lib/system/libsystem_sandbox.dylib
0x000000000629e000 	/usr/lib/system/libsystem_secinit.dylib
0x000000000629e000 	/usr/lib/system/libsystem_trace.dylib
0x000000000629e000 	/usr/lib/system/libunc.dylib
0x000000000629e000 	/usr/lib/system/libunwind.dylib
0x000000000629e000 	/usr/lib/system/libxpc.dylib
0x000000000629e000 	/usr/lib/libenergytrace.dylib
0x000000000629e000 	/usr/lib/libbsm.0.dylib
0x000000000629e000 	/usr/lib/system/libkxld.dylib
0x000000000629e000 	/usr/lib/libxar.1.dylib
0x000000000629e000 	/usr/lib/libsqlite3.dylib
0x000000000629e000 	/usr/lib/libpam.2.dylib
0x000000000629e000 	/usr/lib/libOpenScriptingUtil.dylib
0x000000000629e000 	/usr/lib/libbz2.1.0.dylib
0x000000000629e000 	/usr/lib/liblzma.5.dylib
0x000000000629e000 	/System/Library/Frameworks/CoreServices.framework/Versions/A/Frameworks/FSEvents.framework/Versions/A/FSEvents
0x000000000629e000 	/System/Library/Frameworks/CoreServices.framework/Versions/A/Frameworks/CarbonCore.framework/Versions/A/CarbonCore
0x000000000629e000 	/System/Library/Frameworks/CoreServices.framework/Versions/A/Frameworks/Metadata.framework/Versions/A/Metadata
0x000000000629e000 	/System/Library/Frameworks/CoreServices.framework/Versions/A/Frameworks/OSServices.framework/Versions/A/OSServices
0x000000000629e000 	/System/Library/Frameworks/CoreServices.framework/Versions/A/Frameworks/SearchKit.framework/Versions/A/SearchKit
0x000000000629e000 	/System/Library/Frameworks/CoreServices.framework/Versions/A/Frameworks/AE.framework/Versions/A/AE
0x000000000629e000 	/System/Library/Frameworks/CoreServices.framework/Versions/A/Frameworks/LaunchServices.framework/Versions/A/LaunchServices
0x000000000629e000 	/System/Library/Frameworks/CoreServices.framework/Versions/A/Frameworks/DictionaryServices.framework/Versions/A/DictionaryServices
0x000000000629e000 	/System/Library/Frameworks/CoreServices.framework/Versions/A/Frameworks/SharedFileList.framework/Versions/A/SharedFileList
0x000000000629e000 	/System/Library/Frameworks/NetFS.framework/Versions/A/NetFS
0x000000000629e000 	/System/Library/PrivateFrameworks/NetAuth.framework/Versions/A/NetAuth
0x000000000629e000 	/System/Library/PrivateFrameworks/login.framework/Versions/A/Frameworks/loginsupport.framework/Versions/A/loginsupport
0x000000000629e000 	/System/Library/PrivateFrameworks/TCC.framework/Versions/A/TCC
0x000000000629e000 	/usr/lib/libmecabra.dylib
0x000000000629e000 	/System/Library/Frameworks/ApplicationServices.framework/Versions/A/Frameworks/ATS.framework/Versions/A/ATS
0x000000000629e000 	/System/Library/Frameworks/ApplicationServices.framework/Versions/A/Frameworks/ColorSync.framework/Versions/A/ColorSync
0x000000000629e000 	/System/Library/Frameworks/ApplicationServices.framework/Versions/A/Frameworks/HIServices.framework/Versions/A/HIServices
0x000000000629e000 	/System/Library/Frameworks/ApplicationServices.framework/Versions/A/Frameworks/LangAnalysis.framework/Versions/A/LangAnalysis
0x000000000629e000 	/System/Library/Frameworks/ApplicationServices.framework/Versions/A/Frameworks/PrintCore.framework/Versions/A/PrintCore
0x000000000629e000 	/System/Library/Frameworks/ApplicationServices.framework/Versions/A/Frameworks/QD.framework/Versions/A/QD
0x000000000629e000 	/System/Library/Frameworks/ApplicationServices.framework/Versions/A/Frameworks/SpeechSynthesis.framework/Versions/A/SpeechSynthesis
0x000000000629e000 	/System/Library/Frameworks/Metal.framework/Versions/A/Metal
0x000000000629e000 	/System/Library/Frameworks/Accelerate.framework/Versions/A/Frameworks/vImage.framework/Versions/A/vImage
0x000000000629e000 	/System/Library/Frameworks/Accelerate.framework/Versions/A/Frameworks/vecLib.framework/Versions/A/vecLib
0x000000000629e000 	/System/Library/Frameworks/Accelerate.framework/Versions/A/Frameworks/vecLib.framework/Versions/A/libvDSP.dylib
0x000000000629e000 	/System/Library/Frameworks/Accelerate.framework/Versions/A/Frameworks/vecLib.framework/Versions/A/libvMisc.dylib
0x000000000629e000 	/System/Library/Frameworks/Accelerate.framework/Versions/A/Frameworks/vecLib.framework/Versions/A/libLAPACK.dylib
0x000000000629e000 	/System/Library/Frameworks/Accelerate.framework/Versions/A/Frameworks/vecLib.framework/Versions/A/libBLAS.dylib
0x000000000629e000 	/System/Library/Frameworks/Accelerate.framework/Versions/A/Frameworks/vecLib.framework/Versions/A/libLinearAlgebra.dylib
0x000000000629e000 	/System/Library/Frameworks/Accelerate.framework/Versions/A/Frameworks/vecLib.framework/Versions/A/libSparseBLAS.dylib
0x000000000629e000 	/System/Library/PrivateFrameworks/GPUCompiler.framework/libmetal_timestamp.dylib
0x000000000629e000 	/System/Library/Frameworks/OpenGL.framework/Versions/A/Libraries/libCoreFSCache.dylib
0x000000000629e000 	/System/Library/PrivateFrameworks/IOAccelerator.framework/Versions/A/IOAccelerator
0x000000000629e000 	/System/Library/Frameworks/ApplicationServices.framework/Versions/A/Frameworks/ATS.framework/Versions/A/Resources/libFontParser.dylib
0x000000000629e000 	/System/Library/Frameworks/ApplicationServices.framework/Versions/A/Frameworks/ATS.framework/Versions/A/Resources/libFontRegistry.dylib
0x000000000629e000 	/System/Library/PrivateFrameworks/AppleVPA.framework/Versions/A/AppleVPA
0x000000000629e000 	/System/Library/PrivateFrameworks/AppleJPEG.framework/Versions/A/AppleJPEG
0x000000000629e000 	/System/Library/Frameworks/ImageIO.framework/Versions/A/Resources/libJPEG.dylib
0x000000000629e000 	/System/Library/Frameworks/ImageIO.framework/Versions/A/Resources/libTIFF.dylib
0x000000000629e000 	/System/Library/Frameworks/ImageIO.framework/Versions/A/Resources/libPng.dylib
0x000000000629e000 	/System/Library/Frameworks/ImageIO.framework/Versions/A/Resources/libGIF.dylib
0x000000000629e000 	/System/Library/Frameworks/ImageIO.framework/Versions/A/Resources/libJP2.dylib
0x000000000629e000 	/System/Library/Frameworks/ImageIO.framework/Versions/A/Resources/libRadiance.dylib
0x000000000629e000 	/System/Library/Frameworks/CoreVideo.framework/Versions/A/CoreVideo
0x000000000629e000 	/System/Library/Frameworks/OpenGL.framework/Versions/A/Libraries/libGLU.dylib
0x000000000629e000 	/System/Library/Frameworks/OpenGL.framework/Versions/A/Libraries/libGFXShared.dylib
0x000000000629e000 	/System/Library/Frameworks/OpenGL.framework/Versions/A/Libraries/libGL.dylib
0x000000000629e000 	/System/Library/Frameworks/OpenGL.framework/Versions/A/Libraries/libGLImage.dylib
0x000000000629e000 	/System/Library/Frameworks/OpenGL.framework/Versions/A/Libraries/libCVMSPluginSupport.dylib
0x000000000629e000 	/System/Library/Frameworks/OpenGL.framework/Versions/A/Libraries/libCoreVMClient.dylib
0x000000000629e000 	/usr/lib/libcompression.dylib
0x000000000629e000 	/usr/lib/libcups.2.dylib
0x000000000629e000 	/System/Library/Frameworks/Kerberos.framework/Versions/A/Kerberos
0x000000000629e000 	/System/Library/Frameworks/GSS.framework/Versions/A/GSS
0x000000000629e000 	/usr/lib/libresolv.9.dylib
0x000000000629e000 	/usr/lib/libiconv.2.dylib
0x000000000629e000 	/System/Library/PrivateFrameworks/Heimdal.framework/Versions/A/Heimdal
0x000000000629e000 	/usr/lib/libheimdal-asn1.dylib
0x000000000629e000 	/System/Library/Frameworks/OpenDirectory.framework/Versions/A/OpenDirectory
0x000000000629e000 	/System/Library/PrivateFrameworks/CommonAuth.framework/Versions/A/CommonAuth
0x000000000629e000 	/System/Library/Frameworks/OpenDirectory.framework/Versions/A/Frameworks/CFOpenDirectory.framework/Versions/A/CFOpenDirectory
0x000000000629e000 	/System/Library/Frameworks/SecurityFoundation.framework/Versions/A/SecurityFoundation
0x000000000629e000 	/System/Library/PrivateFrameworks/LanguageModeling.framework/Versions/A/LanguageModeling
0x000000000629e000 	/usr/lib/libmarisa.dylib
0x000000000629e000 	/usr/lib/libChineseTokenizer.dylib
0x000000000629e000 	/usr/lib/libcmph.dylib
0x000000000629e000 	/System/Library/Frameworks/ServiceManagement.framework/Versions/A/ServiceManagement
0x000000000629e000 	/usr/lib/libxslt.1.dylib
0x000000000629e000 	/System/Library/Frameworks/Carbon.framework/Versions/A/Frameworks/Ink.framework/Versions/A/Ink
0x000000000629e000 	/usr/lib/libFosl_dynamic.dylib
0x000000000629e000 	/System/Library/PrivateFrameworks/FaceCore.framework/Versions/A/FaceCore
0x000000000629e000 	/System/Library/Frameworks/OpenCL.framework/Versions/A/OpenCL
0x000000000629e000 	/System/Library/PrivateFrameworks/CrashReporterSupport.framework/Versions/A/CrashReporterSupport
0x000000000629e000 	/System/Library/PrivateFrameworks/IconServices.framework/Versions/A/IconServices
0x000000000629e000 	/System/Library/PrivateFrameworks/Apple80211.framework/Versions/A/Apple80211
0x000000000629e000 	/System/Library/Frameworks/CoreWLAN.framework/Versions/A/CoreWLAN
0x000000000629e000 	/System/Library/Frameworks/IOBluetooth.framework/Versions/A/IOBluetooth
0x000000000629e000 	/System/Library/PrivateFrameworks/CoreWiFi.framework/Versions/A/CoreWiFi
0x000000000629e000 	/System/Library/Frameworks/CoreBluetooth.framework/Versions/A/CoreBluetooth
0x000000000629e000 	/System/Library/PrivateFrameworks/ChunkingLibrary.framework/Versions/A/ChunkingLibrary
0x000000000629e000 	/System/Library/PrivateFrameworks/DebugSymbols.framework/Versions/A/DebugSymbols
0x000000000629e000 	/System/Library/PrivateFrameworks/CoreSymbolication.framework/Versions/A/CoreSymbolication
0x000000000629e000 	/System/Library/PrivateFrameworks/Symbolication.framework/Versions/A/Symbolication
0x000000000629e000 	/System/Library/PrivateFrameworks/SpeechRecognitionCore.framework/Versions/A/SpeechRecognitionCore
0x000000004e42e000 	/System/Library/CoreServices/Encodings/libJapaneseConverter.dylib
0x0000000109600000 	/Library/Java/JavaVirtualMachines/jdk1.8.0_51.jdk/Contents/Home/jre/lib/server/libjvm.dylib
0x000000000629e000 	/usr/lib/libstdc++.6.dylib
0x0000000108d84000 	/Library/Java/JavaVirtualMachines/jdk1.8.0_51.jdk/Contents/Home/jre/lib/libverify.dylib
0x0000000108d92000 	/Library/Java/JavaVirtualMachines/jdk1.8.0_51.jdk/Contents/Home/jre/lib/libjava.dylib
0x0000000108dd1000 	/Library/Java/JavaVirtualMachines/jdk1.8.0_51.jdk/Contents/Home/jre/lib/libzip.dylib
0x000000011feac000 	/System/Library/Frameworks/JavaVM.framework/Frameworks/JavaRuntimeSupport.framework/JavaRuntimeSupport
0x000000011fec7000 	/System/Library/Frameworks/JavaVM.framework/Versions/A/Frameworks/JavaNativeFoundation.framework/Versions/A/JavaNativeFoundation
0x000000011fedc000 	/System/Library/Frameworks/JavaVM.framework/Versions/A/JavaVM
0x000000000629e000 	/System/Library/Frameworks/Carbon.framework/Versions/A/Carbon
0x000000011fee9000 	/System/Library/PrivateFrameworks/JavaLaunching.framework/Versions/A/JavaLaunching
0x000000000629e000 	/System/Library/Frameworks/Carbon.framework/Versions/A/Frameworks/CommonPanels.framework/Versions/A/CommonPanels
0x000000000629e000 	/System/Library/Frameworks/Carbon.framework/Versions/A/Frameworks/Help.framework/Versions/A/Help
0x000000000629e000 	/System/Library/Frameworks/Carbon.framework/Versions/A/Frameworks/ImageCapture.framework/Versions/A/ImageCapture
0x000000000629e000 	/System/Library/Frameworks/Carbon.framework/Versions/A/Frameworks/OpenScripting.framework/Versions/A/OpenScripting
0x000000000629e000 	/System/Library/Frameworks/Carbon.framework/Versions/A/Frameworks/Print.framework/Versions/A/Print
0x000000000629e000 	/System/Library/Frameworks/Carbon.framework/Versions/A/Frameworks/SecurityHI.framework/Versions/A/SecurityHI
0x000000012180c000 	/Library/Java/JavaVirtualMachines/jdk1.8.0_51.jdk/Contents/Home/jre/lib/libawt.dylib
0x00000001218b4000 	/Library/Java/JavaVirtualMachines/jdk1.8.0_51.jdk/Contents/Home/jre/lib/./libmlib_image.dylib
0x0000000121980000 	/Library/Java/JavaVirtualMachines/jdk1.8.0_51.jdk/Contents/Home/jre/lib/libawt_lwawt.dylib
0x0000000121a34000 	/Library/Java/JavaVirtualMachines/jdk1.8.0_51.jdk/Contents/Home/jre/lib/./libosxapp.dylib
0x000000000629e000 	/System/Library/Frameworks/ExceptionHandling.framework/Versions/A/ExceptionHandling
0x000000000629e000 	/System/Library/PrivateFrameworks/CoreServicesInternal.framework/Versions/A/CoreServicesInternal
0x000000000629e000 	/System/Library/Frameworks/CoreGraphics.framework/Versions/A/Resources/libRIP.A.dylib
0x000000000629e000 	/System/Library/Frameworks/Accelerate.framework/Versions/A/Frameworks/vImage.framework/Versions/A/Libraries/libCGInterfaces.dylib
0x000000000629e000 	/System/Library/Frameworks/CoreGraphics.framework/Versions/A/Resources/libCGXType.A.dylib
0x000000000629e000 	/System/Library/Frameworks/OpenCL.framework/Versions/A/Libraries/libcldcpuengine.dylib
0x000000000629e000 	/System/Library/PrivateFrameworks/DiskImages.framework/Versions/A/DiskImages
0x000000000629e000 	/System/Library/Frameworks/DiscRecording.framework/Versions/A/DiscRecording
0x000000000629e000 	/usr/lib/libcsfde.dylib
0x000000000629e000 	/usr/lib/libcurl.4.dylib
0x000000000629e000 	/System/Library/PrivateFrameworks/MediaKit.framework/Versions/A/MediaKit
0x000000000629e000 	/System/Library/PrivateFrameworks/ProtectedCloudStorage.framework/Versions/A/ProtectedCloudStorage
0x000000000629e000 	/usr/lib/libCoreStorage.dylib
0x000000000629e000 	/System/Library/PrivateFrameworks/EFILogin.framework/Versions/A/EFILogin
0x000000000629e000 	/usr/lib/libutil.dylib
0x000000000629e000 	/System/Library/PrivateFrameworks/FindMyDevice.framework/Versions/A/FindMyDevice
0x000000000629e000 	/System/Library/Frameworks/LDAP.framework/Versions/A/LDAP
0x000000000629e000 	/usr/lib/libsasl2.2.dylib
0x000000000629e000 	/System/Library/PrivateFrameworks/CoreDaemon.framework/Versions/B/CoreDaemon
0x000000000629e000 	/usr/lib/libcrypto.0.9.8.dylib
0x000000000629e000 	/System/Library/PrivateFrameworks/AppleSRP.framework/Versions/A/AppleSRP
0x000000000629e000 	/System/Library/PrivateFrameworks/TrustEvaluationAgent.framework/Versions/A/TrustEvaluationAgent
0x0000000123216000 	cl_kernels
0x000000000629e000 	/System/Library/Frameworks/OpenCL.framework/Versions/A/Libraries/ImageFormats/unorm8_bgra.dylib
0x000000000629e000 	/System/Library/Frameworks/OpenCL.framework/Versions/A/Libraries/ImageFormats/unorm8_rgba.dylib
0x000000000629e000 	/System/Library/PrivateFrameworks/FamilyControls.framework/Versions/A/FamilyControls
0x000000000629e000 	/System/Library/PrivateFrameworks/CommerceKit.framework/Versions/A/Frameworks/CommerceCore.framework/Versions/A/CommerceCore
0x000000000629e000 	/System/Library/PrivateFrameworks/SystemAdministration.framework/Versions/A/SystemAdministration
0x000000000629e000 	/System/Library/PrivateFrameworks/AppContainer.framework/Versions/A/AppContainer
0x000000000629e000 	/System/Library/PrivateFrameworks/SecCodeWrapper.framework/Versions/A/SecCodeWrapper
0x000000000629e000 	/System/Library/Frameworks/DirectoryService.framework/Versions/A/DirectoryService
0x000000000629e000 	/System/Library/PrivateFrameworks/LoginUIKit.framework/Versions/A/Frameworks/LoginUICore.framework/Versions/A/LoginUICore
0x000000000629e000 	/usr/lib/libodfde.dylib
0x000000000629e000 	/System/Library/Frameworks/OpenGL.framework/Versions/A/Resources/GLEngine.bundle/GLEngine
0x000000000629e000 	/System/Library/Frameworks/OpenGL.framework/Versions/A/Libraries/libGLProgrammability.dylib
0x0000000124232000 	/System/Library/Extensions/AppleIntelHD5000GraphicsGLDriver.bundle/Contents/MacOS/AppleIntelHD5000GraphicsGLDriver
0x000000000629e000 	/System/Library/PrivateFrameworks/GPUSupport.framework/Versions/A/Libraries/libGPUSupportMercury.dylib
0x000000000629e000 	/System/Library/Frameworks/OpenGL.framework/Versions/A/Resources/GLRendererFloat.bundle/GLRendererFloat
0x00000001251cb000 	/Library/Java/JavaVirtualMachines/jdk1.8.0_51.jdk/Contents/Home/jre/lib/libfontmanager.dylib
0x0000000126c3a000 	/System/Library/Extensions/AppleIntelHD5000GraphicsMTLDriver.bundle/Contents/MacOS/AppleIntelHD5000GraphicsMTLDriver
0x0000000126f85000 	/Library/Java/Extensions/librxtxSerial.jnilib

VM Arguments:
jvm_args: -Dfile.encoding=UTF-8 
java_command: Main /dev/tty.usbmodem1421
java_class_path (initial): /Users/ogura/Broccoli/Java/Broccoli/bin:/Users/ogura/Broccoli/Java/Broccoli/RXTXcomm.jar
Launcher Type: SUN_STANDARD

Environment Variables:
PATH=/usr/bin:/bin:/usr/sbin:/sbin
SHELL=/bin/bash

Signal Handlers:
SIGSEGV: [libjvm.dylib+0x58ef35], sa_mask[0]=11111111011111110111111111111111, sa_flags=SA_ONSTACK|SA_RESTART|SA_SIGINFO
SIGBUS: [libjvm.dylib+0x58ef35], sa_mask[0]=11111111011111110111111111111111, sa_flags=SA_RESTART|SA_SIGINFO
SIGFPE: [libjvm.dylib+0x46c028], sa_mask[0]=11111111011111110111111111111111, sa_flags=SA_RESTART|SA_SIGINFO
SIGPIPE: [libjvm.dylib+0x46c028], sa_mask[0]=11111111011111110111111111111111, sa_flags=SA_RESTART|SA_SIGINFO
SIGXFSZ: [libjvm.dylib+0x46c028], sa_mask[0]=11111111011111110111111111111111, sa_flags=SA_RESTART|SA_SIGINFO
SIGILL: [libjvm.dylib+0x46c028], sa_mask[0]=11111111011111110111111111111111, sa_flags=SA_RESTART|SA_SIGINFO
SIGUSR1: SIG_DFL, sa_mask[0]=00000000000000000000000000000000, sa_flags=none
SIGUSR2: [libjvm.dylib+0x46bb46], sa_mask[0]=00100000000000000000000000000000, sa_flags=SA_RESTART|SA_SIGINFO
SIGHUP: [libjvm.dylib+0x46a119], sa_mask[0]=11111111011111110111111111111111, sa_flags=SA_RESTART|SA_SIGINFO
SIGINT: [libjvm.dylib+0x46a119], sa_mask[0]=11111111011111110111111111111111, sa_flags=SA_RESTART|SA_SIGINFO
SIGTERM: [libjvm.dylib+0x46a119], sa_mask[0]=11111111011111110111111111111111, sa_flags=SA_RESTART|SA_SIGINFO
SIGQUIT: [libjvm.dylib+0x46a119], sa_mask[0]=11111111011111110111111111111111, sa_flags=SA_RESTART|SA_SIGINFO


---------------  S Y S T E M  ---------------

OS:Bsduname:Darwin 15.6.0 Darwin Kernel Version 15.6.0: Thu Jun 23 18:25:34 PDT 2016; root:xnu-3248.60.10~1/RELEASE_X86_64 x86_64
rlimit: STACK 8192k, CORE 0k, NPROC 709, NOFILE 10240, AS infinity
load average:2.01 1.89 1.76

CPU:total 4 (2 cores per cpu, 2 threads per core) family 6 model 69 stepping 1, cmov, cx8, fxsr, mmx, sse, sse2, sse3, ssse3, sse4.1, sse4.2, popcnt, avx, avx2, aes, clmul, erms, rtm, lzcnt, ht, tsc, tscinvbit, bmi1, bmi2

Memory: 4k page, physical 8388608k(1957376k free)

/proc/meminfo:


vm_info: Java HotSpot(TM) 64-Bit Server VM (25.51-b03) for bsd-amd64 JRE (1.8.0_51-b16), built on Jun  8 2015 18:01:11 by "java_re" with gcc 4.2.1 (Based on Apple Inc. build 5658) (LLVM build 2336.11.00)

time: Thu Oct 13 11:24:58 2016
elapsed time: 19 seconds (0d 0h 0m 19s)

