#
# A fatal error has been detected by the Java Runtime Environment:
#
#  SIGSEGV (0xb) at pc=0x000000012b34812f, pid=5728, tid=4099
#
# JRE version: Java(TM) SE Runtime Environment (8.0_51-b16) (build 1.8.0_51-b16)
# Java VM: Java HotSpot(TM) 64-Bit Server VM (25.51-b03 mixed mode bsd-amd64 compressed oops)
# Problematic frame:
# C  [librxtxSerial.jnilib+0x312f]  Java_gnu_io_RXTXPort_interruptEventLoop+0x6b
#
# Failed to write core dump. Core dumps have been disabled. To enable core dumping, try "ulimit -c unlimited" before starting Java again
#
# If you would like to submit a bug report, please visit:
#   http://bugreport.java.com/bugreport/crash.jsp
# The crash happened outside the Java Virtual Machine in native code.
# See problematic frame for where to report the bug.
#

---------------  T H R E A D  ---------------

Current thread (0x00007fe602010000):  JavaThread "main" [_thread_in_native, id=4099, stack(0x0000700000084000,0x0000700000184000)]

siginfo: si_signo: 11 (SIGSEGV), si_code: 1 (SEGV_MAPERR), si_addr: 0x0000700001761868

Registers:
RAX=0x0000000000000000, RBX=0x0000700001761700, RCX=0x0000700000184050, RDX=0xffffffffffffffff
RSP=0x0000700000183670, RBP=0x0000700000183680, RSI=0x0000000000000000, RDI=0x000000000000003c
R8 =0x0000000000000000, R9 =0x0000000002faf080, R10=0x0000000000000001, R11=0x0000000000000247
R12=0x000000000000000d, R13=0x00000001226c40f0, R14=0x0000700000183700, R15=0x00007fe602010000
RIP=0x000000012b34812f, EFLAGS=0x0000000000010206, ERR=0x0000000000000004
  TRAPNO=0x000000000000000e

Top of Stack: (sp=0x0000700000183670)
0x0000700000183670:   00000001226c40f0 0000000000000000
0x0000700000183680:   00007000001836e0 000000010e215954
0x0000700000183690:   000000010e221563 000000010e2156a2
0x00007000001836a0:   00007000001836a0 00000001226c40f0
0x00007000001836b0:   0000700000183700 00000001226cf828
0x00007000001836c0:   0000000000000000 00000001226c40f0
0x00007000001836d0:   0000000000000000 0000700000183700
0x00007000001836e0:   0000700000183748 000000010e207c4d
0x00007000001836f0:   0000000000000000 000000010e20f578
0x0000700000183700:   0000000795cb7070 0000700000183708
0x0000700000183710:   00000001226c4597 0000700000183760
0x0000700000183720:   00000001226cf828 0000000000000000
0x0000700000183730:   00000001226c4600 0000700000183700
0x0000700000183740:   0000700000183760 00007000001837b8
0x0000700000183750:   000000010e207c4d 0000000000000000
0x0000700000183760:   0000000795cb7070 0000000000000001
0x0000700000183770:   0000000000000000 0000700000183768
0x0000700000183780:   00000001226c4ff3 00007000001837e0
0x0000700000183790:   00000001226cf828 0000000000000000
0x00007000001837a0:   00000001226c5058 0000700000183760
0x00007000001837b0:   00007000001837e0 0000700000183828
0x00007000001837c0:   000000010e207c4d 0000000000000000
0x00007000001837d0:   0000000000000000 0000000795cb7070
0x00007000001837e0:   0000000795cb7070 00007000001837e8
0x00007000001837f0:   0000000122475b1a 0000700000183838
0x0000700000183800:   0000000122475b90 0000000000000000
0x0000700000183810:   0000000122475b38 00007000001837e0
0x0000700000183820:   0000700000183838 0000700000183880
0x0000700000183830:   000000010e207c4d 00000007959e6328
0x0000700000183840:   0000700000183840 0000000122474dcc
0x0000700000183850:   0000700000183890 0000000122474e40
0x0000700000183860:   0000000000000000 0000000122474de8 

Instructions: (pc=0x000000012b34812f)
0x000000012b34810f:   00 01 00 00 00 48 8b bb 78 01 00 00 be 06 00 00
0x000000012b34811f:   00 e8 4d 27 00 00 bf 50 c3 00 00 e8 c7 27 00 00
0x000000012b34812f:   83 bb 68 01 00 00 01 74 16 48 8b bb 78 01 00 00
0x000000012b34813f:   e8 16 27 00 00 c7 83 68 01 00 00 01 00 00 00 5b 

Register to memory mapping:

RAX=0x0000000000000000 is an unknown value
RBX=0x0000700001761700 is an unknown value
RCX=0x0000700000184050 is an unknown value
RDX=0xffffffffffffffff is an unknown value
RSP=0x0000700000183670 is pointing into the stack for thread: 0x00007fe602010000
RBP=0x0000700000183680 is pointing into the stack for thread: 0x00007fe602010000
RSI=0x0000000000000000 is an unknown value
RDI=0x000000000000003c is an unknown value
R8 =0x0000000000000000 is an unknown value
R9 =0x0000000002faf080 is an unknown value
R10=0x0000000000000001 is an unknown value
R11=0x0000000000000247 is an unknown value
R12=0x000000000000000d is an unknown value
R13={method} {0x00000001226c40f0} 'interruptEventLoop' '()V' in 'gnu/io/RXTXPort'
R14=0x0000700000183700 is pointing into the stack for thread: 0x00007fe602010000
R15=0x00007fe602010000 is a thread


Stack: [0x0000700000084000,0x0000700000184000],  sp=0x0000700000183670,  free space=1021k
Native frames: (J=compiled Java code, j=interpreted, Vv=VM code, C=native code)
C  [librxtxSerial.jnilib+0x312f]  Java_gnu_io_RXTXPort_interruptEventLoop+0x6b
j  gnu.io.RXTXPort.interruptEventLoop()V+0
j  gnu.io.RXTXPort.removeEventListener()V+55
j  gnu.io.RXTXPort.close()V+91
j  Serial.close()V+18
j  Broccoli.close()V+12
j  Editer.close()V+11
j  Main.main([Ljava/lang/String;)V+36
v  ~StubRoutines::call_stub
V  [libjvm.dylib+0x2e01e2]
V  [libjvm.dylib+0x3168ee]
V  [libjvm.dylib+0x30f668]
C  [java+0x393e]  JavaMain+0x9b1
C  [libsystem_pthread.dylib+0x399d]  _pthread_body+0x83
C  [libsystem_pthread.dylib+0x391a]  _pthread_body+0x0
C  [libsystem_pthread.dylib+0x1351]  thread_start+0xd
C  0x0000000000000000

Java frames: (J=compiled Java code, j=interpreted, Vv=VM code)
j  gnu.io.RXTXPort.interruptEventLoop()V+0
j  gnu.io.RXTXPort.removeEventListener()V+55
j  gnu.io.RXTXPort.close()V+91
j  Serial.close()V+18
j  Broccoli.close()V+12
j  Editer.close()V+11
j  Main.main([Ljava/lang/String;)V+36
v  ~StubRoutines::call_stub

---------------  P R O C E S S  ---------------

Java Threads: ( => current thread )
  0x00007fe60319a000 JavaThread "AWT-EventQueue-0" [_thread_blocked, id=64259, stack(0x000070000155f000,0x000070000165f000)]
  0x00007fe602215000 JavaThread "Java2D Disposer" daemon [_thread_blocked, id=61711, stack(0x00007000013d9000,0x00007000014d9000)]
  0x00007fe6020ea800 JavaThread "Java2D Queue Flusher" daemon [_thread_blocked, id=60167, stack(0x00007000012d6000,0x00007000013d6000)]
  0x00007fe603047800 JavaThread "AWT-Shutdown" [_thread_blocked, id=29715, stack(0x0000700001150000,0x0000700001250000)]
  0x00007fe6020b7800 JavaThread "AppKit Thread" daemon [_thread_in_native, id=2571, stack(0x00007fff52d83000,0x00007fff53583000)]
  0x00007fe602022000 JavaThread "Service Thread" daemon [_thread_blocked, id=18691, stack(0x0000700000e44000,0x0000700000f44000)]
  0x00007fe603002800 JavaThread "C1 CompilerThread2" daemon [_thread_blocked, id=18179, stack(0x0000700000d41000,0x0000700000e41000)]
  0x00007fe603833000 JavaThread "C2 CompilerThread1" daemon [_thread_blocked, id=17667, stack(0x0000700000c3e000,0x0000700000d3e000)]
  0x00007fe60382f800 JavaThread "C2 CompilerThread0" daemon [_thread_blocked, id=17155, stack(0x0000700000b3b000,0x0000700000c3b000)]
  0x00007fe602021800 JavaThread "Signal Dispatcher" daemon [_thread_blocked, id=13839, stack(0x0000700000a38000,0x0000700000b38000)]
  0x00007fe60204b000 JavaThread "Finalizer" daemon [_thread_blocked, id=12291, stack(0x000070000082f000,0x000070000092f000)]
  0x00007fe60204a800 JavaThread "Reference Handler" daemon [_thread_blocked, id=11779, stack(0x000070000072c000,0x000070000082c000)]
=>0x00007fe602010000 JavaThread "main" [_thread_in_native, id=4099, stack(0x0000700000084000,0x0000700000184000)]

Other Threads:
  0x00007fe602047800 VMThread [stack: 0x0000700000629000,0x0000700000729000] [id=11267]
  0x00007fe603009800 WatcherThread [stack: 0x0000700000f47000,0x0000700001047000] [id=19203]

VM state:not at safepoint (normal execution)

VM Mutex/Monitor currently owned by a thread: None

Heap:
 PSYoungGen      total 38400K, used 8543K [0x0000000795580000, 0x0000000798000000, 0x00000007c0000000)
  eden space 33280K, 25% used [0x0000000795580000,0x0000000795dd7ee8,0x0000000797600000)
  from space 5120K, 0% used [0x0000000797b00000,0x0000000797b00000,0x0000000798000000)
  to   space 5120K, 0% used [0x0000000797600000,0x0000000797600000,0x0000000797b00000)
 ParOldGen       total 87552K, used 0K [0x0000000740000000, 0x0000000745580000, 0x0000000795580000)
  object space 87552K, 0% used [0x0000000740000000,0x0000000740000000,0x0000000745580000)
 Metaspace       used 7489K, capacity 7758K, committed 7936K, reserved 1056768K
  class space    used 862K, capacity 962K, committed 1024K, reserved 1048576K

Card table byte_map: [0x000000011d5c0000,0x000000011d9c1000] byte_map_base: 0x0000000119bc0000

Marking Bits: (ParMarkBitMap*) 0x000000010d1dd7a0
 Begin Bits: [0x000000011dc6c000, 0x000000011fc6c000)
 End Bits:   [0x000000011fc6c000, 0x0000000121c6c000)

Polling page: 0x000000010d8cb000

CodeCache: size=245760Kb used=1991Kb max_used=1991Kb free=243768Kb
 bounds [0x000000010e200000, 0x000000010e470000, 0x000000011d200000]
 total_blobs=896 nmethods=466 adapters=344
 compilation: enabled

Compilation events (10 events):
Event: 6.038 Thread 0x00007fe603002800  462       3       sun.java2d.pipe.RenderBuffer::clear (9 bytes)
Event: 6.038 Thread 0x00007fe603002800 nmethod 462 0x000000010e3de950 code [0x000000010e3deaa0, 0x000000010e3debf0]
Event: 6.039 Thread 0x00007fe603002800  463       3       sun.java2d.opengl.CGLLayer::getPointer (5 bytes)
Event: 6.039 Thread 0x00007fe603002800 nmethod 463 0x000000010e3efd10 code [0x000000010e3efe60, 0x000000010e3effb0]
Event: 6.042 Thread 0x00007fe603002800  464       3       sun.java2d.SunGraphics2D::<init> (180 bytes)
Event: 6.044 Thread 0x00007fe603002800 nmethod 464 0x000000010e3f0010 code [0x000000010e3f0220, 0x000000010e3f0d88]
Event: 6.044 Thread 0x00007fe603002800  465       3       java.awt.Graphics2D::<init> (5 bytes)
Event: 6.044 Thread 0x00007fe603002800 nmethod 465 0x000000010e3f1150 code [0x000000010e3f12c0, 0x000000010e3f14d0]
Event: 6.044 Thread 0x00007fe603002800  466       3       sun.java2d.pipe.ValidatePipe::validate (6 bytes)
Event: 6.045 Thread 0x00007fe603002800 nmethod 466 0x000000010e3f15d0 code [0x000000010e3f1760, 0x000000010e3f1bf8]

GC Heap History (0 events):
No events

Deoptimization events (0 events):
No events

Internal exceptions (10 events):
Event: 0.159 Thread 0x00007fe602010000 Exception <a 'java/security/PrivilegedActionException'> (0x0000000795785088) thrown at [/Users/java_re/workspace/8-2-build-macosx-x86_64/jdk8u51/3951/hotspot/src/share/vm/prims/jvm.cpp, line 1382]
Event: 0.159 Thread 0x00007fe602010000 Exception <a 'java/security/PrivilegedActionException'> (0x0000000795785240) thrown at [/Users/java_re/workspace/8-2-build-macosx-x86_64/jdk8u51/3951/hotspot/src/share/vm/prims/jvm.cpp, line 1382]
Event: 0.160 Thread 0x00007fe602010000 Exception <a 'java/security/PrivilegedActionException'> (0x0000000795788578) thrown at [/Users/java_re/workspace/8-2-build-macosx-x86_64/jdk8u51/3951/hotspot/src/share/vm/prims/jvm.cpp, line 1382]
Event: 0.160 Thread 0x00007fe602010000 Exception <a 'java/security/PrivilegedActionException'> (0x0000000795788730) thrown at [/Users/java_re/workspace/8-2-build-macosx-x86_64/jdk8u51/3951/hotspot/src/share/vm/prims/jvm.cpp, line 1382]
Event: 2.383 Thread 0x00007fe602010000 Exception <a 'java/io/FileNotFoundException'> (0x000000079578d1d0) thrown at [/Users/java_re/workspace/8-2-build-macosx-x86_64/jdk8u51/3951/hotspot/src/share/vm/prims/jni.cpp, line 709]
Event: 2.383 Thread 0x00007fe602010000 Exception <a 'java/io/FileNotFoundException'> (0x000000079578dcf0) thrown at [/Users/java_re/workspace/8-2-build-macosx-x86_64/jdk8u51/3951/hotspot/src/share/vm/prims/jni.cpp, line 709]
Event: 2.442 Thread 0x00007fe602010000 Exception <a 'java/lang/NoSuchFieldError': method resolution failed> (0x000000079592c178) thrown at [/Users/java_re/workspace/8-2-build-macosx-x86_64/jdk8u51/3951/hotspot/src/share/vm/prims/methodHandles.cpp, line 1125]
Event: 2.444 Thread 0x00007fe602010000 Exception <a 'java/lang/NoSuchFieldError': method resolution failed> (0x000000079593abb8) thrown at [/Users/java_re/workspace/8-2-build-macosx-x86_64/jdk8u51/3951/hotspot/src/share/vm/prims/methodHandles.cpp, line 1125]
Event: 2.642 Thread 0x00007fe602010000 Exception <a 'java/io/FileNotFoundException'> (0x0000000795c99c38) thrown at [/Users/java_re/workspace/8-2-build-macosx-x86_64/jdk8u51/3951/hotspot/src/share/vm/prims/jni.cpp, line 709]
Event: 2.642 Thread 0x00007fe602010000 Exception <a 'java/io/FileNotFoundException'> (0x0000000795c9bfb0) thrown at [/Users/java_re/workspace/8-2-build-macosx-x86_64/jdk8u51/3951/hotspot/src/share/vm/prims/jni.cpp, line 709]

Events (10 events):
Event: 4.779 loading class sun/lwawt/LWCursorManager$1 done
Event: 4.779 loading class java/awt/event/ContainerEvent
Event: 4.779 loading class java/awt/event/ContainerEvent done
Event: 4.779 loading class java/awt/AWTEvent$2
Event: 4.780 loading class java/awt/AWTEvent$2 done
Event: 4.780 loading class sun/reflect/UnsafeBooleanFieldAccessorImpl
Event: 4.780 loading class sun/reflect/UnsafeBooleanFieldAccessorImpl done
Event: 4.783 loading class sun/lwawt/macosx/CCustomCursor
Event: 4.783 loading class sun/lwawt/macosx/CCustomCursor done
Event: 6.049 Thread 0x00007fe60224d800 Thread exited: 0x00007fe60224d800


Dynamic libraries:
0x000000000629e000 	/System/Library/Frameworks/Cocoa.framework/Versions/A/Cocoa
0x000000000629e000 	/System/Library/Frameworks/Security.framework/Versions/A/Security
0x000000000629e000 	/System/Library/Frameworks/ApplicationServices.framework/Versions/A/ApplicationServices
0x000000000629e000 	/usr/lib/libz.1.dylib
0x000000000629e000 	/usr/lib/libSystem.B.dylib
0x000000000629e000 	/usr/lib/libobjc.A.dylib
0x000000000629e000 	/System/Library/Frameworks/CoreFoundation.framework/Versions/A/CoreFoundation
0x000000000629e000 	/System/Library/Frameworks/Foundation.framework/Versions/C/Foundation
0x000000000629e000 	/System/Library/Frameworks/AppKit.framework/Versions/C/AppKit
0x000000000629e000 	/System/Library/Frameworks/CoreData.framework/Versions/A/CoreData
0x000000000629e000 	/System/Library/PrivateFrameworks/RemoteViewServices.framework/Versions/A/RemoteViewServices
0x000000000629e000 	/System/Library/PrivateFrameworks/UIFoundation.framework/Versions/A/UIFoundation
0x000000000629e000 	/usr/lib/libScreenReader.dylib
0x000000000629e000 	/System/Library/Frameworks/Accelerate.framework/Versions/A/Accelerate
0x000000000629e000 	/System/Library/Frameworks/IOSurface.framework/Versions/A/IOSurface
0x000000000629e000 	/System/Library/Frameworks/AudioToolbox.framework/Versions/A/AudioToolbox
0x000000000629e000 	/System/Library/Frameworks/AudioUnit.framework/Versions/A/AudioUnit
0x000000000629e000 	/System/Library/PrivateFrameworks/DataDetectorsCore.framework/Versions/A/DataDetectorsCore
0x000000000629e000 	/System/Library/PrivateFrameworks/DesktopServicesPriv.framework/Versions/A/DesktopServicesPriv
0x000000000629e000 	/System/Library/Frameworks/Carbon.framework/Versions/A/Frameworks/HIToolbox.framework/Versions/A/HIToolbox
0x000000000629e000 	/System/Library/Frameworks/QuartzCore.framework/Versions/A/QuartzCore
0x000000000629e000 	/System/Library/Frameworks/Carbon.framework/Versions/A/Frameworks/SpeechRecognition.framework/Versions/A/SpeechRecognition
0x000000000629e000 	/usr/lib/libauto.dylib
0x000000000629e000 	/usr/lib/libicucore.A.dylib
0x000000000629e000 	/usr/lib/libxml2.2.dylib
0x000000000629e000 	/System/Library/PrivateFrameworks/CoreUI.framework/Versions/A/CoreUI
0x000000000629e000 	/System/Library/Frameworks/CoreAudio.framework/Versions/A/CoreAudio
0x000000000629e000 	/System/Library/Frameworks/DiskArbitration.framework/Versions/A/DiskArbitration
0x000000000629e000 	/usr/lib/liblangid.dylib
0x000000000629e000 	/System/Library/PrivateFrameworks/MultitouchSupport.framework/Versions/A/MultitouchSupport
0x000000000629e000 	/System/Library/Frameworks/IOKit.framework/Versions/A/IOKit
0x000000000629e000 	/usr/lib/libDiagnosticMessagesClient.dylib
0x000000000629e000 	/System/Library/Frameworks/CoreServices.framework/Versions/A/CoreServices
0x000000000629e000 	/System/Library/PrivateFrameworks/PerformanceAnalysis.framework/Versions/A/PerformanceAnalysis
0x000000000629e000 	/System/Library/PrivateFrameworks/GenerationalStorage.framework/Versions/A/GenerationalStorage
0x000000000629e000 	/System/Library/Frameworks/OpenGL.framework/Versions/A/OpenGL
0x000000000629e000 	/System/Library/PrivateFrameworks/Sharing.framework/Versions/A/Sharing
0x000000000629e000 	/System/Library/Frameworks/CoreGraphics.framework/Versions/A/CoreGraphics
0x000000000629e000 	/System/Library/Frameworks/CoreImage.framework/Versions/A/CoreImage
0x000000000629e000 	/System/Library/Frameworks/CoreText.framework/Versions/A/CoreText
0x000000000629e000 	/System/Library/Frameworks/ImageIO.framework/Versions/A/ImageIO
0x000000000629e000 	/System/Library/PrivateFrameworks/Backup.framework/Versions/A/Backup
0x000000000629e000 	/usr/lib/libextension.dylib
0x000000000629e000 	/usr/lib/libarchive.2.dylib
0x000000000629e000 	/System/Library/Frameworks/CFNetwork.framework/Versions/A/CFNetwork
0x000000000629e000 	/System/Library/Frameworks/SystemConfiguration.framework/Versions/A/SystemConfiguration
0x000000000629e000 	/usr/lib/libCRFSuite.dylib
0x000000000629e000 	/usr/lib/libc++.1.dylib
0x000000000629e000 	/usr/lib/libc++abi.dylib
0x000000000629e000 	/usr/lib/system/libcache.dylib
0x000000000629e000 	/usr/lib/system/libcommonCrypto.dylib
0x000000000629e000 	/usr/lib/system/libcompiler_rt.dylib
0x000000000629e000 	/usr/lib/system/libcopyfile.dylib
0x000000000629e000 	/usr/lib/system/libcorecrypto.dylib
0x000000000629e000 	/usr/lib/system/libdispatch.dylib
0x000000000629e000 	/usr/lib/system/libdyld.dylib
0x000000000629e000 	/usr/lib/system/libkeymgr.dylib
0x000000000629e000 	/usr/lib/system/liblaunch.dylib
0x000000000629e000 	/usr/lib/system/libmacho.dylib
0x000000000629e000 	/usr/lib/system/libquarantine.dylib
0x000000000629e000 	/usr/lib/system/libremovefile.dylib
0x000000000629e000 	/usr/lib/system/libsystem_asl.dylib
0x000000000629e000 	/usr/lib/system/libsystem_blocks.dylib
0x000000000629e000 	/usr/lib/system/libsystem_c.dylib
0x000000000629e000 	/usr/lib/system/libsystem_configuration.dylib
0x000000000629e000 	/usr/lib/system/libsystem_coreservices.dylib
0x000000000629e000 	/usr/lib/system/libsystem_coretls.dylib
0x000000000629e000 	/usr/lib/system/libsystem_dnssd.dylib
0x000000000629e000 	/usr/lib/system/libsystem_info.dylib
0x000000000629e000 	/usr/lib/system/libsystem_kernel.dylib
0x000000000629e000 	/usr/lib/system/libsystem_m.dylib
0x000000000629e000 	/usr/lib/system/libsystem_malloc.dylib
0x000000000629e000 	/usr/lib/system/libsystem_network.dylib
0x000000000629e000 	/usr/lib/system/libsystem_networkextension.dylib
0x000000000629e000 	/usr/lib/system/libsystem_notify.dylib
0x000000000629e000 	/usr/lib/system/libsystem_platform.dylib
0x000000000629e000 	/usr/lib/system/libsystem_pthread.dylib
0x000000000629e000 	/usr/lib/system/libsystem_sandbox.dylib
0x000000000629e000 	/usr/lib/system/libsystem_secinit.dylib
0x000000000629e000 	/usr/lib/system/libsystem_trace.dylib
0x000000000629e000 	/usr/lib/system/libunc.dylib
0x000000000629e000 	/usr/lib/system/libunwind.dylib
0x000000000629e000 	/usr/lib/system/libxpc.dylib
0x000000000629e000 	/usr/lib/libenergytrace.dylib
0x000000000629e000 	/usr/lib/libbsm.0.dylib
0x000000000629e000 	/usr/lib/system/libkxld.dylib
0x000000000629e000 	/usr/lib/libxar.1.dylib
0x000000000629e000 	/usr/lib/libsqlite3.dylib
0x000000000629e000 	/usr/lib/libpam.2.dylib
0x000000000629e000 	/usr/lib/libOpenScriptingUtil.dylib
0x000000000629e000 	/usr/lib/libbz2.1.0.dylib
0x000000000629e000 	/usr/lib/liblzma.5.dylib
0x000000000629e000 	/System/Library/Frameworks/CoreServices.framework/Versions/A/Frameworks/FSEvents.framework/Versions/A/FSEvents
0x000000000629e000 	/System/Library/Frameworks/CoreServices.framework/Versions/A/Frameworks/CarbonCore.framework/Versions/A/CarbonCore
0x000000000629e000 	/System/Library/Frameworks/CoreServices.framework/Versions/A/Frameworks/Metadata.framework/Versions/A/Metadata
0x000000000629e000 	/System/Library/Frameworks/CoreServices.framework/Versions/A/Frameworks/OSServices.framework/Versions/A/OSServices
0x000000000629e000 	/System/Library/Frameworks/CoreServices.framework/Versions/A/Frameworks/SearchKit.framework/Versions/A/SearchKit
0x000000000629e000 	/System/Library/Frameworks/CoreServices.framework/Versions/A/Frameworks/AE.framework/Versions/A/AE
0x000000000629e000 	/System/Library/Frameworks/CoreServices.framework/Versions/A/Frameworks/LaunchServices.framework/Versions/A/LaunchServices
0x000000000629e000 	/System/Library/Frameworks/CoreServices.framework/Versions/A/Frameworks/DictionaryServices.framework/Versions/A/DictionaryServices
0x000000000629e000 	/System/Library/Frameworks/CoreServices.framework/Versions/A/Frameworks/SharedFileList.framework/Versions/A/SharedFileList
0x000000000629e000 	/System/Library/Frameworks/NetFS.framework/Versions/A/NetFS
0x000000000629e000 	/System/Library/PrivateFrameworks/NetAuth.framework/Versions/A/NetAuth
0x000000000629e000 	/System/Library/PrivateFrameworks/login.framework/Versions/A/Frameworks/loginsupport.framework/Versions/A/loginsupport
0x000000000629e000 	/System/Library/PrivateFrameworks/TCC.framework/Versions/A/TCC
0x000000000629e000 	/usr/lib/libmecabra.dylib
0x000000000629e000 	/System/Library/Frameworks/ApplicationServices.framework/Versions/A/Frameworks/ATS.framework/Versions/A/ATS
0x000000000629e000 	/System/Library/Frameworks/ApplicationServices.framework/Versions/A/Frameworks/ColorSync.framework/Versions/A/ColorSync
0x000000000629e000 	/System/Library/Frameworks/ApplicationServices.framework/Versions/A/Frameworks/HIServices.framework/Versions/A/HIServices
0x000000000629e000 	/System/Library/Frameworks/ApplicationServices.framework/Versions/A/Frameworks/LangAnalysis.framework/Versions/A/LangAnalysis
0x000000000629e000 	/System/Library/Frameworks/ApplicationServices.framework/Versions/A/Frameworks/PrintCore.framework/Versions/A/PrintCore
0x000000000629e000 	/System/Library/Frameworks/ApplicationServices.framework/Versions/A/Frameworks/QD.framework/Versions/A/QD
0x000000000629e000 	/System/Library/Frameworks/ApplicationServices.framework/Versions/A/Frameworks/SpeechSynthesis.framework/Versions/A/SpeechSynthesis
0x000000000629e000 	/System/Library/Frameworks/Metal.framework/Versions/A/Metal
0x000000000629e000 	/System/Library/Frameworks/Accelerate.framework/Versions/A/Frameworks/vImage.framework/Versions/A/vImage
0x000000000629e000 	/System/Library/Frameworks/Accelerate.framework/Versions/A/Frameworks/vecLib.framework/Versions/A/vecLib
0x000000000629e000 	/System/Library/Frameworks/Accelerate.framework/Versions/A/Frameworks/vecLib.framework/Versions/A/libvDSP.dylib
0x000000000629e000 	/System/Library/Frameworks/Accelerate.framework/Versions/A/Frameworks/vecLib.framework/Versions/A/libvMisc.dylib
0x000000000629e000 	/System/Library/Frameworks/Accelerate.framework/Versions/A/Frameworks/vecLib.framework/Versions/A/libLAPACK.dylib
0x000000000629e000 	/System/Library/Frameworks/Accelerate.framework/Versions/A/Frameworks/vecLib.framework/Versions/A/libBLAS.dylib
0x000000000629e000 	/System/Library/Frameworks/Accelerate.framework/Versions/A/Frameworks/vecLib.framework/Versions/A/libLinearAlgebra.dylib
0x000000000629e000 	/System/Library/Frameworks/Accelerate.framework/Versions/A/Frameworks/vecLib.framework/Versions/A/libSparseBLAS.dylib
0x000000000629e000 	/System/Library/PrivateFrameworks/GPUCompiler.framework/libmetal_timestamp.dylib
0x000000000629e000 	/System/Library/Frameworks/OpenGL.framework/Versions/A/Libraries/libCoreFSCache.dylib
0x000000000629e000 	/System/Library/PrivateFrameworks/IOAccelerator.framework/Versions/A/IOAccelerator
0x000000000629e000 	/System/Library/Frameworks/ApplicationServices.framework/Versions/A/Frameworks/ATS.framework/Versions/A/Resources/libFontParser.dylib
0x000000000629e000 	/System/Library/Frameworks/ApplicationServices.framework/Versions/A/Frameworks/ATS.framework/Versions/A/Resources/libFontRegistry.dylib
0x000000000629e000 	/System/Library/PrivateFrameworks/AppleVPA.framework/Versions/A/AppleVPA
0x000000000629e000 	/System/Library/PrivateFrameworks/AppleJPEG.framework/Versions/A/AppleJPEG
0x000000000629e000 	/System/Library/Frameworks/ImageIO.framework/Versions/A/Resources/libJPEG.dylib
0x000000000629e000 	/System/Library/Frameworks/ImageIO.framework/Versions/A/Resources/libTIFF.dylib
0x000000000629e000 	/System/Library/Frameworks/ImageIO.framework/Versions/A/Resources/libPng.dylib
0x000000000629e000 	/System/Library/Frameworks/ImageIO.framework/Versions/A/Resources/libGIF.dylib
0x000000000629e000 	/System/Library/Frameworks/ImageIO.framework/Versions/A/Resources/libJP2.dylib
0x000000000629e000 	/System/Library/Frameworks/ImageIO.framework/Versions/A/Resources/libRadiance.dylib
0x000000000629e000 	/System/Library/Frameworks/CoreVideo.framework/Versions/A/CoreVideo
0x000000000629e000 	/System/Library/Frameworks/OpenGL.framework/Versions/A/Libraries/libGLU.dylib
0x000000000629e000 	/System/Library/Frameworks/OpenGL.framework/Versions/A/Libraries/libGFXShared.dylib
0x000000000629e000 	/System/Library/Frameworks/OpenGL.framework/Versions/A/Libraries/libGL.dylib
0x000000000629e000 	/System/Library/Frameworks/OpenGL.framework/Versions/A/Libraries/libGLImage.dylib
0x000000000629e000 	/System/Library/Frameworks/OpenGL.framework/Versions/A/Libraries/libCVMSPluginSupport.dylib
0x000000000629e000 	/System/Library/Frameworks/OpenGL.framework/Versions/A/Libraries/libCoreVMClient.dylib
0x000000000629e000 	/usr/lib/libcompression.dylib
0x000000000629e000 	/usr/lib/libcups.2.dylib
0x000000000629e000 	/System/Library/Frameworks/Kerberos.framework/Versions/A/Kerberos
0x000000000629e000 	/System/Library/Frameworks/GSS.framework/Versions/A/GSS
0x000000000629e000 	/usr/lib/libresolv.9.dylib
0x000000000629e000 	/usr/lib/libiconv.2.dylib
0x000000000629e000 	/System/Library/PrivateFrameworks/Heimdal.framework/Versions/A/Heimdal
0x000000000629e000 	/usr/lib/libheimdal-asn1.dylib
0x000000000629e000 	/System/Library/Frameworks/OpenDirectory.framework/Versions/A/OpenDirectory
0x000000000629e000 	/System/Library/PrivateFrameworks/CommonAuth.framework/Versions/A/CommonAuth
0x000000000629e000 	/System/Library/Frameworks/OpenDirectory.framework/Versions/A/Frameworks/CFOpenDirectory.framework/Versions/A/CFOpenDirectory
0x000000000629e000 	/System/Library/Frameworks/SecurityFoundation.framework/Versions/A/SecurityFoundation
0x000000000629e000 	/System/Library/PrivateFrameworks/LanguageModeling.framework/Versions/A/LanguageModeling
0x000000000629e000 	/usr/lib/libmarisa.dylib
0x000000000629e000 	/usr/lib/libChineseTokenizer.dylib
0x000000000629e000 	/usr/lib/libcmph.dylib
0x000000000629e000 	/System/Library/Frameworks/ServiceManagement.framework/Versions/A/ServiceManagement
0x000000000629e000 	/usr/lib/libxslt.1.dylib
0x000000000629e000 	/System/Library/Frameworks/Carbon.framework/Versions/A/Frameworks/Ink.framework/Versions/A/Ink
0x000000000629e000 	/usr/lib/libFosl_dynamic.dylib
0x000000000629e000 	/System/Library/PrivateFrameworks/FaceCore.framework/Versions/A/FaceCore
0x000000000629e000 	/System/Library/Frameworks/OpenCL.framework/Versions/A/OpenCL
0x000000000629e000 	/System/Library/PrivateFrameworks/CrashReporterSupport.framework/Versions/A/CrashReporterSupport
0x000000000629e000 	/System/Library/PrivateFrameworks/IconServices.framework/Versions/A/IconServices
0x000000000629e000 	/System/Library/PrivateFrameworks/Apple80211.framework/Versions/A/Apple80211
0x000000000629e000 	/System/Library/Frameworks/CoreWLAN.framework/Versions/A/CoreWLAN
0x000000000629e000 	/System/Library/Frameworks/IOBluetooth.framework/Versions/A/IOBluetooth
0x000000000629e000 	/System/Library/PrivateFrameworks/CoreWiFi.framework/Versions/A/CoreWiFi
0x000000000629e000 	/System/Library/Frameworks/CoreBluetooth.framework/Versions/A/CoreBluetooth
0x000000000629e000 	/System/Library/PrivateFrameworks/ChunkingLibrary.framework/Versions/A/ChunkingLibrary
0x000000000629e000 	/System/Library/PrivateFrameworks/DebugSymbols.framework/Versions/A/DebugSymbols
0x000000000629e000 	/System/Library/PrivateFrameworks/CoreSymbolication.framework/Versions/A/CoreSymbolication
0x000000000629e000 	/System/Library/PrivateFrameworks/Symbolication.framework/Versions/A/Symbolication
0x000000000629e000 	/System/Library/PrivateFrameworks/SpeechRecognitionCore.framework/Versions/A/SpeechRecognitionCore
0x0000000051fc9000 	/System/Library/CoreServices/Encodings/libJapaneseConverter.dylib
0x000000010c91b000 	/Library/Java/JavaVirtualMachines/jdk1.8.0_51.jdk/Contents/Home/jre/lib/server/libjvm.dylib
0x000000000629e000 	/usr/lib/libstdc++.6.dylib
0x000000010d884000 	/Library/Java/JavaVirtualMachines/jdk1.8.0_51.jdk/Contents/Home/jre/lib/libverify.dylib
0x000000010d896000 	/Library/Java/JavaVirtualMachines/jdk1.8.0_51.jdk/Contents/Home/jre/lib/libjava.dylib
0x000000010d8d5000 	/Library/Java/JavaVirtualMachines/jdk1.8.0_51.jdk/Contents/Home/jre/lib/libzip.dylib
0x0000000123a42000 	/System/Library/Frameworks/JavaVM.framework/Frameworks/JavaRuntimeSupport.framework/JavaRuntimeSupport
0x0000000123a5d000 	/System/Library/Frameworks/JavaVM.framework/Versions/A/Frameworks/JavaNativeFoundation.framework/Versions/A/JavaNativeFoundation
0x0000000123a72000 	/System/Library/Frameworks/JavaVM.framework/Versions/A/JavaVM
0x000000000629e000 	/System/Library/Frameworks/Carbon.framework/Versions/A/Carbon
0x0000000123a7f000 	/System/Library/PrivateFrameworks/JavaLaunching.framework/Versions/A/JavaLaunching
0x000000000629e000 	/System/Library/Frameworks/Carbon.framework/Versions/A/Frameworks/CommonPanels.framework/Versions/A/CommonPanels
0x000000000629e000 	/System/Library/Frameworks/Carbon.framework/Versions/A/Frameworks/Help.framework/Versions/A/Help
0x000000000629e000 	/System/Library/Frameworks/Carbon.framework/Versions/A/Frameworks/ImageCapture.framework/Versions/A/ImageCapture
0x000000000629e000 	/System/Library/Frameworks/Carbon.framework/Versions/A/Frameworks/OpenScripting.framework/Versions/A/OpenScripting
0x000000000629e000 	/System/Library/Frameworks/Carbon.framework/Versions/A/Frameworks/Print.framework/Versions/A/Print
0x000000000629e000 	/System/Library/Frameworks/Carbon.framework/Versions/A/Frameworks/SecurityHI.framework/Versions/A/SecurityHI
0x00000001253a6000 	/Library/Java/JavaVirtualMachines/jdk1.8.0_51.jdk/Contents/Home/jre/lib/libawt.dylib
0x000000012544e000 	/Library/Java/JavaVirtualMachines/jdk1.8.0_51.jdk/Contents/Home/jre/lib/./libmlib_image.dylib
0x000000012551a000 	/Library/Java/JavaVirtualMachines/jdk1.8.0_51.jdk/Contents/Home/jre/lib/libawt_lwawt.dylib
0x00000001255ce000 	/Library/Java/JavaVirtualMachines/jdk1.8.0_51.jdk/Contents/Home/jre/lib/./libosxapp.dylib
0x000000000629e000 	/System/Library/Frameworks/ExceptionHandling.framework/Versions/A/ExceptionHandling
0x000000000629e000 	/System/Library/PrivateFrameworks/CoreServicesInternal.framework/Versions/A/CoreServicesInternal
0x000000000629e000 	/System/Library/Frameworks/CoreGraphics.framework/Versions/A/Resources/libRIP.A.dylib
0x000000000629e000 	/System/Library/Frameworks/Accelerate.framework/Versions/A/Frameworks/vImage.framework/Versions/A/Libraries/libCGInterfaces.dylib
0x000000000629e000 	/System/Library/Frameworks/CoreGraphics.framework/Versions/A/Resources/libCGXType.A.dylib
0x000000000629e000 	/System/Library/Frameworks/OpenCL.framework/Versions/A/Libraries/libcldcpuengine.dylib
0x000000000629e000 	/System/Library/PrivateFrameworks/DiskImages.framework/Versions/A/DiskImages
0x000000000629e000 	/System/Library/Frameworks/DiscRecording.framework/Versions/A/DiscRecording
0x000000000629e000 	/usr/lib/libcsfde.dylib
0x000000000629e000 	/usr/lib/libcurl.4.dylib
0x000000000629e000 	/System/Library/PrivateFrameworks/MediaKit.framework/Versions/A/MediaKit
0x000000000629e000 	/System/Library/PrivateFrameworks/ProtectedCloudStorage.framework/Versions/A/ProtectedCloudStorage
0x000000000629e000 	/usr/lib/libCoreStorage.dylib
0x000000000629e000 	/System/Library/PrivateFrameworks/EFILogin.framework/Versions/A/EFILogin
0x000000000629e000 	/usr/lib/libutil.dylib
0x000000000629e000 	/System/Library/PrivateFrameworks/FindMyDevice.framework/Versions/A/FindMyDevice
0x000000000629e000 	/System/Library/Frameworks/LDAP.framework/Versions/A/LDAP
0x000000000629e000 	/usr/lib/libsasl2.2.dylib
0x000000000629e000 	/System/Library/PrivateFrameworks/CoreDaemon.framework/Versions/B/CoreDaemon
0x000000000629e000 	/usr/lib/libcrypto.0.9.8.dylib
0x000000000629e000 	/System/Library/PrivateFrameworks/AppleSRP.framework/Versions/A/AppleSRP
0x000000000629e000 	/System/Library/PrivateFrameworks/TrustEvaluationAgent.framework/Versions/A/TrustEvaluationAgent
0x0000000126db1000 	cl_kernels
0x000000000629e000 	/System/Library/Frameworks/OpenCL.framework/Versions/A/Libraries/ImageFormats/unorm8_bgra.dylib
0x000000000629e000 	/System/Library/Frameworks/OpenCL.framework/Versions/A/Libraries/ImageFormats/unorm8_rgba.dylib
0x000000000629e000 	/System/Library/PrivateFrameworks/FamilyControls.framework/Versions/A/FamilyControls
0x000000000629e000 	/System/Library/PrivateFrameworks/CommerceKit.framework/Versions/A/Frameworks/CommerceCore.framework/Versions/A/CommerceCore
0x000000000629e000 	/System/Library/PrivateFrameworks/SystemAdministration.framework/Versions/A/SystemAdministration
0x000000000629e000 	/System/Library/PrivateFrameworks/AppContainer.framework/Versions/A/AppContainer
0x000000000629e000 	/System/Library/PrivateFrameworks/SecCodeWrapper.framework/Versions/A/SecCodeWrapper
0x000000000629e000 	/System/Library/Frameworks/DirectoryService.framework/Versions/A/DirectoryService
0x000000000629e000 	/System/Library/PrivateFrameworks/LoginUIKit.framework/Versions/A/Frameworks/LoginUICore.framework/Versions/A/LoginUICore
0x000000000629e000 	/usr/lib/libodfde.dylib
0x000000000629e000 	/System/Library/Frameworks/OpenGL.framework/Versions/A/Resources/GLEngine.bundle/GLEngine
0x000000000629e000 	/System/Library/Frameworks/OpenGL.framework/Versions/A/Libraries/libGLProgrammability.dylib
0x000000012899d000 	/System/Library/Extensions/AppleIntelHD5000GraphicsGLDriver.bundle/Contents/MacOS/AppleIntelHD5000GraphicsGLDriver
0x000000000629e000 	/System/Library/PrivateFrameworks/GPUSupport.framework/Versions/A/Libraries/libGPUSupportMercury.dylib
0x000000000629e000 	/System/Library/Frameworks/OpenGL.framework/Versions/A/Resources/GLRendererFloat.bundle/GLRendererFloat
0x000000012992c000 	/Library/Java/JavaVirtualMachines/jdk1.8.0_51.jdk/Contents/Home/jre/lib/libfontmanager.dylib
0x000000012b01e000 	/System/Library/Extensions/AppleIntelHD5000GraphicsMTLDriver.bundle/Contents/MacOS/AppleIntelHD5000GraphicsMTLDriver
0x000000012b345000 	/Library/Java/Extensions/librxtxSerial.jnilib

VM Arguments:
jvm_args: -Dfile.encoding=UTF-8 
java_command: Main /dev/tty.usbmodem1421
java_class_path (initial): /Users/ogura/Broccoli/Java/Broccoli/bin:/Users/ogura/Broccoli/Java/Broccoli/RXTXcomm.jar
Launcher Type: SUN_STANDARD

Environment Variables:
PATH=/usr/bin:/bin:/usr/sbin:/sbin
SHELL=/bin/bash

Signal Handlers:
SIGSEGV: [libjvm.dylib+0x58ef35], sa_mask[0]=11111111011111110111111111111111, sa_flags=SA_ONSTACK|SA_RESTART|SA_SIGINFO
SIGBUS: [libjvm.dylib+0x58ef35], sa_mask[0]=11111111011111110111111111111111, sa_flags=SA_RESTART|SA_SIGINFO
SIGFPE: [libjvm.dylib+0x46c028], sa_mask[0]=11111111011111110111111111111111, sa_flags=SA_RESTART|SA_SIGINFO
SIGPIPE: [libjvm.dylib+0x46c028], sa_mask[0]=11111111011111110111111111111111, sa_flags=SA_RESTART|SA_SIGINFO
SIGXFSZ: [libjvm.dylib+0x46c028], sa_mask[0]=11111111011111110111111111111111, sa_flags=SA_RESTART|SA_SIGINFO
SIGILL: [libjvm.dylib+0x46c028], sa_mask[0]=11111111011111110111111111111111, sa_flags=SA_RESTART|SA_SIGINFO
SIGUSR1: SIG_DFL, sa_mask[0]=00000000000000000000000000000000, sa_flags=none
SIGUSR2: [libjvm.dylib+0x46bb46], sa_mask[0]=00100000000000000000000000000000, sa_flags=SA_RESTART|SA_SIGINFO
SIGHUP: [libjvm.dylib+0x46a119], sa_mask[0]=11111111011111110111111111111111, sa_flags=SA_RESTART|SA_SIGINFO
SIGINT: [libjvm.dylib+0x46a119], sa_mask[0]=11111111011111110111111111111111, sa_flags=SA_RESTART|SA_SIGINFO
SIGTERM: [libjvm.dylib+0x46a119], sa_mask[0]=11111111011111110111111111111111, sa_flags=SA_RESTART|SA_SIGINFO
SIGQUIT: [libjvm.dylib+0x46a119], sa_mask[0]=11111111011111110111111111111111, sa_flags=SA_RESTART|SA_SIGINFO


---------------  S Y S T E M  ---------------

OS:Bsduname:Darwin 15.6.0 Darwin Kernel Version 15.6.0: Thu Jun 23 18:25:34 PDT 2016; root:xnu-3248.60.10~1/RELEASE_X86_64 x86_64
rlimit: STACK 8192k, CORE 0k, NPROC 709, NOFILE 10240, AS infinity
load average:1.59 1.53 1.48

CPU:total 4 (2 cores per cpu, 2 threads per core) family 6 model 69 stepping 1, cmov, cx8, fxsr, mmx, sse, sse2, sse3, ssse3, sse4.1, sse4.2, popcnt, avx, avx2, aes, clmul, erms, rtm, lzcnt, ht, tsc, tscinvbit, bmi1, bmi2

Memory: 4k page, physical 8388608k(3497188k free)

/proc/meminfo:


vm_info: Java HotSpot(TM) 64-Bit Server VM (25.51-b03) for bsd-amd64 JRE (1.8.0_51-b16), built on Jun  8 2015 18:01:11 by "java_re" with gcc 4.2.1 (Based on Apple Inc. build 5658) (LLVM build 2336.11.00)

time: Thu Oct 13 10:54:49 2016
elapsed time: 6 seconds (0d 0h 0m 6s)

