!SESSION 2016-08-17 12:46:23.330 -----------------------------------------------
eclipse.buildId=4.5.0.I20150603-2000
java.version=1.8.0_51
java.vendor=Oracle Corporation
BootLoader constants: OS=macosx, ARCH=x86_64, WS=cocoa, NL=ja_JP
Framework arguments:  -product org.eclipse.epp.package.jee.product -keyring /Users/ogura/.eclipse_keyring -showlocation
Command-line arguments:  -os macosx -ws cocoa -arch x86_64 -product org.eclipse.epp.package.jee.product -keyring /Users/ogura/.eclipse_keyring -showlocation

!ENTRY org.eclipse.jface 2 0 2016-08-17 12:46:31.928
!MESSAGE Keybinding conflicts occurred.  They may interfere with normal accelerator operation.
!SUBENTRY 1 org.eclipse.jface 2 0 2016-08-17 12:46:31.928
!MESSAGE A conflict occurred for COMMAND+SHIFT+-:
Binding(COMMAND+SHIFT+-,
	ParameterizedCommand(Command(org.eclipse.ui.window.splitEditor,Toggle Split Editor,
		Split or join the currently active editor.,
		Category(org.eclipse.ui.category.window,Window,null,true),
		org.eclipse.ui.internal.WorkbenchHandlerServiceHandler@56ec6ac0,
		[Parameter(Splitter.isHorizontal,Orientation,null,false)],,true),[org.eclipse.core.commands.Parameterization@6102fa90]),
	org.eclipse.ui.defaultAcceleratorConfiguration,
	org.eclipse.ui.contexts.window,ja,,system)
Binding(COMMAND+SHIFT+-,
	ParameterizedCommand(Command(org.eclipse.ui.window.splitEditor,Toggle Split Editor,
		Split or join the currently active editor.,
		Category(org.eclipse.ui.category.window,Window,null,true),
		org.eclipse.ui.internal.WorkbenchHandlerServiceHandler@56ec6ac0,
		[Parameter(Splitter.isHorizontal,Orientation,null,false)],,true),[org.eclipse.core.commands.Parameterization@6102fa90]),
	org.eclipse.ui.defaultAcceleratorConfiguration,
	org.eclipse.ui.contexts.window,,cocoa,system)

!ENTRY org.eclipse.core.net 1 0 2016-08-17 12:46:32.611
!MESSAGE System property http.nonProxyHosts has been set to local|*.local|169.254/16|*.169.254/16 by an external source. This value will be overwritten using the values from the preferences
!SESSION 2016-08-17 12:46:52.714 -----------------------------------------------
eclipse.buildId=4.5.0.I20150603-2000
java.version=1.8.0_51
java.vendor=Oracle Corporation
BootLoader constants: OS=macosx, ARCH=x86_64, WS=cocoa, NL=ja_JP
Framework arguments:  -product org.eclipse.epp.package.jee.product -product org.eclipse.epp.package.jee.product -keyring /Users/ogura/.eclipse_keyring -showlocation
Command-line arguments:  -os macosx -ws cocoa -arch x86_64 -product org.eclipse.epp.package.jee.product -data /Users/ogura/Desktop/onedrive/Blopic/workspace -product org.eclipse.epp.package.jee.product -keyring /Users/ogura/.eclipse_keyring -showlocation

!ENTRY org.eclipse.jface 2 0 2016-08-17 12:46:58.914
!MESSAGE Keybinding conflicts occurred.  They may interfere with normal accelerator operation.
!SUBENTRY 1 org.eclipse.jface 2 0 2016-08-17 12:46:58.914
!MESSAGE A conflict occurred for COMMAND+SHIFT+-:
Binding(COMMAND+SHIFT+-,
	ParameterizedCommand(Command(org.eclipse.ui.window.splitEditor,Toggle Split Editor,
		Split or join the currently active editor.,
		Category(org.eclipse.ui.category.window,Window,null,true),
		org.eclipse.ui.internal.WorkbenchHandlerServiceHandler@7f958d4a,
		[Parameter(Splitter.isHorizontal,Orientation,null,false)],,true),[org.eclipse.core.commands.Parameterization@6102fa90]),
	org.eclipse.ui.defaultAcceleratorConfiguration,
	org.eclipse.ui.contexts.window,ja,,system)
Binding(COMMAND+SHIFT+-,
	ParameterizedCommand(Command(org.eclipse.ui.window.splitEditor,Toggle Split Editor,
		Split or join the currently active editor.,
		Category(org.eclipse.ui.category.window,Window,null,true),
		org.eclipse.ui.internal.WorkbenchHandlerServiceHandler@7f958d4a,
		[Parameter(Splitter.isHorizontal,Orientation,null,false)],,true),[org.eclipse.core.commands.Parameterization@6102fa90]),
	org.eclipse.ui.defaultAcceleratorConfiguration,
	org.eclipse.ui.contexts.window,,cocoa,system)

!ENTRY org.eclipse.core.net 1 0 2016-08-17 12:46:59.437
!MESSAGE System property http.nonProxyHosts has been set to local|*.local|169.254/16|*.169.254/16 by an external source. This value will be overwritten using the values from the preferences

!ENTRY org.eclipse.epp.logging.aeri.ui 2 14 2016-08-17 12:47:07.561
!MESSAGE Stoping the history service failed. Version: 1.0.0.v20150617-0732
!STACK 0
org.eclipse.epp.internal.logging.aeri.ui.l10n.Logs$LogTraceException
	at org.eclipse.epp.internal.logging.aeri.ui.l10n.Logs$LogTraceException.newTrace(Logs.java:382)
	at org.eclipse.epp.internal.logging.aeri.ui.l10n.Logs.log(Logs.java:134)
	at org.eclipse.epp.internal.logging.aeri.ui.l10n.Logs.log(Logs.java:126)
	at org.eclipse.epp.internal.logging.aeri.ui.Startup$2.preShutdown(Startup.java:118)
	at org.eclipse.ui.internal.Workbench$7.run(Workbench.java:949)
	at org.eclipse.core.runtime.SafeRunner.run(SafeRunner.java:42)
	at org.eclipse.ui.internal.JFaceUtil$1.run(JFaceUtil.java:50)
	at org.eclipse.jface.util.SafeRunnable.run(SafeRunnable.java:173)
	at org.eclipse.ui.internal.Workbench.firePreShutdown(Workbench.java:946)
	at org.eclipse.ui.internal.Workbench.busyClose(Workbench.java:1085)
	at org.eclipse.ui.internal.Workbench.access$21(Workbench.java:1073)
	at org.eclipse.ui.internal.Workbench$19.run(Workbench.java:1414)
	at org.eclipse.swt.custom.BusyIndicator.showWhile(BusyIndicator.java:70)
	at org.eclipse.ui.internal.Workbench.close(Workbench.java:1411)
	at org.eclipse.ui.internal.Workbench.close(Workbench.java:1384)
	at org.eclipse.ui.internal.WorkbenchWindow.busyClose(WorkbenchWindow.java:1571)
	at org.eclipse.ui.internal.WorkbenchWindow.access$16(WorkbenchWindow.java:1542)
	at org.eclipse.ui.internal.WorkbenchWindow$11.run(WorkbenchWindow.java:1603)
	at org.eclipse.swt.custom.BusyIndicator.showWhile(BusyIndicator.java:70)
	at org.eclipse.ui.internal.WorkbenchWindow.close(WorkbenchWindow.java:1600)
	at org.eclipse.ui.internal.WorkbenchWindow.close(WorkbenchWindow.java:1614)
	at org.eclipse.ui.internal.WorkbenchWindow$6.close(WorkbenchWindow.java:523)
	at org.eclipse.e4.ui.workbench.renderers.swt.WBWRenderer$7.shellClosed(WBWRenderer.java:518)
	at org.eclipse.swt.widgets.TypedListener.handleEvent(TypedListener.java:98)
	at org.eclipse.swt.widgets.EventTable.sendEvent(EventTable.java:84)
	at org.eclipse.swt.widgets.Display.sendEvent(Display.java:4230)
	at org.eclipse.swt.widgets.Widget.sendEvent(Widget.java:1491)
	at org.eclipse.swt.widgets.Widget.sendEvent(Widget.java:1514)
	at org.eclipse.swt.widgets.Widget.sendEvent(Widget.java:1499)
	at org.eclipse.swt.widgets.Shell.closeWidget(Shell.java:612)
	at org.eclipse.swt.widgets.Shell.windowShouldClose(Shell.java:2367)
	at org.eclipse.swt.widgets.Display.windowProc(Display.java:5690)
	at org.eclipse.swt.internal.cocoa.OS.objc_msgSendSuper(Native Method)
	at org.eclipse.swt.widgets.Widget.callSuper(Widget.java:227)
	at org.eclipse.swt.widgets.Widget.windowSendEvent(Widget.java:2130)
	at org.eclipse.swt.widgets.Shell.windowSendEvent(Shell.java:2337)
	at org.eclipse.swt.widgets.Display.windowProc(Display.java:5756)
	at org.eclipse.swt.internal.cocoa.OS.objc_msgSendSuper(Native Method)
	at org.eclipse.swt.widgets.Display.applicationSendEvent(Display.java:5193)
	at org.eclipse.swt.widgets.Display.applicationProc(Display.java:5342)
	at org.eclipse.swt.internal.cocoa.OS.objc_msgSend(Native Method)
	at org.eclipse.swt.internal.cocoa.NSApplication.sendEvent(NSApplication.java:128)
	at org.eclipse.swt.widgets.Display.readAndDispatch(Display.java:3695)
	at org.eclipse.e4.ui.internal.workbench.swt.PartRenderingEngine$4.run(PartRenderingEngine.java:1127)
	at org.eclipse.core.databinding.observable.Realm.runWithDefault(Realm.java:337)
	at org.eclipse.e4.ui.internal.workbench.swt.PartRenderingEngine.run(PartRenderingEngine.java:1018)
	at org.eclipse.e4.ui.internal.workbench.E4Workbench.createAndRunUI(E4Workbench.java:156)
	at org.eclipse.ui.internal.Workbench$5.run(Workbench.java:654)
	at org.eclipse.core.databinding.observable.Realm.runWithDefault(Realm.java:337)
	at org.eclipse.ui.internal.Workbench.createAndRunWorkbench(Workbench.java:598)
	at org.eclipse.ui.PlatformUI.createAndRunWorkbench(PlatformUI.java:150)
	at org.eclipse.ui.internal.ide.application.IDEApplication.start(IDEApplication.java:139)
	at org.eclipse.equinox.internal.app.EclipseAppHandle.run(EclipseAppHandle.java:196)
	at org.eclipse.core.runtime.internal.adaptor.EclipseAppLauncher.runApplication(EclipseAppLauncher.java:134)
	at org.eclipse.core.runtime.internal.adaptor.EclipseAppLauncher.start(EclipseAppLauncher.java:104)
	at org.eclipse.core.runtime.adaptor.EclipseStarter.run(EclipseStarter.java:380)
	at org.eclipse.core.runtime.adaptor.EclipseStarter.run(EclipseStarter.java:235)
	at sun.reflect.NativeMethodAccessorImpl.invoke0(Native Method)
	at sun.reflect.NativeMethodAccessorImpl.invoke(NativeMethodAccessorImpl.java:62)
	at sun.reflect.DelegatingMethodAccessorImpl.invoke(DelegatingMethodAccessorImpl.java:43)
	at java.lang.reflect.Method.invoke(Method.java:497)
	at org.eclipse.equinox.launcher.Main.invokeFramework(Main.java:669)
	at org.eclipse.equinox.launcher.Main.basicRun(Main.java:608)
	at org.eclipse.equinox.launcher.Main.run(Main.java:1515)

!ENTRY org.eclipse.epp.logging.aeri.ui 2 17 2016-08-17 12:47:07.574
!MESSAGE Stoping the index service failed. Version: 1.0.0.v20150617-0732
!STACK 0
org.eclipse.epp.internal.logging.aeri.ui.l10n.Logs$LogTraceException
	at org.eclipse.epp.internal.logging.aeri.ui.l10n.Logs$LogTraceException.newTrace(Logs.java:382)
	at org.eclipse.epp.internal.logging.aeri.ui.l10n.Logs.log(Logs.java:134)
	at org.eclipse.epp.internal.logging.aeri.ui.l10n.Logs.log(Logs.java:126)
	at org.eclipse.epp.internal.logging.aeri.ui.Startup$3.preShutdown(Startup.java:148)
	at org.eclipse.ui.internal.Workbench$7.run(Workbench.java:949)
	at org.eclipse.core.runtime.SafeRunner.run(SafeRunner.java:42)
	at org.eclipse.ui.internal.JFaceUtil$1.run(JFaceUtil.java:50)
	at org.eclipse.jface.util.SafeRunnable.run(SafeRunnable.java:173)
	at org.eclipse.ui.internal.Workbench.firePreShutdown(Workbench.java:946)
	at org.eclipse.ui.internal.Workbench.busyClose(Workbench.java:1085)
	at org.eclipse.ui.internal.Workbench.access$21(Workbench.java:1073)
	at org.eclipse.ui.internal.Workbench$19.run(Workbench.java:1414)
	at org.eclipse.swt.custom.BusyIndicator.showWhile(BusyIndicator.java:70)
	at org.eclipse.ui.internal.Workbench.close(Workbench.java:1411)
	at org.eclipse.ui.internal.Workbench.close(Workbench.java:1384)
	at org.eclipse.ui.internal.WorkbenchWindow.busyClose(WorkbenchWindow.java:1571)
	at org.eclipse.ui.internal.WorkbenchWindow.access$16(WorkbenchWindow.java:1542)
	at org.eclipse.ui.internal.WorkbenchWindow$11.run(WorkbenchWindow.java:1603)
	at org.eclipse.swt.custom.BusyIndicator.showWhile(BusyIndicator.java:70)
	at org.eclipse.ui.internal.WorkbenchWindow.close(WorkbenchWindow.java:1600)
	at org.eclipse.ui.internal.WorkbenchWindow.close(WorkbenchWindow.java:1614)
	at org.eclipse.ui.internal.WorkbenchWindow$6.close(WorkbenchWindow.java:523)
	at org.eclipse.e4.ui.workbench.renderers.swt.WBWRenderer$7.shellClosed(WBWRenderer.java:518)
	at org.eclipse.swt.widgets.TypedListener.handleEvent(TypedListener.java:98)
	at org.eclipse.swt.widgets.EventTable.sendEvent(EventTable.java:84)
	at org.eclipse.swt.widgets.Display.sendEvent(Display.java:4230)
	at org.eclipse.swt.widgets.Widget.sendEvent(Widget.java:1491)
	at org.eclipse.swt.widgets.Widget.sendEvent(Widget.java:1514)
	at org.eclipse.swt.widgets.Widget.sendEvent(Widget.java:1499)
	at org.eclipse.swt.widgets.Shell.closeWidget(Shell.java:612)
	at org.eclipse.swt.widgets.Shell.windowShouldClose(Shell.java:2367)
	at org.eclipse.swt.widgets.Display.windowProc(Display.java:5690)
	at org.eclipse.swt.internal.cocoa.OS.objc_msgSendSuper(Native Method)
	at org.eclipse.swt.widgets.Widget.callSuper(Widget.java:227)
	at org.eclipse.swt.widgets.Widget.windowSendEvent(Widget.java:2130)
	at org.eclipse.swt.widgets.Shell.windowSendEvent(Shell.java:2337)
	at org.eclipse.swt.widgets.Display.windowProc(Display.java:5756)
	at org.eclipse.swt.internal.cocoa.OS.objc_msgSendSuper(Native Method)
	at org.eclipse.swt.widgets.Display.applicationSendEvent(Display.java:5193)
	at org.eclipse.swt.widgets.Display.applicationProc(Display.java:5342)
	at org.eclipse.swt.internal.cocoa.OS.objc_msgSend(Native Method)
	at org.eclipse.swt.internal.cocoa.NSApplication.sendEvent(NSApplication.java:128)
	at org.eclipse.swt.widgets.Display.readAndDispatch(Display.java:3695)
	at org.eclipse.e4.ui.internal.workbench.swt.PartRenderingEngine$4.run(PartRenderingEngine.java:1127)
	at org.eclipse.core.databinding.observable.Realm.runWithDefault(Realm.java:337)
	at org.eclipse.e4.ui.internal.workbench.swt.PartRenderingEngine.run(PartRenderingEngine.java:1018)
	at org.eclipse.e4.ui.internal.workbench.E4Workbench.createAndRunUI(E4Workbench.java:156)
	at org.eclipse.ui.internal.Workbench$5.run(Workbench.java:654)
	at org.eclipse.core.databinding.observable.Realm.runWithDefault(Realm.java:337)
	at org.eclipse.ui.internal.Workbench.createAndRunWorkbench(Workbench.java:598)
	at org.eclipse.ui.PlatformUI.createAndRunWorkbench(PlatformUI.java:150)
	at org.eclipse.ui.internal.ide.application.IDEApplication.start(IDEApplication.java:139)
	at org.eclipse.equinox.internal.app.EclipseAppHandle.run(EclipseAppHandle.java:196)
	at org.eclipse.core.runtime.internal.adaptor.EclipseAppLauncher.runApplication(EclipseAppLauncher.java:134)
	at org.eclipse.core.runtime.internal.adaptor.EclipseAppLauncher.start(EclipseAppLauncher.java:104)
	at org.eclipse.core.runtime.adaptor.EclipseStarter.run(EclipseStarter.java:380)
	at org.eclipse.core.runtime.adaptor.EclipseStarter.run(EclipseStarter.java:235)
	at sun.reflect.NativeMethodAccessorImpl.invoke0(Native Method)
	at sun.reflect.NativeMethodAccessorImpl.invoke(NativeMethodAccessorImpl.java:62)
	at sun.reflect.DelegatingMethodAccessorImpl.invoke(DelegatingMethodAccessorImpl.java:43)
	at java.lang.reflect.Method.invoke(Method.java:497)
	at org.eclipse.equinox.launcher.Main.invokeFramework(Main.java:669)
	at org.eclipse.equinox.launcher.Main.basicRun(Main.java:608)
	at org.eclipse.equinox.launcher.Main.run(Main.java:1515)
