

Microchip Technology PIC LITE Macro Assembler V1.37 build -260352376 
                                                                                               Sun Oct 09 18:26:59 2016

Microchip Technology Omniscient Code Generator v1.37 (Free mode) build 201603110536
     1                           	processor	12F1822
     2                           	opt	pw 120
     3                           	opt	lm
     4                           	psect	cinit,global,class=CODE,merge=1,delta=2
     5                           	psect	bssCOMMON,global,class=COMMON,space=1,delta=1
     6                           	psect	bssBANK0,global,class=BANK0,space=1,delta=1
     7                           	psect	clrtext,global,class=CODE,delta=2
     8                           	psect	cstackCOMMON,global,class=COMMON,space=1,delta=1
     9                           	psect	cstackBANK0,global,class=BANK0,space=1,delta=1
    10                           	psect	maintext,global,class=CODE,merge=1,split=1,delta=2
    11                           	psect	text1,local,class=CODE,merge=1,delta=2
    12                           	psect	text2,local,class=CODE,merge=1,delta=2
    13                           	psect	text3,local,class=CODE,merge=1,delta=2
    14                           	psect	text4,local,class=CODE,merge=1,delta=2
    15                           	psect	text5,local,class=CODE,merge=1,delta=2
    16                           	psect	text6,local,class=CODE,merge=1,delta=2
    17                           	psect	intentry,global,class=CODE,delta=2
    18                           	dabs	1,0x7E,2
    19  0000                     	;# 
    20  0001                     	;# 
    21  0002                     	;# 
    22  0003                     	;# 
    23  0004                     	;# 
    24  0005                     	;# 
    25  0006                     	;# 
    26  0007                     	;# 
    27  0008                     	;# 
    28  0009                     	;# 
    29  000A                     	;# 
    30  000B                     	;# 
    31  000C                     	;# 
    32  0011                     	;# 
    33  0012                     	;# 
    34  0015                     	;# 
    35  0016                     	;# 
    36  0016                     	;# 
    37  0017                     	;# 
    38  0018                     	;# 
    39  0019                     	;# 
    40  001A                     	;# 
    41  001B                     	;# 
    42  001C                     	;# 
    43  001E                     	;# 
    44  001F                     	;# 
    45  008C                     	;# 
    46  0091                     	;# 
    47  0092                     	;# 
    48  0095                     	;# 
    49  0096                     	;# 
    50  0097                     	;# 
    51  0098                     	;# 
    52  0099                     	;# 
    53  009A                     	;# 
    54  009B                     	;# 
    55  009B                     	;# 
    56  009C                     	;# 
    57  009D                     	;# 
    58  009E                     	;# 
    59  010C                     	;# 
    60  0111                     	;# 
    61  0112                     	;# 
    62  0115                     	;# 
    63  0116                     	;# 
    64  0117                     	;# 
    65  0118                     	;# 
    66  0119                     	;# 
    67  011A                     	;# 
    68  011B                     	;# 
    69  011D                     	;# 
    70  011D                     	;# 
    71  018C                     	;# 
    72  0191                     	;# 
    73  0191                     	;# 
    74  0192                     	;# 
    75  0193                     	;# 
    76  0193                     	;# 
    77  0193                     	;# 
    78  0194                     	;# 
    79  0195                     	;# 
    80  0196                     	;# 
    81  0199                     	;# 
    82  019A                     	;# 
    83  019B                     	;# 
    84  019B                     	;# 
    85  019B                     	;# 
    86  019B                     	;# 
    87  019C                     	;# 
    88  019C                     	;# 
    89  019D                     	;# 
    90  019E                     	;# 
    91  019F                     	;# 
    92  020C                     	;# 
    93  0211                     	;# 
    94  0211                     	;# 
    95  0212                     	;# 
    96  0212                     	;# 
    97  0213                     	;# 
    98  0213                     	;# 
    99  0214                     	;# 
   100  0214                     	;# 
   101  0215                     	;# 
   102  0215                     	;# 
   103  0215                     	;# 
   104  0216                     	;# 
   105  0216                     	;# 
   106  0217                     	;# 
   107  0217                     	;# 
   108  0291                     	;# 
   109  0291                     	;# 
   110  0292                     	;# 
   111  0293                     	;# 
   112  0294                     	;# 
   113  0295                     	;# 
   114  0295                     	;# 
   115  0296                     	;# 
   116  0391                     	;# 
   117  0392                     	;# 
   118  0393                     	;# 
   119  039A                     	;# 
   120  039C                     	;# 
   121  039D                     	;# 
   122  039E                     	;# 
   123  039F                     	;# 
   124  0FE4                     	;# 
   125  0FE5                     	;# 
   126  0FE6                     	;# 
   127  0FE7                     	;# 
   128  0FE8                     	;# 
   129  0FE9                     	;# 
   130  0FEA                     	;# 
   131  0FEB                     	;# 
   132  0FED                     	;# 
   133  0FEE                     	;# 
   134  0FEF                     	;# 
   135  0000                     	;# 
   136  0001                     	;# 
   137  0002                     	;# 
   138  0003                     	;# 
   139  0004                     	;# 
   140  0005                     	;# 
   141  0006                     	;# 
   142  0007                     	;# 
   143  0008                     	;# 
   144  0009                     	;# 
   145  000A                     	;# 
   146  000B                     	;# 
   147  000C                     	;# 
   148  0011                     	;# 
   149  0012                     	;# 
   150  0015                     	;# 
   151  0016                     	;# 
   152  0016                     	;# 
   153  0017                     	;# 
   154  0018                     	;# 
   155  0019                     	;# 
   156  001A                     	;# 
   157  001B                     	;# 
   158  001C                     	;# 
   159  001E                     	;# 
   160  001F                     	;# 
   161  008C                     	;# 
   162  0091                     	;# 
   163  0092                     	;# 
   164  0095                     	;# 
   165  0096                     	;# 
   166  0097                     	;# 
   167  0098                     	;# 
   168  0099                     	;# 
   169  009A                     	;# 
   170  009B                     	;# 
   171  009B                     	;# 
   172  009C                     	;# 
   173  009D                     	;# 
   174  009E                     	;# 
   175  010C                     	;# 
   176  0111                     	;# 
   177  0112                     	;# 
   178  0115                     	;# 
   179  0116                     	;# 
   180  0117                     	;# 
   181  0118                     	;# 
   182  0119                     	;# 
   183  011A                     	;# 
   184  011B                     	;# 
   185  011D                     	;# 
   186  011D                     	;# 
   187  018C                     	;# 
   188  0191                     	;# 
   189  0191                     	;# 
   190  0192                     	;# 
   191  0193                     	;# 
   192  0193                     	;# 
   193  0193                     	;# 
   194  0194                     	;# 
   195  0195                     	;# 
   196  0196                     	;# 
   197  0199                     	;# 
   198  019A                     	;# 
   199  019B                     	;# 
   200  019B                     	;# 
   201  019B                     	;# 
   202  019B                     	;# 
   203  019C                     	;# 
   204  019C                     	;# 
   205  019D                     	;# 
   206  019E                     	;# 
   207  019F                     	;# 
   208  020C                     	;# 
   209  0211                     	;# 
   210  0211                     	;# 
   211  0212                     	;# 
   212  0212                     	;# 
   213  0213                     	;# 
   214  0213                     	;# 
   215  0214                     	;# 
   216  0214                     	;# 
   217  0215                     	;# 
   218  0215                     	;# 
   219  0215                     	;# 
   220  0216                     	;# 
   221  0216                     	;# 
   222  0217                     	;# 
   223  0217                     	;# 
   224  0291                     	;# 
   225  0291                     	;# 
   226  0292                     	;# 
   227  0293                     	;# 
   228  0294                     	;# 
   229  0295                     	;# 
   230  0295                     	;# 
   231  0296                     	;# 
   232  0391                     	;# 
   233  0392                     	;# 
   234  0393                     	;# 
   235  039A                     	;# 
   236  039C                     	;# 
   237  039D                     	;# 
   238  039E                     	;# 
   239  039F                     	;# 
   240  0FE4                     	;# 
   241  0FE5                     	;# 
   242  0FE6                     	;# 
   243  0FE7                     	;# 
   244  0FE8                     	;# 
   245  0FE9                     	;# 
   246  0FEA                     	;# 
   247  0FEB                     	;# 
   248  0FED                     	;# 
   249  0FEE                     	;# 
   250  0FEF                     	;# 
   251  0000                     	;# 
   252  0001                     	;# 
   253  0002                     	;# 
   254  0003                     	;# 
   255  0004                     	;# 
   256  0005                     	;# 
   257  0006                     	;# 
   258  0007                     	;# 
   259  0008                     	;# 
   260  0009                     	;# 
   261  000A                     	;# 
   262  000B                     	;# 
   263  000C                     	;# 
   264  0011                     	;# 
   265  0012                     	;# 
   266  0015                     	;# 
   267  0016                     	;# 
   268  0016                     	;# 
   269  0017                     	;# 
   270  0018                     	;# 
   271  0019                     	;# 
   272  001A                     	;# 
   273  001B                     	;# 
   274  001C                     	;# 
   275  001E                     	;# 
   276  001F                     	;# 
   277  008C                     	;# 
   278  0091                     	;# 
   279  0092                     	;# 
   280  0095                     	;# 
   281  0096                     	;# 
   282  0097                     	;# 
   283  0098                     	;# 
   284  0099                     	;# 
   285  009A                     	;# 
   286  009B                     	;# 
   287  009B                     	;# 
   288  009C                     	;# 
   289  009D                     	;# 
   290  009E                     	;# 
   291  010C                     	;# 
   292  0111                     	;# 
   293  0112                     	;# 
   294  0115                     	;# 
   295  0116                     	;# 
   296  0117                     	;# 
   297  0118                     	;# 
   298  0119                     	;# 
   299  011A                     	;# 
   300  011B                     	;# 
   301  011D                     	;# 
   302  011D                     	;# 
   303  018C                     	;# 
   304  0191                     	;# 
   305  0191                     	;# 
   306  0192                     	;# 
   307  0193                     	;# 
   308  0193                     	;# 
   309  0193                     	;# 
   310  0194                     	;# 
   311  0195                     	;# 
   312  0196                     	;# 
   313  0199                     	;# 
   314  019A                     	;# 
   315  019B                     	;# 
   316  019B                     	;# 
   317  019B                     	;# 
   318  019B                     	;# 
   319  019C                     	;# 
   320  019C                     	;# 
   321  019D                     	;# 
   322  019E                     	;# 
   323  019F                     	;# 
   324  020C                     	;# 
   325  0211                     	;# 
   326  0211                     	;# 
   327  0212                     	;# 
   328  0212                     	;# 
   329  0213                     	;# 
   330  0213                     	;# 
   331  0214                     	;# 
   332  0214                     	;# 
   333  0215                     	;# 
   334  0215                     	;# 
   335  0215                     	;# 
   336  0216                     	;# 
   337  0216                     	;# 
   338  0217                     	;# 
   339  0217                     	;# 
   340  0291                     	;# 
   341  0291                     	;# 
   342  0292                     	;# 
   343  0293                     	;# 
   344  0294                     	;# 
   345  0295                     	;# 
   346  0295                     	;# 
   347  0296                     	;# 
   348  0391                     	;# 
   349  0392                     	;# 
   350  0393                     	;# 
   351  039A                     	;# 
   352  039C                     	;# 
   353  039D                     	;# 
   354  039E                     	;# 
   355  039F                     	;# 
   356  0FE4                     	;# 
   357  0FE5                     	;# 
   358  0FE6                     	;# 
   359  0FE7                     	;# 
   360  0FE8                     	;# 
   361  0FE9                     	;# 
   362  0FEA                     	;# 
   363  0FEB                     	;# 
   364  0FED                     	;# 
   365  0FEE                     	;# 
   366  0FEF                     	;# 
   367  0000                     	;# 
   368  0001                     	;# 
   369  0002                     	;# 
   370  0003                     	;# 
   371  0004                     	;# 
   372  0005                     	;# 
   373  0006                     	;# 
   374  0007                     	;# 
   375  0008                     	;# 
   376  0009                     	;# 
   377  000A                     	;# 
   378  000B                     	;# 
   379  000C                     	;# 
   380  0011                     	;# 
   381  0012                     	;# 
   382  0015                     	;# 
   383  0016                     	;# 
   384  0016                     	;# 
   385  0017                     	;# 
   386  0018                     	;# 
   387  0019                     	;# 
   388  001A                     	;# 
   389  001B                     	;# 
   390  001C                     	;# 
   391  001E                     	;# 
   392  001F                     	;# 
   393  008C                     	;# 
   394  0091                     	;# 
   395  0092                     	;# 
   396  0095                     	;# 
   397  0096                     	;# 
   398  0097                     	;# 
   399  0098                     	;# 
   400  0099                     	;# 
   401  009A                     	;# 
   402  009B                     	;# 
   403  009B                     	;# 
   404  009C                     	;# 
   405  009D                     	;# 
   406  009E                     	;# 
   407  010C                     	;# 
   408  0111                     	;# 
   409  0112                     	;# 
   410  0115                     	;# 
   411  0116                     	;# 
   412  0117                     	;# 
   413  0118                     	;# 
   414  0119                     	;# 
   415  011A                     	;# 
   416  011B                     	;# 
   417  011D                     	;# 
   418  011D                     	;# 
   419  018C                     	;# 
   420  0191                     	;# 
   421  0191                     	;# 
   422  0192                     	;# 
   423  0193                     	;# 
   424  0193                     	;# 
   425  0193                     	;# 
   426  0194                     	;# 
   427  0195                     	;# 
   428  0196                     	;# 
   429  0199                     	;# 
   430  019A                     	;# 
   431  019B                     	;# 
   432  019B                     	;# 
   433  019B                     	;# 
   434  019B                     	;# 
   435  019C                     	;# 
   436  019C                     	;# 
   437  019D                     	;# 
   438  019E                     	;# 
   439  019F                     	;# 
   440  020C                     	;# 
   441  0211                     	;# 
   442  0211                     	;# 
   443  0212                     	;# 
   444  0212                     	;# 
   445  0213                     	;# 
   446  0213                     	;# 
   447  0214                     	;# 
   448  0214                     	;# 
   449  0215                     	;# 
   450  0215                     	;# 
   451  0215                     	;# 
   452  0216                     	;# 
   453  0216                     	;# 
   454  0217                     	;# 
   455  0217                     	;# 
   456  0291                     	;# 
   457  0291                     	;# 
   458  0292                     	;# 
   459  0293                     	;# 
   460  0294                     	;# 
   461  0295                     	;# 
   462  0295                     	;# 
   463  0296                     	;# 
   464  0391                     	;# 
   465  0392                     	;# 
   466  0393                     	;# 
   467  039A                     	;# 
   468  039C                     	;# 
   469  039D                     	;# 
   470  039E                     	;# 
   471  039F                     	;# 
   472  0FE4                     	;# 
   473  0FE5                     	;# 
   474  0FE6                     	;# 
   475  0FE7                     	;# 
   476  0FE8                     	;# 
   477  0FE9                     	;# 
   478  0FEA                     	;# 
   479  0FEB                     	;# 
   480  0FED                     	;# 
   481  0FEE                     	;# 
   482  0FEF                     	;# 
   483  0000                     	;# 
   484  0001                     	;# 
   485  0002                     	;# 
   486  0003                     	;# 
   487  0004                     	;# 
   488  0005                     	;# 
   489  0006                     	;# 
   490  0007                     	;# 
   491  0008                     	;# 
   492  0009                     	;# 
   493  000A                     	;# 
   494  000B                     	;# 
   495  000C                     	;# 
   496  0011                     	;# 
   497  0012                     	;# 
   498  0015                     	;# 
   499  0016                     	;# 
   500  0016                     	;# 
   501  0017                     	;# 
   502  0018                     	;# 
   503  0019                     	;# 
   504  001A                     	;# 
   505  001B                     	;# 
   506  001C                     	;# 
   507  001E                     	;# 
   508  001F                     	;# 
   509  008C                     	;# 
   510  0091                     	;# 
   511  0092                     	;# 
   512  0095                     	;# 
   513  0096                     	;# 
   514  0097                     	;# 
   515  0098                     	;# 
   516  0099                     	;# 
   517  009A                     	;# 
   518  009B                     	;# 
   519  009B                     	;# 
   520  009C                     	;# 
   521  009D                     	;# 
   522  009E                     	;# 
   523  010C                     	;# 
   524  0111                     	;# 
   525  0112                     	;# 
   526  0115                     	;# 
   527  0116                     	;# 
   528  0117                     	;# 
   529  0118                     	;# 
   530  0119                     	;# 
   531  011A                     	;# 
   532  011B                     	;# 
   533  011D                     	;# 
   534  011D                     	;# 
   535  018C                     	;# 
   536  0191                     	;# 
   537  0191                     	;# 
   538  0192                     	;# 
   539  0193                     	;# 
   540  0193                     	;# 
   541  0193                     	;# 
   542  0194                     	;# 
   543  0195                     	;# 
   544  0196                     	;# 
   545  0199                     	;# 
   546  019A                     	;# 
   547  019B                     	;# 
   548  019B                     	;# 
   549  019B                     	;# 
   550  019B                     	;# 
   551  019C                     	;# 
   552  019C                     	;# 
   553  019D                     	;# 
   554  019E                     	;# 
   555  019F                     	;# 
   556  020C                     	;# 
   557  0211                     	;# 
   558  0211                     	;# 
   559  0212                     	;# 
   560  0212                     	;# 
   561  0213                     	;# 
   562  0213                     	;# 
   563  0214                     	;# 
   564  0214                     	;# 
   565  0215                     	;# 
   566  0215                     	;# 
   567  0215                     	;# 
   568  0216                     	;# 
   569  0216                     	;# 
   570  0217                     	;# 
   571  0217                     	;# 
   572  0291                     	;# 
   573  0291                     	;# 
   574  0292                     	;# 
   575  0293                     	;# 
   576  0294                     	;# 
   577  0295                     	;# 
   578  0295                     	;# 
   579  0296                     	;# 
   580  0391                     	;# 
   581  0392                     	;# 
   582  0393                     	;# 
   583  039A                     	;# 
   584  039C                     	;# 
   585  039D                     	;# 
   586  039E                     	;# 
   587  039F                     	;# 
   588  0FE4                     	;# 
   589  0FE5                     	;# 
   590  0FE6                     	;# 
   591  0FE7                     	;# 
   592  0FE8                     	;# 
   593  0FE9                     	;# 
   594  0FEA                     	;# 
   595  0FEB                     	;# 
   596  0FED                     	;# 
   597  0FEE                     	;# 
   598  0FEF                     	;# 
   599  000C                     _PORTA	set	12
   600  0093                     _BCL1IF	set	147
   601  005F                     _GIE	set	95
   602  005E                     _PEIE	set	94
   603  008B                     _SSP1IF	set	139
   604  009D                     _ADCON0	set	157
   605  009E                     _ADCON1	set	158
   606  009C                     _ADRESH	set	156
   607  009B                     _ADRESL	set	155
   608  0099                     _OSCCON	set	153
   609  008C                     _TRISA	set	140
   610  0493                     _BCL1IE	set	1171
   611  04E9                     _GO_nDONE	set	1257
   612  048B                     _SSP1IE	set	1163
   613  010C                     _LATA	set	268
   614  018C                     _ANSELA	set	396
   615  0212                     _SSP1ADD	set	530
   616  0211                     _SSP1BUF	set	529
   617  0215                     _SSP1CON1	set	533
   618  0215                     _SSP1CON1bits	set	533
   619  0216                     _SSP1CON2bits	set	534
   620  0213                     _SSP1MSK	set	531
   621  0214                     _SSP1STAT	set	532
   622  0214                     _SSP1STATbits	set	532
   623                           
   624                           ; #config settings
   625  0000                     
   626                           	psect	cinit
   627  0063                     start_initialization:	
   628  0063                     __initialization:	
   629                           
   630                           ; Clear objects allocated to COMMON
   631  0063  01F9               	clrf	__pbssCOMMON& (0+127)
   632  0064  01FA               	clrf	(__pbssCOMMON+1)& (0+127)
   633                           
   634                           ; Clear objects allocated to BANK0
   635  0065  3020               	movlw	low __pbssBANK0
   636  0066  0084               	movwf	4
   637  0067  3000               	movlw	high __pbssBANK0
   638  0068  0085               	movwf	5
   639  0069  3014               	movlw	20
   640  006A  21A5               	fcall	clear_ram0
   641  006B                     end_of_initialization:	
   642                           ;End of C runtime variable initialization code
   643                           
   644  006B                     __end_of__initialization:	
   645  006B  107E               	bcf	int$flags,0	;clear compiler interrupt flag (level 1)
   646  006C  0020               	movlb	0
   647  006D  28F8               	ljmp	_main	;jump to C main() function
   648                           
   649                           	psect	bssCOMMON
   650  0079                     __pbssCOMMON:	
   651  0079                     _Rdtp:	
   652  0079                     	ds	1
   653  007A                     _Sdtp:	
   654  007A                     	ds	1
   655                           
   656                           	psect	bssBANK0
   657  0020                     __pbssBANK0:	
   658  0020                     _HL:	
   659  0020                     	ds	2
   660  0022                     _rcv_flg:	
   661  0022                     	ds	2
   662  0024                     _rcv:	
   663  0024                     	ds	8
   664  002C                     _snd:	
   665  002C                     	ds	8
   666                           
   667                           	psect	clrtext
   668  01A5                     clear_ram0:	
   669                           ;	Called with FSR0 containing the base address, and
   670                           ;	WREG with the size to clear
   671                           
   672  01A5  0064               	clrwdt	;clear the watchdog before getting into this loop
   673  01A6                     clrloop0:	
   674  01A6  0180               	clrf	0	;clear RAM location pointed to by FSR
   675  01A7  3101               	addfsr 0,1
   676  01A8  0B89               	decfsz	9,f	;Have we reached the end of clearing yet?
   677  01A9  29A6               	goto	clrloop0	;have we reached the end yet?
   678  01AA  3400               	retlw	0	;all done for this memory range, return
   679                           
   680                           	psect	cstackCOMMON
   681  0070                     __pcstackCOMMON:	
   682  0070                     ?_initOSCCON:	
   683  0070                     ?_main:	
   684                           ; 1 bytes @ 0x0
   685                           
   686  0070                     ?_i2cInterrupt:	
   687                           ; 1 bytes @ 0x0
   688                           
   689  0070                     ??_i2cInterrupt:	
   690                           ; 1 bytes @ 0x0
   691                           
   692                           
   693                           ; 1 bytes @ 0x0
   694  0070                     	ds	2
   695  0072                     i2cInterrupt@x:	
   696                           
   697                           ; 1 bytes @ 0x2
   698  0072                     	ds	1
   699  0073                     ?_delay_us:	
   700  0073                     ??_initOSCCON:	
   701                           ; 1 bytes @ 0x3
   702                           
   703  0073                     ?_i2cInit:	
   704                           ; 1 bytes @ 0x3
   705                           
   706  0073                     ?_digitalWrite:	
   707                           ; 1 bytes @ 0x3
   708                           
   709  0073                     ?_i2cReceiveCheck:	
   710                           ; 1 bytes @ 0x3
   711                           
   712  0073                     digitalWrite@value:	
   713                           ; 2 bytes @ 0x3
   714                           
   715  0073                     delay_us@time:	
   716                           ; 1 bytes @ 0x3
   717                           
   718  0073                     i2cInit@address:	
   719                           ; 2 bytes @ 0x3
   720                           
   721                           
   722                           ; 2 bytes @ 0x3
   723  0073                     	ds	1
   724  0074                     ??_digitalWrite:	
   725                           
   726                           ; 1 bytes @ 0x4
   727  0074                     	ds	1
   728  0075                     ??_delay_us:	
   729  0075                     ??_i2cInit:	
   730                           ; 1 bytes @ 0x5
   731                           
   732  0075                     ??_i2cReceiveCheck:	
   733                           ; 1 bytes @ 0x5
   734                           
   735  0075                     digitalWrite@pin:	
   736                           ; 1 bytes @ 0x5
   737                           
   738  0075                     i2cReceiveCheck@ans:	
   739                           ; 1 bytes @ 0x5
   740                           
   741                           
   742                           ; 2 bytes @ 0x5
   743  0075                     	ds	1
   744  0076                     delay_us@i:	
   745                           
   746                           ; 2 bytes @ 0x6
   747  0076                     	ds	2
   748  0078                     ?_pinMode:	
   749  0078                     pinMode@mode:	
   750                           ; 1 bytes @ 0x8
   751                           
   752                           
   753                           ; 1 bytes @ 0x8
   754  0078                     	ds	1
   755                           
   756                           	psect	cstackBANK0
   757  0034                     __pcstackBANK0:	
   758  0034                     ??_pinMode:	
   759                           
   760                           ; 1 bytes @ 0x0
   761  0034                     	ds	1
   762  0035                     pinMode@pin:	
   763                           
   764                           ; 1 bytes @ 0x1
   765  0035                     	ds	1
   766  0036                     ??_main:	
   767                           
   768                           ; 1 bytes @ 0x2
   769  0036                     	ds	1
   770  0037                     main@Mode:	
   771                           
   772                           ; 2 bytes @ 0x3
   773  0037                     	ds	2
   774                           
   775                           	psect	maintext
   776  00F8                     __pmaintext:	
   777 ;;
   778 ;;Main: autosize = 0, tempsize = 1, incstack = 0, save=0
   779 ;;
   780 ;; *************** function _main *****************
   781 ;; Defined at:
   782 ;;		line 16 in file "main.c"
   783 ;; Parameters:    Size  Location     Type
   784 ;;		None
   785 ;; Auto vars:     Size  Location     Type
   786 ;;  Mode            2    3[BANK0 ] int 
   787 ;; Return value:  Size  Location     Type
   788 ;;                  1    wreg      void 
   789 ;; Registers used:
   790 ;;		wreg, fsr0l, fsr0h, status,2, status,0, pclath, cstack
   791 ;; Tracked objects:
   792 ;;		On entry : B1F/0
   793 ;;		On exit  : 0/0
   794 ;;		Unchanged: 0/0
   795 ;; Data sizes:     COMMON   BANK0   BANK1
   796 ;;      Params:         0       0       0
   797 ;;      Locals:         0       2       0
   798 ;;      Temps:          0       1       0
   799 ;;      Totals:         0       3       0
   800 ;;Total ram usage:        3 bytes
   801 ;; Hardware stack levels required when called:    3
   802 ;; This function calls:
   803 ;;		_digitalWrite
   804 ;;		_i2cInit
   805 ;;		_i2cReceiveCheck
   806 ;;		_initOSCCON
   807 ;;		_pinMode
   808 ;; This function is called by:
   809 ;;		Startup code after reset
   810 ;; This function uses a non-reentrant model
   811 ;;
   812                           
   813                           
   814                           ;psect for function _main
   815  00F8                     _main:	
   816                           
   817                           ;main.c: 18: int Mode=0;
   818                           
   819                           ;incstack = 0
   820                           ; Regs used in _main: [wreg-fsr0h+status,2+status,0+pclath+cstack]
   821  00F8  0020               	movlb	0	; select bank0
   822  00F9  01B7               	clrf	main@Mode
   823  00FA  01B8               	clrf	main@Mode+1
   824                           
   825                           ;main.c: 20: initOSCCON();
   826  00FB  21AB               	fcall	_initOSCCON
   827                           
   828                           ;main.c: 22: pinMode((0),0x04);
   829  00FC  3004               	movlw	4
   830  00FD  0020               	movlb	0	; select bank0
   831  00FE  00B6               	movwf	??_main
   832  00FF  0836               	movf	??_main,w
   833  0100  00F8               	movwf	pinMode@mode
   834  0101  3000               	movlw	0
   835  0102  206E               	fcall	_pinMode
   836                           
   837                           ;main.c: 23: digitalWrite((0),0);
   838  0103  01F3               	clrf	digitalWrite@value
   839  0104  3000               	movlw	0
   840  0105  215D               	fcall	_digitalWrite
   841                           
   842                           ;main.c: 24: i2cInit((0x00)) ;
   843  0106  3000               	movlw	0
   844  0107  00F3               	movwf	i2cInit@address
   845  0108  00F4               	movwf	i2cInit@address+1
   846  0109  2139               	fcall	_i2cInit
   847                           
   848                           ;main.c: 25: snd[0]=(0xff);
   849  010A  30FF               	movlw	255
   850  010B  0020               	movlb	0	; select bank0
   851  010C  00B6               	movwf	??_main
   852  010D  0836               	movf	??_main,w
   853  010E  00AC               	movwf	_snd
   854  010F                     l1061:	
   855                           ;main.c: 27: while(1) {
   856                           
   857                           
   858                           ;main.c: 28: if (i2cReceiveCheck() != 0) {
   859  010F  217A               	fcall	_i2cReceiveCheck
   860  0110  0873               	movf	?_i2cReceiveCheck,w
   861  0111  0474               	iorwf	?_i2cReceiveCheck+1,w
   862  0112  1903               	btfsc	3,2
   863  0113  290F               	goto	l1061
   864                           
   865                           ;main.c: 29: GIE=0;
   866  0114  138B               	bcf	11,7	;volatile
   867                           
   868                           ;main.c: 30: switch(Mode){
   869  0115  2929               	goto	l1075
   870  0116                     l1065:	
   871                           ;main.c: 31: case 0:
   872                           
   873                           
   874                           ;main.c: 32: SSP1ADD = rcv[0]<<1 ;
   875  0116  0020               	movlb	0	; select bank0
   876  0117  3524               	lslf	_rcv,w
   877  0118  0024               	movlb	4	; select bank4
   878  0119  0092               	movwf	18	;volatile
   879                           
   880                           ;main.c: 33: digitalWrite(0,1);
   881  011A  01F3               	clrf	digitalWrite@value
   882  011B  0AF3               	incf	digitalWrite@value,f
   883  011C  3000               	movlw	0
   884  011D  215D               	fcall	_digitalWrite
   885                           
   886                           ;main.c: 34: Mode=1;
   887  011E  3001               	movlw	1
   888  011F  0020               	movlb	0	; select bank0
   889  0120  00B7               	movwf	main@Mode
   890  0121  3000               	movlw	0
   891  0122  00B8               	movwf	main@Mode+1
   892                           
   893                           ;main.c: 35: break;
   894  0123  2937               	goto	l74
   895  0124                     l1071:	
   896                           ;main.c: 36: case 1:
   897                           
   898                           
   899                           ;main.c: 37: snd[0]=0xff;
   900  0124  30FF               	movlw	255
   901  0125  00B6               	movwf	??_main
   902  0126  0836               	movf	??_main,w
   903  0127  00AC               	movwf	_snd
   904                           
   905                           ;main.c: 39: }
   906                           
   907                           ;main.c: 38: break;
   908  0128  2937               	goto	l74
   909  0129                     l1075:	
   910                           
   911                           ; Switch on 2 bytes has been partitioned into a top level switch of size 1, and 1 sub-sw
      +                          itches
   912                           ; Switch size 1, requested type "space"
   913                           ; Number of cases is 1, Range of values is 0 to 0
   914                           ; switch strategies available:
   915                           ; Name         Instructions Cycles
   916                           ; simple_byte            4     3 (average)
   917                           ; direct_byte            8     6 (fixed)
   918                           ; jumptable            260     6 (fixed)
   919                           ;	Chosen strategy is simple_byte
   920  0129  0020               	movlb	0	; select bank0
   921  012A  0838               	movf	main@Mode+1,w
   922  012B  3A00               	xorlw	0	; case 0
   923  012C  1903               	skipnz
   924  012D  292F               	goto	l1113
   925  012E  2937               	goto	l74
   926  012F                     l1113:	
   927                           
   928                           ; Switch size 1, requested type "space"
   929                           ; Number of cases is 2, Range of values is 0 to 1
   930                           ; switch strategies available:
   931                           ; Name         Instructions Cycles
   932                           ; simple_byte            7     4 (average)
   933                           ; direct_byte           10     6 (fixed)
   934                           ; jumptable            260     6 (fixed)
   935                           ;	Chosen strategy is simple_byte
   936  012F  0837               	movf	main@Mode,w
   937  0130  3A00               	xorlw	0	; case 0
   938  0131  1903               	skipnz
   939  0132  2916               	goto	l1065
   940  0133  3A01               	xorlw	1	; case 1
   941  0134  1903               	skipnz
   942  0135  2924               	goto	l1071
   943  0136  2937               	goto	l74
   944  0137                     l74:	
   945                           
   946                           ;main.c: 40: GIE=1;
   947  0137  178B               	bsf	11,7	;volatile
   948  0138  290F               	goto	l1061
   949  0139                     __end_of_main:	
   950                           
   951                           	psect	text1
   952  006E                     __ptext1:	
   953 ;; *************** function _pinMode *****************
   954 ;; Defined at:
   955 ;;		line 4 in file "io.c"
   956 ;; Parameters:    Size  Location     Type
   957 ;;  pin             1    wreg     unsigned char 
   958 ;;  mode            1    8[COMMON] unsigned char 
   959 ;; Auto vars:     Size  Location     Type
   960 ;;  pin             1    1[BANK0 ] unsigned char 
   961 ;; Return value:  Size  Location     Type
   962 ;;                  1    wreg      void 
   963 ;; Registers used:
   964 ;;		wreg, fsr0l, fsr0h, status,2, status,0, pclath, cstack
   965 ;; Tracked objects:
   966 ;;		On entry : 0/0
   967 ;;		On exit  : 0/0
   968 ;;		Unchanged: 0/0
   969 ;; Data sizes:     COMMON   BANK0   BANK1
   970 ;;      Params:         1       0       0
   971 ;;      Locals:         0       1       0
   972 ;;      Temps:          0       1       0
   973 ;;      Totals:         1       2       0
   974 ;;Total ram usage:        3 bytes
   975 ;; Hardware stack levels used:    1
   976 ;; Hardware stack levels required when called:    2
   977 ;; This function calls:
   978 ;;		_delay_us
   979 ;; This function is called by:
   980 ;;		_main
   981 ;; This function uses a non-reentrant model
   982 ;;
   983                           
   984                           
   985                           ;psect for function _pinMode
   986  006E                     _pinMode:	
   987                           
   988                           ;incstack = 0
   989                           ; Regs used in _pinMode: [wreg-fsr0h+status,2+status,0+pclath+cstack]
   990                           ;pinMode@pin stored from wreg
   991  006E  0020               	movlb	0	; select bank0
   992  006F  00B5               	movwf	pinMode@pin
   993                           
   994                           ;io.c: 5: LATA = LATA & ~(1 << pin);
   995  0070  3001               	movlw	1
   996  0071  00B4               	movwf	??_pinMode
   997  0072  0A35               	incf	pinMode@pin,w
   998  0073  2875               	goto	u554
   999  0074                     u555:	
  1000  0074  35B4               	lslf	??_pinMode,f
  1001  0075                     u554:	
  1002  0075  0B89               	decfsz	9,f
  1003  0076  2874               	goto	u555
  1004  0077  0834               	movf	??_pinMode,w
  1005  0078  3AFF               	xorlw	255
  1006  0079  0022               	movlb	2	; select bank2
  1007  007A  050C               	andwf	12,w	;volatile
  1008  007B  008C               	movwf	12	;volatile
  1009                           
  1010                           ;io.c: 6: switch (mode) {
  1011  007C  28EC               	goto	l1047
  1012  007D                     l1031:	
  1013                           ;io.c: 7: case 0x01:
  1014                           
  1015                           
  1016                           ;io.c: 8: TRISA = TRISA | (1 << pin);
  1017  007D  3001               	movlw	1
  1018  007E  0020               	movlb	0	; select bank0
  1019  007F  00B4               	movwf	??_pinMode
  1020  0080  0A35               	incf	pinMode@pin,w
  1021  0081  2883               	goto	u564
  1022  0082                     u565:	
  1023  0082  35B4               	lslf	??_pinMode,f
  1024  0083                     u564:	
  1025  0083  0B89               	decfsz	9,f
  1026  0084  2882               	goto	u565
  1027  0085  0834               	movf	??_pinMode,w
  1028  0086  0021               	movlb	1	; select bank1
  1029  0087  040C               	iorwf	12,w	;volatile
  1030  0088  008C               	movwf	12	;volatile
  1031                           
  1032                           ;io.c: 9: ANSELA = ANSELA & (~(1 << pin));
  1033  0089  3001               	movlw	1
  1034  008A  0020               	movlb	0	; select bank0
  1035  008B  00B4               	movwf	??_pinMode
  1036  008C  0A35               	incf	pinMode@pin,w
  1037  008D  288F               	goto	u574
  1038  008E                     u575:	
  1039  008E  35B4               	lslf	??_pinMode,f
  1040  008F                     u574:	
  1041  008F  0B89               	decfsz	9,f
  1042  0090  288E               	goto	u575
  1043  0091  0834               	movf	??_pinMode,w
  1044  0092  3AFF               	xorlw	255
  1045  0093  0023               	movlb	3	; select bank3
  1046  0094  050C               	andwf	12,w	;volatile
  1047  0095  008C               	movwf	12	;volatile
  1048                           
  1049                           ;io.c: 10: break;
  1050  0096  0008               	return
  1051  0097                     l1033:	
  1052                           ;io.c: 11: case 0x04:
  1053                           
  1054                           
  1055                           ;io.c: 12: TRISA = TRISA & (~(1 << pin));
  1056  0097  3001               	movlw	1
  1057  0098  0020               	movlb	0	; select bank0
  1058  0099  00B4               	movwf	??_pinMode
  1059  009A  0A35               	incf	pinMode@pin,w
  1060  009B  289D               	goto	u584
  1061  009C                     u585:	
  1062  009C  35B4               	lslf	??_pinMode,f
  1063  009D                     u584:	
  1064  009D  0B89               	decfsz	9,f
  1065  009E  289C               	goto	u585
  1066  009F  0834               	movf	??_pinMode,w
  1067  00A0  3AFF               	xorlw	255
  1068  00A1  0021               	movlb	1	; select bank1
  1069  00A2  050C               	andwf	12,w	;volatile
  1070  00A3  008C               	movwf	12	;volatile
  1071                           
  1072                           ;io.c: 13: ANSELA = ANSELA & (~(1 << pin));
  1073  00A4  3001               	movlw	1
  1074  00A5  0020               	movlb	0	; select bank0
  1075  00A6  00B4               	movwf	??_pinMode
  1076  00A7  0A35               	incf	pinMode@pin,w
  1077  00A8  28AA               	goto	u594
  1078  00A9                     u595:	
  1079  00A9  35B4               	lslf	??_pinMode,f
  1080  00AA                     u594:	
  1081  00AA  0B89               	decfsz	9,f
  1082  00AB  28A9               	goto	u595
  1083  00AC  0834               	movf	??_pinMode,w
  1084  00AD  3AFF               	xorlw	255
  1085  00AE  0023               	movlb	3	; select bank3
  1086  00AF  050C               	andwf	12,w	;volatile
  1087  00B0  008C               	movwf	12	;volatile
  1088                           
  1089                           ;io.c: 14: break;
  1090  00B1  0008               	return
  1091  00B2                     l1035:	
  1092                           ;io.c: 15: case 0x03:
  1093                           
  1094                           
  1095                           ;io.c: 16: TRISA = TRISA | (1 << pin);
  1096  00B2  3001               	movlw	1
  1097  00B3  0020               	movlb	0	; select bank0
  1098  00B4  00B4               	movwf	??_pinMode
  1099  00B5  0A35               	incf	pinMode@pin,w
  1100  00B6  28B8               	goto	u604
  1101  00B7                     u605:	
  1102  00B7  35B4               	lslf	??_pinMode,f
  1103  00B8                     u604:	
  1104  00B8  0B89               	decfsz	9,f
  1105  00B9  28B7               	goto	u605
  1106  00BA  0834               	movf	??_pinMode,w
  1107  00BB  0021               	movlb	1	; select bank1
  1108  00BC  040C               	iorwf	12,w	;volatile
  1109  00BD  008C               	movwf	12	;volatile
  1110                           
  1111                           ;io.c: 17: ANSELA = ANSELA | ((1 << pin));
  1112  00BE  3001               	movlw	1
  1113  00BF  0020               	movlb	0	; select bank0
  1114  00C0  00B4               	movwf	??_pinMode
  1115  00C1  0A35               	incf	pinMode@pin,w
  1116  00C2  28C4               	goto	u614
  1117  00C3                     u615:	
  1118  00C3  35B4               	lslf	??_pinMode,f
  1119  00C4                     u614:	
  1120  00C4  0B89               	decfsz	9,f
  1121  00C5  28C3               	goto	u615
  1122  00C6  0834               	movf	??_pinMode,w
  1123  00C7  0023               	movlb	3	; select bank3
  1124  00C8  040C               	iorwf	12,w	;volatile
  1125  00C9  008C               	movwf	12	;volatile
  1126                           
  1127                           ;io.c: 18: ADCON1 = 0b00010011 ;
  1128  00CA  3013               	movlw	19
  1129  00CB  0021               	movlb	1	; select bank1
  1130  00CC  009E               	movwf	30	;volatile
  1131                           
  1132                           ;io.c: 19: ADCON0 = ADCON0 | 0x01 | ((pin<<3)) ;
  1133  00CD  0020               	movlb	0	; select bank0
  1134  00CE  0835               	movf	pinMode@pin,w
  1135  00CF  00B4               	movwf	??_pinMode
  1136  00D0  3002               	movlw	2
  1137  00D1                     u625:	
  1138  00D1  35B4               	lslf	??_pinMode,f
  1139  00D2  3EFF               	addlw	-1
  1140  00D3  1D03               	skipz
  1141  00D4  28D1               	goto	u625
  1142  00D5  3534               	lslf	??_pinMode,w
  1143  00D6  0021               	movlb	1	; select bank1
  1144  00D7  041D               	iorwf	29,w	;volatile
  1145  00D8  3801               	iorlw	1
  1146  00D9  009D               	movwf	29	;volatile
  1147                           
  1148                           ;io.c: 20: PORTA = PORTA & (~(1 << pin));
  1149  00DA  3001               	movlw	1
  1150  00DB  0020               	movlb	0	; select bank0
  1151  00DC  00B4               	movwf	??_pinMode
  1152  00DD  0A35               	incf	pinMode@pin,w
  1153  00DE  28E0               	goto	u634
  1154  00DF                     u635:	
  1155  00DF  35B4               	lslf	??_pinMode,f
  1156  00E0                     u634:	
  1157  00E0  0B89               	decfsz	9,f
  1158  00E1  28DF               	goto	u635
  1159  00E2  0834               	movf	??_pinMode,w
  1160  00E3  3AFF               	xorlw	255
  1161  00E4  050C               	andwf	12,w	;volatile
  1162  00E5  008C               	movwf	12	;volatile
  1163                           
  1164                           ;io.c: 21: delay_us(5);
  1165  00E6  3005               	movlw	5
  1166  00E7  00F3               	movwf	delay_us@time
  1167  00E8  3000               	movlw	0
  1168  00E9  00F4               	movwf	delay_us@time+1
  1169  00EA  2191               	fcall	_delay_us
  1170                           
  1171                           ;io.c: 23: }
  1172                           
  1173                           ;io.c: 22: break;
  1174  00EB  0008               	return
  1175  00EC                     l1047:	
  1176  00EC  0878               	movf	pinMode@mode,w
  1177                           
  1178                           ; Switch size 1, requested type "space"
  1179                           ; Number of cases is 3, Range of values is 1 to 4
  1180                           ; switch strategies available:
  1181                           ; Name         Instructions Cycles
  1182                           ; simple_byte           10     6 (average)
  1183                           ; direct_byte           17     9 (fixed)
  1184                           ; jumptable            263     9 (fixed)
  1185                           ;	Chosen strategy is simple_byte
  1186  00ED  3A01               	xorlw	1	; case 1
  1187  00EE  1903               	skipnz
  1188  00EF  287D               	goto	l1031
  1189  00F0  3A02               	xorlw	2	; case 3
  1190  00F1  1903               	skipnz
  1191  00F2  28B2               	goto	l1035
  1192  00F3  3A07               	xorlw	7	; case 4
  1193  00F4  1903               	skipnz
  1194  00F5  2897               	goto	l1033
  1195  00F6  28F7               	goto	l30
  1196  00F7                     l30:	
  1197  00F7  0008               	return
  1198  00F8                     __end_of_pinMode:	
  1199                           
  1200                           	psect	text2
  1201  0191                     __ptext2:	
  1202 ;; *************** function _delay_us *****************
  1203 ;; Defined at:
  1204 ;;		line 10 in file "delay.c"
  1205 ;; Parameters:    Size  Location     Type
  1206 ;;  time            2    3[COMMON] int 
  1207 ;; Auto vars:     Size  Location     Type
  1208 ;;  i               2    6[COMMON] int 
  1209 ;; Return value:  Size  Location     Type
  1210 ;;                  1    wreg      void 
  1211 ;; Registers used:
  1212 ;;		wreg, status,2
  1213 ;; Tracked objects:
  1214 ;;		On entry : 0/0
  1215 ;;		On exit  : 0/0
  1216 ;;		Unchanged: 0/0
  1217 ;; Data sizes:     COMMON   BANK0   BANK1
  1218 ;;      Params:         2       0       0
  1219 ;;      Locals:         2       0       0
  1220 ;;      Temps:          1       0       0
  1221 ;;      Totals:         5       0       0
  1222 ;;Total ram usage:        5 bytes
  1223 ;; Hardware stack levels used:    1
  1224 ;; Hardware stack levels required when called:    1
  1225 ;; This function calls:
  1226 ;;		Nothing
  1227 ;; This function is called by:
  1228 ;;		_pinMode
  1229 ;; This function uses a non-reentrant model
  1230 ;;
  1231                           
  1232                           
  1233                           ;psect for function _delay_us
  1234  0191                     _delay_us:	
  1235                           
  1236                           ;delay.c: 11: int i;
  1237                           ;delay.c: 12: for(i=0;i<time;i++){
  1238                           
  1239                           ;incstack = 0
  1240                           ; Regs used in _delay_us: [wreg+status,2]
  1241  0191  01F6               	clrf	delay_us@i
  1242  0192  01F7               	clrf	delay_us@i+1
  1243  0193                     l89:	
  1244  0193  0877               	movf	delay_us@i+1,w
  1245  0194  3A80               	xorlw	128
  1246  0195  00F5               	movwf	??_delay_us
  1247  0196  0874               	movf	delay_us@time+1,w
  1248  0197  3A80               	xorlw	128
  1249  0198  0275               	subwf	??_delay_us,w
  1250  0199  1D03               	skipz
  1251  019A  299D               	goto	u545
  1252  019B  0873               	movf	delay_us@time,w
  1253  019C  0276               	subwf	delay_us@i,w
  1254  019D                     u545:	
  1255  019D  1803               	btfsc	3,0
  1256  019E  0008               	return
  1257                           
  1258                           ;delay.c: 13: _delay((unsigned long)((1)*(8000000/4000000.0)));
  1259  019F  3200               	nop2	;2 cycle nop
  1260  01A0  3001               	movlw	1
  1261  01A1  07F6               	addwf	delay_us@i,f
  1262  01A2  3000               	movlw	0
  1263  01A3  3DF7               	addwfc	delay_us@i+1,f
  1264  01A4  2993               	goto	l89
  1265  01A5                     __end_of_delay_us:	
  1266                           
  1267                           	psect	text3
  1268  01AB                     __ptext3:	
  1269 ;; *************** function _initOSCCON *****************
  1270 ;; Defined at:
  1271 ;;		line 5 in file "osccon.c"
  1272 ;; Parameters:    Size  Location     Type
  1273 ;;		None
  1274 ;; Auto vars:     Size  Location     Type
  1275 ;;		None
  1276 ;; Return value:  Size  Location     Type
  1277 ;;                  1    wreg      void 
  1278 ;; Registers used:
  1279 ;;		wreg, status,2, status,0
  1280 ;; Tracked objects:
  1281 ;;		On entry : 0/0
  1282 ;;		On exit  : 0/0
  1283 ;;		Unchanged: 0/0
  1284 ;; Data sizes:     COMMON   BANK0   BANK1
  1285 ;;      Params:         0       0       0
  1286 ;;      Locals:         0       0       0
  1287 ;;      Temps:          1       0       0
  1288 ;;      Totals:         1       0       0
  1289 ;;Total ram usage:        1 bytes
  1290 ;; Hardware stack levels used:    1
  1291 ;; Hardware stack levels required when called:    1
  1292 ;; This function calls:
  1293 ;;		Nothing
  1294 ;; This function is called by:
  1295 ;;		_main
  1296 ;; This function uses a non-reentrant model
  1297 ;;
  1298                           
  1299                           
  1300                           ;psect for function _initOSCCON
  1301  01AB                     _initOSCCON:	
  1302                           
  1303                           ;osccon.c: 11: OSCCON|=0b01110010;
  1304                           
  1305                           ;incstack = 0
  1306                           ; Regs used in _initOSCCON: [wreg+status,2+status,0]
  1307  01AB  3072               	movlw	114
  1308  01AC  00F3               	movwf	??_initOSCCON
  1309  01AD  0873               	movf	??_initOSCCON,w
  1310  01AE  0021               	movlb	1	; select bank1
  1311  01AF  0499               	iorwf	25,f	;volatile
  1312  01B0  0008               	return
  1313  01B1                     __end_of_initOSCCON:	
  1314                           
  1315                           	psect	text4
  1316  017A                     __ptext4:	
  1317 ;; *************** function _i2cReceiveCheck *****************
  1318 ;; Defined at:
  1319 ;;		line 185 in file "i2c.c"
  1320 ;; Parameters:    Size  Location     Type
  1321 ;;		None
  1322 ;; Auto vars:     Size  Location     Type
  1323 ;;  ans             2    5[COMMON] int 
  1324 ;; Return value:  Size  Location     Type
  1325 ;;                  2    3[COMMON] int 
  1326 ;; Registers used:
  1327 ;;		wreg, status,2, status,0
  1328 ;; Tracked objects:
  1329 ;;		On entry : 0/0
  1330 ;;		On exit  : 0/0
  1331 ;;		Unchanged: 0/0
  1332 ;; Data sizes:     COMMON   BANK0   BANK1
  1333 ;;      Params:         2       0       0
  1334 ;;      Locals:         2       0       0
  1335 ;;      Temps:          0       0       0
  1336 ;;      Totals:         4       0       0
  1337 ;;Total ram usage:        4 bytes
  1338 ;; Hardware stack levels used:    1
  1339 ;; Hardware stack levels required when called:    1
  1340 ;; This function calls:
  1341 ;;		Nothing
  1342 ;; This function is called by:
  1343 ;;		_main
  1344 ;; This function uses a non-reentrant model
  1345 ;;
  1346                           
  1347                           
  1348                           ;psect for function _i2cReceiveCheck
  1349  017A                     _i2cReceiveCheck:	
  1350                           
  1351                           ;i2c.c: 186: int ans;
  1352                           ;i2c.c: 188: ans = 0;
  1353                           
  1354                           ;incstack = 0
  1355                           ; Regs used in _i2cReceiveCheck: [wreg+status,2+status,0]
  1356  017A  01F5               	clrf	i2cReceiveCheck@ans
  1357  017B  01F6               	clrf	i2cReceiveCheck@ans+1
  1358                           
  1359                           ;i2c.c: 189: if (rcv_flg != 0) {
  1360  017C  0020               	movlb	0	; select bank0
  1361  017D  0822               	movf	_rcv_flg,w
  1362  017E  0423               	iorwf	_rcv_flg+1,w
  1363  017F  1903               	btfsc	3,2
  1364  0180  298C               	goto	l911
  1365                           
  1366                           ;i2c.c: 190: if ((SSP1STATbits.S == 0) && (SSP1STATbits.P == 1)) {
  1367  0181  0024               	movlb	4	; select bank4
  1368  0182  1D94               	btfss	20,3	;volatile
  1369  0183  1E14               	btfss	20,4	;volatile
  1370  0184  298C               	goto	l911
  1371                           
  1372                           ;i2c.c: 191: ans = rcv_flg;
  1373  0185  0020               	movlb	0	; select bank0
  1374  0186  0823               	movf	_rcv_flg+1,w
  1375  0187  00F6               	movwf	i2cReceiveCheck@ans+1
  1376  0188  0822               	movf	_rcv_flg,w
  1377  0189  00F5               	movwf	i2cReceiveCheck@ans
  1378                           
  1379                           ;i2c.c: 192: rcv_flg = 0;
  1380  018A  01A2               	clrf	_rcv_flg
  1381  018B  01A3               	clrf	_rcv_flg+1
  1382  018C                     l911:	
  1383                           
  1384                           ;i2c.c: 193: }
  1385                           ;i2c.c: 194: }
  1386                           ;i2c.c: 195: return (ans);
  1387  018C  0876               	movf	i2cReceiveCheck@ans+1,w
  1388  018D  00F4               	movwf	?_i2cReceiveCheck+1
  1389  018E  0875               	movf	i2cReceiveCheck@ans,w
  1390  018F  00F3               	movwf	?_i2cReceiveCheck
  1391  0190  0008               	return
  1392  0191                     __end_of_i2cReceiveCheck:	
  1393                           
  1394                           	psect	text5
  1395  0139                     __ptext5:	
  1396 ;; *************** function _i2cInit *****************
  1397 ;; Defined at:
  1398 ;;		line 166 in file "i2c.c"
  1399 ;; Parameters:    Size  Location     Type
  1400 ;;  address         2    3[COMMON] int 
  1401 ;; Auto vars:     Size  Location     Type
  1402 ;;		None
  1403 ;; Return value:  Size  Location     Type
  1404 ;;                  1    wreg      void 
  1405 ;; Registers used:
  1406 ;;		wreg, status,2, status,0
  1407 ;; Tracked objects:
  1408 ;;		On entry : 0/0
  1409 ;;		On exit  : 0/0
  1410 ;;		Unchanged: 0/0
  1411 ;; Data sizes:     COMMON   BANK0   BANK1
  1412 ;;      Params:         2       0       0
  1413 ;;      Locals:         0       0       0
  1414 ;;      Temps:          1       0       0
  1415 ;;      Totals:         3       0       0
  1416 ;;Total ram usage:        3 bytes
  1417 ;; Hardware stack levels used:    1
  1418 ;; Hardware stack levels required when called:    1
  1419 ;; This function calls:
  1420 ;;		Nothing
  1421 ;; This function is called by:
  1422 ;;		_main
  1423 ;; This function uses a non-reentrant model
  1424 ;;
  1425                           
  1426                           
  1427                           ;psect for function _i2cInit
  1428  0139                     _i2cInit:	
  1429                           
  1430                           ;i2c.c: 167: SSP1STAT = 0b10000000;
  1431                           
  1432                           ;incstack = 0
  1433                           ; Regs used in _i2cInit: [wreg+status,2+status,0]
  1434  0139  3080               	movlw	128
  1435  013A  0024               	movlb	4	; select bank4
  1436  013B  0094               	movwf	20	;volatile
  1437                           
  1438                           ;i2c.c: 168: SSP1CON1 = 0b00100110;
  1439  013C  3026               	movlw	38
  1440  013D  0095               	movwf	21	;volatile
  1441                           
  1442                           ;i2c.c: 169: SSP1CON2bits.SEN = 1;
  1443  013E  1416               	bsf	22,0	;volatile
  1444                           
  1445                           ;i2c.c: 171: SSP1ADD = address << 1;
  1446  013F  3573               	lslf	i2cInit@address,w
  1447  0140  0092               	movwf	18	;volatile
  1448                           
  1449                           ;i2c.c: 172: SSP1MSK = 0b11111110;
  1450  0141  30FE               	movlw	254
  1451  0142  0093               	movwf	19	;volatile
  1452                           
  1453                           ;i2c.c: 173: SSP1IE = 1;
  1454  0143  0021               	movlb	1	; select bank1
  1455  0144  1591               	bsf	17,3	;volatile
  1456                           
  1457                           ;i2c.c: 174: BCL1IE = 1;
  1458  0145  1592               	bsf	18,3	;volatile
  1459                           
  1460                           ;i2c.c: 175: PEIE = 1;
  1461  0146  170B               	bsf	11,6	;volatile
  1462                           
  1463                           ;i2c.c: 176: GIE = 1;
  1464  0147  178B               	bsf	11,7	;volatile
  1465                           
  1466                           ;i2c.c: 177: SSP1IF = 0;
  1467  0148  0020               	movlb	0	; select bank0
  1468  0149  1191               	bcf	17,3	;volatile
  1469                           
  1470                           ;i2c.c: 178: BCL1IF = 0;
  1471  014A  1192               	bcf	18,3	;volatile
  1472                           
  1473                           ;i2c.c: 179: rcv_flg = 0;
  1474  014B  01A2               	clrf	_rcv_flg
  1475  014C  01A3               	clrf	_rcv_flg+1
  1476                           
  1477                           ;i2c.c: 180: ANSELA &= 0b11111001;
  1478  014D  30F9               	movlw	249
  1479  014E  00F5               	movwf	??_i2cInit
  1480  014F  0875               	movf	??_i2cInit,w
  1481  0150  0023               	movlb	3	; select bank3
  1482  0151  058C               	andwf	12,f	;volatile
  1483                           
  1484                           ;i2c.c: 181: TRISA |= 0b00000110;
  1485  0152  3006               	movlw	6
  1486  0153  00F5               	movwf	??_i2cInit
  1487  0154  0875               	movf	??_i2cInit,w
  1488  0155  0021               	movlb	1	; select bank1
  1489  0156  048C               	iorwf	12,f	;volatile
  1490                           
  1491                           ;i2c.c: 182: PORTA &= 0b11111001;
  1492  0157  30F9               	movlw	249
  1493  0158  00F5               	movwf	??_i2cInit
  1494  0159  0875               	movf	??_i2cInit,w
  1495  015A  0020               	movlb	0	; select bank0
  1496  015B  058C               	andwf	12,f	;volatile
  1497  015C  0008               	return
  1498  015D                     __end_of_i2cInit:	
  1499                           
  1500                           	psect	text6
  1501  015D                     __ptext6:	
  1502 ;; *************** function _digitalWrite *****************
  1503 ;; Defined at:
  1504 ;;		line 26 in file "io.c"
  1505 ;; Parameters:    Size  Location     Type
  1506 ;;  pin             1    wreg     unsigned char 
  1507 ;;  value           1    3[COMMON] unsigned char 
  1508 ;; Auto vars:     Size  Location     Type
  1509 ;;  pin             1    5[COMMON] unsigned char 
  1510 ;; Return value:  Size  Location     Type
  1511 ;;                  1    wreg      void 
  1512 ;; Registers used:
  1513 ;;		wreg, status,2, status,0
  1514 ;; Tracked objects:
  1515 ;;		On entry : 0/0
  1516 ;;		On exit  : 0/0
  1517 ;;		Unchanged: 0/0
  1518 ;; Data sizes:     COMMON   BANK0   BANK1
  1519 ;;      Params:         1       0       0
  1520 ;;      Locals:         1       0       0
  1521 ;;      Temps:          1       0       0
  1522 ;;      Totals:         3       0       0
  1523 ;;Total ram usage:        3 bytes
  1524 ;; Hardware stack levels used:    1
  1525 ;; Hardware stack levels required when called:    1
  1526 ;; This function calls:
  1527 ;;		Nothing
  1528 ;; This function is called by:
  1529 ;;		_main
  1530 ;; This function uses a non-reentrant model
  1531 ;;
  1532                           
  1533                           
  1534                           ;psect for function _digitalWrite
  1535  015D                     _digitalWrite:	
  1536                           
  1537                           ;incstack = 0
  1538                           ; Regs used in _digitalWrite: [wreg+status,2+status,0]
  1539                           ;digitalWrite@pin stored from wreg
  1540  015D  00F5               	movwf	digitalWrite@pin
  1541                           
  1542                           ;io.c: 27: if (value) {
  1543  015E  0873               	movf	digitalWrite@value,w
  1544  015F  1903               	btfsc	3,2
  1545  0160  296D               	goto	l867
  1546                           
  1547                           ;io.c: 28: LATA = LATA | (1 << pin);
  1548  0161  3001               	movlw	1
  1549  0162  00F4               	movwf	??_digitalWrite
  1550  0163  0A75               	incf	digitalWrite@pin,w
  1551  0164  2966               	goto	u404
  1552  0165                     u405:	
  1553  0165  35F4               	lslf	??_digitalWrite,f
  1554  0166                     u404:	
  1555  0166  0B89               	decfsz	9,f
  1556  0167  2965               	goto	u405
  1557  0168  0874               	movf	??_digitalWrite,w
  1558  0169  0022               	movlb	2	; select bank2
  1559  016A  040C               	iorwf	12,w	;volatile
  1560  016B  008C               	movwf	12	;volatile
  1561                           
  1562                           ;io.c: 29: } else {
  1563  016C  0008               	return
  1564  016D                     l867:	
  1565                           
  1566                           ;io.c: 30: LATA = LATA & ~(1 << pin);
  1567  016D  3001               	movlw	1
  1568  016E  00F4               	movwf	??_digitalWrite
  1569  016F  0A75               	incf	digitalWrite@pin,w
  1570  0170  2972               	goto	u414
  1571  0171                     u415:	
  1572  0171  35F4               	lslf	??_digitalWrite,f
  1573  0172                     u414:	
  1574  0172  0B89               	decfsz	9,f
  1575  0173  2971               	goto	u415
  1576  0174  0874               	movf	??_digitalWrite,w
  1577  0175  3AFF               	xorlw	255
  1578  0176  0022               	movlb	2	; select bank2
  1579  0177  050C               	andwf	12,w	;volatile
  1580  0178  008C               	movwf	12	;volatile
  1581  0179  0008               	return
  1582  017A                     __end_of_digitalWrite:	
  1583                           
  1584                           	psect	intentry
  1585  0004                     __pintentry:	
  1586 ;; *************** function _i2cInterrupt *****************
  1587 ;; Defined at:
  1588 ;;		line 109 in file "i2c.c"
  1589 ;; Parameters:    Size  Location     Type
  1590 ;;		None
  1591 ;; Auto vars:     Size  Location     Type
  1592 ;;  x               1    2[COMMON] unsigned char 
  1593 ;; Return value:  Size  Location     Type
  1594 ;;                  1    wreg      void 
  1595 ;; Registers used:
  1596 ;;		wreg, fsr1l, fsr1h, status,2, status,0
  1597 ;; Tracked objects:
  1598 ;;		On entry : 0/0
  1599 ;;		On exit  : 0/0
  1600 ;;		Unchanged: 0/0
  1601 ;; Data sizes:     COMMON   BANK0   BANK1
  1602 ;;      Params:         0       0       0
  1603 ;;      Locals:         1       0       0
  1604 ;;      Temps:          2       0       0
  1605 ;;      Totals:         3       0       0
  1606 ;;Total ram usage:        3 bytes
  1607 ;; Hardware stack levels used:    1
  1608 ;; This function calls:
  1609 ;;		Nothing
  1610 ;; This function is called by:
  1611 ;;		Interrupt level 1
  1612 ;; This function uses a non-reentrant model
  1613 ;;
  1614                           
  1615  0004                     _i2cInterrupt:	
  1616                           
  1617                           ;incstack = 0
  1618                           ; Regs used in _i2cInterrupt: [wreg+fsr1l+fsr1h+status,2+status,0]
  1619  0004  147E               	bsf	126,0	;set compiler interrupt flag (level 1)
  1620  0005  3180               	pagesel	$
  1621  0006  0020               	movlb	0	; select bank0
  1622  0007  087F               	movf	127,w
  1623  0008  00F1               	movwf	??_i2cInterrupt+1
  1624                           
  1625                           ;i2c.c: 110: char x;
  1626                           ;i2c.c: 115: if (SSP1IF == 1) {
  1627  0009  1D91               	btfss	17,3	;volatile
  1628  000A  285B               	goto	i1l149
  1629                           
  1630                           ;i2c.c: 116: if (SSP1STATbits.R_nW == 0) {
  1631  000B  0024               	movlb	4	; select bank4
  1632  000C  1914               	btfsc	20,2	;volatile
  1633  000D  282E               	goto	i1l150
  1634                           
  1635                           ;i2c.c: 118: if (SSP1STATbits.D_nA == 0) {
  1636  000E  1A94               	btfsc	20,5	;volatile
  1637  000F  281C               	goto	i1l959
  1638                           
  1639                           ;i2c.c: 120: Rdtp = (char *) rcv;
  1640  0010  3024               	movlw	(low (_rcv| 0))& (0+255)
  1641  0011  00F0               	movwf	??_i2cInterrupt
  1642  0012  0870               	movf	??_i2cInterrupt,w
  1643  0013  00F9               	movwf	_Rdtp
  1644                           
  1645                           ;i2c.c: 121: x = SSP1BUF;
  1646  0014  0811               	movf	17,w	;volatile
  1647  0015  00F0               	movwf	??_i2cInterrupt
  1648  0016  0870               	movf	??_i2cInterrupt,w
  1649  0017  00F2               	movwf	i2cInterrupt@x
  1650                           
  1651                           ;i2c.c: 122: rcv_flg = 0;
  1652  0018  0020               	movlb	0	; select bank0
  1653  0019  01A2               	clrf	_rcv_flg
  1654  001A  01A3               	clrf	_rcv_flg+1
  1655                           
  1656                           ;i2c.c: 123: } else {
  1657  001B  2855               	goto	L1
  1658  001C                     i1l959:	
  1659                           
  1660                           ;i2c.c: 125: *Rdtp = SSP1BUF;
  1661  001C  0024               	movlb	4	; select bank4
  1662  001D  0811               	movf	17,w	;volatile
  1663  001E  00F0               	movwf	??_i2cInterrupt
  1664  001F  0879               	movf	_Rdtp,w
  1665  0020  0086               	movwf	6
  1666  0021  0187               	clrf	7
  1667  0022  0870               	movf	??_i2cInterrupt,w
  1668  0023  0081               	movwf	1
  1669                           
  1670                           ;i2c.c: 126: Rdtp++;
  1671  0024  3001               	movlw	1
  1672  0025  00F0               	movwf	??_i2cInterrupt
  1673  0026  0870               	movf	??_i2cInterrupt,w
  1674  0027  07F9               	addwf	_Rdtp,f
  1675                           
  1676                           ;i2c.c: 127: rcv_flg++;
  1677  0028  3001               	movlw	1
  1678  0029  0020               	movlb	0	; select bank0
  1679  002A  07A2               	addwf	_rcv_flg,f
  1680  002B  3000               	movlw	0
  1681  002C  3DA3               	addwfc	_rcv_flg+1,f
  1682  002D  2855               	goto	L1
  1683  002E                     i1l150:	
  1684                           ;i2c.c: 131: } else {
  1685                           
  1686                           ;i2c.c: 130: SSP1CON1bits.CKP = 1;
  1687                           
  1688                           ;i2c.c: 128: }
  1689                           ;i2c.c: 129: SSP1IF = 0;
  1690                           
  1691                           
  1692                           ;i2c.c: 133: if (SSP1STATbits.BF == 1) {
  1693  002E  1C14               	btfss	20,0	;volatile
  1694  002F  2841               	goto	i1l154
  1695                           
  1696                           ;i2c.c: 135: Sdtp = (char *) snd;
  1697  0030  302C               	movlw	(low (_snd| 0))& (0+255)
  1698  0031  00F0               	movwf	??_i2cInterrupt
  1699  0032  0870               	movf	??_i2cInterrupt,w
  1700  0033  00FA               	movwf	_Sdtp
  1701                           
  1702                           ;i2c.c: 136: x = SSP1BUF;
  1703  0034  0811               	movf	17,w	;volatile
  1704  0035  00F0               	movwf	??_i2cInterrupt
  1705  0036  0870               	movf	??_i2cInterrupt,w
  1706  0037  00F2               	movwf	i2cInterrupt@x
  1707  0038                     i1l971:	
  1708                           ;i2c.c: 137: while ((SSP1CON1bits.CKP) | (SSP1STATbits.BF));
  1709                           
  1710  0038  0814               	movf	20,w	;volatile
  1711  0039  3901               	andlw	1
  1712  003A  00F0               	movwf	??_i2cInterrupt
  1713  003B  0E15               	swapf	21,w	;volatile
  1714  003C  3901               	andlw	1
  1715  003D  0470               	iorwf	??_i2cInterrupt,w
  1716  003E  1D03               	btfss	3,2
  1717  003F  2838               	goto	i1l971
  1718  0040  284B               	goto	i1l985
  1719  0041                     i1l154:	
  1720                           ;i2c.c: 142: } else {
  1721                           
  1722                           ;i2c.c: 141: SSP1CON1bits.CKP = 1;
  1723                           
  1724                           ;i2c.c: 140: SSP1IF = 0;
  1725                           
  1726                           ;i2c.c: 139: Sdtp++;
  1727                           
  1728                           ;i2c.c: 138: SSP1BUF = *Sdtp;
  1729                           
  1730                           
  1731                           ;i2c.c: 144: if (SSP1CON2bits.ACKSTAT == 0) {
  1732  0041  1B16               	btfsc	22,6	;volatile
  1733  0042  2859               	goto	i1l159
  1734  0043                     i1l983:	
  1735                           ;i2c.c: 146: while ((SSP1CON1bits.CKP) | (SSP1STATbits.BF));
  1736                           
  1737  0043  0814               	movf	20,w	;volatile
  1738  0044  3901               	andlw	1
  1739  0045  00F0               	movwf	??_i2cInterrupt
  1740  0046  0E15               	swapf	21,w	;volatile
  1741  0047  3901               	andlw	1
  1742  0048  0470               	iorwf	??_i2cInterrupt,w
  1743  0049  1D03               	btfss	3,2
  1744  004A  2843               	goto	i1l983
  1745  004B                     i1l985:	
  1746                           
  1747                           ;i2c.c: 147: SSP1BUF = *Sdtp;
  1748  004B  087A               	movf	_Sdtp,w
  1749  004C  0086               	movwf	6
  1750  004D  0187               	clrf	7
  1751  004E  0801               	movf	1,w
  1752  004F  0091               	movwf	17	;volatile
  1753                           
  1754                           ;i2c.c: 148: Sdtp++;
  1755  0050  3001               	movlw	1
  1756  0051  00F0               	movwf	??_i2cInterrupt
  1757  0052  0870               	movf	??_i2cInterrupt,w
  1758  0053  07FA               	addwf	_Sdtp,f
  1759                           
  1760                           ;i2c.c: 149: SSP1IF = 0;
  1761  0054  0020               	movlb	0	; select bank0
  1762  0055                     L1:	
  1763  0055  1191               	bcf	17,3	;volatile
  1764                           
  1765                           ;i2c.c: 150: SSP1CON1bits.CKP = 1;
  1766  0056  0024               	movlb	4	; select bank4
  1767  0057  1615               	bsf	21,4	;volatile
  1768                           
  1769                           ;i2c.c: 151: } else {
  1770  0058  285B               	goto	i1l149
  1771  0059                     i1l159:	
  1772                           
  1773                           ;i2c.c: 153: SSP1IF = 0;
  1774  0059  0020               	movlb	0	; select bank0
  1775  005A  1191               	bcf	17,3	;volatile
  1776  005B                     i1l149:	
  1777                           
  1778                           ;i2c.c: 154: }
  1779                           ;i2c.c: 155: }
  1780                           ;i2c.c: 156: }
  1781                           ;i2c.c: 157: }
  1782                           ;i2c.c: 161: if (BCL1IF == 1) {
  1783  005B  0020               	movlb	0	; select bank0
  1784  005C  1992               	btfsc	18,3	;volatile
  1785                           
  1786                           ;i2c.c: 162: BCL1IF = 0;
  1787  005D  1192               	bcf	18,3	;volatile
  1788  005E  0871               	movf	??_i2cInterrupt+1,w
  1789  005F  00FF               	movwf	127
  1790  0060  107E               	bcf	126,0	;clear compiler interrupt flag (level 1)
  1791  0061  0009               	retfie
  1792  0062                     __end_of_i2cInterrupt:	
  1793  007E                     btemp	set	126	;btemp
  1794  007E                     int$flags	set	126
  1795  007E                     wtemp	set	126
  1796  007E                     wtemp0	set	126
  1797  0080                     wtemp1	set	128
  1798  0082                     wtemp2	set	130
  1799  0084                     wtemp3	set	132
  1800  0086                     wtemp4	set	134
  1801  0088                     wtemp5	set	136
  1802  007F                     wtemp6	set	127
  1803  007E                     ttemp	set	126
  1804  007E                     ttemp0	set	126
  1805  0081                     ttemp1	set	129
  1806  0084                     ttemp2	set	132
  1807  0087                     ttemp3	set	135
  1808  007F                     ttemp4	set	127
  1809  007E                     ltemp	set	126
  1810  007E                     ltemp0	set	126
  1811  0082                     ltemp1	set	130
  1812  0086                     ltemp2	set	134
  1813  0080                     ltemp3	set	128


Data Sizes:
    Strings     0
    Constant    0
    Data        0
    BSS         22
    Persistent  0
    Stack       0

Auto Spaces:
    Space          Size  Autos    Used
    COMMON           14      9      11
    BANK0            80      5      25
    BANK1            32      0       0

Pointer List with Targets:

    Sdtp	PTR unsigned char  size(1) Largest target is 8
		 -> NULL(NULL[0]), snd(BANK0[8]), 

    Rdtp	PTR unsigned char  size(1) Largest target is 8
		 -> NULL(NULL[0]), rcv(BANK0[8]), 


Critical Paths under _main in COMMON

    _main->_pinMode
    _pinMode->_delay_us

Critical Paths under _i2cInterrupt in COMMON

    None.

Critical Paths under _main in BANK0

    _main->_pinMode

Critical Paths under _i2cInterrupt in BANK0

    None.

Critical Paths under _main in BANK1

    None.

Critical Paths under _i2cInterrupt in BANK1

    None.

Call Graph Tables:

 ---------------------------------------------------------------------------------
 (Depth) Function   	        Calls       Base Space   Used Autos Params    Refs
 ---------------------------------------------------------------------------------
 (0) _main                                                 3     3      0     816
                                              2 BANK0      3     3      0
                       _digitalWrite
                            _i2cInit
                    _i2cReceiveCheck
                         _initOSCCON
                            _pinMode
 ---------------------------------------------------------------------------------
 (1) _pinMode                                              3     2      1     508
                                              8 COMMON     1     0      1
                                              0 BANK0      2     2      0
                           _delay_us
 ---------------------------------------------------------------------------------
 (2) _delay_us                                             5     3      2     133
                                              3 COMMON     5     3      2
 ---------------------------------------------------------------------------------
 (1) _initOSCCON                                           1     1      0       0
                                              3 COMMON     1     1      0
 ---------------------------------------------------------------------------------
 (1) _i2cReceiveCheck                                      4     2      2      24
                                              3 COMMON     4     2      2
 ---------------------------------------------------------------------------------
 (1) _i2cInit                                              3     1      2      75
                                              3 COMMON     3     1      2
 ---------------------------------------------------------------------------------
 (1) _digitalWrite                                         3     2      1     172
                                              3 COMMON     3     2      1
 ---------------------------------------------------------------------------------
 Estimated maximum stack depth 2
 ---------------------------------------------------------------------------------
 (Depth) Function   	        Calls       Base Space   Used Autos Params    Refs
 ---------------------------------------------------------------------------------
 (3) _i2cInterrupt                                         3     3      0       2
                                              0 COMMON     3     3      0
 ---------------------------------------------------------------------------------
 Estimated maximum stack depth 3
 ---------------------------------------------------------------------------------

 Call Graph Graphs:

 _main (ROOT)
   _digitalWrite
   _i2cInit
   _i2cReceiveCheck
   _initOSCCON
   _pinMode
     _delay_us

 _i2cInterrupt (ROOT)

 Address spaces:
Name               Size   Autos  Total    Cost      Usage
BIGRAM              70      0       0       0        0.0%
EEDATA             100      0       0       0        0.0%
NULL                 0      0       0       0        0.0%
CODE                 0      0       0       0        0.0%
BITCOMMON            E      0       0       1        0.0%
BITSFR0              0      0       0       1        0.0%
SFR0                 0      0       0       1        0.0%
COMMON               E      9       B       2       78.6%
BITSFR1              0      0       0       2        0.0%
SFR1                 0      0       0       2        0.0%
BITSFR2              0      0       0       3        0.0%
SFR2                 0      0       0       3        0.0%
STACK                0      0       0       3        0.0%
BITSFR3              0      0       0       4        0.0%
SFR3                 0      0       0       4        0.0%
ABS                  0      0      24       4        0.0%
BITBANK0            50      0       0       5        0.0%
BITSFR4              0      0       0       5        0.0%
SFR4                 0      0       0       5        0.0%
BANK0               50      5      19       6       31.3%
BITSFR5              0      0       0       6        0.0%
SFR5                 0      0       0       6        0.0%
BITBANK1            20      0       0       7        0.0%
BITSFR6              0      0       0       7        0.0%
SFR6                 0      0       0       7        0.0%
BANK1               20      0       0       8        0.0%
BITSFR7              0      0       0       8        0.0%
SFR7                 0      0       0       8        0.0%
BITSFR8              0      0       0       9        0.0%
SFR8                 0      0       0       9        0.0%
DATA                 0      0      24       9        0.0%
BITSFR9              0      0       0      10        0.0%
SFR9                 0      0       0      10        0.0%
BITSFR10             0      0       0      11        0.0%
SFR10                0      0       0      11        0.0%
BITSFR11             0      0       0      12        0.0%
SFR11                0      0       0      12        0.0%
BITSFR12             0      0       0      13        0.0%
SFR12                0      0       0      13        0.0%
BITSFR13             0      0       0      14        0.0%
SFR13                0      0       0      14        0.0%
BITSFR14             0      0       0      15        0.0%
SFR14                0      0       0      15        0.0%
BITSFR15             0      0       0      16        0.0%
SFR15                0      0       0      16        0.0%
BITSFR16             0      0       0      17        0.0%
SFR16                0      0       0      17        0.0%
BITSFR17             0      0       0      18        0.0%
SFR17                0      0       0      18        0.0%
BITSFR18             0      0       0      19        0.0%
SFR18                0      0       0      19        0.0%
BITSFR19             0      0       0      20        0.0%
SFR19                0      0       0      20        0.0%
BITSFR20             0      0       0      21        0.0%
SFR20                0      0       0      21        0.0%
BITSFR21             0      0       0      22        0.0%
SFR21                0      0       0      22        0.0%
BITSFR22             0      0       0      23        0.0%
SFR22                0      0       0      23        0.0%
BITSFR23             0      0       0      24        0.0%
SFR23                0      0       0      24        0.0%
BITSFR24             0      0       0      25        0.0%
SFR24                0      0       0      25        0.0%
BITSFR25             0      0       0      26        0.0%
SFR25                0      0       0      26        0.0%
BITSFR26             0      0       0      27        0.0%
SFR26                0      0       0      27        0.0%
BITSFR27             0      0       0      28        0.0%
SFR27                0      0       0      28        0.0%
BITSFR28             0      0       0      29        0.0%
SFR28                0      0       0      29        0.0%
BITSFR29             0      0       0      30        0.0%
SFR29                0      0       0      30        0.0%
BITSFR30             0      0       0      31        0.0%
SFR30                0      0       0      31        0.0%
BITSFR31             0      0       0      32        0.0%
SFR31                0      0       0      32        0.0%


Microchip Technology PIC Macro Assembler V1.37 build -260352376 
Symbol Table                                                                                   Sun Oct 09 18:26:59 2016

             __CFG_CP$OFF 0000                        l30 00F7                        l74 0137  
                      _HL 0020                        l89 0193                       l911 018C  
                     l867 016D                       _GIE 005F                       u404 0166  
                     u405 0165                       u414 0172                       u415 0171  
            __CFG_CPD$OFF 0000                       u604 00B8                       u605 00B7  
                     u614 00C4                       u615 00C3                       u545 019D  
                     u625 00D1                       u634 00E0                       u554 0075  
                     u635 00DF                       u555 0074                       u564 0083  
                     u565 0082                       u574 008F                       u575 008E  
                     u584 009D                       u585 009C                       u594 00AA  
                     u595 00A9                       _rcv 0024                       _snd 002C  
            __CFG_BORV$HI 0000                       wreg 0009              __CFG_LVP$OFF 0000  
                    l1031 007D                      l1033 0097                      l1113 012F  
                    l1035 00B2                      l1061 010F                      l1047 00EC  
                    l1071 0124                      l1065 0116                      l1075 0129  
          ??_i2cInterrupt 0070                      _LATA 010C                      _PEIE 005E  
            __CFG_WRT$OFF 0000                      _Rdtp 0079                      _Sdtp 007A  
                    _main 00F8                      fsr0h 0005                      fsr1h 0007  
                    fsr0l 0004                      indf0 0000                      indf1 0001  
                    fsr1l 0006                      btemp 007E             __CFG_BOREN$ON 0000  
                    ltemp 007E                      start 0062                      ttemp 007E  
                    wtemp 007E             __CFG_IESO$OFF 0000             i2cInterrupt@x 0072  
         __end_of_i2cInit 015D                     ?_main 0070             __CFG_WDTE$OFF 0000  
                   i1l150 002E                     i1l154 0041                     i1l149 005B  
                   i1l159 0059                     i1l971 0038                     i1l983 0043  
                   i1l959 001C                     i1l985 004B                     _PORTA 000C  
                   _TRISA 008C             __CFG_PWRTE$ON 0000            __CFG_FCMEN$OFF 0000  
         __end_of_pinMode 00F8                     ltemp0 007E                     ltemp1 0082  
                   ltemp2 0086                     ltemp3 0080                     ttemp0 007E  
                   ttemp1 0081                     ttemp2 0084                     ttemp3 0087  
                   ttemp4 007F                     status 0003                     wtemp0 007E  
                   wtemp1 0080                     wtemp2 0082                     wtemp3 0084  
                   wtemp4 0086                     wtemp5 0088                     wtemp6 007F  
          __CFG_MCLRE$OFF 0000      __end_of_digitalWrite 017A           __initialization 0063  
            __end_of_main 0139                    ??_main 0036            __CFG_PLLEN$OFF 0000  
                  _BCL1IE 0493                    _BCL1IF 0093                    _ADCON0 009D  
                  _ADCON1 009E                    _ADRESH 009C                    _ADRESL 009B  
__size_of_i2cReceiveCheck 0017                    _ANSELA 018C                    _OSCCON 0099  
                  _SSP1IE 048B                    _SSP1IF 008B                 ??_i2cInit 0075  
        __end_of_delay_us 01A5            __CFG_STVREN$ON 0000      __end_of_i2cInterrupt 0062  
               ??_pinMode 0034   __end_of__initialization 006B               pinMode@mode 0078  
          __pcstackCOMMON 0070                __pbssBANK0 0020     __size_of_digitalWrite 001D  
       ??_i2cReceiveCheck 0075                __pmaintext 00F8                __pintentry 0004  
               ?_delay_us 0073              _digitalWrite 015D                   _SSP1ADD 0212  
                 _SSP1BUF 0211                   _SSP1MSK 0213                   _i2cInit 0139  
              _initOSCCON 01AB     __size_of_i2cInterrupt 005E                   __ptext1 006E  
                 __ptext2 0191                   __ptext3 01AB                   __ptext4 017A  
                 __ptext5 0139                   __ptext6 015D                   _pinMode 006E  
                 _rcv_flg 0022                ??_delay_us 0075                   clrloop0 01A6  
    end_of_initialization 006B              _i2cInterrupt 0004          __CFG_FOSC$INTOSC 0000  
             ?_initOSCCON 0070       start_initialization 0063           _i2cReceiveCheck 017A  
     __size_of_initOSCCON 0006               __pbssCOMMON 0079                 ___latbits 0000  
           __pcstackBANK0 0034                pinMode@pin 0035         __size_of_delay_us 0014  
                ?_i2cInit 0073   __end_of_i2cReceiveCheck 0191                  ?_pinMode 0078  
               delay_us@i 0076                 clear_ram0 01A5                  _GO_nDONE 04E9  
                _SSP1CON1 0215        i2cReceiveCheck@ans 0075                  _SSP1STAT 0214  
            delay_us@time 0073              ??_initOSCCON 0073          __size_of_i2cInit 0024  
        ?_i2cReceiveCheck 0073        __end_of_initOSCCON 01B1                  _delay_us 0191  
        __size_of_pinMode 008A              _SSP1CON1bits 0215              _SSP1CON2bits 0216  
           __size_of_main 0041                  int$flags 007E                  main@Mode 0037  
            _SSP1STATbits 0214             ?_digitalWrite 0073                  intlevel1 0000  
       digitalWrite@value 0073         __CFG_CLKOUTEN$OFF 0000            ??_digitalWrite 0074  
          i2cInit@address 0073           digitalWrite@pin 0075             ?_i2cInterrupt 0070  
