

Microchip Technology PIC LITE Macro Assembler V1.37 build -260352376 
                                                                                               Tue Aug 16 01:12:57 2016

Microchip Technology Omniscient Code Generator v1.37 (Free mode) build 201603110536
     1                           	processor	12F1822
     2                           	opt	pw 120
     3                           	opt	lm
     4                           	psect	cinit,global,class=CODE,merge=1,delta=2
     5                           	psect	bssCOMMON,global,class=COMMON,space=1,delta=1
     6                           	psect	bssBANK0,global,class=BANK0,space=1,delta=1
     7                           	psect	clrtext,global,class=CODE,delta=2
     8                           	psect	cstackCOMMON,global,class=COMMON,space=1,delta=1
     9                           	psect	cstackBANK0,global,class=BANK0,space=1,delta=1
    10                           	psect	maintext,global,class=CODE,merge=1,split=1,delta=2
    11                           	psect	text1,local,class=CODE,merge=1,delta=2
    12                           	psect	text2,local,class=CODE,merge=1,delta=2
    13                           	psect	text3,local,class=CODE,merge=1,delta=2
    14                           	psect	text4,local,class=CODE,merge=1,delta=2
    15                           	psect	text5,local,class=CODE,merge=1,delta=2
    16                           	psect	text6,local,class=CODE,merge=1,delta=2
    17                           	psect	intentry,global,class=CODE,delta=2
    18                           	dabs	1,0x7E,2
    19  0000                     	;# 
    20  0001                     	;# 
    21  0002                     	;# 
    22  0003                     	;# 
    23  0004                     	;# 
    24  0005                     	;# 
    25  0006                     	;# 
    26  0007                     	;# 
    27  0008                     	;# 
    28  0009                     	;# 
    29  000A                     	;# 
    30  000B                     	;# 
    31  000C                     	;# 
    32  0011                     	;# 
    33  0012                     	;# 
    34  0015                     	;# 
    35  0016                     	;# 
    36  0016                     	;# 
    37  0017                     	;# 
    38  0018                     	;# 
    39  0019                     	;# 
    40  001A                     	;# 
    41  001B                     	;# 
    42  001C                     	;# 
    43  001E                     	;# 
    44  001F                     	;# 
    45  008C                     	;# 
    46  0091                     	;# 
    47  0092                     	;# 
    48  0095                     	;# 
    49  0096                     	;# 
    50  0097                     	;# 
    51  0098                     	;# 
    52  0099                     	;# 
    53  009A                     	;# 
    54  009B                     	;# 
    55  009B                     	;# 
    56  009C                     	;# 
    57  009D                     	;# 
    58  009E                     	;# 
    59  010C                     	;# 
    60  0111                     	;# 
    61  0112                     	;# 
    62  0115                     	;# 
    63  0116                     	;# 
    64  0117                     	;# 
    65  0118                     	;# 
    66  0119                     	;# 
    67  011A                     	;# 
    68  011B                     	;# 
    69  011D                     	;# 
    70  011D                     	;# 
    71  018C                     	;# 
    72  0191                     	;# 
    73  0191                     	;# 
    74  0192                     	;# 
    75  0193                     	;# 
    76  0193                     	;# 
    77  0193                     	;# 
    78  0194                     	;# 
    79  0195                     	;# 
    80  0196                     	;# 
    81  0199                     	;# 
    82  019A                     	;# 
    83  019B                     	;# 
    84  019B                     	;# 
    85  019B                     	;# 
    86  019B                     	;# 
    87  019C                     	;# 
    88  019C                     	;# 
    89  019D                     	;# 
    90  019E                     	;# 
    91  019F                     	;# 
    92  020C                     	;# 
    93  0211                     	;# 
    94  0211                     	;# 
    95  0212                     	;# 
    96  0212                     	;# 
    97  0213                     	;# 
    98  0213                     	;# 
    99  0214                     	;# 
   100  0214                     	;# 
   101  0215                     	;# 
   102  0215                     	;# 
   103  0215                     	;# 
   104  0216                     	;# 
   105  0216                     	;# 
   106  0217                     	;# 
   107  0217                     	;# 
   108  0291                     	;# 
   109  0291                     	;# 
   110  0292                     	;# 
   111  0293                     	;# 
   112  0294                     	;# 
   113  0295                     	;# 
   114  0295                     	;# 
   115  0296                     	;# 
   116  0391                     	;# 
   117  0392                     	;# 
   118  0393                     	;# 
   119  039A                     	;# 
   120  039C                     	;# 
   121  039D                     	;# 
   122  039E                     	;# 
   123  039F                     	;# 
   124  0FE4                     	;# 
   125  0FE5                     	;# 
   126  0FE6                     	;# 
   127  0FE7                     	;# 
   128  0FE8                     	;# 
   129  0FE9                     	;# 
   130  0FEA                     	;# 
   131  0FEB                     	;# 
   132  0FED                     	;# 
   133  0FEE                     	;# 
   134  0FEF                     	;# 
   135  0000                     	;# 
   136  0001                     	;# 
   137  0002                     	;# 
   138  0003                     	;# 
   139  0004                     	;# 
   140  0005                     	;# 
   141  0006                     	;# 
   142  0007                     	;# 
   143  0008                     	;# 
   144  0009                     	;# 
   145  000A                     	;# 
   146  000B                     	;# 
   147  000C                     	;# 
   148  0011                     	;# 
   149  0012                     	;# 
   150  0015                     	;# 
   151  0016                     	;# 
   152  0016                     	;# 
   153  0017                     	;# 
   154  0018                     	;# 
   155  0019                     	;# 
   156  001A                     	;# 
   157  001B                     	;# 
   158  001C                     	;# 
   159  001E                     	;# 
   160  001F                     	;# 
   161  008C                     	;# 
   162  0091                     	;# 
   163  0092                     	;# 
   164  0095                     	;# 
   165  0096                     	;# 
   166  0097                     	;# 
   167  0098                     	;# 
   168  0099                     	;# 
   169  009A                     	;# 
   170  009B                     	;# 
   171  009B                     	;# 
   172  009C                     	;# 
   173  009D                     	;# 
   174  009E                     	;# 
   175  010C                     	;# 
   176  0111                     	;# 
   177  0112                     	;# 
   178  0115                     	;# 
   179  0116                     	;# 
   180  0117                     	;# 
   181  0118                     	;# 
   182  0119                     	;# 
   183  011A                     	;# 
   184  011B                     	;# 
   185  011D                     	;# 
   186  011D                     	;# 
   187  018C                     	;# 
   188  0191                     	;# 
   189  0191                     	;# 
   190  0192                     	;# 
   191  0193                     	;# 
   192  0193                     	;# 
   193  0193                     	;# 
   194  0194                     	;# 
   195  0195                     	;# 
   196  0196                     	;# 
   197  0199                     	;# 
   198  019A                     	;# 
   199  019B                     	;# 
   200  019B                     	;# 
   201  019B                     	;# 
   202  019B                     	;# 
   203  019C                     	;# 
   204  019C                     	;# 
   205  019D                     	;# 
   206  019E                     	;# 
   207  019F                     	;# 
   208  020C                     	;# 
   209  0211                     	;# 
   210  0211                     	;# 
   211  0212                     	;# 
   212  0212                     	;# 
   213  0213                     	;# 
   214  0213                     	;# 
   215  0214                     	;# 
   216  0214                     	;# 
   217  0215                     	;# 
   218  0215                     	;# 
   219  0215                     	;# 
   220  0216                     	;# 
   221  0216                     	;# 
   222  0217                     	;# 
   223  0217                     	;# 
   224  0291                     	;# 
   225  0291                     	;# 
   226  0292                     	;# 
   227  0293                     	;# 
   228  0294                     	;# 
   229  0295                     	;# 
   230  0295                     	;# 
   231  0296                     	;# 
   232  0391                     	;# 
   233  0392                     	;# 
   234  0393                     	;# 
   235  039A                     	;# 
   236  039C                     	;# 
   237  039D                     	;# 
   238  039E                     	;# 
   239  039F                     	;# 
   240  0FE4                     	;# 
   241  0FE5                     	;# 
   242  0FE6                     	;# 
   243  0FE7                     	;# 
   244  0FE8                     	;# 
   245  0FE9                     	;# 
   246  0FEA                     	;# 
   247  0FEB                     	;# 
   248  0FED                     	;# 
   249  0FEE                     	;# 
   250  0FEF                     	;# 
   251  0000                     	;# 
   252  0001                     	;# 
   253  0002                     	;# 
   254  0003                     	;# 
   255  0004                     	;# 
   256  0005                     	;# 
   257  0006                     	;# 
   258  0007                     	;# 
   259  0008                     	;# 
   260  0009                     	;# 
   261  000A                     	;# 
   262  000B                     	;# 
   263  000C                     	;# 
   264  0011                     	;# 
   265  0012                     	;# 
   266  0015                     	;# 
   267  0016                     	;# 
   268  0016                     	;# 
   269  0017                     	;# 
   270  0018                     	;# 
   271  0019                     	;# 
   272  001A                     	;# 
   273  001B                     	;# 
   274  001C                     	;# 
   275  001E                     	;# 
   276  001F                     	;# 
   277  008C                     	;# 
   278  0091                     	;# 
   279  0092                     	;# 
   280  0095                     	;# 
   281  0096                     	;# 
   282  0097                     	;# 
   283  0098                     	;# 
   284  0099                     	;# 
   285  009A                     	;# 
   286  009B                     	;# 
   287  009B                     	;# 
   288  009C                     	;# 
   289  009D                     	;# 
   290  009E                     	;# 
   291  010C                     	;# 
   292  0111                     	;# 
   293  0112                     	;# 
   294  0115                     	;# 
   295  0116                     	;# 
   296  0117                     	;# 
   297  0118                     	;# 
   298  0119                     	;# 
   299  011A                     	;# 
   300  011B                     	;# 
   301  011D                     	;# 
   302  011D                     	;# 
   303  018C                     	;# 
   304  0191                     	;# 
   305  0191                     	;# 
   306  0192                     	;# 
   307  0193                     	;# 
   308  0193                     	;# 
   309  0193                     	;# 
   310  0194                     	;# 
   311  0195                     	;# 
   312  0196                     	;# 
   313  0199                     	;# 
   314  019A                     	;# 
   315  019B                     	;# 
   316  019B                     	;# 
   317  019B                     	;# 
   318  019B                     	;# 
   319  019C                     	;# 
   320  019C                     	;# 
   321  019D                     	;# 
   322  019E                     	;# 
   323  019F                     	;# 
   324  020C                     	;# 
   325  0211                     	;# 
   326  0211                     	;# 
   327  0212                     	;# 
   328  0212                     	;# 
   329  0213                     	;# 
   330  0213                     	;# 
   331  0214                     	;# 
   332  0214                     	;# 
   333  0215                     	;# 
   334  0215                     	;# 
   335  0215                     	;# 
   336  0216                     	;# 
   337  0216                     	;# 
   338  0217                     	;# 
   339  0217                     	;# 
   340  0291                     	;# 
   341  0291                     	;# 
   342  0292                     	;# 
   343  0293                     	;# 
   344  0294                     	;# 
   345  0295                     	;# 
   346  0295                     	;# 
   347  0296                     	;# 
   348  0391                     	;# 
   349  0392                     	;# 
   350  0393                     	;# 
   351  039A                     	;# 
   352  039C                     	;# 
   353  039D                     	;# 
   354  039E                     	;# 
   355  039F                     	;# 
   356  0FE4                     	;# 
   357  0FE5                     	;# 
   358  0FE6                     	;# 
   359  0FE7                     	;# 
   360  0FE8                     	;# 
   361  0FE9                     	;# 
   362  0FEA                     	;# 
   363  0FEB                     	;# 
   364  0FED                     	;# 
   365  0FEE                     	;# 
   366  0FEF                     	;# 
   367  0000                     	;# 
   368  0001                     	;# 
   369  0002                     	;# 
   370  0003                     	;# 
   371  0004                     	;# 
   372  0005                     	;# 
   373  0006                     	;# 
   374  0007                     	;# 
   375  0008                     	;# 
   376  0009                     	;# 
   377  000A                     	;# 
   378  000B                     	;# 
   379  000C                     	;# 
   380  0011                     	;# 
   381  0012                     	;# 
   382  0015                     	;# 
   383  0016                     	;# 
   384  0016                     	;# 
   385  0017                     	;# 
   386  0018                     	;# 
   387  0019                     	;# 
   388  001A                     	;# 
   389  001B                     	;# 
   390  001C                     	;# 
   391  001E                     	;# 
   392  001F                     	;# 
   393  008C                     	;# 
   394  0091                     	;# 
   395  0092                     	;# 
   396  0095                     	;# 
   397  0096                     	;# 
   398  0097                     	;# 
   399  0098                     	;# 
   400  0099                     	;# 
   401  009A                     	;# 
   402  009B                     	;# 
   403  009B                     	;# 
   404  009C                     	;# 
   405  009D                     	;# 
   406  009E                     	;# 
   407  010C                     	;# 
   408  0111                     	;# 
   409  0112                     	;# 
   410  0115                     	;# 
   411  0116                     	;# 
   412  0117                     	;# 
   413  0118                     	;# 
   414  0119                     	;# 
   415  011A                     	;# 
   416  011B                     	;# 
   417  011D                     	;# 
   418  011D                     	;# 
   419  018C                     	;# 
   420  0191                     	;# 
   421  0191                     	;# 
   422  0192                     	;# 
   423  0193                     	;# 
   424  0193                     	;# 
   425  0193                     	;# 
   426  0194                     	;# 
   427  0195                     	;# 
   428  0196                     	;# 
   429  0199                     	;# 
   430  019A                     	;# 
   431  019B                     	;# 
   432  019B                     	;# 
   433  019B                     	;# 
   434  019B                     	;# 
   435  019C                     	;# 
   436  019C                     	;# 
   437  019D                     	;# 
   438  019E                     	;# 
   439  019F                     	;# 
   440  020C                     	;# 
   441  0211                     	;# 
   442  0211                     	;# 
   443  0212                     	;# 
   444  0212                     	;# 
   445  0213                     	;# 
   446  0213                     	;# 
   447  0214                     	;# 
   448  0214                     	;# 
   449  0215                     	;# 
   450  0215                     	;# 
   451  0215                     	;# 
   452  0216                     	;# 
   453  0216                     	;# 
   454  0217                     	;# 
   455  0217                     	;# 
   456  0291                     	;# 
   457  0291                     	;# 
   458  0292                     	;# 
   459  0293                     	;# 
   460  0294                     	;# 
   461  0295                     	;# 
   462  0295                     	;# 
   463  0296                     	;# 
   464  0391                     	;# 
   465  0392                     	;# 
   466  0393                     	;# 
   467  039A                     	;# 
   468  039C                     	;# 
   469  039D                     	;# 
   470  039E                     	;# 
   471  039F                     	;# 
   472  0FE4                     	;# 
   473  0FE5                     	;# 
   474  0FE6                     	;# 
   475  0FE7                     	;# 
   476  0FE8                     	;# 
   477  0FE9                     	;# 
   478  0FEA                     	;# 
   479  0FEB                     	;# 
   480  0FED                     	;# 
   481  0FEE                     	;# 
   482  0FEF                     	;# 
   483  0000                     	;# 
   484  0001                     	;# 
   485  0002                     	;# 
   486  0003                     	;# 
   487  0004                     	;# 
   488  0005                     	;# 
   489  0006                     	;# 
   490  0007                     	;# 
   491  0008                     	;# 
   492  0009                     	;# 
   493  000A                     	;# 
   494  000B                     	;# 
   495  000C                     	;# 
   496  0011                     	;# 
   497  0012                     	;# 
   498  0015                     	;# 
   499  0016                     	;# 
   500  0016                     	;# 
   501  0017                     	;# 
   502  0018                     	;# 
   503  0019                     	;# 
   504  001A                     	;# 
   505  001B                     	;# 
   506  001C                     	;# 
   507  001E                     	;# 
   508  001F                     	;# 
   509  008C                     	;# 
   510  0091                     	;# 
   511  0092                     	;# 
   512  0095                     	;# 
   513  0096                     	;# 
   514  0097                     	;# 
   515  0098                     	;# 
   516  0099                     	;# 
   517  009A                     	;# 
   518  009B                     	;# 
   519  009B                     	;# 
   520  009C                     	;# 
   521  009D                     	;# 
   522  009E                     	;# 
   523  010C                     	;# 
   524  0111                     	;# 
   525  0112                     	;# 
   526  0115                     	;# 
   527  0116                     	;# 
   528  0117                     	;# 
   529  0118                     	;# 
   530  0119                     	;# 
   531  011A                     	;# 
   532  011B                     	;# 
   533  011D                     	;# 
   534  011D                     	;# 
   535  018C                     	;# 
   536  0191                     	;# 
   537  0191                     	;# 
   538  0192                     	;# 
   539  0193                     	;# 
   540  0193                     	;# 
   541  0193                     	;# 
   542  0194                     	;# 
   543  0195                     	;# 
   544  0196                     	;# 
   545  0199                     	;# 
   546  019A                     	;# 
   547  019B                     	;# 
   548  019B                     	;# 
   549  019B                     	;# 
   550  019B                     	;# 
   551  019C                     	;# 
   552  019C                     	;# 
   553  019D                     	;# 
   554  019E                     	;# 
   555  019F                     	;# 
   556  020C                     	;# 
   557  0211                     	;# 
   558  0211                     	;# 
   559  0212                     	;# 
   560  0212                     	;# 
   561  0213                     	;# 
   562  0213                     	;# 
   563  0214                     	;# 
   564  0214                     	;# 
   565  0215                     	;# 
   566  0215                     	;# 
   567  0215                     	;# 
   568  0216                     	;# 
   569  0216                     	;# 
   570  0217                     	;# 
   571  0217                     	;# 
   572  0291                     	;# 
   573  0291                     	;# 
   574  0292                     	;# 
   575  0293                     	;# 
   576  0294                     	;# 
   577  0295                     	;# 
   578  0295                     	;# 
   579  0296                     	;# 
   580  0391                     	;# 
   581  0392                     	;# 
   582  0393                     	;# 
   583  039A                     	;# 
   584  039C                     	;# 
   585  039D                     	;# 
   586  039E                     	;# 
   587  039F                     	;# 
   588  0FE4                     	;# 
   589  0FE5                     	;# 
   590  0FE6                     	;# 
   591  0FE7                     	;# 
   592  0FE8                     	;# 
   593  0FE9                     	;# 
   594  0FEA                     	;# 
   595  0FEB                     	;# 
   596  0FED                     	;# 
   597  0FEE                     	;# 
   598  0FEF                     	;# 
   599  000C                     _PORTA	set	12
   600  0093                     _BCL1IF	set	147
   601  005F                     _GIE	set	95
   602  005E                     _PEIE	set	94
   603  008B                     _SSP1IF	set	139
   604  009D                     _ADCON0	set	157
   605  009E                     _ADCON1	set	158
   606  009C                     _ADRESH	set	156
   607  009B                     _ADRESL	set	155
   608  0099                     _OSCCON	set	153
   609  008C                     _TRISA	set	140
   610  0493                     _BCL1IE	set	1171
   611  04E9                     _GO_nDONE	set	1257
   612  048B                     _SSP1IE	set	1163
   613  010C                     _LATA	set	268
   614  018C                     _ANSELA	set	396
   615  0212                     _SSP1ADD	set	530
   616  0211                     _SSP1BUF	set	529
   617  0215                     _SSP1CON1	set	533
   618  0215                     _SSP1CON1bits	set	533
   619  0216                     _SSP1CON2bits	set	534
   620  0213                     _SSP1MSK	set	531
   621  0214                     _SSP1STAT	set	532
   622  0214                     _SSP1STATbits	set	532
   623                           
   624                           ; #config settings
   625  0000                     
   626                           	psect	cinit
   627  0063                     start_initialization:	
   628  0063                     __initialization:	
   629                           
   630                           ; Clear objects allocated to COMMON
   631  0063  01F9               	clrf	__pbssCOMMON& (0+127)
   632  0064  01FA               	clrf	(__pbssCOMMON+1)& (0+127)
   633                           
   634                           ; Clear objects allocated to BANK0
   635  0065  3020               	movlw	low __pbssBANK0
   636  0066  0084               	movwf	4
   637  0067  3000               	movlw	high __pbssBANK0
   638  0068  0085               	movwf	5
   639  0069  3014               	movlw	20
   640  006A  21C5               	fcall	clear_ram0
   641  006B                     end_of_initialization:	
   642                           ;End of C runtime variable initialization code
   643                           
   644  006B                     __end_of__initialization:	
   645  006B  107E               	bcf	int$flags,0	;clear compiler interrupt flag (level 1)
   646  006C  0020               	movlb	0
   647  006D  28F8               	ljmp	_main	;jump to C main() function
   648                           
   649                           	psect	bssCOMMON
   650  0079                     __pbssCOMMON:	
   651  0079                     _Rdtp:	
   652  0079                     	ds	1
   653  007A                     _Sdtp:	
   654  007A                     	ds	1
   655                           
   656                           	psect	bssBANK0
   657  0020                     __pbssBANK0:	
   658  0020                     _HL:	
   659  0020                     	ds	2
   660  0022                     _rcv_flg:	
   661  0022                     	ds	2
   662  0024                     _rcv:	
   663  0024                     	ds	8
   664  002C                     _snd:	
   665  002C                     	ds	8
   666                           
   667                           	psect	clrtext
   668  01C5                     clear_ram0:	
   669                           ;	Called with FSR0 containing the base address, and
   670                           ;	WREG with the size to clear
   671                           
   672  01C5  0064               	clrwdt	;clear the watchdog before getting into this loop
   673  01C6                     clrloop0:	
   674  01C6  0180               	clrf	0	;clear RAM location pointed to by FSR
   675  01C7  3101               	addfsr 0,1
   676  01C8  0B89               	decfsz	9,f	;Have we reached the end of clearing yet?
   677  01C9  29C6               	goto	clrloop0	;have we reached the end yet?
   678  01CA  3400               	retlw	0	;all done for this memory range, return
   679                           
   680                           	psect	cstackCOMMON
   681  0070                     __pcstackCOMMON:	
   682  0070                     ?_initOSCCON:	
   683  0070                     ?_i2cInterrupt:	
   684                           ; 1 bytes @ 0x0
   685                           
   686  0070                     ??_i2cInterrupt:	
   687                           ; 1 bytes @ 0x0
   688                           
   689  0070                     ?_main:	
   690                           ; 1 bytes @ 0x0
   691                           
   692                           
   693                           ; 1 bytes @ 0x0
   694  0070                     	ds	2
   695  0072                     i2cInterrupt@x:	
   696                           
   697                           ; 1 bytes @ 0x2
   698  0072                     	ds	1
   699  0073                     ??_initOSCCON:	
   700  0073                     ?_i2cInit:	
   701                           ; 1 bytes @ 0x3
   702                           
   703  0073                     ?_delay_us:	
   704                           ; 1 bytes @ 0x3
   705                           
   706  0073                     ?_digitalWrite:	
   707                           ; 1 bytes @ 0x3
   708                           
   709  0073                     ?_i2cReceiveCheck:	
   710                           ; 1 bytes @ 0x3
   711                           
   712  0073                     digitalWrite@value:	
   713                           ; 2 bytes @ 0x3
   714                           
   715  0073                     i2cInit@address:	
   716                           ; 1 bytes @ 0x3
   717                           
   718  0073                     delay_us@time:	
   719                           ; 2 bytes @ 0x3
   720                           
   721                           
   722                           ; 2 bytes @ 0x3
   723  0073                     	ds	1
   724  0074                     ??_digitalWrite:	
   725                           
   726                           ; 1 bytes @ 0x4
   727  0074                     	ds	1
   728  0075                     ??_i2cInit:	
   729  0075                     ??_i2cReceiveCheck:	
   730                           ; 1 bytes @ 0x5
   731                           
   732  0075                     ??_delay_us:	
   733                           ; 1 bytes @ 0x5
   734                           
   735  0075                     digitalWrite@pin:	
   736                           ; 1 bytes @ 0x5
   737                           
   738  0075                     i2cReceiveCheck@ans:	
   739                           ; 1 bytes @ 0x5
   740                           
   741                           
   742                           ; 2 bytes @ 0x5
   743  0075                     	ds	1
   744  0076                     delay_us@i:	
   745                           
   746                           ; 2 bytes @ 0x6
   747  0076                     	ds	2
   748  0078                     ?_pinMode:	
   749  0078                     pinMode@mode:	
   750                           ; 1 bytes @ 0x8
   751                           
   752                           
   753                           ; 1 bytes @ 0x8
   754  0078                     	ds	1
   755                           
   756                           	psect	cstackBANK0
   757  0034                     __pcstackBANK0:	
   758  0034                     ??_pinMode:	
   759                           
   760                           ; 1 bytes @ 0x0
   761  0034                     	ds	1
   762  0035                     pinMode@pin:	
   763                           
   764                           ; 1 bytes @ 0x1
   765  0035                     	ds	1
   766  0036                     ??_main:	
   767                           
   768                           ; 1 bytes @ 0x2
   769  0036                     	ds	1
   770  0037                     main@Mode:	
   771                           
   772                           ; 2 bytes @ 0x3
   773  0037                     	ds	2
   774                           
   775                           	psect	maintext
   776  00F8                     __pmaintext:	
   777 ;;
   778 ;;Main: autosize = 0, tempsize = 1, incstack = 0, save=0
   779 ;;
   780 ;; *************** function _main *****************
   781 ;; Defined at:
   782 ;;		line 17 in file "main.c"
   783 ;; Parameters:    Size  Location     Type
   784 ;;		None
   785 ;; Auto vars:     Size  Location     Type
   786 ;;  Mode            2    3[BANK0 ] int 
   787 ;; Return value:  Size  Location     Type
   788 ;;                  1    wreg      void 
   789 ;; Registers used:
   790 ;;		wreg, fsr0l, fsr0h, status,2, status,0, pclath, cstack
   791 ;; Tracked objects:
   792 ;;		On entry : B1F/0
   793 ;;		On exit  : 0/0
   794 ;;		Unchanged: 0/0
   795 ;; Data sizes:     COMMON   BANK0   BANK1
   796 ;;      Params:         0       0       0
   797 ;;      Locals:         0       2       0
   798 ;;      Temps:          0       1       0
   799 ;;      Totals:         0       3       0
   800 ;;Total ram usage:        3 bytes
   801 ;; Hardware stack levels required when called:    3
   802 ;; This function calls:
   803 ;;		_digitalWrite
   804 ;;		_i2cInit
   805 ;;		_i2cReceiveCheck
   806 ;;		_initOSCCON
   807 ;;		_pinMode
   808 ;; This function is called by:
   809 ;;		Startup code after reset
   810 ;; This function uses a non-reentrant model
   811 ;;
   812                           
   813                           
   814                           ;psect for function _main
   815  00F8                     _main:	
   816                           
   817                           ;main.c: 19: int Mode=0;
   818                           
   819                           ;incstack = 0
   820                           ; Regs used in _main: [wreg-fsr0h+status,2+status,0+pclath+cstack]
   821  00F8  0020               	movlb	0	; select bank0
   822  00F9  01B7               	clrf	main@Mode
   823  00FA  01B8               	clrf	main@Mode+1
   824                           
   825                           ;main.c: 21: initOSCCON();
   826  00FB  21CB               	fcall	_initOSCCON
   827                           
   828                           ;main.c: 23: pinMode((0),0x04);
   829  00FC  3004               	movlw	4
   830  00FD  0020               	movlb	0	; select bank0
   831  00FE  00B6               	movwf	??_main
   832  00FF  0836               	movf	??_main,w
   833  0100  00F8               	movwf	pinMode@mode
   834  0101  3000               	movlw	0
   835  0102  206E               	fcall	_pinMode
   836                           
   837                           ;main.c: 24: pinMode((4),0x04);
   838  0103  3004               	movlw	4
   839  0104  0020               	movlb	0	; select bank0
   840  0105  00B6               	movwf	??_main
   841  0106  0836               	movf	??_main,w
   842  0107  00F8               	movwf	pinMode@mode
   843  0108  3004               	movlw	4
   844  0109  206E               	fcall	_pinMode
   845                           
   846                           ;main.c: 25: digitalWrite((0),0);
   847  010A  01F3               	clrf	digitalWrite@value
   848  010B  3000               	movlw	0
   849  010C  217D               	fcall	_digitalWrite
   850                           
   851                           ;main.c: 26: digitalWrite((4),0);
   852  010D  01F3               	clrf	digitalWrite@value
   853  010E  3004               	movlw	4
   854  010F  217D               	fcall	_digitalWrite
   855                           
   856                           ;main.c: 27: i2cInit((0x00));
   857  0110  3000               	movlw	0
   858  0111  00F3               	movwf	i2cInit@address
   859  0112  00F4               	movwf	i2cInit@address+1
   860  0113  2159               	fcall	_i2cInit
   861                           
   862                           ;main.c: 28: snd[0]=(0x01);
   863  0114  0020               	movlb	0	; select bank0
   864  0115  01AC               	clrf	_snd
   865  0116  0AAC               	incf	_snd,f
   866  0117                     l1098:	
   867                           ;main.c: 30: while(1) {
   868                           
   869                           
   870                           ;main.c: 31: if (i2cReceiveCheck() != 0) {
   871  0117  219A               	fcall	_i2cReceiveCheck
   872  0118  0873               	movf	?_i2cReceiveCheck,w
   873  0119  0474               	iorwf	?_i2cReceiveCheck+1,w
   874  011A  1903               	btfsc	3,2
   875  011B  2917               	goto	l1098
   876                           
   877                           ;main.c: 32: GIE=0;
   878  011C  138B               	bcf	11,7	;volatile
   879                           
   880                           ;main.c: 33: switch(Mode){
   881  011D  2949               	goto	l1122
   882  011E                     l1102:	
   883                           ;main.c: 34: case 0:
   884                           
   885                           
   886                           ;main.c: 35: SSP1ADD = rcv[0]<<1;
   887  011E  0020               	movlb	0	; select bank0
   888  011F  3524               	lslf	_rcv,w
   889  0120  0024               	movlb	4	; select bank4
   890  0121  0092               	movwf	18	;volatile
   891                           
   892                           ;main.c: 36: digitalWrite((0),1);
   893  0122  01F3               	clrf	digitalWrite@value
   894  0123  0AF3               	incf	digitalWrite@value,f
   895  0124  3000               	movlw	0
   896  0125  217D               	fcall	_digitalWrite
   897                           
   898                           ;main.c: 37: Mode=1;
   899  0126  3001               	movlw	1
   900  0127  0020               	movlb	0	; select bank0
   901  0128  00B7               	movwf	main@Mode
   902  0129  3000               	movlw	0
   903  012A  00B8               	movwf	main@Mode+1
   904                           
   905                           ;main.c: 38: break;
   906  012B  2957               	goto	l159
   907  012C                     l1108:	
   908                           ;main.c: 39: case 1:
   909                           
   910                           
   911                           ;main.c: 40: snd[0]=0xff;
   912  012C  30FF               	movlw	255
   913  012D  00B6               	movwf	??_main
   914  012E  0836               	movf	??_main,w
   915  012F  00AC               	movwf	_snd
   916                           
   917                           ;main.c: 41: switch(rcv[0]){
   918  0130  2940               	goto	l1118
   919  0131                     l1110:	
   920                           ;main.c: 42: case 0:
   921                           
   922                           
   923                           ;main.c: 43: digitalWrite((4),0);
   924  0131  01F3               	clrf	digitalWrite@value
   925  0132  3004               	movlw	4
   926  0133  217D               	fcall	_digitalWrite
   927                           
   928                           ;main.c: 44: break;
   929  0134  2957               	goto	l159
   930  0135                     l1112:	
   931                           ;main.c: 45: case 1:
   932                           
   933                           
   934                           ;main.c: 46: digitalWrite((4),1);
   935  0135  01F3               	clrf	digitalWrite@value
   936  0136  0AF3               	incf	digitalWrite@value,f
   937  0137  3004               	movlw	4
   938  0138  217D               	fcall	_digitalWrite
   939                           
   940                           ;main.c: 47: break;
   941  0139  2957               	goto	l159
   942  013A                     l1114:	
   943                           ;main.c: 48: default:
   944                           
   945                           
   946                           ;main.c: 49: snd[0]=-1;
   947  013A  30FF               	movlw	255
   948  013B  0020               	movlb	0	; select bank0
   949  013C  00B6               	movwf	??_main
   950  013D  0836               	movf	??_main,w
   951  013E  00AC               	movwf	_snd
   952                           
   953                           ;main.c: 51: }
   954                           
   955                           ;main.c: 50: break;
   956  013F  2957               	goto	l159
   957  0140                     l1118:	
   958  0140  0824               	movf	_rcv,w
   959                           
   960                           ; Switch size 1, requested type "space"
   961                           ; Number of cases is 2, Range of values is 0 to 1
   962                           ; switch strategies available:
   963                           ; Name         Instructions Cycles
   964                           ; simple_byte            7     4 (average)
   965                           ; direct_byte           10     6 (fixed)
   966                           ; jumptable            260     6 (fixed)
   967                           ;	Chosen strategy is simple_byte
   968  0141  3A00               	xorlw	0	; case 0
   969  0142  1903               	skipnz
   970  0143  2931               	goto	l1110
   971  0144  3A01               	xorlw	1	; case 1
   972  0145  1903               	skipnz
   973  0146  2935               	goto	l1112
   974  0147  293A               	goto	l1114
   975                           
   976                           ;main.c: 53: }
   977                           
   978                           ;main.c: 52: break;
   979  0148  2957               	goto	l159
   980  0149                     l1122:	
   981                           
   982                           ; Switch on 2 bytes has been partitioned into a top level switch of size 1, and 1 sub-sw
      +                          itches
   983                           ; Switch size 1, requested type "space"
   984                           ; Number of cases is 1, Range of values is 0 to 0
   985                           ; switch strategies available:
   986                           ; Name         Instructions Cycles
   987                           ; simple_byte            4     3 (average)
   988                           ; direct_byte            8     6 (fixed)
   989                           ; jumptable            260     6 (fixed)
   990                           ;	Chosen strategy is simple_byte
   991  0149  0020               	movlb	0	; select bank0
   992  014A  0838               	movf	main@Mode+1,w
   993  014B  3A00               	xorlw	0	; case 0
   994  014C  1903               	skipnz
   995  014D  294F               	goto	l1160
   996  014E  2957               	goto	l159
   997  014F                     l1160:	
   998                           
   999                           ; Switch size 1, requested type "space"
  1000                           ; Number of cases is 2, Range of values is 0 to 1
  1001                           ; switch strategies available:
  1002                           ; Name         Instructions Cycles
  1003                           ; simple_byte            7     4 (average)
  1004                           ; direct_byte           10     6 (fixed)
  1005                           ; jumptable            260     6 (fixed)
  1006                           ;	Chosen strategy is simple_byte
  1007  014F  0837               	movf	main@Mode,w
  1008  0150  3A00               	xorlw	0	; case 0
  1009  0151  1903               	skipnz
  1010  0152  291E               	goto	l1102
  1011  0153  3A01               	xorlw	1	; case 1
  1012  0154  1903               	skipnz
  1013  0155  292C               	goto	l1108
  1014  0156  2957               	goto	l159
  1015  0157                     l159:	
  1016                           
  1017                           ;main.c: 54: GIE=1;
  1018  0157  178B               	bsf	11,7	;volatile
  1019  0158  2917               	goto	l1098
  1020  0159                     __end_of_main:	
  1021                           
  1022                           	psect	text1
  1023  006E                     __ptext1:	
  1024 ;; *************** function _pinMode *****************
  1025 ;; Defined at:
  1026 ;;		line 4 in file "io.c"
  1027 ;; Parameters:    Size  Location     Type
  1028 ;;  pin             1    wreg     unsigned char 
  1029 ;;  mode            1    8[COMMON] unsigned char 
  1030 ;; Auto vars:     Size  Location     Type
  1031 ;;  pin             1    1[BANK0 ] unsigned char 
  1032 ;; Return value:  Size  Location     Type
  1033 ;;                  1    wreg      void 
  1034 ;; Registers used:
  1035 ;;		wreg, fsr0l, fsr0h, status,2, status,0, pclath, cstack
  1036 ;; Tracked objects:
  1037 ;;		On entry : 0/0
  1038 ;;		On exit  : 0/0
  1039 ;;		Unchanged: 0/0
  1040 ;; Data sizes:     COMMON   BANK0   BANK1
  1041 ;;      Params:         1       0       0
  1042 ;;      Locals:         0       1       0
  1043 ;;      Temps:          0       1       0
  1044 ;;      Totals:         1       2       0
  1045 ;;Total ram usage:        3 bytes
  1046 ;; Hardware stack levels used:    1
  1047 ;; Hardware stack levels required when called:    2
  1048 ;; This function calls:
  1049 ;;		_delay_us
  1050 ;; This function is called by:
  1051 ;;		_main
  1052 ;; This function uses a non-reentrant model
  1053 ;;
  1054                           
  1055                           
  1056                           ;psect for function _pinMode
  1057  006E                     _pinMode:	
  1058                           
  1059                           ;incstack = 0
  1060                           ; Regs used in _pinMode: [wreg-fsr0h+status,2+status,0+pclath+cstack]
  1061                           ;pinMode@pin stored from wreg
  1062  006E  0020               	movlb	0	; select bank0
  1063  006F  00B5               	movwf	pinMode@pin
  1064                           
  1065                           ;io.c: 5: LATA = LATA & ~(1 << pin);
  1066  0070  3001               	movlw	1
  1067  0071  00B4               	movwf	??_pinMode
  1068  0072  0A35               	incf	pinMode@pin,w
  1069  0073  2875               	goto	u554
  1070  0074                     u555:	
  1071  0074  35B4               	lslf	??_pinMode,f
  1072  0075                     u554:	
  1073  0075  0B89               	decfsz	9,f
  1074  0076  2874               	goto	u555
  1075  0077  0834               	movf	??_pinMode,w
  1076  0078  3AFF               	xorlw	255
  1077  0079  0022               	movlb	2	; select bank2
  1078  007A  050C               	andwf	12,w	;volatile
  1079  007B  008C               	movwf	12	;volatile
  1080                           
  1081                           ;io.c: 6: switch (mode) {
  1082  007C  28EC               	goto	l1080
  1083  007D                     l1064:	
  1084                           ;io.c: 7: case 0x01:
  1085                           
  1086                           
  1087                           ;io.c: 8: TRISA = TRISA | (1 << pin);
  1088  007D  3001               	movlw	1
  1089  007E  0020               	movlb	0	; select bank0
  1090  007F  00B4               	movwf	??_pinMode
  1091  0080  0A35               	incf	pinMode@pin,w
  1092  0081  2883               	goto	u564
  1093  0082                     u565:	
  1094  0082  35B4               	lslf	??_pinMode,f
  1095  0083                     u564:	
  1096  0083  0B89               	decfsz	9,f
  1097  0084  2882               	goto	u565
  1098  0085  0834               	movf	??_pinMode,w
  1099  0086  0021               	movlb	1	; select bank1
  1100  0087  040C               	iorwf	12,w	;volatile
  1101  0088  008C               	movwf	12	;volatile
  1102                           
  1103                           ;io.c: 9: ANSELA = ANSELA & (~(1 << pin));
  1104  0089  3001               	movlw	1
  1105  008A  0020               	movlb	0	; select bank0
  1106  008B  00B4               	movwf	??_pinMode
  1107  008C  0A35               	incf	pinMode@pin,w
  1108  008D  288F               	goto	u574
  1109  008E                     u575:	
  1110  008E  35B4               	lslf	??_pinMode,f
  1111  008F                     u574:	
  1112  008F  0B89               	decfsz	9,f
  1113  0090  288E               	goto	u575
  1114  0091  0834               	movf	??_pinMode,w
  1115  0092  3AFF               	xorlw	255
  1116  0093  0023               	movlb	3	; select bank3
  1117  0094  050C               	andwf	12,w	;volatile
  1118  0095  008C               	movwf	12	;volatile
  1119                           
  1120                           ;io.c: 10: break;
  1121  0096  0008               	return
  1122  0097                     l1066:	
  1123                           ;io.c: 11: case 0x04:
  1124                           
  1125                           
  1126                           ;io.c: 12: TRISA = TRISA & (~(1 << pin));
  1127  0097  3001               	movlw	1
  1128  0098  0020               	movlb	0	; select bank0
  1129  0099  00B4               	movwf	??_pinMode
  1130  009A  0A35               	incf	pinMode@pin,w
  1131  009B  289D               	goto	u584
  1132  009C                     u585:	
  1133  009C  35B4               	lslf	??_pinMode,f
  1134  009D                     u584:	
  1135  009D  0B89               	decfsz	9,f
  1136  009E  289C               	goto	u585
  1137  009F  0834               	movf	??_pinMode,w
  1138  00A0  3AFF               	xorlw	255
  1139  00A1  0021               	movlb	1	; select bank1
  1140  00A2  050C               	andwf	12,w	;volatile
  1141  00A3  008C               	movwf	12	;volatile
  1142                           
  1143                           ;io.c: 13: ANSELA = ANSELA & (~(1 << pin));
  1144  00A4  3001               	movlw	1
  1145  00A5  0020               	movlb	0	; select bank0
  1146  00A6  00B4               	movwf	??_pinMode
  1147  00A7  0A35               	incf	pinMode@pin,w
  1148  00A8  28AA               	goto	u594
  1149  00A9                     u595:	
  1150  00A9  35B4               	lslf	??_pinMode,f
  1151  00AA                     u594:	
  1152  00AA  0B89               	decfsz	9,f
  1153  00AB  28A9               	goto	u595
  1154  00AC  0834               	movf	??_pinMode,w
  1155  00AD  3AFF               	xorlw	255
  1156  00AE  0023               	movlb	3	; select bank3
  1157  00AF  050C               	andwf	12,w	;volatile
  1158  00B0  008C               	movwf	12	;volatile
  1159                           
  1160                           ;io.c: 14: break;
  1161  00B1  0008               	return
  1162  00B2                     l1068:	
  1163                           ;io.c: 15: case 0x03:
  1164                           
  1165                           
  1166                           ;io.c: 16: TRISA = TRISA | (1 << pin);
  1167  00B2  3001               	movlw	1
  1168  00B3  0020               	movlb	0	; select bank0
  1169  00B4  00B4               	movwf	??_pinMode
  1170  00B5  0A35               	incf	pinMode@pin,w
  1171  00B6  28B8               	goto	u604
  1172  00B7                     u605:	
  1173  00B7  35B4               	lslf	??_pinMode,f
  1174  00B8                     u604:	
  1175  00B8  0B89               	decfsz	9,f
  1176  00B9  28B7               	goto	u605
  1177  00BA  0834               	movf	??_pinMode,w
  1178  00BB  0021               	movlb	1	; select bank1
  1179  00BC  040C               	iorwf	12,w	;volatile
  1180  00BD  008C               	movwf	12	;volatile
  1181                           
  1182                           ;io.c: 17: ANSELA = ANSELA | ((1 << pin));
  1183  00BE  3001               	movlw	1
  1184  00BF  0020               	movlb	0	; select bank0
  1185  00C0  00B4               	movwf	??_pinMode
  1186  00C1  0A35               	incf	pinMode@pin,w
  1187  00C2  28C4               	goto	u614
  1188  00C3                     u615:	
  1189  00C3  35B4               	lslf	??_pinMode,f
  1190  00C4                     u614:	
  1191  00C4  0B89               	decfsz	9,f
  1192  00C5  28C3               	goto	u615
  1193  00C6  0834               	movf	??_pinMode,w
  1194  00C7  0023               	movlb	3	; select bank3
  1195  00C8  040C               	iorwf	12,w	;volatile
  1196  00C9  008C               	movwf	12	;volatile
  1197                           
  1198                           ;io.c: 18: ADCON1 = 0b00010011 ;
  1199  00CA  3013               	movlw	19
  1200  00CB  0021               	movlb	1	; select bank1
  1201  00CC  009E               	movwf	30	;volatile
  1202                           
  1203                           ;io.c: 19: ADCON0 = ADCON0 | 0x01 | ((pin<<3)) ;
  1204  00CD  0020               	movlb	0	; select bank0
  1205  00CE  0835               	movf	pinMode@pin,w
  1206  00CF  00B4               	movwf	??_pinMode
  1207  00D0  3002               	movlw	2
  1208  00D1                     u625:	
  1209  00D1  35B4               	lslf	??_pinMode,f
  1210  00D2  3EFF               	addlw	-1
  1211  00D3  1D03               	skipz
  1212  00D4  28D1               	goto	u625
  1213  00D5  3534               	lslf	??_pinMode,w
  1214  00D6  0021               	movlb	1	; select bank1
  1215  00D7  041D               	iorwf	29,w	;volatile
  1216  00D8  3801               	iorlw	1
  1217  00D9  009D               	movwf	29	;volatile
  1218                           
  1219                           ;io.c: 20: PORTA = PORTA & (~(1 << pin));
  1220  00DA  3001               	movlw	1
  1221  00DB  0020               	movlb	0	; select bank0
  1222  00DC  00B4               	movwf	??_pinMode
  1223  00DD  0A35               	incf	pinMode@pin,w
  1224  00DE  28E0               	goto	u634
  1225  00DF                     u635:	
  1226  00DF  35B4               	lslf	??_pinMode,f
  1227  00E0                     u634:	
  1228  00E0  0B89               	decfsz	9,f
  1229  00E1  28DF               	goto	u635
  1230  00E2  0834               	movf	??_pinMode,w
  1231  00E3  3AFF               	xorlw	255
  1232  00E4  050C               	andwf	12,w	;volatile
  1233  00E5  008C               	movwf	12	;volatile
  1234                           
  1235                           ;io.c: 21: delay_us(5);
  1236  00E6  3005               	movlw	5
  1237  00E7  00F3               	movwf	delay_us@time
  1238  00E8  3000               	movlw	0
  1239  00E9  00F4               	movwf	delay_us@time+1
  1240  00EA  21B1               	fcall	_delay_us
  1241                           
  1242                           ;io.c: 23: }
  1243                           
  1244                           ;io.c: 22: break;
  1245  00EB  0008               	return
  1246  00EC                     l1080:	
  1247  00EC  0878               	movf	pinMode@mode,w
  1248                           
  1249                           ; Switch size 1, requested type "space"
  1250                           ; Number of cases is 3, Range of values is 1 to 4
  1251                           ; switch strategies available:
  1252                           ; Name         Instructions Cycles
  1253                           ; simple_byte           10     6 (average)
  1254                           ; direct_byte           17     9 (fixed)
  1255                           ; jumptable            263     9 (fixed)
  1256                           ;	Chosen strategy is simple_byte
  1257  00ED  3A01               	xorlw	1	; case 1
  1258  00EE  1903               	skipnz
  1259  00EF  287D               	goto	l1064
  1260  00F0  3A02               	xorlw	2	; case 3
  1261  00F1  1903               	skipnz
  1262  00F2  28B2               	goto	l1068
  1263  00F3  3A07               	xorlw	7	; case 4
  1264  00F4  1903               	skipnz
  1265  00F5  2897               	goto	l1066
  1266  00F6  28F7               	goto	l115
  1267  00F7                     l115:	
  1268  00F7  0008               	return
  1269  00F8                     __end_of_pinMode:	
  1270                           
  1271                           	psect	text2
  1272  01B1                     __ptext2:	
  1273 ;; *************** function _delay_us *****************
  1274 ;; Defined at:
  1275 ;;		line 10 in file "delay.c"
  1276 ;; Parameters:    Size  Location     Type
  1277 ;;  time            2    3[COMMON] int 
  1278 ;; Auto vars:     Size  Location     Type
  1279 ;;  i               2    6[COMMON] int 
  1280 ;; Return value:  Size  Location     Type
  1281 ;;                  1    wreg      void 
  1282 ;; Registers used:
  1283 ;;		wreg, status,2
  1284 ;; Tracked objects:
  1285 ;;		On entry : 0/0
  1286 ;;		On exit  : 0/0
  1287 ;;		Unchanged: 0/0
  1288 ;; Data sizes:     COMMON   BANK0   BANK1
  1289 ;;      Params:         2       0       0
  1290 ;;      Locals:         2       0       0
  1291 ;;      Temps:          1       0       0
  1292 ;;      Totals:         5       0       0
  1293 ;;Total ram usage:        5 bytes
  1294 ;; Hardware stack levels used:    1
  1295 ;; Hardware stack levels required when called:    1
  1296 ;; This function calls:
  1297 ;;		Nothing
  1298 ;; This function is called by:
  1299 ;;		_pinMode
  1300 ;; This function uses a non-reentrant model
  1301 ;;
  1302                           
  1303                           
  1304                           ;psect for function _delay_us
  1305  01B1                     _delay_us:	
  1306                           
  1307                           ;delay.c: 11: int i;
  1308                           ;delay.c: 12: for(i=0;i<time;i++){
  1309                           
  1310                           ;incstack = 0
  1311                           ; Regs used in _delay_us: [wreg+status,2]
  1312  01B1  01F6               	clrf	delay_us@i
  1313  01B2  01F7               	clrf	delay_us@i+1
  1314  01B3                     l82:	
  1315  01B3  0877               	movf	delay_us@i+1,w
  1316  01B4  3A80               	xorlw	128
  1317  01B5  00F5               	movwf	??_delay_us
  1318  01B6  0874               	movf	delay_us@time+1,w
  1319  01B7  3A80               	xorlw	128
  1320  01B8  0275               	subwf	??_delay_us,w
  1321  01B9  1D03               	skipz
  1322  01BA  29BD               	goto	u545
  1323  01BB  0873               	movf	delay_us@time,w
  1324  01BC  0276               	subwf	delay_us@i,w
  1325  01BD                     u545:	
  1326  01BD  1803               	btfsc	3,0
  1327  01BE  0008               	return
  1328                           
  1329                           ;delay.c: 13: _delay((unsigned long)((1)*(8000000/4000000.0)));
  1330  01BF  3200               	nop2	;2 cycle nop
  1331  01C0  3001               	movlw	1
  1332  01C1  07F6               	addwf	delay_us@i,f
  1333  01C2  3000               	movlw	0
  1334  01C3  3DF7               	addwfc	delay_us@i+1,f
  1335  01C4  29B3               	goto	l82
  1336  01C5                     __end_of_delay_us:	
  1337                           
  1338                           	psect	text3
  1339  01CB                     __ptext3:	
  1340 ;; *************** function _initOSCCON *****************
  1341 ;; Defined at:
  1342 ;;		line 5 in file "osccon.c"
  1343 ;; Parameters:    Size  Location     Type
  1344 ;;		None
  1345 ;; Auto vars:     Size  Location     Type
  1346 ;;		None
  1347 ;; Return value:  Size  Location     Type
  1348 ;;                  1    wreg      void 
  1349 ;; Registers used:
  1350 ;;		wreg, status,2, status,0
  1351 ;; Tracked objects:
  1352 ;;		On entry : 0/0
  1353 ;;		On exit  : 0/0
  1354 ;;		Unchanged: 0/0
  1355 ;; Data sizes:     COMMON   BANK0   BANK1
  1356 ;;      Params:         0       0       0
  1357 ;;      Locals:         0       0       0
  1358 ;;      Temps:          1       0       0
  1359 ;;      Totals:         1       0       0
  1360 ;;Total ram usage:        1 bytes
  1361 ;; Hardware stack levels used:    1
  1362 ;; Hardware stack levels required when called:    1
  1363 ;; This function calls:
  1364 ;;		Nothing
  1365 ;; This function is called by:
  1366 ;;		_main
  1367 ;; This function uses a non-reentrant model
  1368 ;;
  1369                           
  1370                           
  1371                           ;psect for function _initOSCCON
  1372  01CB                     _initOSCCON:	
  1373                           
  1374                           ;osccon.c: 11: OSCCON|=0b01110010;
  1375                           
  1376                           ;incstack = 0
  1377                           ; Regs used in _initOSCCON: [wreg+status,2+status,0]
  1378  01CB  3072               	movlw	114
  1379  01CC  00F3               	movwf	??_initOSCCON
  1380  01CD  0873               	movf	??_initOSCCON,w
  1381  01CE  0021               	movlb	1	; select bank1
  1382  01CF  0499               	iorwf	25,f	;volatile
  1383  01D0  0008               	return
  1384  01D1                     __end_of_initOSCCON:	
  1385                           
  1386                           	psect	text4
  1387  019A                     __ptext4:	
  1388 ;; *************** function _i2cReceiveCheck *****************
  1389 ;; Defined at:
  1390 ;;		line 185 in file "i2c.c"
  1391 ;; Parameters:    Size  Location     Type
  1392 ;;		None
  1393 ;; Auto vars:     Size  Location     Type
  1394 ;;  ans             2    5[COMMON] int 
  1395 ;; Return value:  Size  Location     Type
  1396 ;;                  2    3[COMMON] int 
  1397 ;; Registers used:
  1398 ;;		wreg, status,2, status,0
  1399 ;; Tracked objects:
  1400 ;;		On entry : 0/0
  1401 ;;		On exit  : 0/0
  1402 ;;		Unchanged: 0/0
  1403 ;; Data sizes:     COMMON   BANK0   BANK1
  1404 ;;      Params:         2       0       0
  1405 ;;      Locals:         2       0       0
  1406 ;;      Temps:          0       0       0
  1407 ;;      Totals:         4       0       0
  1408 ;;Total ram usage:        4 bytes
  1409 ;; Hardware stack levels used:    1
  1410 ;; Hardware stack levels required when called:    1
  1411 ;; This function calls:
  1412 ;;		Nothing
  1413 ;; This function is called by:
  1414 ;;		_main
  1415 ;; This function uses a non-reentrant model
  1416 ;;
  1417                           
  1418                           
  1419                           ;psect for function _i2cReceiveCheck
  1420  019A                     _i2cReceiveCheck:	
  1421                           
  1422                           ;i2c.c: 186: int ans;
  1423                           ;i2c.c: 188: ans = 0;
  1424                           
  1425                           ;incstack = 0
  1426                           ; Regs used in _i2cReceiveCheck: [wreg+status,2+status,0]
  1427  019A  01F5               	clrf	i2cReceiveCheck@ans
  1428  019B  01F6               	clrf	i2cReceiveCheck@ans+1
  1429                           
  1430                           ;i2c.c: 189: if (rcv_flg != 0) {
  1431  019C  0020               	movlb	0	; select bank0
  1432  019D  0822               	movf	_rcv_flg,w
  1433  019E  0423               	iorwf	_rcv_flg+1,w
  1434  019F  1903               	btfsc	3,2
  1435  01A0  29AC               	goto	l902
  1436                           
  1437                           ;i2c.c: 190: if ((SSP1STATbits.S == 0) && (SSP1STATbits.P == 1)) {
  1438  01A1  0024               	movlb	4	; select bank4
  1439  01A2  1D94               	btfss	20,3	;volatile
  1440  01A3  1E14               	btfss	20,4	;volatile
  1441  01A4  29AC               	goto	l902
  1442                           
  1443                           ;i2c.c: 191: ans = rcv_flg;
  1444  01A5  0020               	movlb	0	; select bank0
  1445  01A6  0823               	movf	_rcv_flg+1,w
  1446  01A7  00F6               	movwf	i2cReceiveCheck@ans+1
  1447  01A8  0822               	movf	_rcv_flg,w
  1448  01A9  00F5               	movwf	i2cReceiveCheck@ans
  1449                           
  1450                           ;i2c.c: 192: rcv_flg = 0;
  1451  01AA  01A2               	clrf	_rcv_flg
  1452  01AB  01A3               	clrf	_rcv_flg+1
  1453  01AC                     l902:	
  1454                           
  1455                           ;i2c.c: 193: }
  1456                           ;i2c.c: 194: }
  1457                           ;i2c.c: 195: return (ans);
  1458  01AC  0876               	movf	i2cReceiveCheck@ans+1,w
  1459  01AD  00F4               	movwf	?_i2cReceiveCheck+1
  1460  01AE  0875               	movf	i2cReceiveCheck@ans,w
  1461  01AF  00F3               	movwf	?_i2cReceiveCheck
  1462  01B0  0008               	return
  1463  01B1                     __end_of_i2cReceiveCheck:	
  1464                           
  1465                           	psect	text5
  1466  0159                     __ptext5:	
  1467 ;; *************** function _i2cInit *****************
  1468 ;; Defined at:
  1469 ;;		line 166 in file "i2c.c"
  1470 ;; Parameters:    Size  Location     Type
  1471 ;;  address         2    3[COMMON] int 
  1472 ;; Auto vars:     Size  Location     Type
  1473 ;;		None
  1474 ;; Return value:  Size  Location     Type
  1475 ;;                  1    wreg      void 
  1476 ;; Registers used:
  1477 ;;		wreg, status,2, status,0
  1478 ;; Tracked objects:
  1479 ;;		On entry : 0/0
  1480 ;;		On exit  : 0/0
  1481 ;;		Unchanged: 0/0
  1482 ;; Data sizes:     COMMON   BANK0   BANK1
  1483 ;;      Params:         2       0       0
  1484 ;;      Locals:         0       0       0
  1485 ;;      Temps:          1       0       0
  1486 ;;      Totals:         3       0       0
  1487 ;;Total ram usage:        3 bytes
  1488 ;; Hardware stack levels used:    1
  1489 ;; Hardware stack levels required when called:    1
  1490 ;; This function calls:
  1491 ;;		Nothing
  1492 ;; This function is called by:
  1493 ;;		_main
  1494 ;; This function uses a non-reentrant model
  1495 ;;
  1496                           
  1497                           
  1498                           ;psect for function _i2cInit
  1499  0159                     _i2cInit:	
  1500                           
  1501                           ;i2c.c: 167: SSP1STAT = 0b10000000;
  1502                           
  1503                           ;incstack = 0
  1504                           ; Regs used in _i2cInit: [wreg+status,2+status,0]
  1505  0159  3080               	movlw	128
  1506  015A  0024               	movlb	4	; select bank4
  1507  015B  0094               	movwf	20	;volatile
  1508                           
  1509                           ;i2c.c: 168: SSP1CON1 = 0b00100110;
  1510  015C  3026               	movlw	38
  1511  015D  0095               	movwf	21	;volatile
  1512                           
  1513                           ;i2c.c: 169: SSP1CON2bits.SEN = 1;
  1514  015E  1416               	bsf	22,0	;volatile
  1515                           
  1516                           ;i2c.c: 171: SSP1ADD = address << 1;
  1517  015F  3573               	lslf	i2cInit@address,w
  1518  0160  0092               	movwf	18	;volatile
  1519                           
  1520                           ;i2c.c: 172: SSP1MSK = 0b11111110;
  1521  0161  30FE               	movlw	254
  1522  0162  0093               	movwf	19	;volatile
  1523                           
  1524                           ;i2c.c: 173: SSP1IE = 1;
  1525  0163  0021               	movlb	1	; select bank1
  1526  0164  1591               	bsf	17,3	;volatile
  1527                           
  1528                           ;i2c.c: 174: BCL1IE = 1;
  1529  0165  1592               	bsf	18,3	;volatile
  1530                           
  1531                           ;i2c.c: 175: PEIE = 1;
  1532  0166  170B               	bsf	11,6	;volatile
  1533                           
  1534                           ;i2c.c: 176: GIE = 1;
  1535  0167  178B               	bsf	11,7	;volatile
  1536                           
  1537                           ;i2c.c: 177: SSP1IF = 0;
  1538  0168  0020               	movlb	0	; select bank0
  1539  0169  1191               	bcf	17,3	;volatile
  1540                           
  1541                           ;i2c.c: 178: BCL1IF = 0;
  1542  016A  1192               	bcf	18,3	;volatile
  1543                           
  1544                           ;i2c.c: 179: rcv_flg = 0;
  1545  016B  01A2               	clrf	_rcv_flg
  1546  016C  01A3               	clrf	_rcv_flg+1
  1547                           
  1548                           ;i2c.c: 180: ANSELA &= 0b11111001;
  1549  016D  30F9               	movlw	249
  1550  016E  00F5               	movwf	??_i2cInit
  1551  016F  0875               	movf	??_i2cInit,w
  1552  0170  0023               	movlb	3	; select bank3
  1553  0171  058C               	andwf	12,f	;volatile
  1554                           
  1555                           ;i2c.c: 181: TRISA |= 0b00000110;
  1556  0172  3006               	movlw	6
  1557  0173  00F5               	movwf	??_i2cInit
  1558  0174  0875               	movf	??_i2cInit,w
  1559  0175  0021               	movlb	1	; select bank1
  1560  0176  048C               	iorwf	12,f	;volatile
  1561                           
  1562                           ;i2c.c: 182: PORTA &= 0b11111001;
  1563  0177  30F9               	movlw	249
  1564  0178  00F5               	movwf	??_i2cInit
  1565  0179  0875               	movf	??_i2cInit,w
  1566  017A  0020               	movlb	0	; select bank0
  1567  017B  058C               	andwf	12,f	;volatile
  1568  017C  0008               	return
  1569  017D                     __end_of_i2cInit:	
  1570                           
  1571                           	psect	text6
  1572  017D                     __ptext6:	
  1573 ;; *************** function _digitalWrite *****************
  1574 ;; Defined at:
  1575 ;;		line 26 in file "io.c"
  1576 ;; Parameters:    Size  Location     Type
  1577 ;;  pin             1    wreg     unsigned char 
  1578 ;;  value           1    3[COMMON] unsigned char 
  1579 ;; Auto vars:     Size  Location     Type
  1580 ;;  pin             1    5[COMMON] unsigned char 
  1581 ;; Return value:  Size  Location     Type
  1582 ;;                  1    wreg      void 
  1583 ;; Registers used:
  1584 ;;		wreg, status,2, status,0
  1585 ;; Tracked objects:
  1586 ;;		On entry : 0/0
  1587 ;;		On exit  : 0/0
  1588 ;;		Unchanged: 0/0
  1589 ;; Data sizes:     COMMON   BANK0   BANK1
  1590 ;;      Params:         1       0       0
  1591 ;;      Locals:         1       0       0
  1592 ;;      Temps:          1       0       0
  1593 ;;      Totals:         3       0       0
  1594 ;;Total ram usage:        3 bytes
  1595 ;; Hardware stack levels used:    1
  1596 ;; Hardware stack levels required when called:    1
  1597 ;; This function calls:
  1598 ;;		Nothing
  1599 ;; This function is called by:
  1600 ;;		_main
  1601 ;; This function uses a non-reentrant model
  1602 ;;
  1603                           
  1604                           
  1605                           ;psect for function _digitalWrite
  1606  017D                     _digitalWrite:	
  1607                           
  1608                           ;incstack = 0
  1609                           ; Regs used in _digitalWrite: [wreg+status,2+status,0]
  1610                           ;digitalWrite@pin stored from wreg
  1611  017D  00F5               	movwf	digitalWrite@pin
  1612                           
  1613                           ;io.c: 27: if (value) {
  1614  017E  0873               	movf	digitalWrite@value,w
  1615  017F  1903               	btfsc	3,2
  1616  0180  298D               	goto	l930
  1617                           
  1618                           ;io.c: 28: LATA = LATA | (1 << pin);
  1619  0181  3001               	movlw	1
  1620  0182  00F4               	movwf	??_digitalWrite
  1621  0183  0A75               	incf	digitalWrite@pin,w
  1622  0184  2986               	goto	u434
  1623  0185                     u435:	
  1624  0185  35F4               	lslf	??_digitalWrite,f
  1625  0186                     u434:	
  1626  0186  0B89               	decfsz	9,f
  1627  0187  2985               	goto	u435
  1628  0188  0874               	movf	??_digitalWrite,w
  1629  0189  0022               	movlb	2	; select bank2
  1630  018A  040C               	iorwf	12,w	;volatile
  1631  018B  008C               	movwf	12	;volatile
  1632                           
  1633                           ;io.c: 29: } else {
  1634  018C  0008               	return
  1635  018D                     l930:	
  1636                           
  1637                           ;io.c: 30: LATA = LATA & ~(1 << pin);
  1638  018D  3001               	movlw	1
  1639  018E  00F4               	movwf	??_digitalWrite
  1640  018F  0A75               	incf	digitalWrite@pin,w
  1641  0190  2992               	goto	u444
  1642  0191                     u445:	
  1643  0191  35F4               	lslf	??_digitalWrite,f
  1644  0192                     u444:	
  1645  0192  0B89               	decfsz	9,f
  1646  0193  2991               	goto	u445
  1647  0194  0874               	movf	??_digitalWrite,w
  1648  0195  3AFF               	xorlw	255
  1649  0196  0022               	movlb	2	; select bank2
  1650  0197  050C               	andwf	12,w	;volatile
  1651  0198  008C               	movwf	12	;volatile
  1652  0199  0008               	return
  1653  019A                     __end_of_digitalWrite:	
  1654                           
  1655                           	psect	intentry
  1656  0004                     __pintentry:	
  1657 ;; *************** function _i2cInterrupt *****************
  1658 ;; Defined at:
  1659 ;;		line 109 in file "i2c.c"
  1660 ;; Parameters:    Size  Location     Type
  1661 ;;		None
  1662 ;; Auto vars:     Size  Location     Type
  1663 ;;  x               1    2[COMMON] unsigned char 
  1664 ;; Return value:  Size  Location     Type
  1665 ;;                  1    wreg      void 
  1666 ;; Registers used:
  1667 ;;		wreg, fsr1l, fsr1h, status,2, status,0
  1668 ;; Tracked objects:
  1669 ;;		On entry : 0/0
  1670 ;;		On exit  : 0/0
  1671 ;;		Unchanged: 0/0
  1672 ;; Data sizes:     COMMON   BANK0   BANK1
  1673 ;;      Params:         0       0       0
  1674 ;;      Locals:         1       0       0
  1675 ;;      Temps:          2       0       0
  1676 ;;      Totals:         3       0       0
  1677 ;;Total ram usage:        3 bytes
  1678 ;; Hardware stack levels used:    1
  1679 ;; This function calls:
  1680 ;;		Nothing
  1681 ;; This function is called by:
  1682 ;;		Interrupt level 1
  1683 ;; This function uses a non-reentrant model
  1684 ;;
  1685                           
  1686  0004                     _i2cInterrupt:	
  1687                           
  1688                           ;incstack = 0
  1689                           ; Regs used in _i2cInterrupt: [wreg+fsr1l+fsr1h+status,2+status,0]
  1690  0004  147E               	bsf	126,0	;set compiler interrupt flag (level 1)
  1691  0005  3180               	pagesel	$
  1692  0006  0020               	movlb	0	; select bank0
  1693  0007  087F               	movf	127,w
  1694  0008  00F1               	movwf	??_i2cInterrupt+1
  1695                           
  1696                           ;i2c.c: 110: char x;
  1697                           ;i2c.c: 115: if (SSP1IF == 1) {
  1698  0009  1D91               	btfss	17,3	;volatile
  1699  000A  285B               	goto	i1l47
  1700                           
  1701                           ;i2c.c: 116: if (SSP1STATbits.R_nW == 0) {
  1702  000B  0024               	movlb	4	; select bank4
  1703  000C  1914               	btfsc	20,2	;volatile
  1704  000D  282E               	goto	i1l48
  1705                           
  1706                           ;i2c.c: 118: if (SSP1STATbits.D_nA == 0) {
  1707  000E  1A94               	btfsc	20,5	;volatile
  1708  000F  281C               	goto	i1l944
  1709                           
  1710                           ;i2c.c: 120: Rdtp = (char *) rcv;
  1711  0010  3024               	movlw	(low (_rcv| 0))& (0+255)
  1712  0011  00F0               	movwf	??_i2cInterrupt
  1713  0012  0870               	movf	??_i2cInterrupt,w
  1714  0013  00F9               	movwf	_Rdtp
  1715                           
  1716                           ;i2c.c: 121: x = SSP1BUF;
  1717  0014  0811               	movf	17,w	;volatile
  1718  0015  00F0               	movwf	??_i2cInterrupt
  1719  0016  0870               	movf	??_i2cInterrupt,w
  1720  0017  00F2               	movwf	i2cInterrupt@x
  1721                           
  1722                           ;i2c.c: 122: rcv_flg = 0;
  1723  0018  0020               	movlb	0	; select bank0
  1724  0019  01A2               	clrf	_rcv_flg
  1725  001A  01A3               	clrf	_rcv_flg+1
  1726                           
  1727                           ;i2c.c: 123: } else {
  1728  001B  2855               	goto	L1
  1729  001C                     i1l944:	
  1730                           
  1731                           ;i2c.c: 125: *Rdtp = SSP1BUF;
  1732  001C  0024               	movlb	4	; select bank4
  1733  001D  0811               	movf	17,w	;volatile
  1734  001E  00F0               	movwf	??_i2cInterrupt
  1735  001F  0879               	movf	_Rdtp,w
  1736  0020  0086               	movwf	6
  1737  0021  0187               	clrf	7
  1738  0022  0870               	movf	??_i2cInterrupt,w
  1739  0023  0081               	movwf	1
  1740                           
  1741                           ;i2c.c: 126: Rdtp++;
  1742  0024  3001               	movlw	1
  1743  0025  00F0               	movwf	??_i2cInterrupt
  1744  0026  0870               	movf	??_i2cInterrupt,w
  1745  0027  07F9               	addwf	_Rdtp,f
  1746                           
  1747                           ;i2c.c: 127: rcv_flg++;
  1748  0028  3001               	movlw	1
  1749  0029  0020               	movlb	0	; select bank0
  1750  002A  07A2               	addwf	_rcv_flg,f
  1751  002B  3000               	movlw	0
  1752  002C  3DA3               	addwfc	_rcv_flg+1,f
  1753  002D  2855               	goto	L1
  1754  002E                     i1l48:	
  1755                           ;i2c.c: 131: } else {
  1756                           
  1757                           ;i2c.c: 130: SSP1CON1bits.CKP = 1;
  1758                           
  1759                           ;i2c.c: 128: }
  1760                           ;i2c.c: 129: SSP1IF = 0;
  1761                           
  1762                           
  1763                           ;i2c.c: 133: if (SSP1STATbits.BF == 1) {
  1764  002E  1C14               	btfss	20,0	;volatile
  1765  002F  2841               	goto	i1l52
  1766                           
  1767                           ;i2c.c: 135: Sdtp = (char *) snd;
  1768  0030  302C               	movlw	(low (_snd| 0))& (0+255)
  1769  0031  00F0               	movwf	??_i2cInterrupt
  1770  0032  0870               	movf	??_i2cInterrupt,w
  1771  0033  00FA               	movwf	_Sdtp
  1772                           
  1773                           ;i2c.c: 136: x = SSP1BUF;
  1774  0034  0811               	movf	17,w	;volatile
  1775  0035  00F0               	movwf	??_i2cInterrupt
  1776  0036  0870               	movf	??_i2cInterrupt,w
  1777  0037  00F2               	movwf	i2cInterrupt@x
  1778  0038                     i1l956:	
  1779                           ;i2c.c: 137: while ((SSP1CON1bits.CKP) | (SSP1STATbits.BF));
  1780                           
  1781  0038  0814               	movf	20,w	;volatile
  1782  0039  3901               	andlw	1
  1783  003A  00F0               	movwf	??_i2cInterrupt
  1784  003B  0E15               	swapf	21,w	;volatile
  1785  003C  3901               	andlw	1
  1786  003D  0470               	iorwf	??_i2cInterrupt,w
  1787  003E  1D03               	btfss	3,2
  1788  003F  2838               	goto	i1l956
  1789  0040  284B               	goto	i1l970
  1790  0041                     i1l52:	
  1791                           ;i2c.c: 142: } else {
  1792                           
  1793                           ;i2c.c: 141: SSP1CON1bits.CKP = 1;
  1794                           
  1795                           ;i2c.c: 140: SSP1IF = 0;
  1796                           
  1797                           ;i2c.c: 139: Sdtp++;
  1798                           
  1799                           ;i2c.c: 138: SSP1BUF = *Sdtp;
  1800                           
  1801                           
  1802                           ;i2c.c: 144: if (SSP1CON2bits.ACKSTAT == 0) {
  1803  0041  1B16               	btfsc	22,6	;volatile
  1804  0042  2859               	goto	i1l57
  1805  0043                     i1l968:	
  1806                           ;i2c.c: 146: while ((SSP1CON1bits.CKP) | (SSP1STATbits.BF));
  1807                           
  1808  0043  0814               	movf	20,w	;volatile
  1809  0044  3901               	andlw	1
  1810  0045  00F0               	movwf	??_i2cInterrupt
  1811  0046  0E15               	swapf	21,w	;volatile
  1812  0047  3901               	andlw	1
  1813  0048  0470               	iorwf	??_i2cInterrupt,w
  1814  0049  1D03               	btfss	3,2
  1815  004A  2843               	goto	i1l968
  1816  004B                     i1l970:	
  1817                           
  1818                           ;i2c.c: 147: SSP1BUF = *Sdtp;
  1819  004B  087A               	movf	_Sdtp,w
  1820  004C  0086               	movwf	6
  1821  004D  0187               	clrf	7
  1822  004E  0801               	movf	1,w
  1823  004F  0091               	movwf	17	;volatile
  1824                           
  1825                           ;i2c.c: 148: Sdtp++;
  1826  0050  3001               	movlw	1
  1827  0051  00F0               	movwf	??_i2cInterrupt
  1828  0052  0870               	movf	??_i2cInterrupt,w
  1829  0053  07FA               	addwf	_Sdtp,f
  1830                           
  1831                           ;i2c.c: 149: SSP1IF = 0;
  1832  0054  0020               	movlb	0	; select bank0
  1833  0055                     L1:	
  1834  0055  1191               	bcf	17,3	;volatile
  1835                           
  1836                           ;i2c.c: 150: SSP1CON1bits.CKP = 1;
  1837  0056  0024               	movlb	4	; select bank4
  1838  0057  1615               	bsf	21,4	;volatile
  1839                           
  1840                           ;i2c.c: 151: } else {
  1841  0058  285B               	goto	i1l47
  1842  0059                     i1l57:	
  1843                           
  1844                           ;i2c.c: 153: SSP1IF = 0;
  1845  0059  0020               	movlb	0	; select bank0
  1846  005A  1191               	bcf	17,3	;volatile
  1847  005B                     i1l47:	
  1848                           
  1849                           ;i2c.c: 154: }
  1850                           ;i2c.c: 155: }
  1851                           ;i2c.c: 156: }
  1852                           ;i2c.c: 157: }
  1853                           ;i2c.c: 161: if (BCL1IF == 1) {
  1854  005B  0020               	movlb	0	; select bank0
  1855  005C  1992               	btfsc	18,3	;volatile
  1856                           
  1857                           ;i2c.c: 162: BCL1IF = 0;
  1858  005D  1192               	bcf	18,3	;volatile
  1859  005E  0871               	movf	??_i2cInterrupt+1,w
  1860  005F  00FF               	movwf	127
  1861  0060  107E               	bcf	126,0	;clear compiler interrupt flag (level 1)
  1862  0061  0009               	retfie
  1863  0062                     __end_of_i2cInterrupt:	
  1864  007E                     btemp	set	126	;btemp
  1865  007E                     int$flags	set	126
  1866  007E                     wtemp	set	126
  1867  007E                     wtemp0	set	126
  1868  0080                     wtemp1	set	128
  1869  0082                     wtemp2	set	130
  1870  0084                     wtemp3	set	132
  1871  0086                     wtemp4	set	134
  1872  0088                     wtemp5	set	136
  1873  007F                     wtemp6	set	127
  1874  007E                     ttemp	set	126
  1875  007E                     ttemp0	set	126
  1876  0081                     ttemp1	set	129
  1877  0084                     ttemp2	set	132
  1878  0087                     ttemp3	set	135
  1879  007F                     ttemp4	set	127
  1880  007E                     ltemp	set	126
  1881  007E                     ltemp0	set	126
  1882  0082                     ltemp1	set	130
  1883  0086                     ltemp2	set	134
  1884  0080                     ltemp3	set	128


Data Sizes:
    Strings     0
    Constant    0
    Data        0
    BSS         22
    Persistent  0
    Stack       0

Auto Spaces:
    Space          Size  Autos    Used
    COMMON           14      9      11
    BANK0            80      5      25
    BANK1            32      0       0

Pointer List with Targets:

    Sdtp	PTR unsigned char  size(1) Largest target is 8
		 -> NULL(NULL[0]), snd(BANK0[8]), 

    Rdtp	PTR unsigned char  size(1) Largest target is 8
		 -> NULL(NULL[0]), rcv(BANK0[8]), 


Critical Paths under _main in COMMON

    _main->_pinMode
    _pinMode->_delay_us

Critical Paths under _i2cInterrupt in COMMON

    None.

Critical Paths under _main in BANK0

    _main->_pinMode

Critical Paths under _i2cInterrupt in BANK0

    None.

Critical Paths under _main in BANK1

    None.

Critical Paths under _i2cInterrupt in BANK1

    None.

Call Graph Tables:

 ---------------------------------------------------------------------------------
 (Depth) Function   	        Calls       Base Space   Used Autos Params    Refs
 ---------------------------------------------------------------------------------
 (0) _main                                                 3     3      0    1040
                                              2 BANK0      3     3      0
                       _digitalWrite
                            _i2cInit
                    _i2cReceiveCheck
                         _initOSCCON
                            _pinMode
 ---------------------------------------------------------------------------------
 (1) _pinMode                                              3     2      1     573
                                              8 COMMON     1     0      1
                                              0 BANK0      2     2      0
                           _delay_us
 ---------------------------------------------------------------------------------
 (2) _delay_us                                             5     3      2     133
                                              3 COMMON     5     3      2
 ---------------------------------------------------------------------------------
 (1) _initOSCCON                                           1     1      0       0
                                              3 COMMON     1     1      0
 ---------------------------------------------------------------------------------
 (1) _i2cReceiveCheck                                      4     2      2      24
                                              3 COMMON     4     2      2
 ---------------------------------------------------------------------------------
 (1) _i2cInit                                              3     1      2      75
                                              3 COMMON     3     1      2
 ---------------------------------------------------------------------------------
 (1) _digitalWrite                                         3     2      1     331
                                              3 COMMON     3     2      1
 ---------------------------------------------------------------------------------
 Estimated maximum stack depth 2
 ---------------------------------------------------------------------------------
 (Depth) Function   	        Calls       Base Space   Used Autos Params    Refs
 ---------------------------------------------------------------------------------
 (3) _i2cInterrupt                                         3     3      0       2
                                              0 COMMON     3     3      0
 ---------------------------------------------------------------------------------
 Estimated maximum stack depth 3
 ---------------------------------------------------------------------------------

 Call Graph Graphs:

 _main (ROOT)
   _digitalWrite
   _i2cInit
   _i2cReceiveCheck
   _initOSCCON
   _pinMode
     _delay_us

 _i2cInterrupt (ROOT)

 Address spaces:
Name               Size   Autos  Total    Cost      Usage
BIGRAM              70      0       0       0        0.0%
EEDATA             100      0       0       0        0.0%
NULL                 0      0       0       0        0.0%
CODE                 0      0       0       0        0.0%
BITCOMMON            E      0       0       1        0.0%
BITSFR0              0      0       0       1        0.0%
SFR0                 0      0       0       1        0.0%
COMMON               E      9       B       2       78.6%
BITSFR1              0      0       0       2        0.0%
SFR1                 0      0       0       2        0.0%
BITSFR2              0      0       0       3        0.0%
SFR2                 0      0       0       3        0.0%
STACK                0      0       0       3        0.0%
BITSFR3              0      0       0       4        0.0%
SFR3                 0      0       0       4        0.0%
ABS                  0      0      24       4        0.0%
BITBANK0            50      0       0       5        0.0%
BITSFR4              0      0       0       5        0.0%
SFR4                 0      0       0       5        0.0%
BANK0               50      5      19       6       31.3%
BITSFR5              0      0       0       6        0.0%
SFR5                 0      0       0       6        0.0%
BITBANK1            20      0       0       7        0.0%
BITSFR6              0      0       0       7        0.0%
SFR6                 0      0       0       7        0.0%
BANK1               20      0       0       8        0.0%
BITSFR7              0      0       0       8        0.0%
SFR7                 0      0       0       8        0.0%
BITSFR8              0      0       0       9        0.0%
SFR8                 0      0       0       9        0.0%
DATA                 0      0      24       9        0.0%
BITSFR9              0      0       0      10        0.0%
SFR9                 0      0       0      10        0.0%
BITSFR10             0      0       0      11        0.0%
SFR10                0      0       0      11        0.0%
BITSFR11             0      0       0      12        0.0%
SFR11                0      0       0      12        0.0%
BITSFR12             0      0       0      13        0.0%
SFR12                0      0       0      13        0.0%
BITSFR13             0      0       0      14        0.0%
SFR13                0      0       0      14        0.0%
BITSFR14             0      0       0      15        0.0%
SFR14                0      0       0      15        0.0%
BITSFR15             0      0       0      16        0.0%
SFR15                0      0       0      16        0.0%
BITSFR16             0      0       0      17        0.0%
SFR16                0      0       0      17        0.0%
BITSFR17             0      0       0      18        0.0%
SFR17                0      0       0      18        0.0%
BITSFR18             0      0       0      19        0.0%
SFR18                0      0       0      19        0.0%
BITSFR19             0      0       0      20        0.0%
SFR19                0      0       0      20        0.0%
BITSFR20             0      0       0      21        0.0%
SFR20                0      0       0      21        0.0%
BITSFR21             0      0       0      22        0.0%
SFR21                0      0       0      22        0.0%
BITSFR22             0      0       0      23        0.0%
SFR22                0      0       0      23        0.0%
BITSFR23             0      0       0      24        0.0%
SFR23                0      0       0      24        0.0%
BITSFR24             0      0       0      25        0.0%
SFR24                0      0       0      25        0.0%
BITSFR25             0      0       0      26        0.0%
SFR25                0      0       0      26        0.0%
BITSFR26             0      0       0      27        0.0%
SFR26                0      0       0      27        0.0%
BITSFR27             0      0       0      28        0.0%
SFR27                0      0       0      28        0.0%
BITSFR28             0      0       0      29        0.0%
SFR28                0      0       0      29        0.0%
BITSFR29             0      0       0      30        0.0%
SFR29                0      0       0      30        0.0%
BITSFR30             0      0       0      31        0.0%
SFR30                0      0       0      31        0.0%
BITSFR31             0      0       0      32        0.0%
SFR31                0      0       0      32        0.0%


Microchip Technology PIC Macro Assembler V1.37 build -260352376 
Symbol Table                                                                                   Tue Aug 16 01:12:57 2016

             __CFG_CP$OFF 0000                        l82 01B3                        _HL 0020  
                     l115 00F7                       l159 0157                       l902 01AC  
                     l930 018D                       _GIE 005F                       u434 0186  
            __CFG_CPD$OFF 0000                       u435 0185                       u444 0192  
                     u604 00B8                       u445 0191                       u605 00B7  
                     u614 00C4                       u615 00C3                       u545 01BD  
                     u625 00D1                       u634 00E0                       u554 0075  
                     u635 00DF                       u555 0074                       u564 0083  
                     u565 0082                       u574 008F                       u575 008E  
                     u584 009D                       u585 009C                       u594 00AA  
                     u595 00A9                       _rcv 0024                       _snd 002C  
            __CFG_BORV$HI 0000                       wreg 0009              __CFG_LVP$OFF 0000  
                    l1110 0131                      l1102 011E                      l1112 0135  
                    l1114 013A                      l1122 0149                      l1108 012C  
                    l1118 0140                      l1064 007D                      l1080 00EC  
                    l1160 014F                      l1066 0097                      l1068 00B2  
                    l1098 0117            ??_i2cInterrupt 0070                      _LATA 010C  
                    _PEIE 005E                      i1l52 0041                      i1l47 005B  
                    i1l48 002E                      i1l57 0059              __CFG_WRT$OFF 0000  
                    _Rdtp 0079                      _Sdtp 007A                      _main 00F8  
                    fsr0h 0005                      fsr1h 0007                      fsr0l 0004  
                    indf0 0000                      indf1 0001                      fsr1l 0006  
                    btemp 007E             __CFG_BOREN$ON 0000                      ltemp 007E  
                    start 0062                      ttemp 007E                      wtemp 007E  
           __CFG_IESO$OFF 0000             i2cInterrupt@x 0072           __end_of_i2cInit 017D  
                   ?_main 0070             __CFG_WDTE$OFF 0000                     i1l944 001C  
                   i1l970 004B                     i1l956 0038                     i1l968 0043  
                   _PORTA 000C                     _TRISA 008C             __CFG_PWRTE$ON 0000  
          __CFG_FCMEN$OFF 0000           __end_of_pinMode 00F8                     ltemp0 007E  
                   ltemp1 0082                     ltemp2 0086                     ltemp3 0080  
                   ttemp0 007E                     ttemp1 0081                     ttemp2 0084  
                   ttemp3 0087                     ttemp4 007F                     status 0003  
                   wtemp0 007E                     wtemp1 0080                     wtemp2 0082  
                   wtemp3 0084                     wtemp4 0086                     wtemp5 0088  
                   wtemp6 007F            __CFG_MCLRE$OFF 0000      __end_of_digitalWrite 019A  
         __initialization 0063              __end_of_main 0159                    ??_main 0036  
          __CFG_PLLEN$OFF 0000                    _BCL1IE 0493                    _BCL1IF 0093  
                  _ADCON0 009D                    _ADCON1 009E                    _ADRESH 009C  
                  _ADRESL 009B  __size_of_i2cReceiveCheck 0017                    _ANSELA 018C  
                  _OSCCON 0099                    _SSP1IE 048B                    _SSP1IF 008B  
               ??_i2cInit 0075          __end_of_delay_us 01C5            __CFG_STVREN$ON 0000  
    __end_of_i2cInterrupt 0062                 ??_pinMode 0034   __end_of__initialization 006B  
             pinMode@mode 0078            __pcstackCOMMON 0070                __pbssBANK0 0020  
   __size_of_digitalWrite 001D         ??_i2cReceiveCheck 0075                __pmaintext 00F8  
              __pintentry 0004                 ?_delay_us 0073              _digitalWrite 017D  
                 _SSP1ADD 0212                   _SSP1BUF 0211                   _SSP1MSK 0213  
                 _i2cInit 0159                _initOSCCON 01CB     __size_of_i2cInterrupt 005E  
                 __ptext1 006E                   __ptext2 01B1                   __ptext3 01CB  
                 __ptext4 019A                   __ptext5 0159                   __ptext6 017D  
                 _pinMode 006E                   _rcv_flg 0022                ??_delay_us 0075  
                 clrloop0 01C6      end_of_initialization 006B              _i2cInterrupt 0004  
        __CFG_FOSC$INTOSC 0000               ?_initOSCCON 0070       start_initialization 0063  
         _i2cReceiveCheck 019A       __size_of_initOSCCON 0006               __pbssCOMMON 0079  
               ___latbits 0000             __pcstackBANK0 0034                pinMode@pin 0035  
       __size_of_delay_us 0014                  ?_i2cInit 0073   __end_of_i2cReceiveCheck 01B1  
                ?_pinMode 0078                 delay_us@i 0076                 clear_ram0 01C5  
                _GO_nDONE 04E9                  _SSP1CON1 0215        i2cReceiveCheck@ans 0075  
                _SSP1STAT 0214              delay_us@time 0073              ??_initOSCCON 0073  
        __size_of_i2cInit 0024          ?_i2cReceiveCheck 0073        __end_of_initOSCCON 01D1  
                _delay_us 01B1          __size_of_pinMode 008A              _SSP1CON1bits 0215  
            _SSP1CON2bits 0216             __size_of_main 0061                  int$flags 007E  
                main@Mode 0037              _SSP1STATbits 0214             ?_digitalWrite 0073  
                intlevel1 0000         digitalWrite@value 0073         __CFG_CLKOUTEN$OFF 0000  
          ??_digitalWrite 0074            i2cInit@address 0073           digitalWrite@pin 0075  
           ?_i2cInterrupt 0070  
