

Microchip Technology PIC LITE Macro Assembler V1.35 build -356382666 
                                                                                               Thu Oct 20 11:54:01 2016

Microchip Technology Omniscient Code Generator v1.35 (Free mode) build 201507080246
     1                           	processor	12F1822
     2                           	opt	pw 120
     3                           	opt	lm
     4                           	psect	cinit,global,class=CODE,merge=1,delta=2
     5                           	psect	bssCOMMON,global,class=COMMON,space=1,delta=1
     6                           	psect	bssBANK0,global,class=BANK0,space=1,delta=1
     7                           	psect	clrtext,global,class=CODE,delta=2
     8                           	psect	cstackCOMMON,global,class=COMMON,space=1,delta=1
     9                           	psect	cstackBANK0,global,class=BANK0,space=1,delta=1
    10                           	psect	maintext,global,class=CODE,merge=1,split=1,delta=2
    11                           	psect	text1,local,class=CODE,merge=1,delta=2
    12                           	psect	text2,local,class=CODE,merge=1,delta=2
    13                           	psect	text3,local,class=CODE,merge=1,delta=2
    14                           	psect	text4,local,class=CODE,merge=1,delta=2
    15                           	psect	text5,local,class=CODE,merge=1,delta=2
    16                           	psect	text6,local,class=CODE,merge=1,delta=2
    17                           	psect	intentry,global,class=CODE,delta=2
    18                           	dabs	1,0x7E,2
    19  0000                     	;# 
    20  0001                     	;# 
    21  0002                     	;# 
    22  0003                     	;# 
    23  0004                     	;# 
    24  0005                     	;# 
    25  0006                     	;# 
    26  0007                     	;# 
    27  0008                     	;# 
    28  0009                     	;# 
    29  000A                     	;# 
    30  000B                     	;# 
    31  000C                     	;# 
    32  0011                     	;# 
    33  0012                     	;# 
    34  0015                     	;# 
    35  0016                     	;# 
    36  0016                     	;# 
    37  0017                     	;# 
    38  0018                     	;# 
    39  0019                     	;# 
    40  001A                     	;# 
    41  001B                     	;# 
    42  001C                     	;# 
    43  001E                     	;# 
    44  001F                     	;# 
    45  008C                     	;# 
    46  0091                     	;# 
    47  0092                     	;# 
    48  0095                     	;# 
    49  0096                     	;# 
    50  0097                     	;# 
    51  0098                     	;# 
    52  0099                     	;# 
    53  009A                     	;# 
    54  009B                     	;# 
    55  009B                     	;# 
    56  009C                     	;# 
    57  009D                     	;# 
    58  009E                     	;# 
    59  010C                     	;# 
    60  0111                     	;# 
    61  0112                     	;# 
    62  0115                     	;# 
    63  0116                     	;# 
    64  0117                     	;# 
    65  0118                     	;# 
    66  0119                     	;# 
    67  011A                     	;# 
    68  011B                     	;# 
    69  011D                     	;# 
    70  011D                     	;# 
    71  018C                     	;# 
    72  0191                     	;# 
    73  0191                     	;# 
    74  0192                     	;# 
    75  0193                     	;# 
    76  0193                     	;# 
    77  0193                     	;# 
    78  0194                     	;# 
    79  0195                     	;# 
    80  0196                     	;# 
    81  0199                     	;# 
    82  019A                     	;# 
    83  019B                     	;# 
    84  019B                     	;# 
    85  019B                     	;# 
    86  019B                     	;# 
    87  019C                     	;# 
    88  019C                     	;# 
    89  019D                     	;# 
    90  019E                     	;# 
    91  019F                     	;# 
    92  020C                     	;# 
    93  0211                     	;# 
    94  0211                     	;# 
    95  0212                     	;# 
    96  0212                     	;# 
    97  0213                     	;# 
    98  0213                     	;# 
    99  0214                     	;# 
   100  0214                     	;# 
   101  0215                     	;# 
   102  0215                     	;# 
   103  0215                     	;# 
   104  0216                     	;# 
   105  0216                     	;# 
   106  0217                     	;# 
   107  0217                     	;# 
   108  0291                     	;# 
   109  0291                     	;# 
   110  0292                     	;# 
   111  0293                     	;# 
   112  0294                     	;# 
   113  0295                     	;# 
   114  0295                     	;# 
   115  0296                     	;# 
   116  0391                     	;# 
   117  0392                     	;# 
   118  0393                     	;# 
   119  039A                     	;# 
   120  039C                     	;# 
   121  039D                     	;# 
   122  039E                     	;# 
   123  039F                     	;# 
   124  0FE4                     	;# 
   125  0FE5                     	;# 
   126  0FE6                     	;# 
   127  0FE7                     	;# 
   128  0FE8                     	;# 
   129  0FE9                     	;# 
   130  0FEA                     	;# 
   131  0FEB                     	;# 
   132  0FED                     	;# 
   133  0FEE                     	;# 
   134  0FEF                     	;# 
   135  0000                     	;# 
   136  0001                     	;# 
   137  0002                     	;# 
   138  0003                     	;# 
   139  0004                     	;# 
   140  0005                     	;# 
   141  0006                     	;# 
   142  0007                     	;# 
   143  0008                     	;# 
   144  0009                     	;# 
   145  000A                     	;# 
   146  000B                     	;# 
   147  000C                     	;# 
   148  0011                     	;# 
   149  0012                     	;# 
   150  0015                     	;# 
   151  0016                     	;# 
   152  0016                     	;# 
   153  0017                     	;# 
   154  0018                     	;# 
   155  0019                     	;# 
   156  001A                     	;# 
   157  001B                     	;# 
   158  001C                     	;# 
   159  001E                     	;# 
   160  001F                     	;# 
   161  008C                     	;# 
   162  0091                     	;# 
   163  0092                     	;# 
   164  0095                     	;# 
   165  0096                     	;# 
   166  0097                     	;# 
   167  0098                     	;# 
   168  0099                     	;# 
   169  009A                     	;# 
   170  009B                     	;# 
   171  009B                     	;# 
   172  009C                     	;# 
   173  009D                     	;# 
   174  009E                     	;# 
   175  010C                     	;# 
   176  0111                     	;# 
   177  0112                     	;# 
   178  0115                     	;# 
   179  0116                     	;# 
   180  0117                     	;# 
   181  0118                     	;# 
   182  0119                     	;# 
   183  011A                     	;# 
   184  011B                     	;# 
   185  011D                     	;# 
   186  011D                     	;# 
   187  018C                     	;# 
   188  0191                     	;# 
   189  0191                     	;# 
   190  0192                     	;# 
   191  0193                     	;# 
   192  0193                     	;# 
   193  0193                     	;# 
   194  0194                     	;# 
   195  0195                     	;# 
   196  0196                     	;# 
   197  0199                     	;# 
   198  019A                     	;# 
   199  019B                     	;# 
   200  019B                     	;# 
   201  019B                     	;# 
   202  019B                     	;# 
   203  019C                     	;# 
   204  019C                     	;# 
   205  019D                     	;# 
   206  019E                     	;# 
   207  019F                     	;# 
   208  020C                     	;# 
   209  0211                     	;# 
   210  0211                     	;# 
   211  0212                     	;# 
   212  0212                     	;# 
   213  0213                     	;# 
   214  0213                     	;# 
   215  0214                     	;# 
   216  0214                     	;# 
   217  0215                     	;# 
   218  0215                     	;# 
   219  0215                     	;# 
   220  0216                     	;# 
   221  0216                     	;# 
   222  0217                     	;# 
   223  0217                     	;# 
   224  0291                     	;# 
   225  0291                     	;# 
   226  0292                     	;# 
   227  0293                     	;# 
   228  0294                     	;# 
   229  0295                     	;# 
   230  0295                     	;# 
   231  0296                     	;# 
   232  0391                     	;# 
   233  0392                     	;# 
   234  0393                     	;# 
   235  039A                     	;# 
   236  039C                     	;# 
   237  039D                     	;# 
   238  039E                     	;# 
   239  039F                     	;# 
   240  0FE4                     	;# 
   241  0FE5                     	;# 
   242  0FE6                     	;# 
   243  0FE7                     	;# 
   244  0FE8                     	;# 
   245  0FE9                     	;# 
   246  0FEA                     	;# 
   247  0FEB                     	;# 
   248  0FED                     	;# 
   249  0FEE                     	;# 
   250  0FEF                     	;# 
   251  0000                     	;# 
   252  0001                     	;# 
   253  0002                     	;# 
   254  0003                     	;# 
   255  0004                     	;# 
   256  0005                     	;# 
   257  0006                     	;# 
   258  0007                     	;# 
   259  0008                     	;# 
   260  0009                     	;# 
   261  000A                     	;# 
   262  000B                     	;# 
   263  000C                     	;# 
   264  0011                     	;# 
   265  0012                     	;# 
   266  0015                     	;# 
   267  0016                     	;# 
   268  0016                     	;# 
   269  0017                     	;# 
   270  0018                     	;# 
   271  0019                     	;# 
   272  001A                     	;# 
   273  001B                     	;# 
   274  001C                     	;# 
   275  001E                     	;# 
   276  001F                     	;# 
   277  008C                     	;# 
   278  0091                     	;# 
   279  0092                     	;# 
   280  0095                     	;# 
   281  0096                     	;# 
   282  0097                     	;# 
   283  0098                     	;# 
   284  0099                     	;# 
   285  009A                     	;# 
   286  009B                     	;# 
   287  009B                     	;# 
   288  009C                     	;# 
   289  009D                     	;# 
   290  009E                     	;# 
   291  010C                     	;# 
   292  0111                     	;# 
   293  0112                     	;# 
   294  0115                     	;# 
   295  0116                     	;# 
   296  0117                     	;# 
   297  0118                     	;# 
   298  0119                     	;# 
   299  011A                     	;# 
   300  011B                     	;# 
   301  011D                     	;# 
   302  011D                     	;# 
   303  018C                     	;# 
   304  0191                     	;# 
   305  0191                     	;# 
   306  0192                     	;# 
   307  0193                     	;# 
   308  0193                     	;# 
   309  0193                     	;# 
   310  0194                     	;# 
   311  0195                     	;# 
   312  0196                     	;# 
   313  0199                     	;# 
   314  019A                     	;# 
   315  019B                     	;# 
   316  019B                     	;# 
   317  019B                     	;# 
   318  019B                     	;# 
   319  019C                     	;# 
   320  019C                     	;# 
   321  019D                     	;# 
   322  019E                     	;# 
   323  019F                     	;# 
   324  020C                     	;# 
   325  0211                     	;# 
   326  0211                     	;# 
   327  0212                     	;# 
   328  0212                     	;# 
   329  0213                     	;# 
   330  0213                     	;# 
   331  0214                     	;# 
   332  0214                     	;# 
   333  0215                     	;# 
   334  0215                     	;# 
   335  0215                     	;# 
   336  0216                     	;# 
   337  0216                     	;# 
   338  0217                     	;# 
   339  0217                     	;# 
   340  0291                     	;# 
   341  0291                     	;# 
   342  0292                     	;# 
   343  0293                     	;# 
   344  0294                     	;# 
   345  0295                     	;# 
   346  0295                     	;# 
   347  0296                     	;# 
   348  0391                     	;# 
   349  0392                     	;# 
   350  0393                     	;# 
   351  039A                     	;# 
   352  039C                     	;# 
   353  039D                     	;# 
   354  039E                     	;# 
   355  039F                     	;# 
   356  0FE4                     	;# 
   357  0FE5                     	;# 
   358  0FE6                     	;# 
   359  0FE7                     	;# 
   360  0FE8                     	;# 
   361  0FE9                     	;# 
   362  0FEA                     	;# 
   363  0FEB                     	;# 
   364  0FED                     	;# 
   365  0FEE                     	;# 
   366  0FEF                     	;# 
   367  0000                     	;# 
   368  0001                     	;# 
   369  0002                     	;# 
   370  0003                     	;# 
   371  0004                     	;# 
   372  0005                     	;# 
   373  0006                     	;# 
   374  0007                     	;# 
   375  0008                     	;# 
   376  0009                     	;# 
   377  000A                     	;# 
   378  000B                     	;# 
   379  000C                     	;# 
   380  0011                     	;# 
   381  0012                     	;# 
   382  0015                     	;# 
   383  0016                     	;# 
   384  0016                     	;# 
   385  0017                     	;# 
   386  0018                     	;# 
   387  0019                     	;# 
   388  001A                     	;# 
   389  001B                     	;# 
   390  001C                     	;# 
   391  001E                     	;# 
   392  001F                     	;# 
   393  008C                     	;# 
   394  0091                     	;# 
   395  0092                     	;# 
   396  0095                     	;# 
   397  0096                     	;# 
   398  0097                     	;# 
   399  0098                     	;# 
   400  0099                     	;# 
   401  009A                     	;# 
   402  009B                     	;# 
   403  009B                     	;# 
   404  009C                     	;# 
   405  009D                     	;# 
   406  009E                     	;# 
   407  010C                     	;# 
   408  0111                     	;# 
   409  0112                     	;# 
   410  0115                     	;# 
   411  0116                     	;# 
   412  0117                     	;# 
   413  0118                     	;# 
   414  0119                     	;# 
   415  011A                     	;# 
   416  011B                     	;# 
   417  011D                     	;# 
   418  011D                     	;# 
   419  018C                     	;# 
   420  0191                     	;# 
   421  0191                     	;# 
   422  0192                     	;# 
   423  0193                     	;# 
   424  0193                     	;# 
   425  0193                     	;# 
   426  0194                     	;# 
   427  0195                     	;# 
   428  0196                     	;# 
   429  0199                     	;# 
   430  019A                     	;# 
   431  019B                     	;# 
   432  019B                     	;# 
   433  019B                     	;# 
   434  019B                     	;# 
   435  019C                     	;# 
   436  019C                     	;# 
   437  019D                     	;# 
   438  019E                     	;# 
   439  019F                     	;# 
   440  020C                     	;# 
   441  0211                     	;# 
   442  0211                     	;# 
   443  0212                     	;# 
   444  0212                     	;# 
   445  0213                     	;# 
   446  0213                     	;# 
   447  0214                     	;# 
   448  0214                     	;# 
   449  0215                     	;# 
   450  0215                     	;# 
   451  0215                     	;# 
   452  0216                     	;# 
   453  0216                     	;# 
   454  0217                     	;# 
   455  0217                     	;# 
   456  0291                     	;# 
   457  0291                     	;# 
   458  0292                     	;# 
   459  0293                     	;# 
   460  0294                     	;# 
   461  0295                     	;# 
   462  0295                     	;# 
   463  0296                     	;# 
   464  0391                     	;# 
   465  0392                     	;# 
   466  0393                     	;# 
   467  039A                     	;# 
   468  039C                     	;# 
   469  039D                     	;# 
   470  039E                     	;# 
   471  039F                     	;# 
   472  0FE4                     	;# 
   473  0FE5                     	;# 
   474  0FE6                     	;# 
   475  0FE7                     	;# 
   476  0FE8                     	;# 
   477  0FE9                     	;# 
   478  0FEA                     	;# 
   479  0FEB                     	;# 
   480  0FED                     	;# 
   481  0FEE                     	;# 
   482  0FEF                     	;# 
   483  0000                     	;# 
   484  0001                     	;# 
   485  0002                     	;# 
   486  0003                     	;# 
   487  0004                     	;# 
   488  0005                     	;# 
   489  0006                     	;# 
   490  0007                     	;# 
   491  0008                     	;# 
   492  0009                     	;# 
   493  000A                     	;# 
   494  000B                     	;# 
   495  000C                     	;# 
   496  0011                     	;# 
   497  0012                     	;# 
   498  0015                     	;# 
   499  0016                     	;# 
   500  0016                     	;# 
   501  0017                     	;# 
   502  0018                     	;# 
   503  0019                     	;# 
   504  001A                     	;# 
   505  001B                     	;# 
   506  001C                     	;# 
   507  001E                     	;# 
   508  001F                     	;# 
   509  008C                     	;# 
   510  0091                     	;# 
   511  0092                     	;# 
   512  0095                     	;# 
   513  0096                     	;# 
   514  0097                     	;# 
   515  0098                     	;# 
   516  0099                     	;# 
   517  009A                     	;# 
   518  009B                     	;# 
   519  009B                     	;# 
   520  009C                     	;# 
   521  009D                     	;# 
   522  009E                     	;# 
   523  010C                     	;# 
   524  0111                     	;# 
   525  0112                     	;# 
   526  0115                     	;# 
   527  0116                     	;# 
   528  0117                     	;# 
   529  0118                     	;# 
   530  0119                     	;# 
   531  011A                     	;# 
   532  011B                     	;# 
   533  011D                     	;# 
   534  011D                     	;# 
   535  018C                     	;# 
   536  0191                     	;# 
   537  0191                     	;# 
   538  0192                     	;# 
   539  0193                     	;# 
   540  0193                     	;# 
   541  0193                     	;# 
   542  0194                     	;# 
   543  0195                     	;# 
   544  0196                     	;# 
   545  0199                     	;# 
   546  019A                     	;# 
   547  019B                     	;# 
   548  019B                     	;# 
   549  019B                     	;# 
   550  019B                     	;# 
   551  019C                     	;# 
   552  019C                     	;# 
   553  019D                     	;# 
   554  019E                     	;# 
   555  019F                     	;# 
   556  020C                     	;# 
   557  0211                     	;# 
   558  0211                     	;# 
   559  0212                     	;# 
   560  0212                     	;# 
   561  0213                     	;# 
   562  0213                     	;# 
   563  0214                     	;# 
   564  0214                     	;# 
   565  0215                     	;# 
   566  0215                     	;# 
   567  0215                     	;# 
   568  0216                     	;# 
   569  0216                     	;# 
   570  0217                     	;# 
   571  0217                     	;# 
   572  0291                     	;# 
   573  0291                     	;# 
   574  0292                     	;# 
   575  0293                     	;# 
   576  0294                     	;# 
   577  0295                     	;# 
   578  0295                     	;# 
   579  0296                     	;# 
   580  0391                     	;# 
   581  0392                     	;# 
   582  0393                     	;# 
   583  039A                     	;# 
   584  039C                     	;# 
   585  039D                     	;# 
   586  039E                     	;# 
   587  039F                     	;# 
   588  0FE4                     	;# 
   589  0FE5                     	;# 
   590  0FE6                     	;# 
   591  0FE7                     	;# 
   592  0FE8                     	;# 
   593  0FE9                     	;# 
   594  0FEA                     	;# 
   595  0FEB                     	;# 
   596  0FED                     	;# 
   597  0FEE                     	;# 
   598  0FEF                     	;# 
   599  000C                     _PORTA	set	12
   600  0093                     _BCL1IF	set	147
   601  005F                     _GIE	set	95
   602  005E                     _PEIE	set	94
   603  008B                     _SSP1IF	set	139
   604  009D                     _ADCON0	set	157
   605  009E                     _ADCON1	set	158
   606  009C                     _ADRESH	set	156
   607  009B                     _ADRESL	set	155
   608  0099                     _OSCCON	set	153
   609  008C                     _TRISA	set	140
   610  0493                     _BCL1IE	set	1171
   611  04E9                     _GO_nDONE	set	1257
   612  048B                     _SSP1IE	set	1163
   613  010C                     _LATA	set	268
   614  018C                     _ANSELA	set	396
   615  0212                     _SSP1ADD	set	530
   616  0211                     _SSP1BUF	set	529
   617  0215                     _SSP1CON1	set	533
   618  0215                     _SSP1CON1bits	set	533
   619  0216                     _SSP1CON2bits	set	534
   620  0213                     _SSP1MSK	set	531
   621  0214                     _SSP1STAT	set	532
   622  0214                     _SSP1STATbits	set	532
   623                           
   624                           ; #config settings
   625  0000                     
   626                           	psect	cinit
   627  0063                     start_initialization:	
   628  0063                     __initialization:	
   629                           
   630                           ; Clear objects allocated to COMMON
   631  0063  01F9               	clrf	__pbssCOMMON& (0+127)
   632  0064  01FA               	clrf	(__pbssCOMMON+1)& (0+127)
   633                           
   634                           ; Clear objects allocated to BANK0
   635  0065  3020               	movlw	low __pbssBANK0
   636  0066  0084               	movwf	4
   637  0067  3000               	movlw	high __pbssBANK0
   638  0068  0085               	movwf	5
   639  0069  3012               	movlw	18
   640  006A  21C5               	fcall	clear_ram0
   641  006B                     end_of_initialization:	
   642                           ;End of C runtime variable initialization code
   643                           
   644  006B                     __end_of__initialization:	
   645  006B  107E               	bcf	int$flags,0	;clear compiler interrupt flag (level 1)
   646  006C  0020               	movlb	0
   647  006D  28F8               	ljmp	_main	;jump to C main() function
   648                           
   649                           	psect	bssCOMMON
   650  0079                     __pbssCOMMON:	
   651  0079                     _Rdtp:	
   652  0079                     	ds	1
   653  007A                     _Sdtp:	
   654  007A                     	ds	1
   655                           
   656                           	psect	bssBANK0
   657  0020                     __pbssBANK0:	
   658  0020                     _rcv_flg:	
   659  0020                     	ds	2
   660  0022                     _rcv:	
   661  0022                     	ds	8
   662  002A                     _snd:	
   663  002A                     	ds	8
   664                           
   665                           	psect	clrtext
   666  01C5                     clear_ram0:	
   667                           ;	Called with FSR0 containing the base address, and
   668                           ;	WREG with the size to clear
   669                           
   670  01C5  0064               	clrwdt	;clear the watchdog before getting into this loop
   671  01C6                     clrloop0:	
   672  01C6  0180               	clrf	0	;clear RAM location pointed to by FSR
   673  01C7  3101               	addfsr 0,1
   674  01C8  0B89               	decfsz	9,f	;Have we reached the end of clearing yet?
   675  01C9  29C6               	goto	clrloop0	;have we reached the end yet?
   676  01CA  3400               	retlw	0	;all done for this memory range, return
   677                           
   678                           	psect	cstackCOMMON
   679  0070                     __pcstackCOMMON:	
   680  0070                     ?_initOSCCON:	
   681  0070                     ?_i2cInterrupt:	
   682                           ; 0 bytes @ 0x0
   683                           
   684  0070                     ??_i2cInterrupt:	
   685                           ; 0 bytes @ 0x0
   686                           
   687  0070                     ?_main:	
   688                           ; 0 bytes @ 0x0
   689                           
   690                           
   691                           ; 0 bytes @ 0x0
   692  0070                     	ds	2
   693  0072                     i2cInterrupt@x:	
   694                           
   695                           ; 1 bytes @ 0x2
   696  0072                     	ds	1
   697  0073                     ??_initOSCCON:	
   698  0073                     ?_i2cInit:	
   699                           ; 0 bytes @ 0x3
   700                           
   701  0073                     ?_delay_us:	
   702                           ; 0 bytes @ 0x3
   703                           
   704  0073                     ?_digitalWrite:	
   705                           ; 0 bytes @ 0x3
   706                           
   707  0073                     ?_i2cReceiveCheck:	
   708                           ; 0 bytes @ 0x3
   709                           
   710  0073                     digitalWrite@value:	
   711                           ; 2 bytes @ 0x3
   712                           
   713  0073                     i2cInit@address:	
   714                           ; 1 bytes @ 0x3
   715                           
   716  0073                     delay_us@time:	
   717                           ; 2 bytes @ 0x3
   718                           
   719                           
   720                           ; 2 bytes @ 0x3
   721  0073                     	ds	1
   722  0074                     ??_digitalWrite:	
   723                           
   724                           ; 0 bytes @ 0x4
   725  0074                     	ds	1
   726  0075                     ??_i2cInit:	
   727  0075                     ??_i2cReceiveCheck:	
   728                           ; 0 bytes @ 0x5
   729                           
   730  0075                     ??_delay_us:	
   731                           ; 0 bytes @ 0x5
   732                           
   733  0075                     digitalWrite@pin:	
   734                           ; 0 bytes @ 0x5
   735                           
   736  0075                     i2cReceiveCheck@ans:	
   737                           ; 1 bytes @ 0x5
   738                           
   739                           
   740                           ; 2 bytes @ 0x5
   741  0075                     	ds	1
   742  0076                     delay_us@i:	
   743                           
   744                           ; 2 bytes @ 0x6
   745  0076                     	ds	2
   746  0078                     ?_pinMode:	
   747  0078                     pinMode@mode:	
   748                           ; 0 bytes @ 0x8
   749                           
   750                           
   751                           ; 1 bytes @ 0x8
   752  0078                     	ds	1
   753                           
   754                           	psect	cstackBANK0
   755  0032                     __pcstackBANK0:	
   756  0032                     ??_pinMode:	
   757                           
   758                           ; 0 bytes @ 0x0
   759  0032                     	ds	1
   760  0033                     pinMode@pin:	
   761                           
   762                           ; 1 bytes @ 0x1
   763  0033                     	ds	1
   764  0034                     ??_main:	
   765                           
   766                           ; 0 bytes @ 0x2
   767  0034                     	ds	1
   768  0035                     main@Mode:	
   769                           
   770                           ; 2 bytes @ 0x3
   771  0035                     	ds	2
   772                           
   773                           	psect	maintext
   774  00F8                     __pmaintext:	
   775 ;;
   776 ;;Main: autosize = 0, tempsize = 1, incstack = 0, save=0
   777 ;;
   778 ;; *************** function _main *****************
   779 ;; Defined at:
   780 ;;		line 17 in file "main.c"
   781 ;; Parameters:    Size  Location     Type
   782 ;;		None
   783 ;; Auto vars:     Size  Location     Type
   784 ;;  Mode            2    3[BANK0 ] int 
   785 ;; Return value:  Size  Location     Type
   786 ;;		None               void
   787 ;; Registers used:
   788 ;;		wreg, fsr0l, fsr0h, status,2, status,0, pclath, cstack
   789 ;; Tracked objects:
   790 ;;		On entry : B1F/0
   791 ;;		On exit  : 0/0
   792 ;;		Unchanged: 0/0
   793 ;; Data sizes:     COMMON   BANK0   BANK1
   794 ;;      Params:         0       0       0
   795 ;;      Locals:         0       2       0
   796 ;;      Temps:          0       1       0
   797 ;;      Totals:         0       3       0
   798 ;;Total ram usage:        3 bytes
   799 ;; Hardware stack levels required when called:    3
   800 ;; This function calls:
   801 ;;		_digitalWrite
   802 ;;		_i2cInit
   803 ;;		_i2cReceiveCheck
   804 ;;		_initOSCCON
   805 ;;		_pinMode
   806 ;; This function is called by:
   807 ;;		Startup code after reset
   808 ;; This function uses a non-reentrant model
   809 ;;
   810                           
   811                           
   812                           ;psect for function _main
   813  00F8                     _main:	
   814                           
   815                           ;main.c: 19: int Mode=0;
   816                           
   817                           ;incstack = 0
   818                           ; Regs used in _main: [wreg-fsr0h+status,2+status,0+pclath+cstack]
   819  00F8  0020               	movlb	0	; select bank0
   820  00F9  01B5               	clrf	main@Mode
   821  00FA  01B6               	clrf	main@Mode+1
   822                           
   823                           ;main.c: 21: initOSCCON();
   824  00FB  21CB               	fcall	_initOSCCON
   825                           
   826                           ;main.c: 23: pinMode((0),0x04);
   827  00FC  3004               	movlw	4
   828  00FD  0020               	movlb	0	; select bank0
   829  00FE  00B4               	movwf	??_main
   830  00FF  0834               	movf	??_main,w
   831  0100  00F8               	movwf	pinMode@mode
   832  0101  3000               	movlw	0
   833  0102  206E               	fcall	_pinMode
   834                           
   835                           ;main.c: 24: pinMode((4),0x04);
   836  0103  3004               	movlw	4
   837  0104  0020               	movlb	0	; select bank0
   838  0105  00B4               	movwf	??_main
   839  0106  0834               	movf	??_main,w
   840  0107  00F8               	movwf	pinMode@mode
   841  0108  3004               	movlw	4
   842  0109  206E               	fcall	_pinMode
   843                           
   844                           ;main.c: 25: digitalWrite((0),0);
   845  010A  01F3               	clrf	digitalWrite@value
   846  010B  3000               	movlw	0
   847  010C  217D               	fcall	_digitalWrite
   848                           
   849                           ;main.c: 26: digitalWrite((4),0);
   850  010D  01F3               	clrf	digitalWrite@value
   851  010E  3004               	movlw	4
   852  010F  217D               	fcall	_digitalWrite
   853                           
   854                           ;main.c: 27: i2cInit((0x00));
   855  0110  3000               	movlw	0
   856  0111  00F3               	movwf	i2cInit@address
   857  0112  00F4               	movwf	i2cInit@address+1
   858  0113  2159               	fcall	_i2cInit
   859                           
   860                           ;main.c: 28: snd[0]=(0x01);
   861  0114  0020               	movlb	0	; select bank0
   862  0115  01AA               	clrf	_snd
   863  0116  0AAA               	incf	_snd,f
   864  0117                     l1094:	
   865                           ;main.c: 30: while(1) {
   866                           
   867                           
   868                           ;main.c: 31: if (i2cReceiveCheck() != 0) {
   869  0117  219A               	fcall	_i2cReceiveCheck
   870  0118  0873               	movf	?_i2cReceiveCheck,w
   871  0119  0474               	iorwf	?_i2cReceiveCheck+1,w
   872  011A  1903               	btfsc	3,2
   873  011B  2917               	goto	l1094
   874                           
   875                           ;main.c: 32: GIE=0;
   876  011C  138B               	bcf	11,7	;volatile
   877                           
   878                           ;main.c: 33: switch(Mode){
   879  011D  2949               	goto	l1118
   880  011E                     l1098:	
   881                           ;main.c: 34: case 0:
   882                           
   883                           
   884                           ;main.c: 35: SSP1ADD = rcv[0]<<1;
   885  011E  0020               	movlb	0	; select bank0
   886  011F  3522               	lslf	_rcv,w
   887  0120  0024               	movlb	4	; select bank4
   888  0121  0092               	movwf	18	;volatile
   889                           
   890                           ;main.c: 36: digitalWrite((0),1);
   891  0122  01F3               	clrf	digitalWrite@value
   892  0123  0AF3               	incf	digitalWrite@value,f
   893  0124  3000               	movlw	0
   894  0125  217D               	fcall	_digitalWrite
   895                           
   896                           ;main.c: 37: Mode=1;
   897  0126  3001               	movlw	1
   898  0127  0020               	movlb	0	; select bank0
   899  0128  00B5               	movwf	main@Mode
   900  0129  3000               	movlw	0
   901  012A  00B6               	movwf	main@Mode+1
   902                           
   903                           ;main.c: 38: break;
   904  012B  2957               	goto	l155
   905  012C                     l1104:	
   906                           ;main.c: 39: case 1:
   907                           
   908                           
   909                           ;main.c: 40: snd[0]=0xff;
   910  012C  30FF               	movlw	255
   911  012D  00B4               	movwf	??_main
   912  012E  0834               	movf	??_main,w
   913  012F  00AA               	movwf	_snd
   914                           
   915                           ;main.c: 41: switch(rcv[0]){
   916  0130  2940               	goto	l1114
   917  0131                     l1106:	
   918                           ;main.c: 42: case 0:
   919                           
   920                           
   921                           ;main.c: 43: digitalWrite((4),0);
   922  0131  01F3               	clrf	digitalWrite@value
   923  0132  3004               	movlw	4
   924  0133  217D               	fcall	_digitalWrite
   925                           
   926                           ;main.c: 44: break;
   927  0134  2957               	goto	l155
   928  0135                     l1108:	
   929                           ;main.c: 45: case 1:
   930                           
   931                           
   932                           ;main.c: 46: digitalWrite((4),1);
   933  0135  01F3               	clrf	digitalWrite@value
   934  0136  0AF3               	incf	digitalWrite@value,f
   935  0137  3004               	movlw	4
   936  0138  217D               	fcall	_digitalWrite
   937                           
   938                           ;main.c: 47: break;
   939  0139  2957               	goto	l155
   940  013A                     l1110:	
   941                           ;main.c: 48: default:
   942                           
   943                           
   944                           ;main.c: 49: snd[0]=-1;
   945  013A  30FF               	movlw	255
   946  013B  0020               	movlb	0	; select bank0
   947  013C  00B4               	movwf	??_main
   948  013D  0834               	movf	??_main,w
   949  013E  00AA               	movwf	_snd
   950                           
   951                           ;main.c: 51: }
   952                           
   953                           ;main.c: 50: break;
   954  013F  2957               	goto	l155
   955  0140                     l1114:	
   956  0140  0822               	movf	_rcv,w
   957                           
   958                           ; Switch size 1, requested type "space"
   959                           ; Number of cases is 2, Range of values is 0 to 1
   960                           ; switch strategies available:
   961                           ; Name         Instructions Cycles
   962                           ; simple_byte            7     4 (average)
   963                           ; direct_byte           10     6 (fixed)
   964                           ; jumptable            260     6 (fixed)
   965                           ;	Chosen strategy is simple_byte
   966  0141  3A00               	xorlw	0	; case 0
   967  0142  1903               	skipnz
   968  0143  2931               	goto	l1106
   969  0144  3A01               	xorlw	1	; case 1
   970  0145  1903               	skipnz
   971  0146  2935               	goto	l1108
   972  0147  293A               	goto	l1110
   973                           
   974                           ;main.c: 53: }
   975                           
   976                           ;main.c: 52: break;
   977  0148  2957               	goto	l155
   978  0149                     l1118:	
   979                           
   980                           ; Switch on 2 bytes has been partitioned into a top level switch of size 1, and 1 sub-sw
      +                          itches
   981                           ; Switch size 1, requested type "space"
   982                           ; Number of cases is 1, Range of values is 0 to 0
   983                           ; switch strategies available:
   984                           ; Name         Instructions Cycles
   985                           ; simple_byte            4     3 (average)
   986                           ; direct_byte            8     6 (fixed)
   987                           ; jumptable            260     6 (fixed)
   988                           ;	Chosen strategy is simple_byte
   989  0149  0020               	movlb	0	; select bank0
   990  014A  0836               	movf	main@Mode+1,w
   991  014B  3A00               	xorlw	0	; case 0
   992  014C  1903               	skipnz
   993  014D  294F               	goto	l1156
   994  014E  2957               	goto	l155
   995  014F                     l1156:	
   996                           
   997                           ; Switch size 1, requested type "space"
   998                           ; Number of cases is 2, Range of values is 0 to 1
   999                           ; switch strategies available:
  1000                           ; Name         Instructions Cycles
  1001                           ; simple_byte            7     4 (average)
  1002                           ; direct_byte           10     6 (fixed)
  1003                           ; jumptable            260     6 (fixed)
  1004                           ;	Chosen strategy is simple_byte
  1005  014F  0835               	movf	main@Mode,w
  1006  0150  3A00               	xorlw	0	; case 0
  1007  0151  1903               	skipnz
  1008  0152  291E               	goto	l1098
  1009  0153  3A01               	xorlw	1	; case 1
  1010  0154  1903               	skipnz
  1011  0155  292C               	goto	l1104
  1012  0156  2957               	goto	l155
  1013  0157                     l155:	
  1014                           
  1015                           ;main.c: 54: GIE=1;
  1016  0157  178B               	bsf	11,7	;volatile
  1017  0158  2917               	goto	l1094
  1018  0159                     __end_of_main:	
  1019                           
  1020                           	psect	text1
  1021  006E                     __ptext1:	
  1022 ;; *************** function _pinMode *****************
  1023 ;; Defined at:
  1024 ;;		line 4 in file "io.c"
  1025 ;; Parameters:    Size  Location     Type
  1026 ;;  pin             1    wreg     unsigned char 
  1027 ;;  mode            1    8[COMMON] unsigned char 
  1028 ;; Auto vars:     Size  Location     Type
  1029 ;;  pin             1    1[BANK0 ] unsigned char 
  1030 ;; Return value:  Size  Location     Type
  1031 ;;		None               void
  1032 ;; Registers used:
  1033 ;;		wreg, fsr0l, fsr0h, status,2, status,0, pclath, cstack
  1034 ;; Tracked objects:
  1035 ;;		On entry : 0/0
  1036 ;;		On exit  : 0/0
  1037 ;;		Unchanged: 0/0
  1038 ;; Data sizes:     COMMON   BANK0   BANK1
  1039 ;;      Params:         1       0       0
  1040 ;;      Locals:         0       1       0
  1041 ;;      Temps:          0       1       0
  1042 ;;      Totals:         1       2       0
  1043 ;;Total ram usage:        3 bytes
  1044 ;; Hardware stack levels used:    1
  1045 ;; Hardware stack levels required when called:    2
  1046 ;; This function calls:
  1047 ;;		_delay_us
  1048 ;; This function is called by:
  1049 ;;		_main
  1050 ;; This function uses a non-reentrant model
  1051 ;;
  1052                           
  1053                           
  1054                           ;psect for function _pinMode
  1055  006E                     _pinMode:	
  1056                           
  1057                           ;incstack = 0
  1058                           ; Regs used in _pinMode: [wreg-fsr0h+status,2+status,0+pclath+cstack]
  1059                           ;pinMode@pin stored from wreg
  1060  006E  0020               	movlb	0	; select bank0
  1061  006F  00B3               	movwf	pinMode@pin
  1062                           
  1063                           ;io.c: 5: LATA = LATA & ~(1 << pin);
  1064  0070  3001               	movlw	1
  1065  0071  00B2               	movwf	??_pinMode
  1066  0072  0A33               	incf	pinMode@pin,w
  1067  0073  2875               	goto	u554
  1068  0074                     u555:	
  1069  0074  35B2               	lslf	??_pinMode,f
  1070  0075                     u554:	
  1071  0075  0B89               	decfsz	9,f
  1072  0076  2874               	goto	u555
  1073  0077  0832               	movf	??_pinMode,w
  1074  0078  3AFF               	xorlw	255
  1075  0079  0022               	movlb	2	; select bank2
  1076  007A  050C               	andwf	12,w	;volatile
  1077  007B  008C               	movwf	12	;volatile
  1078                           
  1079                           ;io.c: 6: switch (mode) {
  1080  007C  28EC               	goto	l1076
  1081  007D                     l1060:	
  1082                           ;io.c: 7: case 0x01:
  1083                           
  1084                           
  1085                           ;io.c: 8: TRISA = TRISA | (1 << pin);
  1086  007D  3001               	movlw	1
  1087  007E  0020               	movlb	0	; select bank0
  1088  007F  00B2               	movwf	??_pinMode
  1089  0080  0A33               	incf	pinMode@pin,w
  1090  0081  2883               	goto	u564
  1091  0082                     u565:	
  1092  0082  35B2               	lslf	??_pinMode,f
  1093  0083                     u564:	
  1094  0083  0B89               	decfsz	9,f
  1095  0084  2882               	goto	u565
  1096  0085  0832               	movf	??_pinMode,w
  1097  0086  0021               	movlb	1	; select bank1
  1098  0087  040C               	iorwf	12,w	;volatile
  1099  0088  008C               	movwf	12	;volatile
  1100                           
  1101                           ;io.c: 9: ANSELA = ANSELA & (~(1 << pin));
  1102  0089  3001               	movlw	1
  1103  008A  0020               	movlb	0	; select bank0
  1104  008B  00B2               	movwf	??_pinMode
  1105  008C  0A33               	incf	pinMode@pin,w
  1106  008D  288F               	goto	u574
  1107  008E                     u575:	
  1108  008E  35B2               	lslf	??_pinMode,f
  1109  008F                     u574:	
  1110  008F  0B89               	decfsz	9,f
  1111  0090  288E               	goto	u575
  1112  0091  0832               	movf	??_pinMode,w
  1113  0092  3AFF               	xorlw	255
  1114  0093  0023               	movlb	3	; select bank3
  1115  0094  050C               	andwf	12,w	;volatile
  1116  0095  008C               	movwf	12	;volatile
  1117                           
  1118                           ;io.c: 10: break;
  1119  0096  0008               	return
  1120  0097                     l1062:	
  1121                           ;io.c: 11: case 0x04:
  1122                           
  1123                           
  1124                           ;io.c: 12: TRISA = TRISA & (~(1 << pin));
  1125  0097  3001               	movlw	1
  1126  0098  0020               	movlb	0	; select bank0
  1127  0099  00B2               	movwf	??_pinMode
  1128  009A  0A33               	incf	pinMode@pin,w
  1129  009B  289D               	goto	u584
  1130  009C                     u585:	
  1131  009C  35B2               	lslf	??_pinMode,f
  1132  009D                     u584:	
  1133  009D  0B89               	decfsz	9,f
  1134  009E  289C               	goto	u585
  1135  009F  0832               	movf	??_pinMode,w
  1136  00A0  3AFF               	xorlw	255
  1137  00A1  0021               	movlb	1	; select bank1
  1138  00A2  050C               	andwf	12,w	;volatile
  1139  00A3  008C               	movwf	12	;volatile
  1140                           
  1141                           ;io.c: 13: ANSELA = ANSELA & (~(1 << pin));
  1142  00A4  3001               	movlw	1
  1143  00A5  0020               	movlb	0	; select bank0
  1144  00A6  00B2               	movwf	??_pinMode
  1145  00A7  0A33               	incf	pinMode@pin,w
  1146  00A8  28AA               	goto	u594
  1147  00A9                     u595:	
  1148  00A9  35B2               	lslf	??_pinMode,f
  1149  00AA                     u594:	
  1150  00AA  0B89               	decfsz	9,f
  1151  00AB  28A9               	goto	u595
  1152  00AC  0832               	movf	??_pinMode,w
  1153  00AD  3AFF               	xorlw	255
  1154  00AE  0023               	movlb	3	; select bank3
  1155  00AF  050C               	andwf	12,w	;volatile
  1156  00B0  008C               	movwf	12	;volatile
  1157                           
  1158                           ;io.c: 14: break;
  1159  00B1  0008               	return
  1160  00B2                     l1064:	
  1161                           ;io.c: 15: case 0x03:
  1162                           
  1163                           
  1164                           ;io.c: 16: TRISA = TRISA | (1 << pin);
  1165  00B2  3001               	movlw	1
  1166  00B3  0020               	movlb	0	; select bank0
  1167  00B4  00B2               	movwf	??_pinMode
  1168  00B5  0A33               	incf	pinMode@pin,w
  1169  00B6  28B8               	goto	u604
  1170  00B7                     u605:	
  1171  00B7  35B2               	lslf	??_pinMode,f
  1172  00B8                     u604:	
  1173  00B8  0B89               	decfsz	9,f
  1174  00B9  28B7               	goto	u605
  1175  00BA  0832               	movf	??_pinMode,w
  1176  00BB  0021               	movlb	1	; select bank1
  1177  00BC  040C               	iorwf	12,w	;volatile
  1178  00BD  008C               	movwf	12	;volatile
  1179                           
  1180                           ;io.c: 17: ANSELA = ANSELA | ((1 << pin));
  1181  00BE  3001               	movlw	1
  1182  00BF  0020               	movlb	0	; select bank0
  1183  00C0  00B2               	movwf	??_pinMode
  1184  00C1  0A33               	incf	pinMode@pin,w
  1185  00C2  28C4               	goto	u614
  1186  00C3                     u615:	
  1187  00C3  35B2               	lslf	??_pinMode,f
  1188  00C4                     u614:	
  1189  00C4  0B89               	decfsz	9,f
  1190  00C5  28C3               	goto	u615
  1191  00C6  0832               	movf	??_pinMode,w
  1192  00C7  0023               	movlb	3	; select bank3
  1193  00C8  040C               	iorwf	12,w	;volatile
  1194  00C9  008C               	movwf	12	;volatile
  1195                           
  1196                           ;io.c: 18: ADCON1 = 0b00010011 ;
  1197  00CA  3013               	movlw	19
  1198  00CB  0021               	movlb	1	; select bank1
  1199  00CC  009E               	movwf	30	;volatile
  1200                           
  1201                           ;io.c: 19: ADCON0 = ADCON0 | 0x01 | ((pin<<3)) ;
  1202  00CD  0020               	movlb	0	; select bank0
  1203  00CE  0833               	movf	pinMode@pin,w
  1204  00CF  00B2               	movwf	??_pinMode
  1205  00D0  3002               	movlw	2
  1206  00D1                     u625:	
  1207  00D1  35B2               	lslf	??_pinMode,f
  1208  00D2  3EFF               	addlw	-1
  1209  00D3  1D03               	skipz
  1210  00D4  28D1               	goto	u625
  1211  00D5  3532               	lslf	??_pinMode,w
  1212  00D6  0021               	movlb	1	; select bank1
  1213  00D7  041D               	iorwf	29,w	;volatile
  1214  00D8  3801               	iorlw	1
  1215  00D9  009D               	movwf	29	;volatile
  1216                           
  1217                           ;io.c: 20: PORTA = PORTA & (~(1 << pin));
  1218  00DA  3001               	movlw	1
  1219  00DB  0020               	movlb	0	; select bank0
  1220  00DC  00B2               	movwf	??_pinMode
  1221  00DD  0A33               	incf	pinMode@pin,w
  1222  00DE  28E0               	goto	u634
  1223  00DF                     u635:	
  1224  00DF  35B2               	lslf	??_pinMode,f
  1225  00E0                     u634:	
  1226  00E0  0B89               	decfsz	9,f
  1227  00E1  28DF               	goto	u635
  1228  00E2  0832               	movf	??_pinMode,w
  1229  00E3  3AFF               	xorlw	255
  1230  00E4  050C               	andwf	12,w	;volatile
  1231  00E5  008C               	movwf	12	;volatile
  1232                           
  1233                           ;io.c: 21: delay_us(5);
  1234  00E6  3005               	movlw	5
  1235  00E7  00F3               	movwf	delay_us@time
  1236  00E8  3000               	movlw	0
  1237  00E9  00F4               	movwf	delay_us@time+1
  1238  00EA  21B1               	fcall	_delay_us
  1239                           
  1240                           ;io.c: 23: }
  1241                           
  1242                           ;io.c: 22: break;
  1243  00EB  0008               	return
  1244  00EC                     l1076:	
  1245  00EC  0878               	movf	pinMode@mode,w
  1246                           
  1247                           ; Switch size 1, requested type "space"
  1248                           ; Number of cases is 3, Range of values is 1 to 4
  1249                           ; switch strategies available:
  1250                           ; Name         Instructions Cycles
  1251                           ; simple_byte           10     6 (average)
  1252                           ; direct_byte           17     9 (fixed)
  1253                           ; jumptable            263     9 (fixed)
  1254                           ;	Chosen strategy is simple_byte
  1255  00ED  3A01               	xorlw	1	; case 1
  1256  00EE  1903               	skipnz
  1257  00EF  287D               	goto	l1060
  1258  00F0  3A02               	xorlw	2	; case 3
  1259  00F1  1903               	skipnz
  1260  00F2  28B2               	goto	l1064
  1261  00F3  3A07               	xorlw	7	; case 4
  1262  00F4  1903               	skipnz
  1263  00F5  2897               	goto	l1062
  1264  00F6  28F7               	goto	l113
  1265  00F7                     l113:	
  1266  00F7  0008               	return
  1267  00F8                     __end_of_pinMode:	
  1268                           
  1269                           	psect	text2
  1270  01B1                     __ptext2:	
  1271 ;; *************** function _delay_us *****************
  1272 ;; Defined at:
  1273 ;;		line 10 in file "delay.c"
  1274 ;; Parameters:    Size  Location     Type
  1275 ;;  time            2    3[COMMON] int 
  1276 ;; Auto vars:     Size  Location     Type
  1277 ;;  i               2    6[COMMON] int 
  1278 ;; Return value:  Size  Location     Type
  1279 ;;		None               void
  1280 ;; Registers used:
  1281 ;;		wreg, status,2
  1282 ;; Tracked objects:
  1283 ;;		On entry : 0/0
  1284 ;;		On exit  : 0/0
  1285 ;;		Unchanged: 0/0
  1286 ;; Data sizes:     COMMON   BANK0   BANK1
  1287 ;;      Params:         2       0       0
  1288 ;;      Locals:         2       0       0
  1289 ;;      Temps:          1       0       0
  1290 ;;      Totals:         5       0       0
  1291 ;;Total ram usage:        5 bytes
  1292 ;; Hardware stack levels used:    1
  1293 ;; Hardware stack levels required when called:    1
  1294 ;; This function calls:
  1295 ;;		Nothing
  1296 ;; This function is called by:
  1297 ;;		_pinMode
  1298 ;; This function uses a non-reentrant model
  1299 ;;
  1300                           
  1301                           
  1302                           ;psect for function _delay_us
  1303  01B1                     _delay_us:	
  1304                           
  1305                           ;delay.c: 11: int i;
  1306                           ;delay.c: 12: for(i=0;i<time;i++){
  1307                           
  1308                           ;incstack = 0
  1309                           ; Regs used in _delay_us: [wreg+status,2]
  1310  01B1  01F6               	clrf	delay_us@i
  1311  01B2  01F7               	clrf	delay_us@i+1
  1312  01B3                     l82:	
  1313  01B3  0877               	movf	delay_us@i+1,w
  1314  01B4  3A80               	xorlw	128
  1315  01B5  00F5               	movwf	??_delay_us
  1316  01B6  0874               	movf	delay_us@time+1,w
  1317  01B7  3A80               	xorlw	128
  1318  01B8  0275               	subwf	??_delay_us,w
  1319  01B9  1D03               	skipz
  1320  01BA  29BD               	goto	u545
  1321  01BB  0873               	movf	delay_us@time,w
  1322  01BC  0276               	subwf	delay_us@i,w
  1323  01BD                     u545:	
  1324  01BD  1803               	btfsc	3,0
  1325  01BE  0008               	return
  1326                           
  1327                           ;delay.c: 13: _delay((unsigned long)((1)*(8000000/4000000.0)));
  1328  01BF  3200               	nop2	;2 cycle nop
  1329  01C0  3001               	movlw	1
  1330  01C1  07F6               	addwf	delay_us@i,f
  1331  01C2  3000               	movlw	0
  1332  01C3  3DF7               	addwfc	delay_us@i+1,f
  1333  01C4  29B3               	goto	l82
  1334  01C5                     __end_of_delay_us:	
  1335                           
  1336                           	psect	text3
  1337  01CB                     __ptext3:	
  1338 ;; *************** function _initOSCCON *****************
  1339 ;; Defined at:
  1340 ;;		line 5 in file "osccon.c"
  1341 ;; Parameters:    Size  Location     Type
  1342 ;;		None
  1343 ;; Auto vars:     Size  Location     Type
  1344 ;;		None
  1345 ;; Return value:  Size  Location     Type
  1346 ;;		None               void
  1347 ;; Registers used:
  1348 ;;		wreg, status,2, status,0
  1349 ;; Tracked objects:
  1350 ;;		On entry : 0/0
  1351 ;;		On exit  : 0/0
  1352 ;;		Unchanged: 0/0
  1353 ;; Data sizes:     COMMON   BANK0   BANK1
  1354 ;;      Params:         0       0       0
  1355 ;;      Locals:         0       0       0
  1356 ;;      Temps:          1       0       0
  1357 ;;      Totals:         1       0       0
  1358 ;;Total ram usage:        1 bytes
  1359 ;; Hardware stack levels used:    1
  1360 ;; Hardware stack levels required when called:    1
  1361 ;; This function calls:
  1362 ;;		Nothing
  1363 ;; This function is called by:
  1364 ;;		_main
  1365 ;; This function uses a non-reentrant model
  1366 ;;
  1367                           
  1368                           
  1369                           ;psect for function _initOSCCON
  1370  01CB                     _initOSCCON:	
  1371                           
  1372                           ;osccon.c: 11: OSCCON|=0b01110010;
  1373                           
  1374                           ;incstack = 0
  1375                           ; Regs used in _initOSCCON: [wreg+status,2+status,0]
  1376  01CB  3072               	movlw	114
  1377  01CC  00F3               	movwf	??_initOSCCON
  1378  01CD  0873               	movf	??_initOSCCON,w
  1379  01CE  0021               	movlb	1	; select bank1
  1380  01CF  0499               	iorwf	25,f	;volatile
  1381  01D0  0008               	return
  1382  01D1                     __end_of_initOSCCON:	
  1383                           
  1384                           	psect	text4
  1385  019A                     __ptext4:	
  1386 ;; *************** function _i2cReceiveCheck *****************
  1387 ;; Defined at:
  1388 ;;		line 185 in file "i2c.c"
  1389 ;; Parameters:    Size  Location     Type
  1390 ;;		None
  1391 ;; Auto vars:     Size  Location     Type
  1392 ;;  ans             2    5[COMMON] int 
  1393 ;; Return value:  Size  Location     Type
  1394 ;;                  2    3[COMMON] int 
  1395 ;; Registers used:
  1396 ;;		wreg, status,2, status,0
  1397 ;; Tracked objects:
  1398 ;;		On entry : 0/0
  1399 ;;		On exit  : 0/0
  1400 ;;		Unchanged: 0/0
  1401 ;; Data sizes:     COMMON   BANK0   BANK1
  1402 ;;      Params:         2       0       0
  1403 ;;      Locals:         2       0       0
  1404 ;;      Temps:          0       0       0
  1405 ;;      Totals:         4       0       0
  1406 ;;Total ram usage:        4 bytes
  1407 ;; Hardware stack levels used:    1
  1408 ;; Hardware stack levels required when called:    1
  1409 ;; This function calls:
  1410 ;;		Nothing
  1411 ;; This function is called by:
  1412 ;;		_main
  1413 ;; This function uses a non-reentrant model
  1414 ;;
  1415                           
  1416                           
  1417                           ;psect for function _i2cReceiveCheck
  1418  019A                     _i2cReceiveCheck:	
  1419                           
  1420                           ;i2c.c: 186: int ans;
  1421                           ;i2c.c: 188: ans = 0;
  1422                           
  1423                           ;incstack = 0
  1424                           ; Regs used in _i2cReceiveCheck: [wreg+status,2+status,0]
  1425  019A  01F5               	clrf	i2cReceiveCheck@ans
  1426  019B  01F6               	clrf	i2cReceiveCheck@ans+1
  1427                           
  1428                           ;i2c.c: 189: if (rcv_flg != 0) {
  1429  019C  0020               	movlb	0	; select bank0
  1430  019D  0820               	movf	_rcv_flg,w
  1431  019E  0421               	iorwf	_rcv_flg+1,w
  1432  019F  1903               	btfsc	3,2
  1433  01A0  29AC               	goto	l898
  1434                           
  1435                           ;i2c.c: 190: if ((SSP1STATbits.S == 0) && (SSP1STATbits.P == 1)) {
  1436  01A1  0024               	movlb	4	; select bank4
  1437  01A2  1D94               	btfss	20,3	;volatile
  1438  01A3  1E14               	btfss	20,4	;volatile
  1439  01A4  29AC               	goto	l898
  1440                           
  1441                           ;i2c.c: 191: ans = rcv_flg;
  1442  01A5  0020               	movlb	0	; select bank0
  1443  01A6  0821               	movf	_rcv_flg+1,w
  1444  01A7  00F6               	movwf	i2cReceiveCheck@ans+1
  1445  01A8  0820               	movf	_rcv_flg,w
  1446  01A9  00F5               	movwf	i2cReceiveCheck@ans
  1447                           
  1448                           ;i2c.c: 192: rcv_flg = 0;
  1449  01AA  01A0               	clrf	_rcv_flg
  1450  01AB  01A1               	clrf	_rcv_flg+1
  1451  01AC                     l898:	
  1452                           
  1453                           ;i2c.c: 193: }
  1454                           ;i2c.c: 194: }
  1455                           ;i2c.c: 195: return (ans);
  1456  01AC  0876               	movf	i2cReceiveCheck@ans+1,w
  1457  01AD  00F4               	movwf	?_i2cReceiveCheck+1
  1458  01AE  0875               	movf	i2cReceiveCheck@ans,w
  1459  01AF  00F3               	movwf	?_i2cReceiveCheck
  1460  01B0  0008               	return
  1461  01B1                     __end_of_i2cReceiveCheck:	
  1462                           
  1463                           	psect	text5
  1464  0159                     __ptext5:	
  1465 ;; *************** function _i2cInit *****************
  1466 ;; Defined at:
  1467 ;;		line 166 in file "i2c.c"
  1468 ;; Parameters:    Size  Location     Type
  1469 ;;  address         2    3[COMMON] int 
  1470 ;; Auto vars:     Size  Location     Type
  1471 ;;		None
  1472 ;; Return value:  Size  Location     Type
  1473 ;;		None               void
  1474 ;; Registers used:
  1475 ;;		wreg, status,2, status,0
  1476 ;; Tracked objects:
  1477 ;;		On entry : 0/0
  1478 ;;		On exit  : 0/0
  1479 ;;		Unchanged: 0/0
  1480 ;; Data sizes:     COMMON   BANK0   BANK1
  1481 ;;      Params:         2       0       0
  1482 ;;      Locals:         0       0       0
  1483 ;;      Temps:          1       0       0
  1484 ;;      Totals:         3       0       0
  1485 ;;Total ram usage:        3 bytes
  1486 ;; Hardware stack levels used:    1
  1487 ;; Hardware stack levels required when called:    1
  1488 ;; This function calls:
  1489 ;;		Nothing
  1490 ;; This function is called by:
  1491 ;;		_main
  1492 ;; This function uses a non-reentrant model
  1493 ;;
  1494                           
  1495                           
  1496                           ;psect for function _i2cInit
  1497  0159                     _i2cInit:	
  1498                           
  1499                           ;i2c.c: 167: SSP1STAT = 0b10000000;
  1500                           
  1501                           ;incstack = 0
  1502                           ; Regs used in _i2cInit: [wreg+status,2+status,0]
  1503  0159  3080               	movlw	128
  1504  015A  0024               	movlb	4	; select bank4
  1505  015B  0094               	movwf	20	;volatile
  1506                           
  1507                           ;i2c.c: 168: SSP1CON1 = 0b00100110;
  1508  015C  3026               	movlw	38
  1509  015D  0095               	movwf	21	;volatile
  1510                           
  1511                           ;i2c.c: 169: SSP1CON2bits.SEN = 1;
  1512  015E  1416               	bsf	22,0	;volatile
  1513                           
  1514                           ;i2c.c: 171: SSP1ADD = address << 1;
  1515  015F  3573               	lslf	i2cInit@address,w
  1516  0160  0092               	movwf	18	;volatile
  1517                           
  1518                           ;i2c.c: 172: SSP1MSK = 0b11111110;
  1519  0161  30FE               	movlw	254
  1520  0162  0093               	movwf	19	;volatile
  1521                           
  1522                           ;i2c.c: 173: SSP1IE = 1;
  1523  0163  0021               	movlb	1	; select bank1
  1524  0164  1591               	bsf	17,3	;volatile
  1525                           
  1526                           ;i2c.c: 174: BCL1IE = 1;
  1527  0165  1592               	bsf	18,3	;volatile
  1528                           
  1529                           ;i2c.c: 175: PEIE = 1;
  1530  0166  170B               	bsf	11,6	;volatile
  1531                           
  1532                           ;i2c.c: 176: GIE = 1;
  1533  0167  178B               	bsf	11,7	;volatile
  1534                           
  1535                           ;i2c.c: 177: SSP1IF = 0;
  1536  0168  0020               	movlb	0	; select bank0
  1537  0169  1191               	bcf	17,3	;volatile
  1538                           
  1539                           ;i2c.c: 178: BCL1IF = 0;
  1540  016A  1192               	bcf	18,3	;volatile
  1541                           
  1542                           ;i2c.c: 179: rcv_flg = 0;
  1543  016B  01A0               	clrf	_rcv_flg
  1544  016C  01A1               	clrf	_rcv_flg+1
  1545                           
  1546                           ;i2c.c: 180: ANSELA &= 0b11111001;
  1547  016D  30F9               	movlw	249
  1548  016E  00F5               	movwf	??_i2cInit
  1549  016F  0875               	movf	??_i2cInit,w
  1550  0170  0023               	movlb	3	; select bank3
  1551  0171  058C               	andwf	12,f	;volatile
  1552                           
  1553                           ;i2c.c: 181: TRISA |= 0b00000110;
  1554  0172  3006               	movlw	6
  1555  0173  00F5               	movwf	??_i2cInit
  1556  0174  0875               	movf	??_i2cInit,w
  1557  0175  0021               	movlb	1	; select bank1
  1558  0176  048C               	iorwf	12,f	;volatile
  1559                           
  1560                           ;i2c.c: 182: PORTA &= 0b11111001;
  1561  0177  30F9               	movlw	249
  1562  0178  00F5               	movwf	??_i2cInit
  1563  0179  0875               	movf	??_i2cInit,w
  1564  017A  0020               	movlb	0	; select bank0
  1565  017B  058C               	andwf	12,f	;volatile
  1566  017C  0008               	return
  1567  017D                     __end_of_i2cInit:	
  1568                           
  1569                           	psect	text6
  1570  017D                     __ptext6:	
  1571 ;; *************** function _digitalWrite *****************
  1572 ;; Defined at:
  1573 ;;		line 26 in file "io.c"
  1574 ;; Parameters:    Size  Location     Type
  1575 ;;  pin             1    wreg     unsigned char 
  1576 ;;  value           1    3[COMMON] unsigned char 
  1577 ;; Auto vars:     Size  Location     Type
  1578 ;;  pin             1    5[COMMON] unsigned char 
  1579 ;; Return value:  Size  Location     Type
  1580 ;;		None               void
  1581 ;; Registers used:
  1582 ;;		wreg, status,2, status,0
  1583 ;; Tracked objects:
  1584 ;;		On entry : 0/0
  1585 ;;		On exit  : 0/0
  1586 ;;		Unchanged: 0/0
  1587 ;; Data sizes:     COMMON   BANK0   BANK1
  1588 ;;      Params:         1       0       0
  1589 ;;      Locals:         1       0       0
  1590 ;;      Temps:          1       0       0
  1591 ;;      Totals:         3       0       0
  1592 ;;Total ram usage:        3 bytes
  1593 ;; Hardware stack levels used:    1
  1594 ;; Hardware stack levels required when called:    1
  1595 ;; This function calls:
  1596 ;;		Nothing
  1597 ;; This function is called by:
  1598 ;;		_main
  1599 ;; This function uses a non-reentrant model
  1600 ;;
  1601                           
  1602                           
  1603                           ;psect for function _digitalWrite
  1604  017D                     _digitalWrite:	
  1605                           
  1606                           ;incstack = 0
  1607                           ; Regs used in _digitalWrite: [wreg+status,2+status,0]
  1608                           ;digitalWrite@pin stored from wreg
  1609  017D  00F5               	movwf	digitalWrite@pin
  1610                           
  1611                           ;io.c: 27: if (value) {
  1612  017E  0873               	movf	digitalWrite@value,w
  1613  017F  1903               	btfsc	3,2
  1614  0180  298D               	goto	l926
  1615                           
  1616                           ;io.c: 28: LATA = LATA | (1 << pin);
  1617  0181  3001               	movlw	1
  1618  0182  00F4               	movwf	??_digitalWrite
  1619  0183  0A75               	incf	digitalWrite@pin,w
  1620  0184  2986               	goto	u434
  1621  0185                     u435:	
  1622  0185  35F4               	lslf	??_digitalWrite,f
  1623  0186                     u434:	
  1624  0186  0B89               	decfsz	9,f
  1625  0187  2985               	goto	u435
  1626  0188  0874               	movf	??_digitalWrite,w
  1627  0189  0022               	movlb	2	; select bank2
  1628  018A  040C               	iorwf	12,w	;volatile
  1629  018B  008C               	movwf	12	;volatile
  1630                           
  1631                           ;io.c: 29: } else {
  1632  018C  0008               	return
  1633  018D                     l926:	
  1634                           
  1635                           ;io.c: 30: LATA = LATA & ~(1 << pin);
  1636  018D  3001               	movlw	1
  1637  018E  00F4               	movwf	??_digitalWrite
  1638  018F  0A75               	incf	digitalWrite@pin,w
  1639  0190  2992               	goto	u444
  1640  0191                     u445:	
  1641  0191  35F4               	lslf	??_digitalWrite,f
  1642  0192                     u444:	
  1643  0192  0B89               	decfsz	9,f
  1644  0193  2991               	goto	u445
  1645  0194  0874               	movf	??_digitalWrite,w
  1646  0195  3AFF               	xorlw	255
  1647  0196  0022               	movlb	2	; select bank2
  1648  0197  050C               	andwf	12,w	;volatile
  1649  0198  008C               	movwf	12	;volatile
  1650  0199  0008               	return
  1651  019A                     __end_of_digitalWrite:	
  1652                           
  1653                           	psect	intentry
  1654  0004                     __pintentry:	
  1655 ;; *************** function _i2cInterrupt *****************
  1656 ;; Defined at:
  1657 ;;		line 109 in file "i2c.c"
  1658 ;; Parameters:    Size  Location     Type
  1659 ;;		None
  1660 ;; Auto vars:     Size  Location     Type
  1661 ;;  x               1    2[COMMON] unsigned char 
  1662 ;; Return value:  Size  Location     Type
  1663 ;;		None               void
  1664 ;; Registers used:
  1665 ;;		wreg, fsr1l, fsr1h, status,2, status,0
  1666 ;; Tracked objects:
  1667 ;;		On entry : 0/0
  1668 ;;		On exit  : 0/0
  1669 ;;		Unchanged: 0/0
  1670 ;; Data sizes:     COMMON   BANK0   BANK1
  1671 ;;      Params:         0       0       0
  1672 ;;      Locals:         1       0       0
  1673 ;;      Temps:          2       0       0
  1674 ;;      Totals:         3       0       0
  1675 ;;Total ram usage:        3 bytes
  1676 ;; Hardware stack levels used:    1
  1677 ;; This function calls:
  1678 ;;		Nothing
  1679 ;; This function is called by:
  1680 ;;		Interrupt level 1
  1681 ;; This function uses a non-reentrant model
  1682 ;;
  1683                           
  1684  0004                     _i2cInterrupt:	
  1685                           
  1686                           ;incstack = 0
  1687                           ; Regs used in _i2cInterrupt: [wreg+fsr1l+fsr1h+status,2+status,0]
  1688  0004  147E               	bsf	126,0	;set compiler interrupt flag (level 1)
  1689  0005  3180               	pagesel	$
  1690  0006  0020               	movlb	0	; select bank0
  1691  0007  087F               	movf	127,w
  1692  0008  00F1               	movwf	??_i2cInterrupt+1
  1693                           
  1694                           ;i2c.c: 110: char x;
  1695                           ;i2c.c: 115: if (SSP1IF == 1) {
  1696  0009  1D91               	btfss	17,3	;volatile
  1697  000A  285B               	goto	i1l47
  1698                           
  1699                           ;i2c.c: 116: if (SSP1STATbits.R_nW == 0) {
  1700  000B  0024               	movlb	4	; select bank4
  1701  000C  1914               	btfsc	20,2	;volatile
  1702  000D  282E               	goto	i1l48
  1703                           
  1704                           ;i2c.c: 118: if (SSP1STATbits.D_nA == 0) {
  1705  000E  1A94               	btfsc	20,5	;volatile
  1706  000F  281C               	goto	i1l940
  1707                           
  1708                           ;i2c.c: 120: Rdtp = (char *) rcv;
  1709  0010  3022               	movlw	(low (_rcv| 0))& (0+255)
  1710  0011  00F0               	movwf	??_i2cInterrupt
  1711  0012  0870               	movf	??_i2cInterrupt,w
  1712  0013  00F9               	movwf	_Rdtp
  1713                           
  1714                           ;i2c.c: 121: x = SSP1BUF;
  1715  0014  0811               	movf	17,w	;volatile
  1716  0015  00F0               	movwf	??_i2cInterrupt
  1717  0016  0870               	movf	??_i2cInterrupt,w
  1718  0017  00F2               	movwf	i2cInterrupt@x
  1719                           
  1720                           ;i2c.c: 122: rcv_flg = 0;
  1721  0018  0020               	movlb	0	; select bank0
  1722  0019  01A0               	clrf	_rcv_flg
  1723  001A  01A1               	clrf	_rcv_flg+1
  1724                           
  1725                           ;i2c.c: 123: } else {
  1726  001B  2855               	goto	L1
  1727  001C                     i1l940:	
  1728                           
  1729                           ;i2c.c: 125: *Rdtp = SSP1BUF;
  1730  001C  0024               	movlb	4	; select bank4
  1731  001D  0811               	movf	17,w	;volatile
  1732  001E  00F0               	movwf	??_i2cInterrupt
  1733  001F  0879               	movf	_Rdtp,w
  1734  0020  0086               	movwf	6
  1735  0021  0187               	clrf	7
  1736  0022  0870               	movf	??_i2cInterrupt,w
  1737  0023  0081               	movwf	1
  1738                           
  1739                           ;i2c.c: 126: Rdtp++;
  1740  0024  3001               	movlw	1
  1741  0025  00F0               	movwf	??_i2cInterrupt
  1742  0026  0870               	movf	??_i2cInterrupt,w
  1743  0027  07F9               	addwf	_Rdtp,f
  1744                           
  1745                           ;i2c.c: 127: rcv_flg++;
  1746  0028  3001               	movlw	1
  1747  0029  0020               	movlb	0	; select bank0
  1748  002A  07A0               	addwf	_rcv_flg,f
  1749  002B  3000               	movlw	0
  1750  002C  3DA1               	addwfc	_rcv_flg+1,f
  1751  002D  2855               	goto	L1
  1752  002E                     i1l48:	
  1753                           ;i2c.c: 131: } else {
  1754                           
  1755                           ;i2c.c: 130: SSP1CON1bits.CKP = 1;
  1756                           
  1757                           ;i2c.c: 128: }
  1758                           ;i2c.c: 129: SSP1IF = 0;
  1759                           
  1760                           
  1761                           ;i2c.c: 133: if (SSP1STATbits.BF == 1) {
  1762  002E  1C14               	btfss	20,0	;volatile
  1763  002F  2841               	goto	i1l52
  1764                           
  1765                           ;i2c.c: 135: Sdtp = (char *) snd;
  1766  0030  302A               	movlw	(low (_snd| 0))& (0+255)
  1767  0031  00F0               	movwf	??_i2cInterrupt
  1768  0032  0870               	movf	??_i2cInterrupt,w
  1769  0033  00FA               	movwf	_Sdtp
  1770                           
  1771                           ;i2c.c: 136: x = SSP1BUF;
  1772  0034  0811               	movf	17,w	;volatile
  1773  0035  00F0               	movwf	??_i2cInterrupt
  1774  0036  0870               	movf	??_i2cInterrupt,w
  1775  0037  00F2               	movwf	i2cInterrupt@x
  1776  0038                     i1l952:	
  1777                           ;i2c.c: 137: while ((SSP1CON1bits.CKP) | (SSP1STATbits.BF));
  1778                           
  1779  0038  0814               	movf	20,w	;volatile
  1780  0039  3901               	andlw	1
  1781  003A  00F0               	movwf	??_i2cInterrupt
  1782  003B  0E15               	swapf	21,w	;volatile
  1783  003C  3901               	andlw	1
  1784  003D  0470               	iorwf	??_i2cInterrupt,w
  1785  003E  1D03               	btfss	3,2
  1786  003F  2838               	goto	i1l952
  1787  0040  284B               	goto	i1l966
  1788  0041                     i1l52:	
  1789                           ;i2c.c: 142: } else {
  1790                           
  1791                           ;i2c.c: 141: SSP1CON1bits.CKP = 1;
  1792                           
  1793                           ;i2c.c: 140: SSP1IF = 0;
  1794                           
  1795                           ;i2c.c: 139: Sdtp++;
  1796                           
  1797                           ;i2c.c: 138: SSP1BUF = *Sdtp;
  1798                           
  1799                           
  1800                           ;i2c.c: 144: if (SSP1CON2bits.ACKSTAT == 0) {
  1801  0041  1B16               	btfsc	22,6	;volatile
  1802  0042  2859               	goto	i1l57
  1803  0043                     i1l964:	
  1804                           ;i2c.c: 146: while ((SSP1CON1bits.CKP) | (SSP1STATbits.BF));
  1805                           
  1806  0043  0814               	movf	20,w	;volatile
  1807  0044  3901               	andlw	1
  1808  0045  00F0               	movwf	??_i2cInterrupt
  1809  0046  0E15               	swapf	21,w	;volatile
  1810  0047  3901               	andlw	1
  1811  0048  0470               	iorwf	??_i2cInterrupt,w
  1812  0049  1D03               	btfss	3,2
  1813  004A  2843               	goto	i1l964
  1814  004B                     i1l966:	
  1815                           
  1816                           ;i2c.c: 147: SSP1BUF = *Sdtp;
  1817  004B  087A               	movf	_Sdtp,w
  1818  004C  0086               	movwf	6
  1819  004D  0187               	clrf	7
  1820  004E  0801               	movf	1,w
  1821  004F  0091               	movwf	17	;volatile
  1822                           
  1823                           ;i2c.c: 148: Sdtp++;
  1824  0050  3001               	movlw	1
  1825  0051  00F0               	movwf	??_i2cInterrupt
  1826  0052  0870               	movf	??_i2cInterrupt,w
  1827  0053  07FA               	addwf	_Sdtp,f
  1828                           
  1829                           ;i2c.c: 149: SSP1IF = 0;
  1830  0054  0020               	movlb	0	; select bank0
  1831  0055                     L1:	
  1832  0055  1191               	bcf	17,3	;volatile
  1833                           
  1834                           ;i2c.c: 150: SSP1CON1bits.CKP = 1;
  1835  0056  0024               	movlb	4	; select bank4
  1836  0057  1615               	bsf	21,4	;volatile
  1837                           
  1838                           ;i2c.c: 151: } else {
  1839  0058  285B               	goto	i1l47
  1840  0059                     i1l57:	
  1841                           
  1842                           ;i2c.c: 153: SSP1IF = 0;
  1843  0059  0020               	movlb	0	; select bank0
  1844  005A  1191               	bcf	17,3	;volatile
  1845  005B                     i1l47:	
  1846                           
  1847                           ;i2c.c: 154: }
  1848                           ;i2c.c: 155: }
  1849                           ;i2c.c: 156: }
  1850                           ;i2c.c: 157: }
  1851                           ;i2c.c: 161: if (BCL1IF == 1) {
  1852  005B  0020               	movlb	0	; select bank0
  1853  005C  1992               	btfsc	18,3	;volatile
  1854                           
  1855                           ;i2c.c: 162: BCL1IF = 0;
  1856  005D  1192               	bcf	18,3	;volatile
  1857  005E  0871               	movf	??_i2cInterrupt+1,w
  1858  005F  00FF               	movwf	127
  1859  0060  107E               	bcf	126,0	;clear compiler interrupt flag (level 1)
  1860  0061  0009               	retfie
  1861  0062                     __end_of_i2cInterrupt:	
  1862  007E                     btemp	set	126	;btemp
  1863  007E                     int$flags	set	126
  1864  007E                     wtemp	set	126
  1865  007E                     wtemp0	set	126
  1866  0080                     wtemp1	set	128
  1867  0082                     wtemp2	set	130
  1868  0084                     wtemp3	set	132
  1869  0086                     wtemp4	set	134
  1870  0088                     wtemp5	set	136
  1871  007F                     wtemp6	set	127
  1872  007E                     ttemp	set	126
  1873  007E                     ttemp0	set	126
  1874  0081                     ttemp1	set	129
  1875  0084                     ttemp2	set	132
  1876  0087                     ttemp3	set	135
  1877  007F                     ttemp4	set	127
  1878  007E                     ltemp	set	126
  1879  007E                     ltemp0	set	126
  1880  0082                     ltemp1	set	130
  1881  0086                     ltemp2	set	134
  1882  0080                     ltemp3	set	128


Data Sizes:
    Strings     0
    Constant    0
    Data        0
    BSS         20
    Persistent  0
    Stack       0

Auto Spaces:
    Space          Size  Autos    Used
    COMMON           14      9      11
    BANK0            80      5      23
    BANK1            32      0       0

Pointer List with Targets:

    Sdtp	PTR unsigned char  size(1) Largest target is 8
		 -> NULL(NULL[0]), snd(BANK0[8]), 

    Rdtp	PTR unsigned char  size(1) Largest target is 8
		 -> NULL(NULL[0]), rcv(BANK0[8]), 


Critical Paths under _main in COMMON

    _main->_pinMode
    _pinMode->_delay_us

Critical Paths under _i2cInterrupt in COMMON

    None.

Critical Paths under _main in BANK0

    _main->_pinMode

Critical Paths under _i2cInterrupt in BANK0

    None.

Critical Paths under _main in BANK1

    None.

Critical Paths under _i2cInterrupt in BANK1

    None.

Call Graph Tables:

 ---------------------------------------------------------------------------------
 (Depth) Function   	        Calls       Base Space   Used Autos Params    Refs
 ---------------------------------------------------------------------------------
 (0) _main                                                 3     3      0    1040
                                              2 BANK0      3     3      0
                       _digitalWrite
                            _i2cInit
                    _i2cReceiveCheck
                         _initOSCCON
                            _pinMode
 ---------------------------------------------------------------------------------
 (1) _pinMode                                              3     2      1     573
                                              8 COMMON     1     0      1
                                              0 BANK0      2     2      0
                           _delay_us
 ---------------------------------------------------------------------------------
 (2) _delay_us                                             5     3      2     133
                                              3 COMMON     5     3      2
 ---------------------------------------------------------------------------------
 (1) _initOSCCON                                           1     1      0       0
                                              3 COMMON     1     1      0
 ---------------------------------------------------------------------------------
 (1) _i2cReceiveCheck                                      4     2      2      24
                                              3 COMMON     4     2      2
 ---------------------------------------------------------------------------------
 (1) _i2cInit                                              3     1      2      75
                                              3 COMMON     3     1      2
 ---------------------------------------------------------------------------------
 (1) _digitalWrite                                         3     2      1     331
                                              3 COMMON     3     2      1
 ---------------------------------------------------------------------------------
 Estimated maximum stack depth 2
 ---------------------------------------------------------------------------------
 (Depth) Function   	        Calls       Base Space   Used Autos Params    Refs
 ---------------------------------------------------------------------------------
 (3) _i2cInterrupt                                         3     3      0       2
                                              0 COMMON     3     3      0
 ---------------------------------------------------------------------------------
 Estimated maximum stack depth 3
 ---------------------------------------------------------------------------------

 Call Graph Graphs:

 _main (ROOT)
   _digitalWrite
   _i2cInit
   _i2cReceiveCheck
   _initOSCCON
   _pinMode
     _delay_us

 _i2cInterrupt (ROOT)

 Address spaces:
Name               Size   Autos  Total    Cost      Usage
BIGRAM              70      0       0       0        0.0%
EEDATA             100      0       0       0        0.0%
NULL                 0      0       0       0        0.0%
CODE                 0      0       0       0        0.0%
BITCOMMON            E      0       0       1        0.0%
BITSFR0              0      0       0       1        0.0%
SFR0                 0      0       0       1        0.0%
COMMON               E      9       B       2       78.6%
BITSFR1              0      0       0       2        0.0%
SFR1                 0      0       0       2        0.0%
BITSFR2              0      0       0       3        0.0%
SFR2                 0      0       0       3        0.0%
STACK                0      0       0       3        0.0%
BITSFR3              0      0       0       4        0.0%
SFR3                 0      0       0       4        0.0%
ABS                  0      0      22       4        0.0%
BITBANK0            50      0       0       5        0.0%
BITSFR4              0      0       0       5        0.0%
SFR4                 0      0       0       5        0.0%
BANK0               50      5      17       6       28.7%
BITSFR5              0      0       0       6        0.0%
SFR5                 0      0       0       6        0.0%
BITBANK1            20      0       0       7        0.0%
BITSFR6              0      0       0       7        0.0%
SFR6                 0      0       0       7        0.0%
BANK1               20      0       0       8        0.0%
BITSFR7              0      0       0       8        0.0%
SFR7                 0      0       0       8        0.0%
BITSFR8              0      0       0       9        0.0%
SFR8                 0      0       0       9        0.0%
DATA                 0      0      22       9        0.0%
BITSFR9              0      0       0      10        0.0%
SFR9                 0      0       0      10        0.0%
BITSFR10             0      0       0      11        0.0%
SFR10                0      0       0      11        0.0%
BITSFR11             0      0       0      12        0.0%
SFR11                0      0       0      12        0.0%
BITSFR12             0      0       0      13        0.0%
SFR12                0      0       0      13        0.0%
BITSFR13             0      0       0      14        0.0%
SFR13                0      0       0      14        0.0%
BITSFR14             0      0       0      15        0.0%
SFR14                0      0       0      15        0.0%
BITSFR15             0      0       0      16        0.0%
SFR15                0      0       0      16        0.0%
BITSFR16             0      0       0      17        0.0%
SFR16                0      0       0      17        0.0%
BITSFR17             0      0       0      18        0.0%
SFR17                0      0       0      18        0.0%
BITSFR18             0      0       0      19        0.0%
SFR18                0      0       0      19        0.0%
BITSFR19             0      0       0      20        0.0%
SFR19                0      0       0      20        0.0%
BITSFR20             0      0       0      21        0.0%
SFR20                0      0       0      21        0.0%
BITSFR21             0      0       0      22        0.0%
SFR21                0      0       0      22        0.0%
BITSFR22             0      0       0      23        0.0%
SFR22                0      0       0      23        0.0%
BITSFR23             0      0       0      24        0.0%
SFR23                0      0       0      24        0.0%
BITSFR24             0      0       0      25        0.0%
SFR24                0      0       0      25        0.0%
BITSFR25             0      0       0      26        0.0%
SFR25                0      0       0      26        0.0%
BITSFR26             0      0       0      27        0.0%
SFR26                0      0       0      27        0.0%
BITSFR27             0      0       0      28        0.0%
SFR27                0      0       0      28        0.0%
BITSFR28             0      0       0      29        0.0%
SFR28                0      0       0      29        0.0%
BITSFR29             0      0       0      30        0.0%
SFR29                0      0       0      30        0.0%
BITSFR30             0      0       0      31        0.0%
SFR30                0      0       0      31        0.0%
BITSFR31             0      0       0      32        0.0%
SFR31                0      0       0      32        0.0%


Microchip Technology PIC Macro Assembler V1.35 build -356382666 
Symbol Table                                                                                   Thu Oct 20 11:54:01 2016

             __CFG_CP$OFF 0000                        l82 01B3                       l113 00F7  
                     l155 0157                       l926 018D                       l898 01AC  
                     _GIE 005F                       u434 0186              __CFG_CPD$OFF 0000  
                     u435 0185                       u444 0192                       u604 00B8  
                     u445 0191                       u605 00B7                       u614 00C4  
                     u615 00C3                       u545 01BD                       u625 00D1  
                     u634 00E0                       u554 0075                       u635 00DF  
                     u555 0074                       u564 0083                       u565 0082  
                     u574 008F                       u575 008E                       u584 009D  
                     u585 009C                       u594 00AA                       u595 00A9  
                     _rcv 0022                       _snd 002A              __CFG_BORV$HI 0000  
                     wreg 0009              __CFG_LVP$OFF 0000                      l1110 013A  
                    l1104 012C                      l1106 0131                      l1114 0140  
                    l1060 007D                      l1108 0135                      l1062 0097  
                    l1118 0149                      l1064 00B2                      l1076 00EC  
                    l1156 014F                      l1094 0117                      l1098 011E  
          ??_i2cInterrupt 0070                      _LATA 010C                      _PEIE 005E  
                    i1l52 0041                      i1l47 005B                      i1l48 002E  
                    i1l57 0059              __CFG_WRT$OFF 0000                      _Rdtp 0079  
                    _Sdtp 007A                      _main 00F8                      fsr0h 0005  
                    fsr1h 0007                      fsr0l 0004                      indf0 0000  
                    indf1 0001                      fsr1l 0006                      btemp 007E  
           __CFG_BOREN$ON 0000                      ltemp 007E                      start 0062  
                    ttemp 007E                      wtemp 007E             __CFG_IESO$OFF 0000  
           i2cInterrupt@x 0072           __end_of_i2cInit 017D                     ?_main 0070  
           __CFG_WDTE$OFF 0000                     i1l940 001C                     i1l952 0038  
                   i1l964 0043                     i1l966 004B                     _PORTA 000C  
                   _TRISA 008C             __CFG_PWRTE$ON 0000            __CFG_FCMEN$OFF 0000  
         __end_of_pinMode 00F8                     ltemp0 007E                     ltemp1 0082  
                   ltemp2 0086                     ltemp3 0080                     ttemp0 007E  
                   ttemp1 0081                     ttemp2 0084                     ttemp3 0087  
                   ttemp4 007F                     status 0003                     wtemp0 007E  
                   wtemp1 0080                     wtemp2 0082                     wtemp3 0084  
                   wtemp4 0086                     wtemp5 0088                     wtemp6 007F  
          __CFG_MCLRE$OFF 0000      __end_of_digitalWrite 019A           __initialization 0063  
            __end_of_main 0159                    ??_main 0034            __CFG_PLLEN$OFF 0000  
                  _BCL1IE 0493                    _BCL1IF 0093                    _ADCON0 009D  
                  _ADCON1 009E                    _ADRESH 009C                    _ADRESL 009B  
__size_of_i2cReceiveCheck 0017                    _ANSELA 018C                    _OSCCON 0099  
                  _SSP1IE 048B                    _SSP1IF 008B                 ??_i2cInit 0075  
        __end_of_delay_us 01C5            __CFG_STVREN$ON 0000      __end_of_i2cInterrupt 0062  
               ??_pinMode 0032   __end_of__initialization 006B               pinMode@mode 0078  
          __pcstackCOMMON 0070                __pbssBANK0 0020     __size_of_digitalWrite 001D  
       ??_i2cReceiveCheck 0075                __pmaintext 00F8                __pintentry 0004  
               ?_delay_us 0073              _digitalWrite 017D                   _SSP1ADD 0212  
                 _SSP1BUF 0211                   _SSP1MSK 0213                   _i2cInit 0159  
              _initOSCCON 01CB     __size_of_i2cInterrupt 005E                   __ptext1 006E  
                 __ptext2 01B1                   __ptext3 01CB                   __ptext4 019A  
                 __ptext5 0159                   __ptext6 017D                   _pinMode 006E  
                 _rcv_flg 0020                ??_delay_us 0075                   clrloop0 01C6  
    end_of_initialization 006B              _i2cInterrupt 0004          __CFG_FOSC$INTOSC 0000  
             ?_initOSCCON 0070       start_initialization 0063           _i2cReceiveCheck 019A  
     __size_of_initOSCCON 0006               __pbssCOMMON 0079                 ___latbits 0000  
           __pcstackBANK0 0032                pinMode@pin 0033         __size_of_delay_us 0014  
                ?_i2cInit 0073   __end_of_i2cReceiveCheck 01B1                  ?_pinMode 0078  
               delay_us@i 0076                 clear_ram0 01C5                  _GO_nDONE 04E9  
                _SSP1CON1 0215        i2cReceiveCheck@ans 0075                  _SSP1STAT 0214  
            delay_us@time 0073              ??_initOSCCON 0073          __size_of_i2cInit 0024  
        ?_i2cReceiveCheck 0073        __end_of_initOSCCON 01D1                  _delay_us 01B1  
        __size_of_pinMode 008A              _SSP1CON1bits 0215              _SSP1CON2bits 0216  
           __size_of_main 0061                  int$flags 007E                  main@Mode 0035  
            _SSP1STATbits 0214             ?_digitalWrite 0073                  intlevel1 0000  
       digitalWrite@value 0073         __CFG_CLKOUTEN$OFF 0000            ??_digitalWrite 0074  
          i2cInit@address 0073           digitalWrite@pin 0075             ?_i2cInterrupt 0070  
